Building DAG of jobs...
Using shell: /bin/bash
Provided cores: 20
Rules claiming more threads will be scaled down.
Job counts:
	count	jobs
	1	all
	71	mpileup
	71	varscan2_mpileup2Indel
	143
Select jobs to execute...

[Tue Apr 13 12:45:11 2021]
rule mpileup:
    input: /shared/liuhj/tonglv/ref/ref_tonglv_AE004091.2/AE004091.2.fna, /shared/liuhj/tonglv/process/bam/P3-S3.sort.rmdup.bam, /shared/liuhj/tonglv/ref/ref_tonglv_AE004091.2/AE004091.2.fna.fai, /shared/liuhj/tonglv/process/bam/P3-S3.sort.rmdup.bam.bai
    output: /shared/liuhj/tonglv/process/mpileup/P3-S3.mpileup
    jobid: 53
    wildcards: samp=P3-S3

samtools mpileup -A  -d 10000  -B -Q 0 --reference  /shared/liuhj/tonglv/ref/ref_tonglv_AE004091.2/AE004091.2.fna  /shared/liuhj/tonglv/process/bam/P3-S3.sort.rmdup.bam  1>/shared/liuhj/tonglv/process/mpileup/P3-S3.mpileup 

[Tue Apr 13 12:45:11 2021]
rule mpileup:
    input: /shared/liuhj/tonglv/ref/ref_tonglv_AE004091.2/AE004091.2.fna, /shared/liuhj/tonglv/process/bam/P5-S4.sort.rmdup.bam, /shared/liuhj/tonglv/ref/ref_tonglv_AE004091.2/AE004091.2.fna.fai, /shared/liuhj/tonglv/process/bam/P5-S4.sort.rmdup.bam.bai
    output: /shared/liuhj/tonglv/process/mpileup/P5-S4.mpileup
    jobid: 109
    wildcards: samp=P5-S4

samtools mpileup -A  -d 10000  -B -Q 0 --reference  /shared/liuhj/tonglv/ref/ref_tonglv_AE004091.2/AE004091.2.fna  /shared/liuhj/tonglv/process/bam/P5-S4.sort.rmdup.bam  1>/shared/liuhj/tonglv/process/mpileup/P5-S4.mpileup 

[Tue Apr 13 12:45:11 2021]
rule mpileup:
    input: /shared/liuhj/tonglv/ref/ref_tonglv_AE004091.2/AE004091.2.fna, /shared/liuhj/tonglv/process/bam/P4-S4.sort.rmdup.bam, /shared/liuhj/tonglv/ref/ref_tonglv_AE004091.2/AE004091.2.fna.fai, /shared/liuhj/tonglv/process/bam/P4-S4.sort.rmdup.bam.bai
    output: /shared/liuhj/tonglv/process/mpileup/P4-S4.mpileup
    jobid: 75
    wildcards: samp=P4-S4

samtools mpileup -A  -d 10000  -B -Q 0 --reference  /shared/liuhj/tonglv/ref/ref_tonglv_AE004091.2/AE004091.2.fna  /shared/liuhj/tonglv/process/bam/P4-S4.sort.rmdup.bam  1>/shared/liuhj/tonglv/process/mpileup/P4-S4.mpileup 

[Tue Apr 13 12:45:11 2021]
rule mpileup:
    input: /shared/liuhj/tonglv/ref/ref_tonglv_AE004091.2/AE004091.2.fna, /shared/liuhj/tonglv/process/bam/P7-S5.sort.rmdup.bam, /shared/liuhj/tonglv/ref/ref_tonglv_AE004091.2/AE004091.2.fna.fai, /shared/liuhj/tonglv/process/bam/P7-S5.sort.rmdup.bam.bai
    output: /shared/liuhj/tonglv/process/mpileup/P7-S5.mpileup
    jobid: 141
    wildcards: samp=P7-S5

samtools mpileup -A  -d 10000  -B -Q 0 --reference  /shared/liuhj/tonglv/ref/ref_tonglv_AE004091.2/AE004091.2.fna  /shared/liuhj/tonglv/process/bam/P7-S5.sort.rmdup.bam  1>/shared/liuhj/tonglv/process/mpileup/P7-S5.mpileup 

[Tue Apr 13 12:45:11 2021]
rule mpileup:
    input: /shared/liuhj/tonglv/ref/ref_tonglv_AE004091.2/AE004091.2.fna, /shared/liuhj/tonglv/process/bam/P4-S2.sort.rmdup.bam, /shared/liuhj/tonglv/ref/ref_tonglv_AE004091.2/AE004091.2.fna.fai, /shared/liuhj/tonglv/process/bam/P4-S2.sort.rmdup.bam.bai
    output: /shared/liuhj/tonglv/process/mpileup/P4-S2.mpileup
    jobid: 71
    wildcards: samp=P4-S2

samtools mpileup -A  -d 10000  -B -Q 0 --reference  /shared/liuhj/tonglv/ref/ref_tonglv_AE004091.2/AE004091.2.fna  /shared/liuhj/tonglv/process/bam/P4-S2.sort.rmdup.bam  1>/shared/liuhj/tonglv/process/mpileup/P4-S2.mpileup 

[Tue Apr 13 12:45:11 2021]
rule mpileup:
    input: /shared/liuhj/tonglv/ref/ref_tonglv_AE004091.2/AE004091.2.fna, /shared/liuhj/tonglv/process/bam/P1-S1.sort.rmdup.bam, /shared/liuhj/tonglv/ref/ref_tonglv_AE004091.2/AE004091.2.fna.fai, /shared/liuhj/tonglv/process/bam/P1-S1.sort.rmdup.bam.bai
    output: /shared/liuhj/tonglv/process/mpileup/P1-S1.mpileup
    jobid: 15
    wildcards: samp=P1-S1

samtools mpileup -A  -d 10000  -B -Q 0 --reference  /shared/liuhj/tonglv/ref/ref_tonglv_AE004091.2/AE004091.2.fna  /shared/liuhj/tonglv/process/bam/P1-S1.sort.rmdup.bam  1>/shared/liuhj/tonglv/process/mpileup/P1-S1.mpileup 

[Tue Apr 13 12:45:11 2021]
rule mpileup:
    input: /shared/liuhj/tonglv/ref/ref_tonglv_AE004091.2/AE004091.2.fna, /shared/liuhj/tonglv/process/bam/P3-S14.sort.rmdup.bam, /shared/liuhj/tonglv/ref/ref_tonglv_AE004091.2/AE004091.2.fna.fai, /shared/liuhj/tonglv/process/bam/P3-S14.sort.rmdup.bam.bai
    output: /shared/liuhj/tonglv/process/mpileup/P3-S14.mpileup
    jobid: 43
    wildcards: samp=P3-S14

samtools mpileup -A  -d 10000  -B -Q 0 --reference  /shared/liuhj/tonglv/ref/ref_tonglv_AE004091.2/AE004091.2.fna  /shared/liuhj/tonglv/process/bam/P3-S14.sort.rmdup.bam  1>/shared/liuhj/tonglv/process/mpileup/P3-S14.mpileup 

[Tue Apr 13 12:45:11 2021]
rule mpileup:
    input: /shared/liuhj/tonglv/ref/ref_tonglv_AE004091.2/AE004091.2.fna, /shared/liuhj/tonglv/process/bam/P3-S5.sort.rmdup.bam, /shared/liuhj/tonglv/ref/ref_tonglv_AE004091.2/AE004091.2.fna.fai, /shared/liuhj/tonglv/process/bam/P3-S5.sort.rmdup.bam.bai
    output: /shared/liuhj/tonglv/process/mpileup/P3-S5.mpileup
    jobid: 57
    wildcards: samp=P3-S5

samtools mpileup -A  -d 10000  -B -Q 0 --reference  /shared/liuhj/tonglv/ref/ref_tonglv_AE004091.2/AE004091.2.fna  /shared/liuhj/tonglv/process/bam/P3-S5.sort.rmdup.bam  1>/shared/liuhj/tonglv/process/mpileup/P3-S5.mpileup 

[Tue Apr 13 12:45:11 2021]
rule mpileup:
    input: /shared/liuhj/tonglv/ref/ref_tonglv_AE004091.2/AE004091.2.fna, /shared/liuhj/tonglv/process/bam/P4-S9.sort.rmdup.bam, /shared/liuhj/tonglv/ref/ref_tonglv_AE004091.2/AE004091.2.fna.fai, /shared/liuhj/tonglv/process/bam/P4-S9.sort.rmdup.bam.bai
    output: /shared/liuhj/tonglv/process/mpileup/P4-S9.mpileup
    jobid: 85
    wildcards: samp=P4-S9

samtools mpileup -A  -d 10000  -B -Q 0 --reference  /shared/liuhj/tonglv/ref/ref_tonglv_AE004091.2/AE004091.2.fna  /shared/liuhj/tonglv/process/bam/P4-S9.sort.rmdup.bam  1>/shared/liuhj/tonglv/process/mpileup/P4-S9.mpileup 

[Tue Apr 13 12:45:11 2021]
rule mpileup:
    input: /shared/liuhj/tonglv/ref/ref_tonglv_AE004091.2/AE004091.2.fna, /shared/liuhj/tonglv/process/bam/P5-S16.sort.rmdup.bam, /shared/liuhj/tonglv/ref/ref_tonglv_AE004091.2/AE004091.2.fna.fai, /shared/liuhj/tonglv/process/bam/P5-S16.sort.rmdup.bam.bai
    output: /shared/liuhj/tonglv/process/mpileup/P5-S16.mpileup
    jobid: 99
    wildcards: samp=P5-S16

samtools mpileup -A  -d 10000  -B -Q 0 --reference  /shared/liuhj/tonglv/ref/ref_tonglv_AE004091.2/AE004091.2.fna  /shared/liuhj/tonglv/process/bam/P5-S16.sort.rmdup.bam  1>/shared/liuhj/tonglv/process/mpileup/P5-S16.mpileup 

[Tue Apr 13 12:45:11 2021]
rule mpileup:
    input: /shared/liuhj/tonglv/ref/ref_tonglv_AE004091.2/AE004091.2.fna, /shared/liuhj/tonglv/process/bam/P3-S11.sort.rmdup.bam, /shared/liuhj/tonglv/ref/ref_tonglv_AE004091.2/AE004091.2.fna.fai, /shared/liuhj/tonglv/process/bam/P3-S11.sort.rmdup.bam.bai
    output: /shared/liuhj/tonglv/process/mpileup/P3-S11.mpileup
    jobid: 37
    wildcards: samp=P3-S11

samtools mpileup -A  -d 10000  -B -Q 0 --reference  /shared/liuhj/tonglv/ref/ref_tonglv_AE004091.2/AE004091.2.fna  /shared/liuhj/tonglv/process/bam/P3-S11.sort.rmdup.bam  1>/shared/liuhj/tonglv/process/mpileup/P3-S11.mpileup 

[Tue Apr 13 12:45:11 2021]
rule mpileup:
    input: /shared/liuhj/tonglv/ref/ref_tonglv_AE004091.2/AE004091.2.fna, /shared/liuhj/tonglv/process/bam/P4-S6.sort.rmdup.bam, /shared/liuhj/tonglv/ref/ref_tonglv_AE004091.2/AE004091.2.fna.fai, /shared/liuhj/tonglv/process/bam/P4-S6.sort.rmdup.bam.bai
    output: /shared/liuhj/tonglv/process/mpileup/P4-S6.mpileup
    jobid: 79
    wildcards: samp=P4-S6

samtools mpileup -A  -d 10000  -B -Q 0 --reference  /shared/liuhj/tonglv/ref/ref_tonglv_AE004091.2/AE004091.2.fna  /shared/liuhj/tonglv/process/bam/P4-S6.sort.rmdup.bam  1>/shared/liuhj/tonglv/process/mpileup/P4-S6.mpileup 

[Tue Apr 13 12:45:11 2021]
rule mpileup:
    input: /shared/liuhj/tonglv/ref/ref_tonglv_AE004091.2/AE004091.2.fna, /shared/liuhj/tonglv/process/bam/P1-S13.sort.rmdup.bam, /shared/liuhj/tonglv/ref/ref_tonglv_AE004091.2/AE004091.2.fna.fai, /shared/liuhj/tonglv/process/bam/P1-S13.sort.rmdup.bam.bai
    output: /shared/liuhj/tonglv/process/mpileup/P1-S13.mpileup
    jobid: 9
    wildcards: samp=P1-S13

samtools mpileup -A  -d 10000  -B -Q 0 --reference  /shared/liuhj/tonglv/ref/ref_tonglv_AE004091.2/AE004091.2.fna  /shared/liuhj/tonglv/process/bam/P1-S13.sort.rmdup.bam  1>/shared/liuhj/tonglv/process/mpileup/P1-S13.mpileup 

[Tue Apr 13 12:45:11 2021]
rule mpileup:
    input: /shared/liuhj/tonglv/ref/ref_tonglv_AE004091.2/AE004091.2.fna, /shared/liuhj/tonglv/process/bam/P1-S5.sort.rmdup.bam, /shared/liuhj/tonglv/ref/ref_tonglv_AE004091.2/AE004091.2.fna.fai, /shared/liuhj/tonglv/process/bam/P1-S5.sort.rmdup.bam.bai
    output: /shared/liuhj/tonglv/process/mpileup/P1-S5.mpileup
    jobid: 23
    wildcards: samp=P1-S5

samtools mpileup -A  -d 10000  -B -Q 0 --reference  /shared/liuhj/tonglv/ref/ref_tonglv_AE004091.2/AE004091.2.fna  /shared/liuhj/tonglv/process/bam/P1-S5.sort.rmdup.bam  1>/shared/liuhj/tonglv/process/mpileup/P1-S5.mpileup 

[Tue Apr 13 12:45:11 2021]
rule mpileup:
    input: /shared/liuhj/tonglv/ref/ref_tonglv_AE004091.2/AE004091.2.fna, /shared/liuhj/tonglv/process/bam/P3-S2.sort.rmdup.bam, /shared/liuhj/tonglv/ref/ref_tonglv_AE004091.2/AE004091.2.fna.fai, /shared/liuhj/tonglv/process/bam/P3-S2.sort.rmdup.bam.bai
    output: /shared/liuhj/tonglv/process/mpileup/P3-S2.mpileup
    jobid: 51
    wildcards: samp=P3-S2

samtools mpileup -A  -d 10000  -B -Q 0 --reference  /shared/liuhj/tonglv/ref/ref_tonglv_AE004091.2/AE004091.2.fna  /shared/liuhj/tonglv/process/bam/P3-S2.sort.rmdup.bam  1>/shared/liuhj/tonglv/process/mpileup/P3-S2.mpileup 

[Tue Apr 13 12:45:11 2021]
rule mpileup:
    input: /shared/liuhj/tonglv/ref/ref_tonglv_AE004091.2/AE004091.2.fna, /shared/liuhj/tonglv/process/bam/P3-S9.sort.rmdup.bam, /shared/liuhj/tonglv/ref/ref_tonglv_AE004091.2/AE004091.2.fna.fai, /shared/liuhj/tonglv/process/bam/P3-S9.sort.rmdup.bam.bai
    output: /shared/liuhj/tonglv/process/mpileup/P3-S9.mpileup
    jobid: 65
    wildcards: samp=P3-S9

samtools mpileup -A  -d 10000  -B -Q 0 --reference  /shared/liuhj/tonglv/ref/ref_tonglv_AE004091.2/AE004091.2.fna  /shared/liuhj/tonglv/process/bam/P3-S9.sort.rmdup.bam  1>/shared/liuhj/tonglv/process/mpileup/P3-S9.mpileup 

[Tue Apr 13 12:45:11 2021]
rule mpileup:
    input: /shared/liuhj/tonglv/ref/ref_tonglv_AE004091.2/AE004091.2.fna, /shared/liuhj/tonglv/process/bam/P5-S13.sort.rmdup.bam, /shared/liuhj/tonglv/ref/ref_tonglv_AE004091.2/AE004091.2.fna.fai, /shared/liuhj/tonglv/process/bam/P5-S13.sort.rmdup.bam.bai
    output: /shared/liuhj/tonglv/process/mpileup/P5-S13.mpileup
    jobid: 93
    wildcards: samp=P5-S13

samtools mpileup -A  -d 10000  -B -Q 0 --reference  /shared/liuhj/tonglv/ref/ref_tonglv_AE004091.2/AE004091.2.fna  /shared/liuhj/tonglv/process/bam/P5-S13.sort.rmdup.bam  1>/shared/liuhj/tonglv/process/mpileup/P5-S13.mpileup 

[Tue Apr 13 12:45:11 2021]
rule mpileup:
    input: /shared/liuhj/tonglv/ref/ref_tonglv_AE004091.2/AE004091.2.fna, /shared/liuhj/tonglv/process/bam/P5-S3.sort.rmdup.bam, /shared/liuhj/tonglv/ref/ref_tonglv_AE004091.2/AE004091.2.fna.fai, /shared/liuhj/tonglv/process/bam/P5-S3.sort.rmdup.bam.bai
    output: /shared/liuhj/tonglv/process/mpileup/P5-S3.mpileup
    jobid: 107
    wildcards: samp=P5-S3

samtools mpileup -A  -d 10000  -B -Q 0 --reference  /shared/liuhj/tonglv/ref/ref_tonglv_AE004091.2/AE004091.2.fna  /shared/liuhj/tonglv/process/bam/P5-S3.sort.rmdup.bam  1>/shared/liuhj/tonglv/process/mpileup/P5-S3.mpileup 

[Tue Apr 13 12:45:11 2021]
rule mpileup:
    input: /shared/liuhj/tonglv/ref/ref_tonglv_AE004091.2/AE004091.2.fna, /shared/liuhj/tonglv/process/bam/P6-S1.sort.rmdup.bam, /shared/liuhj/tonglv/ref/ref_tonglv_AE004091.2/AE004091.2.fna.fai, /shared/liuhj/tonglv/process/bam/P6-S1.sort.rmdup.bam.bai
    output: /shared/liuhj/tonglv/process/mpileup/P6-S1.mpileup
    jobid: 121
    wildcards: samp=P6-S1

samtools mpileup -A  -d 10000  -B -Q 0 --reference  /shared/liuhj/tonglv/ref/ref_tonglv_AE004091.2/AE004091.2.fna  /shared/liuhj/tonglv/process/bam/P6-S1.sort.rmdup.bam  1>/shared/liuhj/tonglv/process/mpileup/P6-S1.mpileup 

[Tue Apr 13 12:45:11 2021]
rule mpileup:
    input: /shared/liuhj/tonglv/ref/ref_tonglv_AE004091.2/AE004091.2.fna, /shared/liuhj/tonglv/process/bam/P1-S10.sort.rmdup.bam, /shared/liuhj/tonglv/ref/ref_tonglv_AE004091.2/AE004091.2.fna.fai, /shared/liuhj/tonglv/process/bam/P1-S10.sort.rmdup.bam.bai
    output: /shared/liuhj/tonglv/process/mpileup/P1-S10.mpileup
    jobid: 3
    wildcards: samp=P1-S10

samtools mpileup -A  -d 10000  -B -Q 0 --reference  /shared/liuhj/tonglv/ref/ref_tonglv_AE004091.2/AE004091.2.fna  /shared/liuhj/tonglv/process/bam/P1-S10.sort.rmdup.bam  1>/shared/liuhj/tonglv/process/mpileup/P1-S10.mpileup 
Terminating processes on user request, this might take some time.
[Tue Apr 13 12:45:36 2021]
[Tue Apr 13 12:45:36 2021]
[Tue Apr 13 12:45:36 2021]
Error in rule mpileup:
[Tue Apr 13 12:45:36 2021]
Error in rule mpileup:
[Tue Apr 13 12:45:36 2021]
[Tue Apr 13 12:45:36 2021]
[Tue Apr 13 12:45:36 2021]
Error in rule mpileup:
[Tue Apr 13 12:45:36 2021]
[Tue Apr 13 12:45:36 2021]
[Tue Apr 13 12:45:36 2021]
    jobid: 43
[Tue Apr 13 12:45:36 2021]
[Tue Apr 13 12:45:36 2021]
[Tue Apr 13 12:45:36 2021]
[Tue Apr 13 12:45:36 2021]
[Tue Apr 13 12:45:36 2021]
[Tue Apr 13 12:45:36 2021]
Error in rule mpileup:
[Tue Apr 13 12:45:36 2021]
[Tue Apr 13 12:45:36 2021]
    jobid: 57
[Tue Apr 13 12:45:36 2021]
[Tue Apr 13 12:45:36 2021]
Error in rule mpileup:
Error in rule mpileup:
Error in rule mpileup:
    jobid: 9
Error in rule mpileup:
Error in rule mpileup:
Error in rule mpileup:
    output: /shared/liuhj/tonglv/process/mpileup/P3-S14.mpileup
Error in rule mpileup:
Error in rule mpileup:
Error in rule mpileup:
Error in rule mpileup:
Error in rule mpileup:
Error in rule mpileup:
    jobid: 141
Error in rule mpileup:
Error in rule mpileup:
    output: /shared/liuhj/tonglv/process/mpileup/P3-S5.mpileup
Error in rule mpileup:
Error in rule mpileup:
    jobid: 15
    jobid: 75
    jobid: 85
    output: /shared/liuhj/tonglv/process/mpileup/P1-S13.mpileup
    jobid: 107
    jobid: 99
    jobid: 23
    shell:
        samtools mpileup -A  -d 10000  -B -Q 0 --reference  /shared/liuhj/tonglv/ref/ref_tonglv_AE004091.2/AE004091.2.fna  /shared/liuhj/tonglv/process/bam/P3-S14.sort.rmdup.bam  1>/shared/liuhj/tonglv/process/mpileup/P3-S14.mpileup 
        (one of the commands exited with non-zero exit code; note that snakemake uses bash strict mode!)
    jobid: 121
    jobid: 71
    jobid: 51
    jobid: 93
    jobid: 109
    jobid: 65
    output: /shared/liuhj/tonglv/process/mpileup/P7-S5.mpileup
    jobid: 3
    jobid: 37
    shell:
        samtools mpileup -A  -d 10000  -B -Q 0 --reference  /shared/liuhj/tonglv/ref/ref_tonglv_AE004091.2/AE004091.2.fna  /shared/liuhj/tonglv/process/bam/P3-S5.sort.rmdup.bam  1>/shared/liuhj/tonglv/process/mpileup/P3-S5.mpileup 
        (one of the commands exited with non-zero exit code; note that snakemake uses bash strict mode!)
    jobid: 79
    jobid: 53
    output: /shared/liuhj/tonglv/process/mpileup/P1-S1.mpileup
    output: /shared/liuhj/tonglv/process/mpileup/P4-S4.mpileup
    output: /shared/liuhj/tonglv/process/mpileup/P4-S9.mpileup
    shell:
        samtools mpileup -A  -d 10000  -B -Q 0 --reference  /shared/liuhj/tonglv/ref/ref_tonglv_AE004091.2/AE004091.2.fna  /shared/liuhj/tonglv/process/bam/P1-S13.sort.rmdup.bam  1>/shared/liuhj/tonglv/process/mpileup/P1-S13.mpileup 
        (one of the commands exited with non-zero exit code; note that snakemake uses bash strict mode!)
    output: /shared/liuhj/tonglv/process/mpileup/P5-S3.mpileup
    output: /shared/liuhj/tonglv/process/mpileup/P5-S16.mpileup
    output: /shared/liuhj/tonglv/process/mpileup/P1-S5.mpileup

    output: /shared/liuhj/tonglv/process/mpileup/P6-S1.mpileup
    output: /shared/liuhj/tonglv/process/mpileup/P4-S2.mpileup
    output: /shared/liuhj/tonglv/process/mpileup/P3-S2.mpileup
    output: /shared/liuhj/tonglv/process/mpileup/P5-S13.mpileup
    output: /shared/liuhj/tonglv/process/mpileup/P5-S4.mpileup
    output: /shared/liuhj/tonglv/process/mpileup/P3-S9.mpileup
    shell:
        samtools mpileup -A  -d 10000  -B -Q 0 --reference  /shared/liuhj/tonglv/ref/ref_tonglv_AE004091.2/AE004091.2.fna  /shared/liuhj/tonglv/process/bam/P7-S5.sort.rmdup.bam  1>/shared/liuhj/tonglv/process/mpileup/P7-S5.mpileup 
        (one of the commands exited with non-zero exit code; note that snakemake uses bash strict mode!)
    output: /shared/liuhj/tonglv/process/mpileup/P1-S10.mpileup
    output: /shared/liuhj/tonglv/process/mpileup/P3-S11.mpileup

    output: /shared/liuhj/tonglv/process/mpileup/P4-S6.mpileup
    output: /shared/liuhj/tonglv/process/mpileup/P3-S3.mpileup
    shell:
        samtools mpileup -A  -d 10000  -B -Q 0 --reference  /shared/liuhj/tonglv/ref/ref_tonglv_AE004091.2/AE004091.2.fna  /shared/liuhj/tonglv/process/bam/P1-S1.sort.rmdup.bam  1>/shared/liuhj/tonglv/process/mpileup/P1-S1.mpileup 
        (one of the commands exited with non-zero exit code; note that snakemake uses bash strict mode!)
    shell:
        samtools mpileup -A  -d 10000  -B -Q 0 --reference  /shared/liuhj/tonglv/ref/ref_tonglv_AE004091.2/AE004091.2.fna  /shared/liuhj/tonglv/process/bam/P4-S4.sort.rmdup.bam  1>/shared/liuhj/tonglv/process/mpileup/P4-S4.mpileup 
        (one of the commands exited with non-zero exit code; note that snakemake uses bash strict mode!)
    shell:
        samtools mpileup -A  -d 10000  -B -Q 0 --reference  /shared/liuhj/tonglv/ref/ref_tonglv_AE004091.2/AE004091.2.fna  /shared/liuhj/tonglv/process/bam/P4-S9.sort.rmdup.bam  1>/shared/liuhj/tonglv/process/mpileup/P4-S9.mpileup 
        (one of the commands exited with non-zero exit code; note that snakemake uses bash strict mode!)

    shell:
        samtools mpileup -A  -d 10000  -B -Q 0 --reference  /shared/liuhj/tonglv/ref/ref_tonglv_AE004091.2/AE004091.2.fna  /shared/liuhj/tonglv/process/bam/P5-S3.sort.rmdup.bam  1>/shared/liuhj/tonglv/process/mpileup/P5-S3.mpileup 
        (one of the commands exited with non-zero exit code; note that snakemake uses bash strict mode!)
    shell:
        samtools mpileup -A  -d 10000  -B -Q 0 --reference  /shared/liuhj/tonglv/ref/ref_tonglv_AE004091.2/AE004091.2.fna  /shared/liuhj/tonglv/process/bam/P5-S16.sort.rmdup.bam  1>/shared/liuhj/tonglv/process/mpileup/P5-S16.mpileup 
        (one of the commands exited with non-zero exit code; note that snakemake uses bash strict mode!)
    shell:
        samtools mpileup -A  -d 10000  -B -Q 0 --reference  /shared/liuhj/tonglv/ref/ref_tonglv_AE004091.2/AE004091.2.fna  /shared/liuhj/tonglv/process/bam/P1-S5.sort.rmdup.bam  1>/shared/liuhj/tonglv/process/mpileup/P1-S5.mpileup 
        (one of the commands exited with non-zero exit code; note that snakemake uses bash strict mode!)
Removing output files of failed job mpileup since they might be corrupted:
/shared/liuhj/tonglv/process/mpileup/P3-S14.mpileup
    shell:
        samtools mpileup -A  -d 10000  -B -Q 0 --reference  /shared/liuhj/tonglv/ref/ref_tonglv_AE004091.2/AE004091.2.fna  /shared/liuhj/tonglv/process/bam/P6-S1.sort.rmdup.bam  1>/shared/liuhj/tonglv/process/mpileup/P6-S1.mpileup 
        (one of the commands exited with non-zero exit code; note that snakemake uses bash strict mode!)
    shell:
        samtools mpileup -A  -d 10000  -B -Q 0 --reference  /shared/liuhj/tonglv/ref/ref_tonglv_AE004091.2/AE004091.2.fna  /shared/liuhj/tonglv/process/bam/P4-S2.sort.rmdup.bam  1>/shared/liuhj/tonglv/process/mpileup/P4-S2.mpileup 
        (one of the commands exited with non-zero exit code; note that snakemake uses bash strict mode!)
    shell:
        samtools mpileup -A  -d 10000  -B -Q 0 --reference  /shared/liuhj/tonglv/ref/ref_tonglv_AE004091.2/AE004091.2.fna  /shared/liuhj/tonglv/process/bam/P3-S2.sort.rmdup.bam  1>/shared/liuhj/tonglv/process/mpileup/P3-S2.mpileup 
        (one of the commands exited with non-zero exit code; note that snakemake uses bash strict mode!)
    shell:
        samtools mpileup -A  -d 10000  -B -Q 0 --reference  /shared/liuhj/tonglv/ref/ref_tonglv_AE004091.2/AE004091.2.fna  /shared/liuhj/tonglv/process/bam/P5-S13.sort.rmdup.bam  1>/shared/liuhj/tonglv/process/mpileup/P5-S13.mpileup 
        (one of the commands exited with non-zero exit code; note that snakemake uses bash strict mode!)
    shell:
        samtools mpileup -A  -d 10000  -B -Q 0 --reference  /shared/liuhj/tonglv/ref/ref_tonglv_AE004091.2/AE004091.2.fna  /shared/liuhj/tonglv/process/bam/P5-S4.sort.rmdup.bam  1>/shared/liuhj/tonglv/process/mpileup/P5-S4.mpileup 
        (one of the commands exited with non-zero exit code; note that snakemake uses bash strict mode!)
    shell:
        samtools mpileup -A  -d 10000  -B -Q 0 --reference  /shared/liuhj/tonglv/ref/ref_tonglv_AE004091.2/AE004091.2.fna  /shared/liuhj/tonglv/process/bam/P3-S9.sort.rmdup.bam  1>/shared/liuhj/tonglv/process/mpileup/P3-S9.mpileup 
        (one of the commands exited with non-zero exit code; note that snakemake uses bash strict mode!)

    shell:
        samtools mpileup -A  -d 10000  -B -Q 0 --reference  /shared/liuhj/tonglv/ref/ref_tonglv_AE004091.2/AE004091.2.fna  /shared/liuhj/tonglv/process/bam/P1-S10.sort.rmdup.bam  1>/shared/liuhj/tonglv/process/mpileup/P1-S10.mpileup 
        (one of the commands exited with non-zero exit code; note that snakemake uses bash strict mode!)
    shell:
        samtools mpileup -A  -d 10000  -B -Q 0 --reference  /shared/liuhj/tonglv/ref/ref_tonglv_AE004091.2/AE004091.2.fna  /shared/liuhj/tonglv/process/bam/P3-S11.sort.rmdup.bam  1>/shared/liuhj/tonglv/process/mpileup/P3-S11.mpileup 
        (one of the commands exited with non-zero exit code; note that snakemake uses bash strict mode!)
    shell:
        samtools mpileup -A  -d 10000  -B -Q 0 --reference  /shared/liuhj/tonglv/ref/ref_tonglv_AE004091.2/AE004091.2.fna  /shared/liuhj/tonglv/process/bam/P4-S6.sort.rmdup.bam  1>/shared/liuhj/tonglv/process/mpileup/P4-S6.mpileup 
        (one of the commands exited with non-zero exit code; note that snakemake uses bash strict mode!)
    shell:
        samtools mpileup -A  -d 10000  -B -Q 0 --reference  /shared/liuhj/tonglv/ref/ref_tonglv_AE004091.2/AE004091.2.fna  /shared/liuhj/tonglv/process/bam/P3-S3.sort.rmdup.bam  1>/shared/liuhj/tonglv/process/mpileup/P3-S3.mpileup 
        (one of the commands exited with non-zero exit code; note that snakemake uses bash strict mode!)
















Removing output files of failed job mpileup since they might be corrupted:
/shared/liuhj/tonglv/process/mpileup/P3-S5.mpileup
Removing output files of failed job mpileup since they might be corrupted:
/shared/liuhj/tonglv/process/mpileup/P1-S13.mpileup
Removing output files of failed job mpileup since they might be corrupted:
/shared/liuhj/tonglv/process/mpileup/P7-S5.mpileup
Removing output files of failed job mpileup since they might be corrupted:
/shared/liuhj/tonglv/process/mpileup/P1-S1.mpileup
Removing output files of failed job mpileup since they might be corrupted:
/shared/liuhj/tonglv/process/mpileup/P4-S4.mpileup
Removing output files of failed job mpileup since they might be corrupted:
/shared/liuhj/tonglv/process/mpileup/P4-S9.mpileup
Removing output files of failed job mpileup since they might be corrupted:
/shared/liuhj/tonglv/process/mpileup/P5-S3.mpileup
Removing output files of failed job mpileup since they might be corrupted:
/shared/liuhj/tonglv/process/mpileup/P5-S16.mpileup
Removing output files of failed job mpileup since they might be corrupted:
/shared/liuhj/tonglv/process/mpileup/P1-S5.mpileup
Removing output files of failed job mpileup since they might be corrupted:
/shared/liuhj/tonglv/process/mpileup/P6-S1.mpileup
Removing output files of failed job mpileup since they might be corrupted:
/shared/liuhj/tonglv/process/mpileup/P4-S2.mpileup
Removing output files of failed job mpileup since they might be corrupted:
/shared/liuhj/tonglv/process/mpileup/P3-S2.mpileup
Removing output files of failed job mpileup since they might be corrupted:
/shared/liuhj/tonglv/process/mpileup/P5-S13.mpileup
Removing output files of failed job mpileup since they might be corrupted:
/shared/liuhj/tonglv/process/mpileup/P5-S4.mpileup
Removing output files of failed job mpileup since they might be corrupted:
/shared/liuhj/tonglv/process/mpileup/P3-S9.mpileup
Removing output files of failed job mpileup since they might be corrupted:
/shared/liuhj/tonglv/process/mpileup/P1-S10.mpileup
Removing output files of failed job mpileup since they might be corrupted:
/shared/liuhj/tonglv/process/mpileup/P3-S11.mpileup
Removing output files of failed job mpileup since they might be corrupted:
/shared/liuhj/tonglv/process/mpileup/P4-S6.mpileup
Removing output files of failed job mpileup since they might be corrupted:
/shared/liuhj/tonglv/process/mpileup/P3-S3.mpileup
Complete log: /shared/liuhj/tonglv/ICU_tonglv_scripts/Pseudomonas-aeruginosa-ICU-patients/scripts/analysis/.snakemake/log/2021-04-13T124511.591320.snakemake.log
