Building DAG of jobs...
Using shell: /bin/bash
Provided cores: 10
Rules claiming more threads will be scaled down.
Job counts:
	count	jobs
	1	all
	71	mpileup
	71	varscan2_mpileup2Indel
	143
Select jobs to execute...

[Tue Apr 13 12:44:50 2021]
rule mpileup:
    input: /shared/liuhj/tonglv/ref/ref_tonglv_AE004091.2/AE004091.2.fna, /shared/liuhj/tonglv/process/bam/P3-S12.sort.rmdup.bam, /shared/liuhj/tonglv/ref/ref_tonglv_AE004091.2/AE004091.2.fna.fai, /shared/liuhj/tonglv/process/bam/P3-S12.sort.rmdup.bam.bai
    output: /shared/liuhj/tonglv/process/mpileup/P3-S12.mpileup
    jobid: 39
    wildcards: samp=P3-S12

samtools mpileup -A  -d 10000  -B -Q 0 --reference  /shared/liuhj/tonglv/ref/ref_tonglv_AE004091.2/AE004091.2.fna  /shared/liuhj/tonglv/process/bam/P3-S12.sort.rmdup.bam  1>/shared/liuhj/tonglv/process/mpileup/P3-S12.mpileup 

[Tue Apr 13 12:44:50 2021]
rule mpileup:
    input: /shared/liuhj/tonglv/ref/ref_tonglv_AE004091.2/AE004091.2.fna, /shared/liuhj/tonglv/process/bam/P4-S10.sort.rmdup.bam, /shared/liuhj/tonglv/ref/ref_tonglv_AE004091.2/AE004091.2.fna.fai, /shared/liuhj/tonglv/process/bam/P4-S10.sort.rmdup.bam.bai
    output: /shared/liuhj/tonglv/process/mpileup/P4-S10.mpileup
    jobid: 67
    wildcards: samp=P4-S10

samtools mpileup -A  -d 10000  -B -Q 0 --reference  /shared/liuhj/tonglv/ref/ref_tonglv_AE004091.2/AE004091.2.fna  /shared/liuhj/tonglv/process/bam/P4-S10.sort.rmdup.bam  1>/shared/liuhj/tonglv/process/mpileup/P4-S10.mpileup 

[Tue Apr 13 12:44:50 2021]
rule mpileup:
    input: /shared/liuhj/tonglv/ref/ref_tonglv_AE004091.2/AE004091.2.fna, /shared/liuhj/tonglv/process/bam/P4-S3.sort.rmdup.bam, /shared/liuhj/tonglv/ref/ref_tonglv_AE004091.2/AE004091.2.fna.fai, /shared/liuhj/tonglv/process/bam/P4-S3.sort.rmdup.bam.bai
    output: /shared/liuhj/tonglv/process/mpileup/P4-S3.mpileup
    jobid: 73
    wildcards: samp=P4-S3

samtools mpileup -A  -d 10000  -B -Q 0 --reference  /shared/liuhj/tonglv/ref/ref_tonglv_AE004091.2/AE004091.2.fna  /shared/liuhj/tonglv/process/bam/P4-S3.sort.rmdup.bam  1>/shared/liuhj/tonglv/process/mpileup/P4-S3.mpileup 

[Tue Apr 13 12:44:50 2021]
rule mpileup:
    input: /shared/liuhj/tonglv/ref/ref_tonglv_AE004091.2/AE004091.2.fna, /shared/liuhj/tonglv/process/bam/P7-S6.sort.rmdup.bam, /shared/liuhj/tonglv/ref/ref_tonglv_AE004091.2/AE004091.2.fna.fai, /shared/liuhj/tonglv/process/bam/P7-S6.sort.rmdup.bam.bai
    output: /shared/liuhj/tonglv/process/mpileup/P7-S6.mpileup
    jobid: 143
    wildcards: samp=P7-S6

samtools mpileup -A  -d 10000  -B -Q 0 --reference  /shared/liuhj/tonglv/ref/ref_tonglv_AE004091.2/AE004091.2.fna  /shared/liuhj/tonglv/process/bam/P7-S6.sort.rmdup.bam  1>/shared/liuhj/tonglv/process/mpileup/P7-S6.mpileup 

[Tue Apr 13 12:44:50 2021]
rule mpileup:
    input: /shared/liuhj/tonglv/ref/ref_tonglv_AE004091.2/AE004091.2.fna, /shared/liuhj/tonglv/process/bam/P5-S13.sort.rmdup.bam, /shared/liuhj/tonglv/ref/ref_tonglv_AE004091.2/AE004091.2.fna.fai, /shared/liuhj/tonglv/process/bam/P5-S13.sort.rmdup.bam.bai
    output: /shared/liuhj/tonglv/process/mpileup/P5-S13.mpileup
    jobid: 93
    wildcards: samp=P5-S13

samtools mpileup -A  -d 10000  -B -Q 0 --reference  /shared/liuhj/tonglv/ref/ref_tonglv_AE004091.2/AE004091.2.fna  /shared/liuhj/tonglv/process/bam/P5-S13.sort.rmdup.bam  1>/shared/liuhj/tonglv/process/mpileup/P5-S13.mpileup 

[Tue Apr 13 12:44:50 2021]
rule mpileup:
    input: /shared/liuhj/tonglv/ref/ref_tonglv_AE004091.2/AE004091.2.fna, /shared/liuhj/tonglv/process/bam/P7-S2.sort.rmdup.bam, /shared/liuhj/tonglv/ref/ref_tonglv_AE004091.2/AE004091.2.fna.fai, /shared/liuhj/tonglv/process/bam/P7-S2.sort.rmdup.bam.bai
    output: /shared/liuhj/tonglv/process/mpileup/P7-S2.mpileup
    jobid: 135
    wildcards: samp=P7-S2

samtools mpileup -A  -d 10000  -B -Q 0 --reference  /shared/liuhj/tonglv/ref/ref_tonglv_AE004091.2/AE004091.2.fna  /shared/liuhj/tonglv/process/bam/P7-S2.sort.rmdup.bam  1>/shared/liuhj/tonglv/process/mpileup/P7-S2.mpileup 

[Tue Apr 13 12:44:50 2021]
rule mpileup:
    input: /shared/liuhj/tonglv/ref/ref_tonglv_AE004091.2/AE004091.2.fna, /shared/liuhj/tonglv/process/bam/P5-S3.sort.rmdup.bam, /shared/liuhj/tonglv/ref/ref_tonglv_AE004091.2/AE004091.2.fna.fai, /shared/liuhj/tonglv/process/bam/P5-S3.sort.rmdup.bam.bai
    output: /shared/liuhj/tonglv/process/mpileup/P5-S3.mpileup
    jobid: 107
    wildcards: samp=P5-S3

samtools mpileup -A  -d 10000  -B -Q 0 --reference  /shared/liuhj/tonglv/ref/ref_tonglv_AE004091.2/AE004091.2.fna  /shared/liuhj/tonglv/process/bam/P5-S3.sort.rmdup.bam  1>/shared/liuhj/tonglv/process/mpileup/P5-S3.mpileup 

[Tue Apr 13 12:44:50 2021]
rule mpileup:
    input: /shared/liuhj/tonglv/ref/ref_tonglv_AE004091.2/AE004091.2.fna, /shared/liuhj/tonglv/process/bam/P6-S1.sort.rmdup.bam, /shared/liuhj/tonglv/ref/ref_tonglv_AE004091.2/AE004091.2.fna.fai, /shared/liuhj/tonglv/process/bam/P6-S1.sort.rmdup.bam.bai
    output: /shared/liuhj/tonglv/process/mpileup/P6-S1.mpileup
    jobid: 121
    wildcards: samp=P6-S1

samtools mpileup -A  -d 10000  -B -Q 0 --reference  /shared/liuhj/tonglv/ref/ref_tonglv_AE004091.2/AE004091.2.fna  /shared/liuhj/tonglv/process/bam/P6-S1.sort.rmdup.bam  1>/shared/liuhj/tonglv/process/mpileup/P6-S1.mpileup 

[Tue Apr 13 12:44:50 2021]
rule mpileup:
    input: /shared/liuhj/tonglv/ref/ref_tonglv_AE004091.2/AE004091.2.fna, /shared/liuhj/tonglv/process/bam/P1-S5.sort.rmdup.bam, /shared/liuhj/tonglv/ref/ref_tonglv_AE004091.2/AE004091.2.fna.fai, /shared/liuhj/tonglv/process/bam/P1-S5.sort.rmdup.bam.bai
    output: /shared/liuhj/tonglv/process/mpileup/P1-S5.mpileup
    jobid: 23
    wildcards: samp=P1-S5

samtools mpileup -A  -d 10000  -B -Q 0 --reference  /shared/liuhj/tonglv/ref/ref_tonglv_AE004091.2/AE004091.2.fna  /shared/liuhj/tonglv/process/bam/P1-S5.sort.rmdup.bam  1>/shared/liuhj/tonglv/process/mpileup/P1-S5.mpileup 

[Tue Apr 13 12:44:50 2021]
rule mpileup:
    input: /shared/liuhj/tonglv/ref/ref_tonglv_AE004091.2/AE004091.2.fna, /shared/liuhj/tonglv/process/bam/P4-S6.sort.rmdup.bam, /shared/liuhj/tonglv/ref/ref_tonglv_AE004091.2/AE004091.2.fna.fai, /shared/liuhj/tonglv/process/bam/P4-S6.sort.rmdup.bam.bai
    output: /shared/liuhj/tonglv/process/mpileup/P4-S6.mpileup
    jobid: 79
    wildcards: samp=P4-S6

samtools mpileup -A  -d 10000  -B -Q 0 --reference  /shared/liuhj/tonglv/ref/ref_tonglv_AE004091.2/AE004091.2.fna  /shared/liuhj/tonglv/process/bam/P4-S6.sort.rmdup.bam  1>/shared/liuhj/tonglv/process/mpileup/P4-S6.mpileup 
Terminating processes on user request, this might take some time.
[Tue Apr 13 12:45:06 2021]
Error in rule mpileup:
    jobid: 143
    output: /shared/liuhj/tonglv/process/mpileup/P7-S6.mpileup
    shell:
        samtools mpileup -A  -d 10000  -B -Q 0 --reference  /shared/liuhj/tonglv/ref/ref_tonglv_AE004091.2/AE004091.2.fna  /shared/liuhj/tonglv/process/bam/P7-S6.sort.rmdup.bam  1>/shared/liuhj/tonglv/process/mpileup/P7-S6.mpileup 
        (one of the commands exited with non-zero exit code; note that snakemake uses bash strict mode!)
[Tue Apr 13 12:45:06 2021]
[Tue Apr 13 12:45:06 2021]
[Tue Apr 13 12:45:06 2021]
[Tue Apr 13 12:45:06 2021]

[Tue Apr 13 12:45:06 2021]
[Tue Apr 13 12:45:06 2021]
Error in rule mpileup:
[Tue Apr 13 12:45:06 2021]
[Tue Apr 13 12:45:06 2021]
[Tue Apr 13 12:45:06 2021]
Error in rule mpileup:
Error in rule mpileup:
Error in rule mpileup:
Removing output files of failed job mpileup since they might be corrupted:
/shared/liuhj/tonglv/process/mpileup/P7-S6.mpileup
Error in rule mpileup:
Error in rule mpileup:
    jobid: 73
Error in rule mpileup:
Error in rule mpileup:
Error in rule mpileup:
    jobid: 107
    jobid: 39
    jobid: 93
    jobid: 121
    jobid: 79
    output: /shared/liuhj/tonglv/process/mpileup/P4-S3.mpileup
    jobid: 23
    jobid: 135
    jobid: 67
    output: /shared/liuhj/tonglv/process/mpileup/P5-S3.mpileup
    output: /shared/liuhj/tonglv/process/mpileup/P3-S12.mpileup
    output: /shared/liuhj/tonglv/process/mpileup/P5-S13.mpileup
    output: /shared/liuhj/tonglv/process/mpileup/P6-S1.mpileup
    output: /shared/liuhj/tonglv/process/mpileup/P4-S6.mpileup
    shell:
        samtools mpileup -A  -d 10000  -B -Q 0 --reference  /shared/liuhj/tonglv/ref/ref_tonglv_AE004091.2/AE004091.2.fna  /shared/liuhj/tonglv/process/bam/P4-S3.sort.rmdup.bam  1>/shared/liuhj/tonglv/process/mpileup/P4-S3.mpileup 
        (one of the commands exited with non-zero exit code; note that snakemake uses bash strict mode!)
    output: /shared/liuhj/tonglv/process/mpileup/P1-S5.mpileup
    output: /shared/liuhj/tonglv/process/mpileup/P7-S2.mpileup
    output: /shared/liuhj/tonglv/process/mpileup/P4-S10.mpileup
    shell:
        samtools mpileup -A  -d 10000  -B -Q 0 --reference  /shared/liuhj/tonglv/ref/ref_tonglv_AE004091.2/AE004091.2.fna  /shared/liuhj/tonglv/process/bam/P5-S3.sort.rmdup.bam  1>/shared/liuhj/tonglv/process/mpileup/P5-S3.mpileup 
        (one of the commands exited with non-zero exit code; note that snakemake uses bash strict mode!)
    shell:
        samtools mpileup -A  -d 10000  -B -Q 0 --reference  /shared/liuhj/tonglv/ref/ref_tonglv_AE004091.2/AE004091.2.fna  /shared/liuhj/tonglv/process/bam/P3-S12.sort.rmdup.bam  1>/shared/liuhj/tonglv/process/mpileup/P3-S12.mpileup 
        (one of the commands exited with non-zero exit code; note that snakemake uses bash strict mode!)
    shell:
        samtools mpileup -A  -d 10000  -B -Q 0 --reference  /shared/liuhj/tonglv/ref/ref_tonglv_AE004091.2/AE004091.2.fna  /shared/liuhj/tonglv/process/bam/P5-S13.sort.rmdup.bam  1>/shared/liuhj/tonglv/process/mpileup/P5-S13.mpileup 
        (one of the commands exited with non-zero exit code; note that snakemake uses bash strict mode!)
    shell:
        samtools mpileup -A  -d 10000  -B -Q 0 --reference  /shared/liuhj/tonglv/ref/ref_tonglv_AE004091.2/AE004091.2.fna  /shared/liuhj/tonglv/process/bam/P6-S1.sort.rmdup.bam  1>/shared/liuhj/tonglv/process/mpileup/P6-S1.mpileup 
        (one of the commands exited with non-zero exit code; note that snakemake uses bash strict mode!)
    shell:
        samtools mpileup -A  -d 10000  -B -Q 0 --reference  /shared/liuhj/tonglv/ref/ref_tonglv_AE004091.2/AE004091.2.fna  /shared/liuhj/tonglv/process/bam/P4-S6.sort.rmdup.bam  1>/shared/liuhj/tonglv/process/mpileup/P4-S6.mpileup 
        (one of the commands exited with non-zero exit code; note that snakemake uses bash strict mode!)

    shell:
        samtools mpileup -A  -d 10000  -B -Q 0 --reference  /shared/liuhj/tonglv/ref/ref_tonglv_AE004091.2/AE004091.2.fna  /shared/liuhj/tonglv/process/bam/P1-S5.sort.rmdup.bam  1>/shared/liuhj/tonglv/process/mpileup/P1-S5.mpileup 
        (one of the commands exited with non-zero exit code; note that snakemake uses bash strict mode!)
    shell:
        samtools mpileup -A  -d 10000  -B -Q 0 --reference  /shared/liuhj/tonglv/ref/ref_tonglv_AE004091.2/AE004091.2.fna  /shared/liuhj/tonglv/process/bam/P7-S2.sort.rmdup.bam  1>/shared/liuhj/tonglv/process/mpileup/P7-S2.mpileup 
        (one of the commands exited with non-zero exit code; note that snakemake uses bash strict mode!)
    shell:
        samtools mpileup -A  -d 10000  -B -Q 0 --reference  /shared/liuhj/tonglv/ref/ref_tonglv_AE004091.2/AE004091.2.fna  /shared/liuhj/tonglv/process/bam/P4-S10.sort.rmdup.bam  1>/shared/liuhj/tonglv/process/mpileup/P4-S10.mpileup 
        (one of the commands exited with non-zero exit code; note that snakemake uses bash strict mode!)








Removing output files of failed job mpileup since they might be corrupted:
/shared/liuhj/tonglv/process/mpileup/P4-S3.mpileup
Removing output files of failed job mpileup since they might be corrupted:
/shared/liuhj/tonglv/process/mpileup/P5-S3.mpileup
Removing output files of failed job mpileup since they might be corrupted:
/shared/liuhj/tonglv/process/mpileup/P3-S12.mpileup
Removing output files of failed job mpileup since they might be corrupted:
/shared/liuhj/tonglv/process/mpileup/P5-S13.mpileup
Removing output files of failed job mpileup since they might be corrupted:
/shared/liuhj/tonglv/process/mpileup/P6-S1.mpileup
Removing output files of failed job mpileup since they might be corrupted:
/shared/liuhj/tonglv/process/mpileup/P4-S6.mpileup
Removing output files of failed job mpileup since they might be corrupted:
/shared/liuhj/tonglv/process/mpileup/P1-S5.mpileup
Removing output files of failed job mpileup since they might be corrupted:
/shared/liuhj/tonglv/process/mpileup/P7-S2.mpileup
Removing output files of failed job mpileup since they might be corrupted:
/shared/liuhj/tonglv/process/mpileup/P4-S10.mpileup
Complete log: /shared/liuhj/tonglv/ICU_tonglv_scripts/Pseudomonas-aeruginosa-ICU-patients/scripts/analysis/.snakemake/log/2021-04-13T124450.090071.snakemake.log
