Building DAG of jobs...
Using shell: /bin/bash
Provided cores: 30
Rules claiming more threads will be scaled down.
Job counts:
	count	jobs
	1	all
	71	mpileup
	71	varscan2_mpileup2Indel
	143
Select jobs to execute...

[Tue Apr 13 12:45:41 2021]
rule mpileup:
    input: /shared/liuhj/tonglv/ref/ref_tonglv_AE004091.2/AE004091.2.fna, /shared/liuhj/tonglv/process/bam/P5-S14.sort.rmdup.bam, /shared/liuhj/tonglv/ref/ref_tonglv_AE004091.2/AE004091.2.fna.fai, /shared/liuhj/tonglv/process/bam/P5-S14.sort.rmdup.bam.bai
    output: /shared/liuhj/tonglv/process/mpileup/P5-S14.mpileup
    jobid: 95
    wildcards: samp=P5-S14

samtools mpileup -A  -d 10000  -B -Q 0 --reference  /shared/liuhj/tonglv/ref/ref_tonglv_AE004091.2/AE004091.2.fna  /shared/liuhj/tonglv/process/bam/P5-S14.sort.rmdup.bam  1>/shared/liuhj/tonglv/process/mpileup/P5-S14.mpileup 

[Tue Apr 13 12:45:41 2021]
rule mpileup:
    input: /shared/liuhj/tonglv/ref/ref_tonglv_AE004091.2/AE004091.2.fna, /shared/liuhj/tonglv/process/bam/P3-S12.sort.rmdup.bam, /shared/liuhj/tonglv/ref/ref_tonglv_AE004091.2/AE004091.2.fna.fai, /shared/liuhj/tonglv/process/bam/P3-S12.sort.rmdup.bam.bai
    output: /shared/liuhj/tonglv/process/mpileup/P3-S12.mpileup
    jobid: 39
    wildcards: samp=P3-S12

samtools mpileup -A  -d 10000  -B -Q 0 --reference  /shared/liuhj/tonglv/ref/ref_tonglv_AE004091.2/AE004091.2.fna  /shared/liuhj/tonglv/process/bam/P3-S12.sort.rmdup.bam  1>/shared/liuhj/tonglv/process/mpileup/P3-S12.mpileup 

[Tue Apr 13 12:45:41 2021]
rule mpileup:
    input: /shared/liuhj/tonglv/ref/ref_tonglv_AE004091.2/AE004091.2.fna, /shared/liuhj/tonglv/process/bam/P2-S1.sort.rmdup.bam, /shared/liuhj/tonglv/ref/ref_tonglv_AE004091.2/AE004091.2.fna.fai, /shared/liuhj/tonglv/process/bam/P2-S1.sort.rmdup.bam.bai
    output: /shared/liuhj/tonglv/process/mpileup/P2-S1.mpileup
    jobid: 33
    wildcards: samp=P2-S1

samtools mpileup -A  -d 10000  -B -Q 0 --reference  /shared/liuhj/tonglv/ref/ref_tonglv_AE004091.2/AE004091.2.fna  /shared/liuhj/tonglv/process/bam/P2-S1.sort.rmdup.bam  1>/shared/liuhj/tonglv/process/mpileup/P2-S1.mpileup 

[Tue Apr 13 12:45:41 2021]
rule mpileup:
    input: /shared/liuhj/tonglv/ref/ref_tonglv_AE004091.2/AE004091.2.fna, /shared/liuhj/tonglv/process/bam/P1-S3.sort.rmdup.bam, /shared/liuhj/tonglv/ref/ref_tonglv_AE004091.2/AE004091.2.fna.fai, /shared/liuhj/tonglv/process/bam/P1-S3.sort.rmdup.bam.bai
    output: /shared/liuhj/tonglv/process/mpileup/P1-S3.mpileup
    jobid: 19
    wildcards: samp=P1-S3

samtools mpileup -A  -d 10000  -B -Q 0 --reference  /shared/liuhj/tonglv/ref/ref_tonglv_AE004091.2/AE004091.2.fna  /shared/liuhj/tonglv/process/bam/P1-S3.sort.rmdup.bam  1>/shared/liuhj/tonglv/process/mpileup/P1-S3.mpileup 

[Tue Apr 13 12:45:41 2021]
rule mpileup:
    input: /shared/liuhj/tonglv/ref/ref_tonglv_AE004091.2/AE004091.2.fna, /shared/liuhj/tonglv/process/bam/P6-S6.sort.rmdup.bam, /shared/liuhj/tonglv/ref/ref_tonglv_AE004091.2/AE004091.2.fna.fai, /shared/liuhj/tonglv/process/bam/P6-S6.sort.rmdup.bam.bai
    output: /shared/liuhj/tonglv/process/mpileup/P6-S6.mpileup
    jobid: 131
    wildcards: samp=P6-S6

samtools mpileup -A  -d 10000  -B -Q 0 --reference  /shared/liuhj/tonglv/ref/ref_tonglv_AE004091.2/AE004091.2.fna  /shared/liuhj/tonglv/process/bam/P6-S6.sort.rmdup.bam  1>/shared/liuhj/tonglv/process/mpileup/P6-S6.mpileup 

[Tue Apr 13 12:45:41 2021]
rule mpileup:
    input: /shared/liuhj/tonglv/ref/ref_tonglv_AE004091.2/AE004091.2.fna, /shared/liuhj/tonglv/process/bam/P5-S16.sort.rmdup.bam, /shared/liuhj/tonglv/ref/ref_tonglv_AE004091.2/AE004091.2.fna.fai, /shared/liuhj/tonglv/process/bam/P5-S16.sort.rmdup.bam.bai
    output: /shared/liuhj/tonglv/process/mpileup/P5-S16.mpileup
    jobid: 99
    wildcards: samp=P5-S16

samtools mpileup -A  -d 10000  -B -Q 0 --reference  /shared/liuhj/tonglv/ref/ref_tonglv_AE004091.2/AE004091.2.fna  /shared/liuhj/tonglv/process/bam/P5-S16.sort.rmdup.bam  1>/shared/liuhj/tonglv/process/mpileup/P5-S16.mpileup 

[Tue Apr 13 12:45:41 2021]
rule mpileup:
    input: /shared/liuhj/tonglv/ref/ref_tonglv_AE004091.2/AE004091.2.fna, /shared/liuhj/tonglv/process/bam/P6-S3.sort.rmdup.bam, /shared/liuhj/tonglv/ref/ref_tonglv_AE004091.2/AE004091.2.fna.fai, /shared/liuhj/tonglv/process/bam/P6-S3.sort.rmdup.bam.bai
    output: /shared/liuhj/tonglv/process/mpileup/P6-S3.mpileup
    jobid: 125
    wildcards: samp=P6-S3

samtools mpileup -A  -d 10000  -B -Q 0 --reference  /shared/liuhj/tonglv/ref/ref_tonglv_AE004091.2/AE004091.2.fna  /shared/liuhj/tonglv/process/bam/P6-S3.sort.rmdup.bam  1>/shared/liuhj/tonglv/process/mpileup/P6-S3.mpileup 

[Tue Apr 13 12:45:41 2021]
rule mpileup:
    input: /shared/liuhj/tonglv/ref/ref_tonglv_AE004091.2/AE004091.2.fna, /shared/liuhj/tonglv/process/bam/P3-S5.sort.rmdup.bam, /shared/liuhj/tonglv/ref/ref_tonglv_AE004091.2/AE004091.2.fna.fai, /shared/liuhj/tonglv/process/bam/P3-S5.sort.rmdup.bam.bai
    output: /shared/liuhj/tonglv/process/mpileup/P3-S5.mpileup
    jobid: 57
    wildcards: samp=P3-S5

samtools mpileup -A  -d 10000  -B -Q 0 --reference  /shared/liuhj/tonglv/ref/ref_tonglv_AE004091.2/AE004091.2.fna  /shared/liuhj/tonglv/process/bam/P3-S5.sort.rmdup.bam  1>/shared/liuhj/tonglv/process/mpileup/P3-S5.mpileup 

[Tue Apr 13 12:45:41 2021]
rule mpileup:
    input: /shared/liuhj/tonglv/ref/ref_tonglv_AE004091.2/AE004091.2.fna, /shared/liuhj/tonglv/process/bam/P6-S4.sort.rmdup.bam, /shared/liuhj/tonglv/ref/ref_tonglv_AE004091.2/AE004091.2.fna.fai, /shared/liuhj/tonglv/process/bam/P6-S4.sort.rmdup.bam.bai
    output: /shared/liuhj/tonglv/process/mpileup/P6-S4.mpileup
    jobid: 127
    wildcards: samp=P6-S4

samtools mpileup -A  -d 10000  -B -Q 0 --reference  /shared/liuhj/tonglv/ref/ref_tonglv_AE004091.2/AE004091.2.fna  /shared/liuhj/tonglv/process/bam/P6-S4.sort.rmdup.bam  1>/shared/liuhj/tonglv/process/mpileup/P6-S4.mpileup 

[Tue Apr 13 12:45:41 2021]
rule mpileup:
    input: /shared/liuhj/tonglv/ref/ref_tonglv_AE004091.2/AE004091.2.fna, /shared/liuhj/tonglv/process/bam/P1-S1.sort.rmdup.bam, /shared/liuhj/tonglv/ref/ref_tonglv_AE004091.2/AE004091.2.fna.fai, /shared/liuhj/tonglv/process/bam/P1-S1.sort.rmdup.bam.bai
    output: /shared/liuhj/tonglv/process/mpileup/P1-S1.mpileup
    jobid: 15
    wildcards: samp=P1-S1

samtools mpileup -A  -d 10000  -B -Q 0 --reference  /shared/liuhj/tonglv/ref/ref_tonglv_AE004091.2/AE004091.2.fna  /shared/liuhj/tonglv/process/bam/P1-S1.sort.rmdup.bam  1>/shared/liuhj/tonglv/process/mpileup/P1-S1.mpileup 

[Tue Apr 13 12:45:41 2021]
rule mpileup:
    input: /shared/liuhj/tonglv/ref/ref_tonglv_AE004091.2/AE004091.2.fna, /shared/liuhj/tonglv/process/bam/P1-S8.sort.rmdup.bam, /shared/liuhj/tonglv/ref/ref_tonglv_AE004091.2/AE004091.2.fna.fai, /shared/liuhj/tonglv/process/bam/P1-S8.sort.rmdup.bam.bai
    output: /shared/liuhj/tonglv/process/mpileup/P1-S8.mpileup
    jobid: 29
    wildcards: samp=P1-S8

samtools mpileup -A  -d 10000  -B -Q 0 --reference  /shared/liuhj/tonglv/ref/ref_tonglv_AE004091.2/AE004091.2.fna  /shared/liuhj/tonglv/process/bam/P1-S8.sort.rmdup.bam  1>/shared/liuhj/tonglv/process/mpileup/P1-S8.mpileup 

[Tue Apr 13 12:45:41 2021]
rule mpileup:
    input: /shared/liuhj/tonglv/ref/ref_tonglv_AE004091.2/AE004091.2.fna, /shared/liuhj/tonglv/process/bam/P4-S2.sort.rmdup.bam, /shared/liuhj/tonglv/ref/ref_tonglv_AE004091.2/AE004091.2.fna.fai, /shared/liuhj/tonglv/process/bam/P4-S2.sort.rmdup.bam.bai
    output: /shared/liuhj/tonglv/process/mpileup/P4-S2.mpileup
    jobid: 71
    wildcards: samp=P4-S2

samtools mpileup -A  -d 10000  -B -Q 0 --reference  /shared/liuhj/tonglv/ref/ref_tonglv_AE004091.2/AE004091.2.fna  /shared/liuhj/tonglv/process/bam/P4-S2.sort.rmdup.bam  1>/shared/liuhj/tonglv/process/mpileup/P4-S2.mpileup 

[Tue Apr 13 12:45:41 2021]
rule mpileup:
    input: /shared/liuhj/tonglv/ref/ref_tonglv_AE004091.2/AE004091.2.fna, /shared/liuhj/tonglv/process/bam/P4-S9.sort.rmdup.bam, /shared/liuhj/tonglv/ref/ref_tonglv_AE004091.2/AE004091.2.fna.fai, /shared/liuhj/tonglv/process/bam/P4-S9.sort.rmdup.bam.bai
    output: /shared/liuhj/tonglv/process/mpileup/P4-S9.mpileup
    jobid: 85
    wildcards: samp=P4-S9

samtools mpileup -A  -d 10000  -B -Q 0 --reference  /shared/liuhj/tonglv/ref/ref_tonglv_AE004091.2/AE004091.2.fna  /shared/liuhj/tonglv/process/bam/P4-S9.sort.rmdup.bam  1>/shared/liuhj/tonglv/process/mpileup/P4-S9.mpileup 

[Tue Apr 13 12:45:41 2021]
rule mpileup:
    input: /shared/liuhj/tonglv/ref/ref_tonglv_AE004091.2/AE004091.2.fna, /shared/liuhj/tonglv/process/bam/P7-S5.sort.rmdup.bam, /shared/liuhj/tonglv/ref/ref_tonglv_AE004091.2/AE004091.2.fna.fai, /shared/liuhj/tonglv/process/bam/P7-S5.sort.rmdup.bam.bai
    output: /shared/liuhj/tonglv/process/mpileup/P7-S5.mpileup
    jobid: 141
    wildcards: samp=P7-S5

samtools mpileup -A  -d 10000  -B -Q 0 --reference  /shared/liuhj/tonglv/ref/ref_tonglv_AE004091.2/AE004091.2.fna  /shared/liuhj/tonglv/process/bam/P7-S5.sort.rmdup.bam  1>/shared/liuhj/tonglv/process/mpileup/P7-S5.mpileup 

[Tue Apr 13 12:45:41 2021]
rule mpileup:
    input: /shared/liuhj/tonglv/ref/ref_tonglv_AE004091.2/AE004091.2.fna, /shared/liuhj/tonglv/process/bam/P3-S14.sort.rmdup.bam, /shared/liuhj/tonglv/ref/ref_tonglv_AE004091.2/AE004091.2.fna.fai, /shared/liuhj/tonglv/process/bam/P3-S14.sort.rmdup.bam.bai
    output: /shared/liuhj/tonglv/process/mpileup/P3-S14.mpileup
    jobid: 43
    wildcards: samp=P3-S14

samtools mpileup -A  -d 10000  -B -Q 0 --reference  /shared/liuhj/tonglv/ref/ref_tonglv_AE004091.2/AE004091.2.fna  /shared/liuhj/tonglv/process/bam/P3-S14.sort.rmdup.bam  1>/shared/liuhj/tonglv/process/mpileup/P3-S14.mpileup 

[Tue Apr 13 12:45:41 2021]
rule mpileup:
    input: /shared/liuhj/tonglv/ref/ref_tonglv_AE004091.2/AE004091.2.fna, /shared/liuhj/tonglv/process/bam/P7-S2.sort.rmdup.bam, /shared/liuhj/tonglv/ref/ref_tonglv_AE004091.2/AE004091.2.fna.fai, /shared/liuhj/tonglv/process/bam/P7-S2.sort.rmdup.bam.bai
    output: /shared/liuhj/tonglv/process/mpileup/P7-S2.mpileup
    jobid: 135
    wildcards: samp=P7-S2

samtools mpileup -A  -d 10000  -B -Q 0 --reference  /shared/liuhj/tonglv/ref/ref_tonglv_AE004091.2/AE004091.2.fna  /shared/liuhj/tonglv/process/bam/P7-S2.sort.rmdup.bam  1>/shared/liuhj/tonglv/process/mpileup/P7-S2.mpileup 

[Tue Apr 13 12:45:41 2021]
rule mpileup:
    input: /shared/liuhj/tonglv/ref/ref_tonglv_AE004091.2/AE004091.2.fna, /shared/liuhj/tonglv/process/bam/P1-S5.sort.rmdup.bam, /shared/liuhj/tonglv/ref/ref_tonglv_AE004091.2/AE004091.2.fna.fai, /shared/liuhj/tonglv/process/bam/P1-S5.sort.rmdup.bam.bai
    output: /shared/liuhj/tonglv/process/mpileup/P1-S5.mpileup
    jobid: 23
    wildcards: samp=P1-S5

samtools mpileup -A  -d 10000  -B -Q 0 --reference  /shared/liuhj/tonglv/ref/ref_tonglv_AE004091.2/AE004091.2.fna  /shared/liuhj/tonglv/process/bam/P1-S5.sort.rmdup.bam  1>/shared/liuhj/tonglv/process/mpileup/P1-S5.mpileup 

[Tue Apr 13 12:45:41 2021]
rule mpileup:
    input: /shared/liuhj/tonglv/ref/ref_tonglv_AE004091.2/AE004091.2.fna, /shared/liuhj/tonglv/process/bam/P3-S11.sort.rmdup.bam, /shared/liuhj/tonglv/ref/ref_tonglv_AE004091.2/AE004091.2.fna.fai, /shared/liuhj/tonglv/process/bam/P3-S11.sort.rmdup.bam.bai
    output: /shared/liuhj/tonglv/process/mpileup/P3-S11.mpileup
    jobid: 37
    wildcards: samp=P3-S11

samtools mpileup -A  -d 10000  -B -Q 0 --reference  /shared/liuhj/tonglv/ref/ref_tonglv_AE004091.2/AE004091.2.fna  /shared/liuhj/tonglv/process/bam/P3-S11.sort.rmdup.bam  1>/shared/liuhj/tonglv/process/mpileup/P3-S11.mpileup 

[Tue Apr 13 12:45:41 2021]
rule mpileup:
    input: /shared/liuhj/tonglv/ref/ref_tonglv_AE004091.2/AE004091.2.fna, /shared/liuhj/tonglv/process/bam/P4-S6.sort.rmdup.bam, /shared/liuhj/tonglv/ref/ref_tonglv_AE004091.2/AE004091.2.fna.fai, /shared/liuhj/tonglv/process/bam/P4-S6.sort.rmdup.bam.bai
    output: /shared/liuhj/tonglv/process/mpileup/P4-S6.mpileup
    jobid: 79
    wildcards: samp=P4-S6

samtools mpileup -A  -d 10000  -B -Q 0 --reference  /shared/liuhj/tonglv/ref/ref_tonglv_AE004091.2/AE004091.2.fna  /shared/liuhj/tonglv/process/bam/P4-S6.sort.rmdup.bam  1>/shared/liuhj/tonglv/process/mpileup/P4-S6.mpileup 

[Tue Apr 13 12:45:41 2021]
rule mpileup:
    input: /shared/liuhj/tonglv/ref/ref_tonglv_AE004091.2/AE004091.2.fna, /shared/liuhj/tonglv/process/bam/P5-S13.sort.rmdup.bam, /shared/liuhj/tonglv/ref/ref_tonglv_AE004091.2/AE004091.2.fna.fai, /shared/liuhj/tonglv/process/bam/P5-S13.sort.rmdup.bam.bai
    output: /shared/liuhj/tonglv/process/mpileup/P5-S13.mpileup
    jobid: 93
    wildcards: samp=P5-S13

samtools mpileup -A  -d 10000  -B -Q 0 --reference  /shared/liuhj/tonglv/ref/ref_tonglv_AE004091.2/AE004091.2.fna  /shared/liuhj/tonglv/process/bam/P5-S13.sort.rmdup.bam  1>/shared/liuhj/tonglv/process/mpileup/P5-S13.mpileup 

[Tue Apr 13 12:45:41 2021]
rule mpileup:
    input: /shared/liuhj/tonglv/ref/ref_tonglv_AE004091.2/AE004091.2.fna, /shared/liuhj/tonglv/process/bam/P1-S13.sort.rmdup.bam, /shared/liuhj/tonglv/ref/ref_tonglv_AE004091.2/AE004091.2.fna.fai, /shared/liuhj/tonglv/process/bam/P1-S13.sort.rmdup.bam.bai
    output: /shared/liuhj/tonglv/process/mpileup/P1-S13.mpileup
    jobid: 9
    wildcards: samp=P1-S13

samtools mpileup -A  -d 10000  -B -Q 0 --reference  /shared/liuhj/tonglv/ref/ref_tonglv_AE004091.2/AE004091.2.fna  /shared/liuhj/tonglv/process/bam/P1-S13.sort.rmdup.bam  1>/shared/liuhj/tonglv/process/mpileup/P1-S13.mpileup 

[Tue Apr 13 12:45:41 2021]
rule mpileup:
    input: /shared/liuhj/tonglv/ref/ref_tonglv_AE004091.2/AE004091.2.fna, /shared/liuhj/tonglv/process/bam/P3-S2.sort.rmdup.bam, /shared/liuhj/tonglv/ref/ref_tonglv_AE004091.2/AE004091.2.fna.fai, /shared/liuhj/tonglv/process/bam/P3-S2.sort.rmdup.bam.bai
    output: /shared/liuhj/tonglv/process/mpileup/P3-S2.mpileup
    jobid: 51
    wildcards: samp=P3-S2

samtools mpileup -A  -d 10000  -B -Q 0 --reference  /shared/liuhj/tonglv/ref/ref_tonglv_AE004091.2/AE004091.2.fna  /shared/liuhj/tonglv/process/bam/P3-S2.sort.rmdup.bam  1>/shared/liuhj/tonglv/process/mpileup/P3-S2.mpileup 

[Tue Apr 13 12:45:41 2021]
rule mpileup:
    input: /shared/liuhj/tonglv/ref/ref_tonglv_AE004091.2/AE004091.2.fna, /shared/liuhj/tonglv/process/bam/P3-S9.sort.rmdup.bam, /shared/liuhj/tonglv/ref/ref_tonglv_AE004091.2/AE004091.2.fna.fai, /shared/liuhj/tonglv/process/bam/P3-S9.sort.rmdup.bam.bai
    output: /shared/liuhj/tonglv/process/mpileup/P3-S9.mpileup
    jobid: 65
    wildcards: samp=P3-S9

samtools mpileup -A  -d 10000  -B -Q 0 --reference  /shared/liuhj/tonglv/ref/ref_tonglv_AE004091.2/AE004091.2.fna  /shared/liuhj/tonglv/process/bam/P3-S9.sort.rmdup.bam  1>/shared/liuhj/tonglv/process/mpileup/P3-S9.mpileup 

[Tue Apr 13 12:45:41 2021]
rule mpileup:
    input: /shared/liuhj/tonglv/ref/ref_tonglv_AE004091.2/AE004091.2.fna, /shared/liuhj/tonglv/process/bam/P5-S3.sort.rmdup.bam, /shared/liuhj/tonglv/ref/ref_tonglv_AE004091.2/AE004091.2.fna.fai, /shared/liuhj/tonglv/process/bam/P5-S3.sort.rmdup.bam.bai
    output: /shared/liuhj/tonglv/process/mpileup/P5-S3.mpileup
    jobid: 107
    wildcards: samp=P5-S3

samtools mpileup -A  -d 10000  -B -Q 0 --reference  /shared/liuhj/tonglv/ref/ref_tonglv_AE004091.2/AE004091.2.fna  /shared/liuhj/tonglv/process/bam/P5-S3.sort.rmdup.bam  1>/shared/liuhj/tonglv/process/mpileup/P5-S3.mpileup 

[Tue Apr 13 12:45:41 2021]
rule mpileup:
    input: /shared/liuhj/tonglv/ref/ref_tonglv_AE004091.2/AE004091.2.fna, /shared/liuhj/tonglv/process/bam/P1-S9.sort.rmdup.bam, /shared/liuhj/tonglv/ref/ref_tonglv_AE004091.2/AE004091.2.fna.fai, /shared/liuhj/tonglv/process/bam/P1-S9.sort.rmdup.bam.bai
    output: /shared/liuhj/tonglv/process/mpileup/P1-S9.mpileup
    jobid: 31
    wildcards: samp=P1-S9

samtools mpileup -A  -d 10000  -B -Q 0 --reference  /shared/liuhj/tonglv/ref/ref_tonglv_AE004091.2/AE004091.2.fna  /shared/liuhj/tonglv/process/bam/P1-S9.sort.rmdup.bam  1>/shared/liuhj/tonglv/process/mpileup/P1-S9.mpileup 

[Tue Apr 13 12:45:41 2021]
rule mpileup:
    input: /shared/liuhj/tonglv/ref/ref_tonglv_AE004091.2/AE004091.2.fna, /shared/liuhj/tonglv/process/bam/P1-S2.sort.rmdup.bam, /shared/liuhj/tonglv/ref/ref_tonglv_AE004091.2/AE004091.2.fna.fai, /shared/liuhj/tonglv/process/bam/P1-S2.sort.rmdup.bam.bai
    output: /shared/liuhj/tonglv/process/mpileup/P1-S2.mpileup
    jobid: 17
    wildcards: samp=P1-S2

samtools mpileup -A  -d 10000  -B -Q 0 --reference  /shared/liuhj/tonglv/ref/ref_tonglv_AE004091.2/AE004091.2.fna  /shared/liuhj/tonglv/process/bam/P1-S2.sort.rmdup.bam  1>/shared/liuhj/tonglv/process/mpileup/P1-S2.mpileup 

[Tue Apr 13 12:45:41 2021]
rule mpileup:
    input: /shared/liuhj/tonglv/ref/ref_tonglv_AE004091.2/AE004091.2.fna, /shared/liuhj/tonglv/process/bam/P5-S10.sort.rmdup.bam, /shared/liuhj/tonglv/ref/ref_tonglv_AE004091.2/AE004091.2.fna.fai, /shared/liuhj/tonglv/process/bam/P5-S10.sort.rmdup.bam.bai
    output: /shared/liuhj/tonglv/process/mpileup/P5-S10.mpileup
    jobid: 87
    wildcards: samp=P5-S10

samtools mpileup -A  -d 10000  -B -Q 0 --reference  /shared/liuhj/tonglv/ref/ref_tonglv_AE004091.2/AE004091.2.fna  /shared/liuhj/tonglv/process/bam/P5-S10.sort.rmdup.bam  1>/shared/liuhj/tonglv/process/mpileup/P5-S10.mpileup 

[Tue Apr 13 12:45:41 2021]
rule mpileup:
    input: /shared/liuhj/tonglv/ref/ref_tonglv_AE004091.2/AE004091.2.fna, /shared/liuhj/tonglv/process/bam/P7-S6.sort.rmdup.bam, /shared/liuhj/tonglv/ref/ref_tonglv_AE004091.2/AE004091.2.fna.fai, /shared/liuhj/tonglv/process/bam/P7-S6.sort.rmdup.bam.bai
    output: /shared/liuhj/tonglv/process/mpileup/P7-S6.mpileup
    jobid: 143
    wildcards: samp=P7-S6

samtools mpileup -A  -d 10000  -B -Q 0 --reference  /shared/liuhj/tonglv/ref/ref_tonglv_AE004091.2/AE004091.2.fna  /shared/liuhj/tonglv/process/bam/P7-S6.sort.rmdup.bam  1>/shared/liuhj/tonglv/process/mpileup/P7-S6.mpileup 

[Tue Apr 13 12:45:41 2021]
rule mpileup:
    input: /shared/liuhj/tonglv/ref/ref_tonglv_AE004091.2/AE004091.2.fna, /shared/liuhj/tonglv/process/bam/P1-S10.sort.rmdup.bam, /shared/liuhj/tonglv/ref/ref_tonglv_AE004091.2/AE004091.2.fna.fai, /shared/liuhj/tonglv/process/bam/P1-S10.sort.rmdup.bam.bai
    output: /shared/liuhj/tonglv/process/mpileup/P1-S10.mpileup
    jobid: 3
    wildcards: samp=P1-S10

samtools mpileup -A  -d 10000  -B -Q 0 --reference  /shared/liuhj/tonglv/ref/ref_tonglv_AE004091.2/AE004091.2.fna  /shared/liuhj/tonglv/process/bam/P1-S10.sort.rmdup.bam  1>/shared/liuhj/tonglv/process/mpileup/P1-S10.mpileup 

[Tue Apr 13 12:45:41 2021]
rule mpileup:
    input: /shared/liuhj/tonglv/ref/ref_tonglv_AE004091.2/AE004091.2.fna, /shared/liuhj/tonglv/process/bam/P3-S15.sort.rmdup.bam, /shared/liuhj/tonglv/ref/ref_tonglv_AE004091.2/AE004091.2.fna.fai, /shared/liuhj/tonglv/process/bam/P3-S15.sort.rmdup.bam.bai
    output: /shared/liuhj/tonglv/process/mpileup/P3-S15.mpileup
    jobid: 45
    wildcards: samp=P3-S15

samtools mpileup -A  -d 10000  -B -Q 0 --reference  /shared/liuhj/tonglv/ref/ref_tonglv_AE004091.2/AE004091.2.fna  /shared/liuhj/tonglv/process/bam/P3-S15.sort.rmdup.bam  1>/shared/liuhj/tonglv/process/mpileup/P3-S15.mpileup 
[Tue Apr 13 12:57:15 2021]
Finished job 135.
1 of 143 steps (0.70%) done
Select jobs to execute...

[Tue Apr 13 12:57:16 2021]
rule mpileup:
    input: /shared/liuhj/tonglv/ref/ref_tonglv_AE004091.2/AE004091.2.fna, /shared/liuhj/tonglv/process/bam/P1-S12.sort.rmdup.bam, /shared/liuhj/tonglv/ref/ref_tonglv_AE004091.2/AE004091.2.fna.fai, /shared/liuhj/tonglv/process/bam/P1-S12.sort.rmdup.bam.bai
    output: /shared/liuhj/tonglv/process/mpileup/P1-S12.mpileup
    jobid: 7
    wildcards: samp=P1-S12

samtools mpileup -A  -d 10000  -B -Q 0 --reference  /shared/liuhj/tonglv/ref/ref_tonglv_AE004091.2/AE004091.2.fna  /shared/liuhj/tonglv/process/bam/P1-S12.sort.rmdup.bam  1>/shared/liuhj/tonglv/process/mpileup/P1-S12.mpileup 
[Tue Apr 13 12:58:37 2021]
Finished job 79.
2 of 143 steps (1%) done
Select jobs to execute...

[Tue Apr 13 12:58:37 2021]
rule mpileup:
    input: /shared/liuhj/tonglv/ref/ref_tonglv_AE004091.2/AE004091.2.fna, /shared/liuhj/tonglv/process/bam/P3-S1.sort.rmdup.bam, /shared/liuhj/tonglv/ref/ref_tonglv_AE004091.2/AE004091.2.fna.fai, /shared/liuhj/tonglv/process/bam/P3-S1.sort.rmdup.bam.bai
    output: /shared/liuhj/tonglv/process/mpileup/P3-S1.mpileup
    jobid: 49
    wildcards: samp=P3-S1

samtools mpileup -A  -d 10000  -B -Q 0 --reference  /shared/liuhj/tonglv/ref/ref_tonglv_AE004091.2/AE004091.2.fna  /shared/liuhj/tonglv/process/bam/P3-S1.sort.rmdup.bam  1>/shared/liuhj/tonglv/process/mpileup/P3-S1.mpileup 
[Tue Apr 13 12:59:44 2021]
Finished job 17.
3 of 143 steps (2%) done
Select jobs to execute...

[Tue Apr 13 12:59:44 2021]
rule mpileup:
    input: /shared/liuhj/tonglv/ref/ref_tonglv_AE004091.2/AE004091.2.fna, /shared/liuhj/tonglv/process/bam/P5-S12.sort.rmdup.bam, /shared/liuhj/tonglv/ref/ref_tonglv_AE004091.2/AE004091.2.fna.fai, /shared/liuhj/tonglv/process/bam/P5-S12.sort.rmdup.bam.bai
    output: /shared/liuhj/tonglv/process/mpileup/P5-S12.mpileup
    jobid: 91
    wildcards: samp=P5-S12

samtools mpileup -A  -d 10000  -B -Q 0 --reference  /shared/liuhj/tonglv/ref/ref_tonglv_AE004091.2/AE004091.2.fna  /shared/liuhj/tonglv/process/bam/P5-S12.sort.rmdup.bam  1>/shared/liuhj/tonglv/process/mpileup/P5-S12.mpileup 
[Tue Apr 13 13:00:29 2021]
Finished job 85.
4 of 143 steps (3%) done
Select jobs to execute...

[Tue Apr 13 13:00:29 2021]
rule mpileup:
    input: /shared/liuhj/tonglv/ref/ref_tonglv_AE004091.2/AE004091.2.fna, /shared/liuhj/tonglv/process/bam/P3-S8.sort.rmdup.bam, /shared/liuhj/tonglv/ref/ref_tonglv_AE004091.2/AE004091.2.fna.fai, /shared/liuhj/tonglv/process/bam/P3-S8.sort.rmdup.bam.bai
    output: /shared/liuhj/tonglv/process/mpileup/P3-S8.mpileup
    jobid: 63
    wildcards: samp=P3-S8

samtools mpileup -A  -d 10000  -B -Q 0 --reference  /shared/liuhj/tonglv/ref/ref_tonglv_AE004091.2/AE004091.2.fna  /shared/liuhj/tonglv/process/bam/P3-S8.sort.rmdup.bam  1>/shared/liuhj/tonglv/process/mpileup/P3-S8.mpileup 
[Tue Apr 13 13:00:31 2021]
Finished job 57.
5 of 143 steps (3%) done
Select jobs to execute...

[Tue Apr 13 13:00:31 2021]
rule mpileup:
    input: /shared/liuhj/tonglv/ref/ref_tonglv_AE004091.2/AE004091.2.fna, /shared/liuhj/tonglv/process/bam/P5-S2.sort.rmdup.bam, /shared/liuhj/tonglv/ref/ref_tonglv_AE004091.2/AE004091.2.fna.fai, /shared/liuhj/tonglv/process/bam/P5-S2.sort.rmdup.bam.bai
    output: /shared/liuhj/tonglv/process/mpileup/P5-S2.mpileup
    jobid: 105
    wildcards: samp=P5-S2

samtools mpileup -A  -d 10000  -B -Q 0 --reference  /shared/liuhj/tonglv/ref/ref_tonglv_AE004091.2/AE004091.2.fna  /shared/liuhj/tonglv/process/bam/P5-S2.sort.rmdup.bam  1>/shared/liuhj/tonglv/process/mpileup/P5-S2.mpileup 
[Tue Apr 13 13:00:44 2021]
Finished job 31.
6 of 143 steps (4%) done
Select jobs to execute...

[Tue Apr 13 13:00:44 2021]
rule mpileup:
    input: /shared/liuhj/tonglv/ref/ref_tonglv_AE004091.2/AE004091.2.fna, /shared/liuhj/tonglv/process/bam/P5-S9.sort.rmdup.bam, /shared/liuhj/tonglv/ref/ref_tonglv_AE004091.2/AE004091.2.fna.fai, /shared/liuhj/tonglv/process/bam/P5-S9.sort.rmdup.bam.bai
    output: /shared/liuhj/tonglv/process/mpileup/P5-S9.mpileup
    jobid: 119
    wildcards: samp=P5-S9

samtools mpileup -A  -d 10000  -B -Q 0 --reference  /shared/liuhj/tonglv/ref/ref_tonglv_AE004091.2/AE004091.2.fna  /shared/liuhj/tonglv/process/bam/P5-S9.sort.rmdup.bam  1>/shared/liuhj/tonglv/process/mpileup/P5-S9.mpileup 
[Tue Apr 13 13:01:02 2021]
Finished job 71.
7 of 143 steps (5%) done
Select jobs to execute...

[Tue Apr 13 13:01:03 2021]
rule mpileup:
    input: /shared/liuhj/tonglv/ref/ref_tonglv_AE004091.2/AE004091.2.fna, /shared/liuhj/tonglv/process/bam/P7-S1.sort.rmdup.bam, /shared/liuhj/tonglv/ref/ref_tonglv_AE004091.2/AE004091.2.fna.fai, /shared/liuhj/tonglv/process/bam/P7-S1.sort.rmdup.bam.bai
    output: /shared/liuhj/tonglv/process/mpileup/P7-S1.mpileup
    jobid: 133
    wildcards: samp=P7-S1

samtools mpileup -A  -d 10000  -B -Q 0 --reference  /shared/liuhj/tonglv/ref/ref_tonglv_AE004091.2/AE004091.2.fna  /shared/liuhj/tonglv/process/bam/P7-S1.sort.rmdup.bam  1>/shared/liuhj/tonglv/process/mpileup/P7-S1.mpileup 
[Tue Apr 13 13:01:10 2021]
Finished job 93.
8 of 143 steps (6%) done
Select jobs to execute...

[Tue Apr 13 13:01:10 2021]
rule varscan2_mpileup2Indel:
    input: /shared/liuhj/tonglv/process/mpileup/P3-S5.mpileup
    output: /shared/liuhj/tonglv/process/mpileup/P3-S5.mpileup2Indel.vcf
    jobid: 56
    wildcards: samp=P3-S5

varscan   pileup2indel  /shared/liuhj/tonglv/process/mpileup/P3-S5.mpileup  --min-coverage 50  --min-reads2  10    --min-var-freq  0.1   --variants  indel --output-vcf 1  >/shared/liuhj/tonglv/process/mpileup/P3-S5.mpileup2Indel.vcf 
[Tue Apr 13 13:01:50 2021]
Finished job 39.
9 of 143 steps (6%) done
Select jobs to execute...

[Tue Apr 13 13:01:50 2021]
rule varscan2_mpileup2Indel:
    input: /shared/liuhj/tonglv/process/mpileup/P4-S2.mpileup
    output: /shared/liuhj/tonglv/process/mpileup/P4-S2.mpileup2Indel.vcf
    jobid: 70
    wildcards: samp=P4-S2

varscan   pileup2indel  /shared/liuhj/tonglv/process/mpileup/P4-S2.mpileup  --min-coverage 50  --min-reads2  10    --min-var-freq  0.1   --variants  indel --output-vcf 1  >/shared/liuhj/tonglv/process/mpileup/P4-S2.mpileup2Indel.vcf 
[Tue Apr 13 13:01:50 2021]
Finished job 143.
10 of 143 steps (7%) done
Select jobs to execute...

[Tue Apr 13 13:01:50 2021]
rule varscan2_mpileup2Indel:
    input: /shared/liuhj/tonglv/process/mpileup/P4-S9.mpileup
    output: /shared/liuhj/tonglv/process/mpileup/P4-S9.mpileup2Indel.vcf
    jobid: 84
    wildcards: samp=P4-S9

varscan   pileup2indel  /shared/liuhj/tonglv/process/mpileup/P4-S9.mpileup  --min-coverage 50  --min-reads2  10    --min-var-freq  0.1   --variants  indel --output-vcf 1  >/shared/liuhj/tonglv/process/mpileup/P4-S9.mpileup2Indel.vcf 
[Tue Apr 13 13:02:22 2021]
Finished job 99.
11 of 143 steps (8%) done
Select jobs to execute...

[Tue Apr 13 13:02:22 2021]
rule varscan2_mpileup2Indel:
    input: /shared/liuhj/tonglv/process/mpileup/P5-S16.mpileup
    output: /shared/liuhj/tonglv/process/mpileup/P5-S16.mpileup2Indel.vcf
    jobid: 98
    wildcards: samp=P5-S16

varscan   pileup2indel  /shared/liuhj/tonglv/process/mpileup/P5-S16.mpileup  --min-coverage 50  --min-reads2  10    --min-var-freq  0.1   --variants  indel --output-vcf 1  >/shared/liuhj/tonglv/process/mpileup/P5-S16.mpileup2Indel.vcf 
[Tue Apr 13 13:02:29 2021]
Finished job 131.
12 of 143 steps (8%) done
Select jobs to execute...

[Tue Apr 13 13:02:29 2021]
rule varscan2_mpileup2Indel:
    input: /shared/liuhj/tonglv/process/mpileup/P7-S2.mpileup
    output: /shared/liuhj/tonglv/process/mpileup/P7-S2.mpileup2Indel.vcf
    jobid: 134
    wildcards: samp=P7-S2

varscan   pileup2indel  /shared/liuhj/tonglv/process/mpileup/P7-S2.mpileup  --min-coverage 50  --min-reads2  10    --min-var-freq  0.1   --variants  indel --output-vcf 1  >/shared/liuhj/tonglv/process/mpileup/P7-S2.mpileup2Indel.vcf 
[Tue Apr 13 13:02:41 2021]
Finished job 29.
13 of 143 steps (9%) done
Select jobs to execute...

[Tue Apr 13 13:02:41 2021]
rule varscan2_mpileup2Indel:
    input: /shared/liuhj/tonglv/process/mpileup/P1-S8.mpileup
    output: /shared/liuhj/tonglv/process/mpileup/P1-S8.mpileup2Indel.vcf
    jobid: 28
    wildcards: samp=P1-S8

varscan   pileup2indel  /shared/liuhj/tonglv/process/mpileup/P1-S8.mpileup  --min-coverage 50  --min-reads2  10    --min-var-freq  0.1   --variants  indel --output-vcf 1  >/shared/liuhj/tonglv/process/mpileup/P1-S8.mpileup2Indel.vcf 
[Tue Apr 13 13:02:41 2021]
Finished job 107.
14 of 143 steps (10%) done
Select jobs to execute...

[Tue Apr 13 13:02:41 2021]
rule varscan2_mpileup2Indel:
    input: /shared/liuhj/tonglv/process/mpileup/P5-S3.mpileup
    output: /shared/liuhj/tonglv/process/mpileup/P5-S3.mpileup2Indel.vcf
    jobid: 106
    wildcards: samp=P5-S3

varscan   pileup2indel  /shared/liuhj/tonglv/process/mpileup/P5-S3.mpileup  --min-coverage 50  --min-reads2  10    --min-var-freq  0.1   --variants  indel --output-vcf 1  >/shared/liuhj/tonglv/process/mpileup/P5-S3.mpileup2Indel.vcf 
[Tue Apr 13 13:03:18 2021]
Finished job 23.
15 of 143 steps (10%) done
Select jobs to execute...

[Tue Apr 13 13:03:18 2021]
rule varscan2_mpileup2Indel:
    input: /shared/liuhj/tonglv/process/mpileup/P1-S5.mpileup
    output: /shared/liuhj/tonglv/process/mpileup/P1-S5.mpileup2Indel.vcf
    jobid: 22
    wildcards: samp=P1-S5

varscan   pileup2indel  /shared/liuhj/tonglv/process/mpileup/P1-S5.mpileup  --min-coverage 50  --min-reads2  10    --min-var-freq  0.1   --variants  indel --output-vcf 1  >/shared/liuhj/tonglv/process/mpileup/P1-S5.mpileup2Indel.vcf 
[Tue Apr 13 13:03:33 2021]
Finished job 33.
16 of 143 steps (11%) done
Select jobs to execute...

[Tue Apr 13 13:03:33 2021]
rule mpileup:
    input: /shared/liuhj/tonglv/ref/ref_tonglv_AE004091.2/AE004091.2.fna, /shared/liuhj/tonglv/process/bam/P4-S5.sort.rmdup.bam, /shared/liuhj/tonglv/ref/ref_tonglv_AE004091.2/AE004091.2.fna.fai, /shared/liuhj/tonglv/process/bam/P4-S5.sort.rmdup.bam.bai
    output: /shared/liuhj/tonglv/process/mpileup/P4-S5.mpileup
    jobid: 77
    wildcards: samp=P4-S5

samtools mpileup -A  -d 10000  -B -Q 0 --reference  /shared/liuhj/tonglv/ref/ref_tonglv_AE004091.2/AE004091.2.fna  /shared/liuhj/tonglv/process/bam/P4-S5.sort.rmdup.bam  1>/shared/liuhj/tonglv/process/mpileup/P4-S5.mpileup 
[Tue Apr 13 13:03:48 2021]
Finished job 3.
17 of 143 steps (12%) done
Select jobs to execute...

[Tue Apr 13 13:03:48 2021]
rule varscan2_mpileup2Indel:
    input: /shared/liuhj/tonglv/process/mpileup/P4-S6.mpileup
    output: /shared/liuhj/tonglv/process/mpileup/P4-S6.mpileup2Indel.vcf
    jobid: 78
    wildcards: samp=P4-S6

varscan   pileup2indel  /shared/liuhj/tonglv/process/mpileup/P4-S6.mpileup  --min-coverage 50  --min-reads2  10    --min-var-freq  0.1   --variants  indel --output-vcf 1  >/shared/liuhj/tonglv/process/mpileup/P4-S6.mpileup2Indel.vcf 
[Tue Apr 13 13:03:55 2021]
Finished job 37.
18 of 143 steps (13%) done
Select jobs to execute...

[Tue Apr 13 13:03:55 2021]
rule varscan2_mpileup2Indel:
    input: /shared/liuhj/tonglv/process/mpileup/P3-S11.mpileup
    output: /shared/liuhj/tonglv/process/mpileup/P3-S11.mpileup2Indel.vcf
    jobid: 36
    wildcards: samp=P3-S11

varscan   pileup2indel  /shared/liuhj/tonglv/process/mpileup/P3-S11.mpileup  --min-coverage 50  --min-reads2  10    --min-var-freq  0.1   --variants  indel --output-vcf 1  >/shared/liuhj/tonglv/process/mpileup/P3-S11.mpileup2Indel.vcf 
[Tue Apr 13 13:04:01 2021]
Finished job 65.
19 of 143 steps (13%) done
Select jobs to execute...

[Tue Apr 13 13:04:01 2021]
rule varscan2_mpileup2Indel:
    input: /shared/liuhj/tonglv/process/mpileup/P3-S9.mpileup
    output: /shared/liuhj/tonglv/process/mpileup/P3-S9.mpileup2Indel.vcf
    jobid: 64
    wildcards: samp=P3-S9

varscan   pileup2indel  /shared/liuhj/tonglv/process/mpileup/P3-S9.mpileup  --min-coverage 50  --min-reads2  10    --min-var-freq  0.1   --variants  indel --output-vcf 1  >/shared/liuhj/tonglv/process/mpileup/P3-S9.mpileup2Indel.vcf 
[Tue Apr 13 13:04:25 2021]
Finished job 51.
20 of 143 steps (14%) done
Select jobs to execute...

[Tue Apr 13 13:04:25 2021]
rule varscan2_mpileup2Indel:
    input: /shared/liuhj/tonglv/process/mpileup/P3-S2.mpileup
    output: /shared/liuhj/tonglv/process/mpileup/P3-S2.mpileup2Indel.vcf
    jobid: 50
    wildcards: samp=P3-S2

varscan   pileup2indel  /shared/liuhj/tonglv/process/mpileup/P3-S2.mpileup  --min-coverage 50  --min-reads2  10    --min-var-freq  0.1   --variants  indel --output-vcf 1  >/shared/liuhj/tonglv/process/mpileup/P3-S2.mpileup2Indel.vcf 
[Tue Apr 13 13:04:28 2021]
Finished job 141.
21 of 143 steps (15%) done
Select jobs to execute...

[Tue Apr 13 13:04:28 2021]
rule varscan2_mpileup2Indel:
    input: /shared/liuhj/tonglv/process/mpileup/P7-S5.mpileup
    output: /shared/liuhj/tonglv/process/mpileup/P7-S5.mpileup2Indel.vcf
    jobid: 140
    wildcards: samp=P7-S5

varscan   pileup2indel  /shared/liuhj/tonglv/process/mpileup/P7-S5.mpileup  --min-coverage 50  --min-reads2  10    --min-var-freq  0.1   --variants  indel --output-vcf 1  >/shared/liuhj/tonglv/process/mpileup/P7-S5.mpileup2Indel.vcf 
[Tue Apr 13 13:04:53 2021]
Finished job 95.
22 of 143 steps (15%) done
Select jobs to execute...

[Tue Apr 13 13:04:53 2021]
rule varscan2_mpileup2Indel:
    input: /shared/liuhj/tonglv/process/mpileup/P5-S13.mpileup
    output: /shared/liuhj/tonglv/process/mpileup/P5-S13.mpileup2Indel.vcf
    jobid: 92
    wildcards: samp=P5-S13

varscan   pileup2indel  /shared/liuhj/tonglv/process/mpileup/P5-S13.mpileup  --min-coverage 50  --min-reads2  10    --min-var-freq  0.1   --variants  indel --output-vcf 1  >/shared/liuhj/tonglv/process/mpileup/P5-S13.mpileup2Indel.vcf 
[Tue Apr 13 13:05:01 2021]
Finished job 19.
23 of 143 steps (16%) done
Select jobs to execute...

[Tue Apr 13 13:05:01 2021]
rule mpileup:
    input: /shared/liuhj/tonglv/ref/ref_tonglv_AE004091.2/AE004091.2.fna, /shared/liuhj/tonglv/process/bam/P5-S6.sort.rmdup.bam, /shared/liuhj/tonglv/ref/ref_tonglv_AE004091.2/AE004091.2.fna.fai, /shared/liuhj/tonglv/process/bam/P5-S6.sort.rmdup.bam.bai
    output: /shared/liuhj/tonglv/process/mpileup/P5-S6.mpileup
    jobid: 113
    wildcards: samp=P5-S6

samtools mpileup -A  -d 10000  -B -Q 0 --reference  /shared/liuhj/tonglv/ref/ref_tonglv_AE004091.2/AE004091.2.fna  /shared/liuhj/tonglv/process/bam/P5-S6.sort.rmdup.bam  1>/shared/liuhj/tonglv/process/mpileup/P5-S6.mpileup 
[Tue Apr 13 13:05:37 2021]
Finished job 127.
24 of 143 steps (17%) done
Select jobs to execute...

[Tue Apr 13 13:05:37 2021]
rule varscan2_mpileup2Indel:
    input: /shared/liuhj/tonglv/process/mpileup/P6-S4.mpileup
    output: /shared/liuhj/tonglv/process/mpileup/P6-S4.mpileup2Indel.vcf
    jobid: 126
    wildcards: samp=P6-S4

varscan   pileup2indel  /shared/liuhj/tonglv/process/mpileup/P6-S4.mpileup  --min-coverage 50  --min-reads2  10    --min-var-freq  0.1   --variants  indel --output-vcf 1  >/shared/liuhj/tonglv/process/mpileup/P6-S4.mpileup2Indel.vcf 
[Tue Apr 13 13:05:47 2021]
Finished job 43.
25 of 143 steps (17%) done
Select jobs to execute...

[Tue Apr 13 13:05:47 2021]
rule varscan2_mpileup2Indel:
    input: /shared/liuhj/tonglv/process/mpileup/P3-S14.mpileup
    output: /shared/liuhj/tonglv/process/mpileup/P3-S14.mpileup2Indel.vcf
    jobid: 42
    wildcards: samp=P3-S14

varscan   pileup2indel  /shared/liuhj/tonglv/process/mpileup/P3-S14.mpileup  --min-coverage 50  --min-reads2  10    --min-var-freq  0.1   --variants  indel --output-vcf 1  >/shared/liuhj/tonglv/process/mpileup/P3-S14.mpileup2Indel.vcf 
[Tue Apr 13 13:05:51 2021]
Finished job 87.
26 of 143 steps (18%) done
Select jobs to execute...

[Tue Apr 13 13:05:51 2021]
rule varscan2_mpileup2Indel:
    input: /shared/liuhj/tonglv/process/mpileup/P1-S3.mpileup
    output: /shared/liuhj/tonglv/process/mpileup/P1-S3.mpileup2Indel.vcf
    jobid: 18
    wildcards: samp=P1-S3

varscan   pileup2indel  /shared/liuhj/tonglv/process/mpileup/P1-S3.mpileup  --min-coverage 50  --min-reads2  10    --min-var-freq  0.1   --variants  indel --output-vcf 1  >/shared/liuhj/tonglv/process/mpileup/P1-S3.mpileup2Indel.vcf 
[Tue Apr 13 13:06:27 2021]
Finished job 9.
27 of 143 steps (19%) done
Select jobs to execute...

[Tue Apr 13 13:06:28 2021]
rule varscan2_mpileup2Indel:
    input: /shared/liuhj/tonglv/process/mpileup/P1-S13.mpileup
    output: /shared/liuhj/tonglv/process/mpileup/P1-S13.mpileup2Indel.vcf
    jobid: 8
    wildcards: samp=P1-S13

varscan   pileup2indel  /shared/liuhj/tonglv/process/mpileup/P1-S13.mpileup  --min-coverage 50  --min-reads2  10    --min-var-freq  0.1   --variants  indel --output-vcf 1  >/shared/liuhj/tonglv/process/mpileup/P1-S13.mpileup2Indel.vcf 
[Tue Apr 13 13:07:11 2021]
Finished job 45.
28 of 143 steps (20%) done
Select jobs to execute...

[Tue Apr 13 13:07:11 2021]
rule mpileup:
    input: /shared/liuhj/tonglv/ref/ref_tonglv_AE004091.2/AE004091.2.fna, /shared/liuhj/tonglv/process/bam/P6-S1.sort.rmdup.bam, /shared/liuhj/tonglv/ref/ref_tonglv_AE004091.2/AE004091.2.fna.fai, /shared/liuhj/tonglv/process/bam/P6-S1.sort.rmdup.bam.bai
    output: /shared/liuhj/tonglv/process/mpileup/P6-S1.mpileup
    jobid: 121
    wildcards: samp=P6-S1

samtools mpileup -A  -d 10000  -B -Q 0 --reference  /shared/liuhj/tonglv/ref/ref_tonglv_AE004091.2/AE004091.2.fna  /shared/liuhj/tonglv/process/bam/P6-S1.sort.rmdup.bam  1>/shared/liuhj/tonglv/process/mpileup/P6-S1.mpileup 
[Tue Apr 13 13:08:01 2021]
Finished job 15.
29 of 143 steps (20%) done
Select jobs to execute...

[Tue Apr 13 13:08:01 2021]
rule varscan2_mpileup2Indel:
    input: /shared/liuhj/tonglv/process/mpileup/P1-S1.mpileup
    output: /shared/liuhj/tonglv/process/mpileup/P1-S1.mpileup2Indel.vcf
    jobid: 14
    wildcards: samp=P1-S1

varscan   pileup2indel  /shared/liuhj/tonglv/process/mpileup/P1-S1.mpileup  --min-coverage 50  --min-reads2  10    --min-var-freq  0.1   --variants  indel --output-vcf 1  >/shared/liuhj/tonglv/process/mpileup/P1-S1.mpileup2Indel.vcf 
[Tue Apr 13 13:08:41 2021]
Finished job 125.
30 of 143 steps (21%) done
Select jobs to execute...

[Tue Apr 13 13:08:41 2021]
rule mpileup:
    input: /shared/liuhj/tonglv/ref/ref_tonglv_AE004091.2/AE004091.2.fna, /shared/liuhj/tonglv/process/bam/P3-S10.sort.rmdup.bam, /shared/liuhj/tonglv/ref/ref_tonglv_AE004091.2/AE004091.2.fna.fai, /shared/liuhj/tonglv/process/bam/P3-S10.sort.rmdup.bam.bai
    output: /shared/liuhj/tonglv/process/mpileup/P3-S10.mpileup
    jobid: 35
    wildcards: samp=P3-S10

samtools mpileup -A  -d 10000  -B -Q 0 --reference  /shared/liuhj/tonglv/ref/ref_tonglv_AE004091.2/AE004091.2.fna  /shared/liuhj/tonglv/process/bam/P3-S10.sort.rmdup.bam  1>/shared/liuhj/tonglv/process/mpileup/P3-S10.mpileup 
[Tue Apr 13 13:12:02 2021]
Finished job 7.
31 of 143 steps (22%) done
Select jobs to execute...

[Tue Apr 13 13:12:02 2021]
rule mpileup:
    input: /shared/liuhj/tonglv/ref/ref_tonglv_AE004091.2/AE004091.2.fna, /shared/liuhj/tonglv/process/bam/P1-S4.sort.rmdup.bam, /shared/liuhj/tonglv/ref/ref_tonglv_AE004091.2/AE004091.2.fna.fai, /shared/liuhj/tonglv/process/bam/P1-S4.sort.rmdup.bam.bai
    output: /shared/liuhj/tonglv/process/mpileup/P1-S4.mpileup
    jobid: 21
    wildcards: samp=P1-S4

samtools mpileup -A  -d 10000  -B -Q 0 --reference  /shared/liuhj/tonglv/ref/ref_tonglv_AE004091.2/AE004091.2.fna  /shared/liuhj/tonglv/process/bam/P1-S4.sort.rmdup.bam  1>/shared/liuhj/tonglv/process/mpileup/P1-S4.mpileup 
[Tue Apr 13 13:13:24 2021]
Finished job 49.
32 of 143 steps (22%) done
Select jobs to execute...

[Tue Apr 13 13:13:24 2021]
rule mpileup:
    input: /shared/liuhj/tonglv/ref/ref_tonglv_AE004091.2/AE004091.2.fna, /shared/liuhj/tonglv/process/bam/P3-S13.sort.rmdup.bam, /shared/liuhj/tonglv/ref/ref_tonglv_AE004091.2/AE004091.2.fna.fai, /shared/liuhj/tonglv/process/bam/P3-S13.sort.rmdup.bam.bai
    output: /shared/liuhj/tonglv/process/mpileup/P3-S13.mpileup
    jobid: 41
    wildcards: samp=P3-S13

samtools mpileup -A  -d 10000  -B -Q 0 --reference  /shared/liuhj/tonglv/ref/ref_tonglv_AE004091.2/AE004091.2.fna  /shared/liuhj/tonglv/process/bam/P3-S13.sort.rmdup.bam  1>/shared/liuhj/tonglv/process/mpileup/P3-S13.mpileup 
[Tue Apr 13 13:14:56 2021]
Finished job 91.
33 of 143 steps (23%) done
Select jobs to execute...

[Tue Apr 13 13:14:56 2021]
rule mpileup:
    input: /shared/liuhj/tonglv/ref/ref_tonglv_AE004091.2/AE004091.2.fna, /shared/liuhj/tonglv/process/bam/P3-S4.sort.rmdup.bam, /shared/liuhj/tonglv/ref/ref_tonglv_AE004091.2/AE004091.2.fna.fai, /shared/liuhj/tonglv/process/bam/P3-S4.sort.rmdup.bam.bai
    output: /shared/liuhj/tonglv/process/mpileup/P3-S4.mpileup
    jobid: 55
    wildcards: samp=P3-S4

samtools mpileup -A  -d 10000  -B -Q 0 --reference  /shared/liuhj/tonglv/ref/ref_tonglv_AE004091.2/AE004091.2.fna  /shared/liuhj/tonglv/process/bam/P3-S4.sort.rmdup.bam  1>/shared/liuhj/tonglv/process/mpileup/P3-S4.mpileup 
[Tue Apr 13 13:15:01 2021]
Finished job 119.
34 of 143 steps (24%) done
Select jobs to execute...

[Tue Apr 13 13:15:01 2021]
rule mpileup:
    input: /shared/liuhj/tonglv/ref/ref_tonglv_AE004091.2/AE004091.2.fna, /shared/liuhj/tonglv/process/bam/P5-S5.sort.rmdup.bam, /shared/liuhj/tonglv/ref/ref_tonglv_AE004091.2/AE004091.2.fna.fai, /shared/liuhj/tonglv/process/bam/P5-S5.sort.rmdup.bam.bai
    output: /shared/liuhj/tonglv/process/mpileup/P5-S5.mpileup
    jobid: 111
    wildcards: samp=P5-S5

samtools mpileup -A  -d 10000  -B -Q 0 --reference  /shared/liuhj/tonglv/ref/ref_tonglv_AE004091.2/AE004091.2.fna  /shared/liuhj/tonglv/process/bam/P5-S5.sort.rmdup.bam  1>/shared/liuhj/tonglv/process/mpileup/P5-S5.mpileup 
[Tue Apr 13 13:15:49 2021]
Finished job 133.
35 of 143 steps (24%) done
Select jobs to execute...

[Tue Apr 13 13:15:49 2021]
rule mpileup:
    input: /shared/liuhj/tonglv/ref/ref_tonglv_AE004091.2/AE004091.2.fna, /shared/liuhj/tonglv/process/bam/P7-S4.sort.rmdup.bam, /shared/liuhj/tonglv/ref/ref_tonglv_AE004091.2/AE004091.2.fna.fai, /shared/liuhj/tonglv/process/bam/P7-S4.sort.rmdup.bam.bai
    output: /shared/liuhj/tonglv/process/mpileup/P7-S4.mpileup
    jobid: 139
    wildcards: samp=P7-S4

samtools mpileup -A  -d 10000  -B -Q 0 --reference  /shared/liuhj/tonglv/ref/ref_tonglv_AE004091.2/AE004091.2.fna  /shared/liuhj/tonglv/process/bam/P7-S4.sort.rmdup.bam  1>/shared/liuhj/tonglv/process/mpileup/P7-S4.mpileup 
[Tue Apr 13 13:15:54 2021]
Finished job 77.
36 of 143 steps (25%) done
Select jobs to execute...

[Tue Apr 13 13:15:54 2021]
rule mpileup:
    input: /shared/liuhj/tonglv/ref/ref_tonglv_AE004091.2/AE004091.2.fna, /shared/liuhj/tonglv/process/bam/P5-S15.sort.rmdup.bam, /shared/liuhj/tonglv/ref/ref_tonglv_AE004091.2/AE004091.2.fna.fai, /shared/liuhj/tonglv/process/bam/P5-S15.sort.rmdup.bam.bai
    output: /shared/liuhj/tonglv/process/mpileup/P5-S15.mpileup
    jobid: 97
    wildcards: samp=P5-S15

samtools mpileup -A  -d 10000  -B -Q 0 --reference  /shared/liuhj/tonglv/ref/ref_tonglv_AE004091.2/AE004091.2.fna  /shared/liuhj/tonglv/process/bam/P5-S15.sort.rmdup.bam  1>/shared/liuhj/tonglv/process/mpileup/P5-S15.mpileup 
[Tue Apr 13 13:16:39 2021]
Finished job 63.
37 of 143 steps (26%) done
Select jobs to execute...

[Tue Apr 13 13:16:39 2021]
rule mpileup:
    input: /shared/liuhj/tonglv/ref/ref_tonglv_AE004091.2/AE004091.2.fna, /shared/liuhj/tonglv/process/bam/P4-S8.sort.rmdup.bam, /shared/liuhj/tonglv/ref/ref_tonglv_AE004091.2/AE004091.2.fna.fai, /shared/liuhj/tonglv/process/bam/P4-S8.sort.rmdup.bam.bai
    output: /shared/liuhj/tonglv/process/mpileup/P4-S8.mpileup
    jobid: 83
    wildcards: samp=P4-S8

samtools mpileup -A  -d 10000  -B -Q 0 --reference  /shared/liuhj/tonglv/ref/ref_tonglv_AE004091.2/AE004091.2.fna  /shared/liuhj/tonglv/process/bam/P4-S8.sort.rmdup.bam  1>/shared/liuhj/tonglv/process/mpileup/P4-S8.mpileup 
[Tue Apr 13 13:17:05 2021]
Finished job 105.
38 of 143 steps (27%) done
Select jobs to execute...

[Tue Apr 13 13:17:05 2021]
rule mpileup:
    input: /shared/liuhj/tonglv/ref/ref_tonglv_AE004091.2/AE004091.2.fna, /shared/liuhj/tonglv/process/bam/P4-S1.sort.rmdup.bam, /shared/liuhj/tonglv/ref/ref_tonglv_AE004091.2/AE004091.2.fna.fai, /shared/liuhj/tonglv/process/bam/P4-S1.sort.rmdup.bam.bai
    output: /shared/liuhj/tonglv/process/mpileup/P4-S1.mpileup
    jobid: 69
    wildcards: samp=P4-S1

samtools mpileup -A  -d 10000  -B -Q 0 --reference  /shared/liuhj/tonglv/ref/ref_tonglv_AE004091.2/AE004091.2.fna  /shared/liuhj/tonglv/process/bam/P4-S1.sort.rmdup.bam  1>/shared/liuhj/tonglv/process/mpileup/P4-S1.mpileup 
[Tue Apr 13 13:19:11 2021]
Finished job 113.
39 of 143 steps (27%) done
Select jobs to execute...

[Tue Apr 13 13:19:11 2021]
rule varscan2_mpileup2Indel:
    input: /shared/liuhj/tonglv/process/mpileup/P5-S6.mpileup
    output: /shared/liuhj/tonglv/process/mpileup/P5-S6.mpileup2Indel.vcf
    jobid: 112
    wildcards: samp=P5-S6

varscan   pileup2indel  /shared/liuhj/tonglv/process/mpileup/P5-S6.mpileup  --min-coverage 50  --min-reads2  10    --min-var-freq  0.1   --variants  indel --output-vcf 1  >/shared/liuhj/tonglv/process/mpileup/P5-S6.mpileup2Indel.vcf 
[Tue Apr 13 13:20:51 2021]
Finished job 35.
40 of 143 steps (28%) done
Select jobs to execute...

[Tue Apr 13 13:20:51 2021]
rule mpileup:
    input: /shared/liuhj/tonglv/ref/ref_tonglv_AE004091.2/AE004091.2.fna, /shared/liuhj/tonglv/process/bam/P1-S7.sort.rmdup.bam, /shared/liuhj/tonglv/ref/ref_tonglv_AE004091.2/AE004091.2.fna.fai, /shared/liuhj/tonglv/process/bam/P1-S7.sort.rmdup.bam.bai
    output: /shared/liuhj/tonglv/process/mpileup/P1-S7.mpileup
    jobid: 27
    wildcards: samp=P1-S7

samtools mpileup -A  -d 10000  -B -Q 0 --reference  /shared/liuhj/tonglv/ref/ref_tonglv_AE004091.2/AE004091.2.fna  /shared/liuhj/tonglv/process/bam/P1-S7.sort.rmdup.bam  1>/shared/liuhj/tonglv/process/mpileup/P1-S7.mpileup 
[Tue Apr 13 13:21:18 2021]
Finished job 134.
41 of 143 steps (29%) done
Select jobs to execute...

[Tue Apr 13 13:21:18 2021]
rule varscan2_mpileup2Indel:
    input: /shared/liuhj/tonglv/process/mpileup/P7-S6.mpileup
    output: /shared/liuhj/tonglv/process/mpileup/P7-S6.mpileup2Indel.vcf
    jobid: 142
    wildcards: samp=P7-S6

varscan   pileup2indel  /shared/liuhj/tonglv/process/mpileup/P7-S6.mpileup  --min-coverage 50  --min-reads2  10    --min-var-freq  0.1   --variants  indel --output-vcf 1  >/shared/liuhj/tonglv/process/mpileup/P7-S6.mpileup2Indel.vcf 
[Tue Apr 13 13:22:58 2021]
Finished job 121.
42 of 143 steps (29%) done
Select jobs to execute...

[Tue Apr 13 13:22:58 2021]
rule varscan2_mpileup2Indel:
    input: /shared/liuhj/tonglv/process/mpileup/P6-S1.mpileup
    output: /shared/liuhj/tonglv/process/mpileup/P6-S1.mpileup2Indel.vcf
    jobid: 120
    wildcards: samp=P6-S1

varscan   pileup2indel  /shared/liuhj/tonglv/process/mpileup/P6-S1.mpileup  --min-coverage 50  --min-reads2  10    --min-var-freq  0.1   --variants  indel --output-vcf 1  >/shared/liuhj/tonglv/process/mpileup/P6-S1.mpileup2Indel.vcf 
[Tue Apr 13 13:24:32 2021]
Finished job 21.
43 of 143 steps (30%) done
Select jobs to execute...

[Tue Apr 13 13:24:32 2021]
rule varscan2_mpileup2Indel:
    input: /shared/liuhj/tonglv/process/mpileup/P5-S10.mpileup
    output: /shared/liuhj/tonglv/process/mpileup/P5-S10.mpileup2Indel.vcf
    jobid: 86
    wildcards: samp=P5-S10

varscan   pileup2indel  /shared/liuhj/tonglv/process/mpileup/P5-S10.mpileup  --min-coverage 50  --min-reads2  10    --min-var-freq  0.1   --variants  indel --output-vcf 1  >/shared/liuhj/tonglv/process/mpileup/P5-S10.mpileup2Indel.vcf 
[Tue Apr 13 13:26:04 2021]
Finished job 41.
44 of 143 steps (31%) done
Select jobs to execute...

[Tue Apr 13 13:26:04 2021]
rule mpileup:
    input: /shared/liuhj/tonglv/ref/ref_tonglv_AE004091.2/AE004091.2.fna, /shared/liuhj/tonglv/process/bam/P1-S15.sort.rmdup.bam, /shared/liuhj/tonglv/ref/ref_tonglv_AE004091.2/AE004091.2.fna.fai, /shared/liuhj/tonglv/process/bam/P1-S15.sort.rmdup.bam.bai
    output: /shared/liuhj/tonglv/process/mpileup/P1-S15.mpileup
    jobid: 13
    wildcards: samp=P1-S15

samtools mpileup -A  -d 10000  -B -Q 0 --reference  /shared/liuhj/tonglv/ref/ref_tonglv_AE004091.2/AE004091.2.fna  /shared/liuhj/tonglv/process/bam/P1-S15.sort.rmdup.bam  1>/shared/liuhj/tonglv/process/mpileup/P1-S15.mpileup 
[Tue Apr 13 13:26:04 2021]
Finished job 55.
45 of 143 steps (31%) done
Select jobs to execute...

[Tue Apr 13 13:26:04 2021]
rule varscan2_mpileup2Indel:
    input: /shared/liuhj/tonglv/process/mpileup/P3-S10.mpileup
    output: /shared/liuhj/tonglv/process/mpileup/P3-S10.mpileup2Indel.vcf
    jobid: 34
    wildcards: samp=P3-S10

varscan   pileup2indel  /shared/liuhj/tonglv/process/mpileup/P3-S10.mpileup  --min-coverage 50  --min-reads2  10    --min-var-freq  0.1   --variants  indel --output-vcf 1  >/shared/liuhj/tonglv/process/mpileup/P3-S10.mpileup2Indel.vcf 
Terminating processes on user request, this might take some time.
[Tue Apr 13 13:26:16 2021]
[Tue Apr 13 13:26:16 2021]
[Tue Apr 13 13:26:16 2021]
[Tue Apr 13 13:26:16 2021]
Error in rule mpileup:
[Tue Apr 13 13:26:16 2021]
Error in rule mpileup:
[Tue Apr 13 13:26:16 2021]
Error in rule mpileup:
Error in rule mpileup:
    jobid: 83
Error in rule mpileup:
    jobid: 139
[Tue Apr 13 13:26:16 2021]
Error in rule mpileup:
    jobid: 27
    jobid: 97
    output: /shared/liuhj/tonglv/process/mpileup/P4-S8.mpileup
    jobid: 13
    output: /shared/liuhj/tonglv/process/mpileup/P7-S4.mpileup
Error in rule mpileup:
    jobid: 69
    output: /shared/liuhj/tonglv/process/mpileup/P1-S7.mpileup
    output: /shared/liuhj/tonglv/process/mpileup/P5-S15.mpileup
    shell:
        samtools mpileup -A  -d 10000  -B -Q 0 --reference  /shared/liuhj/tonglv/ref/ref_tonglv_AE004091.2/AE004091.2.fna  /shared/liuhj/tonglv/process/bam/P4-S8.sort.rmdup.bam  1>/shared/liuhj/tonglv/process/mpileup/P4-S8.mpileup 
        (one of the commands exited with non-zero exit code; note that snakemake uses bash strict mode!)
    output: /shared/liuhj/tonglv/process/mpileup/P1-S15.mpileup
    shell:
        samtools mpileup -A  -d 10000  -B -Q 0 --reference  /shared/liuhj/tonglv/ref/ref_tonglv_AE004091.2/AE004091.2.fna  /shared/liuhj/tonglv/process/bam/P7-S4.sort.rmdup.bam  1>/shared/liuhj/tonglv/process/mpileup/P7-S4.mpileup 
        (one of the commands exited with non-zero exit code; note that snakemake uses bash strict mode!)
    jobid: 111
    output: /shared/liuhj/tonglv/process/mpileup/P4-S1.mpileup
    shell:
        samtools mpileup -A  -d 10000  -B -Q 0 --reference  /shared/liuhj/tonglv/ref/ref_tonglv_AE004091.2/AE004091.2.fna  /shared/liuhj/tonglv/process/bam/P1-S7.sort.rmdup.bam  1>/shared/liuhj/tonglv/process/mpileup/P1-S7.mpileup 
        (one of the commands exited with non-zero exit code; note that snakemake uses bash strict mode!)
    shell:
        samtools mpileup -A  -d 10000  -B -Q 0 --reference  /shared/liuhj/tonglv/ref/ref_tonglv_AE004091.2/AE004091.2.fna  /shared/liuhj/tonglv/process/bam/P5-S15.sort.rmdup.bam  1>/shared/liuhj/tonglv/process/mpileup/P5-S15.mpileup 
        (one of the commands exited with non-zero exit code; note that snakemake uses bash strict mode!)

    shell:
        samtools mpileup -A  -d 10000  -B -Q 0 --reference  /shared/liuhj/tonglv/ref/ref_tonglv_AE004091.2/AE004091.2.fna  /shared/liuhj/tonglv/process/bam/P1-S15.sort.rmdup.bam  1>/shared/liuhj/tonglv/process/mpileup/P1-S15.mpileup 
        (one of the commands exited with non-zero exit code; note that snakemake uses bash strict mode!)

    output: /shared/liuhj/tonglv/process/mpileup/P5-S5.mpileup
    shell:
        samtools mpileup -A  -d 10000  -B -Q 0 --reference  /shared/liuhj/tonglv/ref/ref_tonglv_AE004091.2/AE004091.2.fna  /shared/liuhj/tonglv/process/bam/P4-S1.sort.rmdup.bam  1>/shared/liuhj/tonglv/process/mpileup/P4-S1.mpileup 
        (one of the commands exited with non-zero exit code; note that snakemake uses bash strict mode!)


Removing output files of failed job mpileup since they might be corrupted:
/shared/liuhj/tonglv/process/mpileup/P4-S8.mpileup

    shell:
        samtools mpileup -A  -d 10000  -B -Q 0 --reference  /shared/liuhj/tonglv/ref/ref_tonglv_AE004091.2/AE004091.2.fna  /shared/liuhj/tonglv/process/bam/P5-S5.sort.rmdup.bam  1>/shared/liuhj/tonglv/process/mpileup/P5-S5.mpileup 
        (one of the commands exited with non-zero exit code; note that snakemake uses bash strict mode!)


[Tue Apr 13 13:26:16 2021]
Error in rule varscan2_mpileup2Indel:
    jobid: 56
[Tue Apr 13 13:26:16 2021]
    output: /shared/liuhj/tonglv/process/mpileup/P3-S5.mpileup2Indel.vcf
Error in rule varscan2_mpileup2Indel:
    shell:
        varscan   pileup2indel  /shared/liuhj/tonglv/process/mpileup/P3-S5.mpileup  --min-coverage 50  --min-reads2  10    --min-var-freq  0.1   --variants  indel --output-vcf 1  >/shared/liuhj/tonglv/process/mpileup/P3-S5.mpileup2Indel.vcf 
        (one of the commands exited with non-zero exit code; note that snakemake uses bash strict mode!)
    jobid: 18
    output: /shared/liuhj/tonglv/process/mpileup/P1-S3.mpileup2Indel.vcf
[Tue Apr 13 13:26:16 2021]
[Tue Apr 13 13:26:16 2021]

[Tue Apr 13 13:26:16 2021]
    shell:
        varscan   pileup2indel  /shared/liuhj/tonglv/process/mpileup/P1-S3.mpileup  --min-coverage 50  --min-reads2  10    --min-var-freq  0.1   --variants  indel --output-vcf 1  >/shared/liuhj/tonglv/process/mpileup/P1-S3.mpileup2Indel.vcf 
        (one of the commands exited with non-zero exit code; note that snakemake uses bash strict mode!)
Error in rule varscan2_mpileup2Indel:
Error in rule varscan2_mpileup2Indel:
Error in rule varscan2_mpileup2Indel:

[Tue Apr 13 13:26:16 2021]
    jobid: 42
[Tue Apr 13 13:26:16 2021]
    jobid: 120
    jobid: 112
Error in rule varscan2_mpileup2Indel:
    output: /shared/liuhj/tonglv/process/mpileup/P3-S14.mpileup2Indel.vcf
Error in rule varscan2_mpileup2Indel:
    output: /shared/liuhj/tonglv/process/mpileup/P6-S1.mpileup2Indel.vcf
    output: /shared/liuhj/tonglv/process/mpileup/P5-S6.mpileup2Indel.vcf
    jobid: 28
    shell:
        varscan   pileup2indel  /shared/liuhj/tonglv/process/mpileup/P3-S14.mpileup  --min-coverage 50  --min-reads2  10    --min-var-freq  0.1   --variants  indel --output-vcf 1  >/shared/liuhj/tonglv/process/mpileup/P3-S14.mpileup2Indel.vcf 
        (one of the commands exited with non-zero exit code; note that snakemake uses bash strict mode!)
    jobid: 34
    shell:
        varscan   pileup2indel  /shared/liuhj/tonglv/process/mpileup/P6-S1.mpileup  --min-coverage 50  --min-reads2  10    --min-var-freq  0.1   --variants  indel --output-vcf 1  >/shared/liuhj/tonglv/process/mpileup/P6-S1.mpileup2Indel.vcf 
        (one of the commands exited with non-zero exit code; note that snakemake uses bash strict mode!)
    shell:
        varscan   pileup2indel  /shared/liuhj/tonglv/process/mpileup/P5-S6.mpileup  --min-coverage 50  --min-reads2  10    --min-var-freq  0.1   --variants  indel --output-vcf 1  >/shared/liuhj/tonglv/process/mpileup/P5-S6.mpileup2Indel.vcf 
        (one of the commands exited with non-zero exit code; note that snakemake uses bash strict mode!)
    output: /shared/liuhj/tonglv/process/mpileup/P1-S8.mpileup2Indel.vcf

    output: /shared/liuhj/tonglv/process/mpileup/P3-S10.mpileup2Indel.vcf


    shell:
        varscan   pileup2indel  /shared/liuhj/tonglv/process/mpileup/P1-S8.mpileup  --min-coverage 50  --min-reads2  10    --min-var-freq  0.1   --variants  indel --output-vcf 1  >/shared/liuhj/tonglv/process/mpileup/P1-S8.mpileup2Indel.vcf 
        (one of the commands exited with non-zero exit code; note that snakemake uses bash strict mode!)
    shell:
        varscan   pileup2indel  /shared/liuhj/tonglv/process/mpileup/P3-S10.mpileup  --min-coverage 50  --min-reads2  10    --min-var-freq  0.1   --variants  indel --output-vcf 1  >/shared/liuhj/tonglv/process/mpileup/P3-S10.mpileup2Indel.vcf 
        (one of the commands exited with non-zero exit code; note that snakemake uses bash strict mode!)


[Tue Apr 13 13:26:16 2021]
[Tue Apr 13 13:26:16 2021]
Error in rule varscan2_mpileup2Indel:
Error in rule varscan2_mpileup2Indel:
    jobid: 142
    jobid: 140
    output: /shared/liuhj/tonglv/process/mpileup/P7-S6.mpileup2Indel.vcf
    output: /shared/liuhj/tonglv/process/mpileup/P7-S5.mpileup2Indel.vcf
    shell:
        varscan   pileup2indel  /shared/liuhj/tonglv/process/mpileup/P7-S6.mpileup  --min-coverage 50  --min-reads2  10    --min-var-freq  0.1   --variants  indel --output-vcf 1  >/shared/liuhj/tonglv/process/mpileup/P7-S6.mpileup2Indel.vcf 
        (one of the commands exited with non-zero exit code; note that snakemake uses bash strict mode!)
    shell:
        varscan   pileup2indel  /shared/liuhj/tonglv/process/mpileup/P7-S5.mpileup  --min-coverage 50  --min-reads2  10    --min-var-freq  0.1   --variants  indel --output-vcf 1  >/shared/liuhj/tonglv/process/mpileup/P7-S5.mpileup2Indel.vcf 
        (one of the commands exited with non-zero exit code; note that snakemake uses bash strict mode!)


[Tue Apr 13 13:26:16 2021]
Error in rule varscan2_mpileup2Indel:
    jobid: 14
    output: /shared/liuhj/tonglv/process/mpileup/P1-S1.mpileup2Indel.vcf
    shell:
        varscan   pileup2indel  /shared/liuhj/tonglv/process/mpileup/P1-S1.mpileup  --min-coverage 50  --min-reads2  10    --min-var-freq  0.1   --variants  indel --output-vcf 1  >/shared/liuhj/tonglv/process/mpileup/P1-S1.mpileup2Indel.vcf 
        (one of the commands exited with non-zero exit code; note that snakemake uses bash strict mode!)

[Tue Apr 13 13:26:16 2021]
Error in rule varscan2_mpileup2Indel:
    jobid: 8
    output: /shared/liuhj/tonglv/process/mpileup/P1-S13.mpileup2Indel.vcf
    shell:
        varscan   pileup2indel  /shared/liuhj/tonglv/process/mpileup/P1-S13.mpileup  --min-coverage 50  --min-reads2  10    --min-var-freq  0.1   --variants  indel --output-vcf 1  >/shared/liuhj/tonglv/process/mpileup/P1-S13.mpileup2Indel.vcf 
        (one of the commands exited with non-zero exit code; note that snakemake uses bash strict mode!)

[Tue Apr 13 13:26:16 2021]
Error in rule varscan2_mpileup2Indel:
    jobid: 126
    output: /shared/liuhj/tonglv/process/mpileup/P6-S4.mpileup2Indel.vcf
    shell:
        varscan   pileup2indel  /shared/liuhj/tonglv/process/mpileup/P6-S4.mpileup  --min-coverage 50  --min-reads2  10    --min-var-freq  0.1   --variants  indel --output-vcf 1  >/shared/liuhj/tonglv/process/mpileup/P6-S4.mpileup2Indel.vcf 
        (one of the commands exited with non-zero exit code; note that snakemake uses bash strict mode!)

[Tue Apr 13 13:26:16 2021]
Error in rule varscan2_mpileup2Indel:
    jobid: 92
    output: /shared/liuhj/tonglv/process/mpileup/P5-S13.mpileup2Indel.vcf
    shell:
        varscan   pileup2indel  /shared/liuhj/tonglv/process/mpileup/P5-S13.mpileup  --min-coverage 50  --min-reads2  10    --min-var-freq  0.1   --variants  indel --output-vcf 1  >/shared/liuhj/tonglv/process/mpileup/P5-S13.mpileup2Indel.vcf 
        (one of the commands exited with non-zero exit code; note that snakemake uses bash strict mode!)

[Tue Apr 13 13:26:16 2021]
Error in rule varscan2_mpileup2Indel:
    jobid: 86
    output: /shared/liuhj/tonglv/process/mpileup/P5-S10.mpileup2Indel.vcf
    shell:
        varscan   pileup2indel  /shared/liuhj/tonglv/process/mpileup/P5-S10.mpileup  --min-coverage 50  --min-reads2  10    --min-var-freq  0.1   --variants  indel --output-vcf 1  >/shared/liuhj/tonglv/process/mpileup/P5-S10.mpileup2Indel.vcf 
        (one of the commands exited with non-zero exit code; note that snakemake uses bash strict mode!)

[Tue Apr 13 13:26:16 2021]
Error in rule varscan2_mpileup2Indel:
    jobid: 50
    output: /shared/liuhj/tonglv/process/mpileup/P3-S2.mpileup2Indel.vcf
    shell:
        varscan   pileup2indel  /shared/liuhj/tonglv/process/mpileup/P3-S2.mpileup  --min-coverage 50  --min-reads2  10    --min-var-freq  0.1   --variants  indel --output-vcf 1  >/shared/liuhj/tonglv/process/mpileup/P3-S2.mpileup2Indel.vcf 
        (one of the commands exited with non-zero exit code; note that snakemake uses bash strict mode!)

[Tue Apr 13 13:26:16 2021]
Error in rule varscan2_mpileup2Indel:
    jobid: 78
    output: /shared/liuhj/tonglv/process/mpileup/P4-S6.mpileup2Indel.vcf
    shell:
        varscan   pileup2indel  /shared/liuhj/tonglv/process/mpileup/P4-S6.mpileup  --min-coverage 50  --min-reads2  10    --min-var-freq  0.1   --variants  indel --output-vcf 1  >/shared/liuhj/tonglv/process/mpileup/P4-S6.mpileup2Indel.vcf 
        (one of the commands exited with non-zero exit code; note that snakemake uses bash strict mode!)

[Tue Apr 13 13:26:16 2021]
Error in rule varscan2_mpileup2Indel:
    jobid: 36
    output: /shared/liuhj/tonglv/process/mpileup/P3-S11.mpileup2Indel.vcf
    shell:
        varscan   pileup2indel  /shared/liuhj/tonglv/process/mpileup/P3-S11.mpileup  --min-coverage 50  --min-reads2  10    --min-var-freq  0.1   --variants  indel --output-vcf 1  >/shared/liuhj/tonglv/process/mpileup/P3-S11.mpileup2Indel.vcf 
        (one of the commands exited with non-zero exit code; note that snakemake uses bash strict mode!)

[Tue Apr 13 13:26:16 2021]
Error in rule varscan2_mpileup2Indel:
    jobid: 64
    output: /shared/liuhj/tonglv/process/mpileup/P3-S9.mpileup2Indel.vcf
    shell:
        varscan   pileup2indel  /shared/liuhj/tonglv/process/mpileup/P3-S9.mpileup  --min-coverage 50  --min-reads2  10    --min-var-freq  0.1   --variants  indel --output-vcf 1  >/shared/liuhj/tonglv/process/mpileup/P3-S9.mpileup2Indel.vcf 
        (one of the commands exited with non-zero exit code; note that snakemake uses bash strict mode!)

[Tue Apr 13 13:26:16 2021]
Error in rule varscan2_mpileup2Indel:
    jobid: 22
    output: /shared/liuhj/tonglv/process/mpileup/P1-S5.mpileup2Indel.vcf
    shell:
        varscan   pileup2indel  /shared/liuhj/tonglv/process/mpileup/P1-S5.mpileup  --min-coverage 50  --min-reads2  10    --min-var-freq  0.1   --variants  indel --output-vcf 1  >/shared/liuhj/tonglv/process/mpileup/P1-S5.mpileup2Indel.vcf 
        (one of the commands exited with non-zero exit code; note that snakemake uses bash strict mode!)

[Tue Apr 13 13:26:16 2021]
Error in rule varscan2_mpileup2Indel:
    jobid: 84
    output: /shared/liuhj/tonglv/process/mpileup/P4-S9.mpileup2Indel.vcf
    shell:
        varscan   pileup2indel  /shared/liuhj/tonglv/process/mpileup/P4-S9.mpileup  --min-coverage 50  --min-reads2  10    --min-var-freq  0.1   --variants  indel --output-vcf 1  >/shared/liuhj/tonglv/process/mpileup/P4-S9.mpileup2Indel.vcf 
        (one of the commands exited with non-zero exit code; note that snakemake uses bash strict mode!)

[Tue Apr 13 13:26:16 2021]
Error in rule varscan2_mpileup2Indel:
    jobid: 70
    output: /shared/liuhj/tonglv/process/mpileup/P4-S2.mpileup2Indel.vcf
    shell:
        varscan   pileup2indel  /shared/liuhj/tonglv/process/mpileup/P4-S2.mpileup  --min-coverage 50  --min-reads2  10    --min-var-freq  0.1   --variants  indel --output-vcf 1  >/shared/liuhj/tonglv/process/mpileup/P4-S2.mpileup2Indel.vcf 
        (one of the commands exited with non-zero exit code; note that snakemake uses bash strict mode!)

[Tue Apr 13 13:26:16 2021]
Error in rule varscan2_mpileup2Indel:
    jobid: 98
    output: /shared/liuhj/tonglv/process/mpileup/P5-S16.mpileup2Indel.vcf
    shell:
        varscan   pileup2indel  /shared/liuhj/tonglv/process/mpileup/P5-S16.mpileup  --min-coverage 50  --min-reads2  10    --min-var-freq  0.1   --variants  indel --output-vcf 1  >/shared/liuhj/tonglv/process/mpileup/P5-S16.mpileup2Indel.vcf 
        (one of the commands exited with non-zero exit code; note that snakemake uses bash strict mode!)

[Tue Apr 13 13:26:16 2021]
Error in rule varscan2_mpileup2Indel:
    jobid: 106
    output: /shared/liuhj/tonglv/process/mpileup/P5-S3.mpileup2Indel.vcf
    shell:
        varscan   pileup2indel  /shared/liuhj/tonglv/process/mpileup/P5-S3.mpileup  --min-coverage 50  --min-reads2  10    --min-var-freq  0.1   --variants  indel --output-vcf 1  >/shared/liuhj/tonglv/process/mpileup/P5-S3.mpileup2Indel.vcf 
        (one of the commands exited with non-zero exit code; note that snakemake uses bash strict mode!)

Removing output files of failed job mpileup since they might be corrupted:
/shared/liuhj/tonglv/process/mpileup/P7-S4.mpileup
Removing output files of failed job mpileup since they might be corrupted:
/shared/liuhj/tonglv/process/mpileup/P1-S7.mpileup
Removing output files of failed job mpileup since they might be corrupted:
/shared/liuhj/tonglv/process/mpileup/P5-S15.mpileup
Removing output files of failed job mpileup since they might be corrupted:
/shared/liuhj/tonglv/process/mpileup/P1-S15.mpileup
Removing output files of failed job mpileup since they might be corrupted:
/shared/liuhj/tonglv/process/mpileup/P4-S1.mpileup
Removing output files of failed job mpileup since they might be corrupted:
/shared/liuhj/tonglv/process/mpileup/P5-S5.mpileup
Removing output files of failed job varscan2_mpileup2Indel since they might be corrupted:
/shared/liuhj/tonglv/process/mpileup/P3-S5.mpileup2Indel.vcf
Removing output files of failed job varscan2_mpileup2Indel since they might be corrupted:
/shared/liuhj/tonglv/process/mpileup/P1-S3.mpileup2Indel.vcf
Removing output files of failed job varscan2_mpileup2Indel since they might be corrupted:
/shared/liuhj/tonglv/process/mpileup/P3-S14.mpileup2Indel.vcf
Removing output files of failed job varscan2_mpileup2Indel since they might be corrupted:
/shared/liuhj/tonglv/process/mpileup/P6-S1.mpileup2Indel.vcf
Removing output files of failed job varscan2_mpileup2Indel since they might be corrupted:
/shared/liuhj/tonglv/process/mpileup/P5-S6.mpileup2Indel.vcf
Removing output files of failed job varscan2_mpileup2Indel since they might be corrupted:
/shared/liuhj/tonglv/process/mpileup/P1-S8.mpileup2Indel.vcf
Removing output files of failed job varscan2_mpileup2Indel since they might be corrupted:
/shared/liuhj/tonglv/process/mpileup/P3-S10.mpileup2Indel.vcf
Removing output files of failed job varscan2_mpileup2Indel since they might be corrupted:
/shared/liuhj/tonglv/process/mpileup/P7-S6.mpileup2Indel.vcf
Removing output files of failed job varscan2_mpileup2Indel since they might be corrupted:
/shared/liuhj/tonglv/process/mpileup/P7-S5.mpileup2Indel.vcf
Removing output files of failed job varscan2_mpileup2Indel since they might be corrupted:
/shared/liuhj/tonglv/process/mpileup/P1-S1.mpileup2Indel.vcf
Removing output files of failed job varscan2_mpileup2Indel since they might be corrupted:
/shared/liuhj/tonglv/process/mpileup/P1-S13.mpileup2Indel.vcf
Removing output files of failed job varscan2_mpileup2Indel since they might be corrupted:
/shared/liuhj/tonglv/process/mpileup/P6-S4.mpileup2Indel.vcf
Removing output files of failed job varscan2_mpileup2Indel since they might be corrupted:
/shared/liuhj/tonglv/process/mpileup/P5-S13.mpileup2Indel.vcf
Removing output files of failed job varscan2_mpileup2Indel since they might be corrupted:
/shared/liuhj/tonglv/process/mpileup/P5-S10.mpileup2Indel.vcf
Removing output files of failed job varscan2_mpileup2Indel since they might be corrupted:
/shared/liuhj/tonglv/process/mpileup/P3-S2.mpileup2Indel.vcf
Removing output files of failed job varscan2_mpileup2Indel since they might be corrupted:
/shared/liuhj/tonglv/process/mpileup/P4-S6.mpileup2Indel.vcf
Removing output files of failed job varscan2_mpileup2Indel since they might be corrupted:
/shared/liuhj/tonglv/process/mpileup/P3-S11.mpileup2Indel.vcf
Removing output files of failed job varscan2_mpileup2Indel since they might be corrupted:
/shared/liuhj/tonglv/process/mpileup/P3-S9.mpileup2Indel.vcf
Removing output files of failed job varscan2_mpileup2Indel since they might be corrupted:
/shared/liuhj/tonglv/process/mpileup/P1-S5.mpileup2Indel.vcf
Removing output files of failed job varscan2_mpileup2Indel since they might be corrupted:
/shared/liuhj/tonglv/process/mpileup/P4-S9.mpileup2Indel.vcf
Removing output files of failed job varscan2_mpileup2Indel since they might be corrupted:
/shared/liuhj/tonglv/process/mpileup/P4-S2.mpileup2Indel.vcf
Removing output files of failed job varscan2_mpileup2Indel since they might be corrupted:
/shared/liuhj/tonglv/process/mpileup/P5-S16.mpileup2Indel.vcf
Removing output files of failed job varscan2_mpileup2Indel since they might be corrupted:
/shared/liuhj/tonglv/process/mpileup/P5-S3.mpileup2Indel.vcf
Complete log: /shared/liuhj/tonglv/ICU_tonglv_scripts/Pseudomonas-aeruginosa-ICU-patients/scripts/analysis/.snakemake/log/2021-04-13T124541.156114.snakemake.log
