Building DAG of jobs...
Using shell: /bin/bash
Provided cores: 1
Rules claiming more threads will be scaled down.
Job counts:
	count	jobs
	1	all
	1	iSNV_SNP_consensusGnm
	2

[Sun Mar 14 15:25:19 2021]
rule iSNV_SNP_consensusGnm:
    input: /shared/liuhj/tonglv/process/person_ntfreq_tables/P4/all.iSNV_with_SNP.pyResults.txt, /shared/liuhj/tonglv/process/person_ntfreq_tables/P4/out.samps-ntfreq.bigtable.txt, /shared/liuhj/tonglv/ref/ref_tonglv_AE004091.2/AE004091.2.fna
    output: /shared/liuhj/tonglv/process/person_ntfreq_tables/P4/subGnm
    jobid: 3
    wildcards: person=P4

python  /shared/liuhj/tonglv/ICU_tonglv_scripts/iSNV_calling_bwa2_AE004091.2/iSNVpy_iSNVtable_RefGnmtihuanSNP.py   -i /shared/liuhj/tonglv/process/person_ntfreq_tables/P4/all.iSNV_with_SNP.pyResults.txt  		-n /shared/liuhj/tonglv/process/person_ntfreq_tables/P4/out.samps-ntfreq.bigtable.txt  -r  /shared/liuhj/tonglv/ref/ref_tonglv_AE004091.2/AE004091.2.fna -o  /shared/liuhj/tonglv/process/person_ntfreq_tables/P4/subGnm -m 0.05  
[Sun Mar 14 15:25:51 2021]
Finished job 3.
1 of 2 steps (50%) done

[Sun Mar 14 15:25:51 2021]
localrule all:
    input: /shared/liuhj/tonglv/process/person_ntfreq_tables/P4/all.iSNV_with_SNP.pyResults.txt, /shared/liuhj/tonglv/process/person_ntfreq_tables/P4/vcf, /shared/liuhj/tonglv/process/person_ntfreq_tables/P4/subGnm
    jobid: 0

[Sun Mar 14 15:25:51 2021]
Finished job 0.
2 of 2 steps (100%) done
Complete log: /shared/liuhj/tonglv/ICU_tonglv_scripts/iSNV_calling_bwa2_AE004091.2/.snakemake/log/2021-03-14T152519.426977.snakemake.log
