The flag 'directory' used in rule consensusGnm_prokkaAnno is only valid for outputs, not inputs.
Building DAG of jobs...
Using shell: /bin/bash
Provided cores: 1 (use --cores to define parallelism)
Rules claiming more threads will be scaled down.
Job counts:
	count	jobs
	1	all
	7	iSNV_snvSNP_snpeff_Stat
	8
Select jobs to execute...

[Wed Mar 24 09:52:13 2021]
rule iSNV_snvSNP_snpeff_Stat:
    input: /shared/liuhj/tonglv/process/person_ntfreq_tables/P1/all.iSNV_with_SNP.pyResults.txt, /shared/liuhj/tonglv/Infos/20210311-info.txt, /shared/liuhj/tonglv/process/20210323-map2_Ecoli/PA.accumulateReads.EcoliHomoPosi.txt
    output: /shared/liuhj/tonglv/process/person_ntfreq_tables/P1/snvSNP_snpeff_Stat_FiltEcoliHomo
    jobid: 8
    wildcards: person=P1

python  /shared/liuhj/tonglv/ICU_tonglv_scripts/iSNV_calling_bwa2_AE004091.2/iSNVpy_iSNV_snpeff_clade.py  -i /shared/liuhj/tonglv/process/person_ntfreq_tables/P1/all.iSNV_with_SNP.pyResults.txt  		-f /shared/liuhj/tonglv/Infos/20210311-info.txt  -o  /shared/liuhj/tonglv/process/person_ntfreq_tables/P1/snvSNP_snpeff_Stat_FiltEcoliHomo -m 0.1  -M 0.9  
[Wed Mar 24 09:52:13 2021]
Error in rule iSNV_snvSNP_snpeff_Stat:
    jobid: 8
    output: /shared/liuhj/tonglv/process/person_ntfreq_tables/P1/snvSNP_snpeff_Stat_FiltEcoliHomo
    shell:
        python  /shared/liuhj/tonglv/ICU_tonglv_scripts/iSNV_calling_bwa2_AE004091.2/iSNVpy_iSNV_snpeff_clade.py  -i /shared/liuhj/tonglv/process/person_ntfreq_tables/P1/all.iSNV_with_SNP.pyResults.txt  		-f /shared/liuhj/tonglv/Infos/20210311-info.txt  -o  /shared/liuhj/tonglv/process/person_ntfreq_tables/P1/snvSNP_snpeff_Stat_FiltEcoliHomo -m 0.1  -M 0.9  
        (one of the commands exited with non-zero exit code; note that snakemake uses bash strict mode!)

Removing output files of failed job iSNV_snvSNP_snpeff_Stat since they might be corrupted:
/shared/liuhj/tonglv/process/person_ntfreq_tables/P1/snvSNP_snpeff_Stat_FiltEcoliHomo
Shutting down, this might take some time.
Exiting because a job execution failed. Look above for error message
Complete log: /shared/liuhj/tonglv/ICU_tonglv_scripts/iSNV_calling_bwa2_AE004091.2/.snakemake/log/2021-03-24T095213.333053.snakemake.log
