Building DAG of jobs...
Using shell: /bin/bash
Provided cores: 1 (use --cores to define parallelism)
Rules claiming more threads will be scaled down.
Job counts:
	count	jobs
	1	TrimReads
	1	all
	2
Select jobs to execute...

[Wed Feb 24 21:17:28 2021]
rule TrimReads:
    input: /shared/liuhj/tonglv/process/ntfreq/test/ntfreq_file_list.txt, /shared/liuhj/tonglv/ref/ref_tonglv_AE004091.2/AE004091.2.fna
    output: /shared/liuhj/tonglv/process/ntfreq/test/out/out.txt
    jobid: 1

python /shared/liuhj/tonglv/ICU_tonglv_scripts/iSNV_calling_bwa2_AE004091.2/step6_read_ntfreq.py  -i  /shared/liuhj/tonglv/process/ntfreq/test/ntfreq_file_list.txt -r /shared/liuhj/tonglv/ref/ref_tonglv_AE004091.2/AE004091.2.fna  -o /shared/liuhj/tonglv/process/ntfreq/test/out  		-D  50 -A 5 -N 100 -F 0.02 -S 0.1 
Terminating processes on user request, this might take some time.
[Wed Feb 24 21:18:23 2021]
Error in rule TrimReads:
    jobid: 1
    output: /shared/liuhj/tonglv/process/ntfreq/test/out/out.txt
    shell:
        python /shared/liuhj/tonglv/ICU_tonglv_scripts/iSNV_calling_bwa2_AE004091.2/step6_read_ntfreq.py  -i  /shared/liuhj/tonglv/process/ntfreq/test/ntfreq_file_list.txt -r /shared/liuhj/tonglv/ref/ref_tonglv_AE004091.2/AE004091.2.fna  -o /shared/liuhj/tonglv/process/ntfreq/test/out  		-D  50 -A 5 -N 100 -F 0.02 -S 0.1 
        (one of the commands exited with non-zero exit code; note that snakemake uses bash strict mode!)

Complete log: /shared/liuhj/tonglv/ICU_tonglv_scripts/iSNV_calling_bwa2_AE004091.2/.snakemake/log/2021-02-24T211728.257264.snakemake.log
