The flag 'directory' used in rule consensusGnm_prokkaAnno is only valid for outputs, not inputs.
Building DAG of jobs...
Using shell: /bin/bash
Provided cores: 1 (use --cores to define parallelism)
Rules claiming more threads will be scaled down.
Job counts:
	count	jobs
	1	all
	6	iSNV_snvNumCount_noSNV
	6	iSNV_snvSNP_snpeff_Stat
	13
Select jobs to execute...

[Fri Mar 26 18:19:04 2021]
rule iSNV_snvSNP_snpeff_Stat:
    input: /shared/liuhj/tonglv/process/person_ntfreq_tables/P2/all.iSNV_with_SNP.pyResults.txt, /shared/liuhj/tonglv/Infos/20210311-info.txt, /shared/liuhj/tonglv/process/20210325-nt-Filt-Ecoli/PA.accumulateReads.nt-EcoliHomoPosi.txt
    output: /shared/liuhj/tonglv/process/person_ntfreq_tables/P2/snvSNP_snpeff_Stat_FiltEcoliHomo
    jobid: 16
    wildcards: person=P2

python  /shared/liuhj/tonglv/ICU_tonglv_scripts/iSNV_calling_bwa2_AE004091.2/iSNVpy_iSNV_snpeff_clade.py  -i /shared/liuhj/tonglv/process/person_ntfreq_tables/P2/all.iSNV_with_SNP.pyResults.txt  		-f /shared/liuhj/tonglv/Infos/20210311-info.txt  -o  /shared/liuhj/tonglv/process/person_ntfreq_tables/P2/snvSNP_snpeff_Stat_FiltEcoliHomo -m 0.1  -M 0.9  -E /shared/liuhj/tonglv/process/20210325-nt-Filt-Ecoli/PA.accumulateReads.nt-EcoliHomoPosi.txt 
[Fri Mar 26 18:19:05 2021]
Finished job 16.
1 of 13 steps (8%) done
Select jobs to execute...

[Fri Mar 26 18:19:05 2021]
rule iSNV_snvSNP_snpeff_Stat:
    input: /shared/liuhj/tonglv/process/person_ntfreq_tables/P4/all.iSNV_with_SNP.pyResults.txt, /shared/liuhj/tonglv/Infos/20210311-info.txt, /shared/liuhj/tonglv/process/20210325-nt-Filt-Ecoli/PA.accumulateReads.nt-EcoliHomoPosi.txt
    output: /shared/liuhj/tonglv/process/person_ntfreq_tables/P4/snvSNP_snpeff_Stat_FiltEcoliHomo
    jobid: 18
    wildcards: person=P4

python  /shared/liuhj/tonglv/ICU_tonglv_scripts/iSNV_calling_bwa2_AE004091.2/iSNVpy_iSNV_snpeff_clade.py  -i /shared/liuhj/tonglv/process/person_ntfreq_tables/P4/all.iSNV_with_SNP.pyResults.txt  		-f /shared/liuhj/tonglv/Infos/20210311-info.txt  -o  /shared/liuhj/tonglv/process/person_ntfreq_tables/P4/snvSNP_snpeff_Stat_FiltEcoliHomo -m 0.1  -M 0.9  -E /shared/liuhj/tonglv/process/20210325-nt-Filt-Ecoli/PA.accumulateReads.nt-EcoliHomoPosi.txt 
[Fri Mar 26 18:19:16 2021]
Finished job 18.
2 of 13 steps (15%) done
Select jobs to execute...

[Fri Mar 26 18:19:16 2021]
rule iSNV_snvSNP_snpeff_Stat:
    input: /shared/liuhj/tonglv/process/person_ntfreq_tables/P7/all.iSNV_with_SNP.pyResults.txt, /shared/liuhj/tonglv/Infos/20210311-info.txt, /shared/liuhj/tonglv/process/20210325-nt-Filt-Ecoli/PA.accumulateReads.nt-EcoliHomoPosi.txt
    output: /shared/liuhj/tonglv/process/person_ntfreq_tables/P7/snvSNP_snpeff_Stat_FiltEcoliHomo
    jobid: 20
    wildcards: person=P7

python  /shared/liuhj/tonglv/ICU_tonglv_scripts/iSNV_calling_bwa2_AE004091.2/iSNVpy_iSNV_snpeff_clade.py  -i /shared/liuhj/tonglv/process/person_ntfreq_tables/P7/all.iSNV_with_SNP.pyResults.txt  		-f /shared/liuhj/tonglv/Infos/20210311-info.txt  -o  /shared/liuhj/tonglv/process/person_ntfreq_tables/P7/snvSNP_snpeff_Stat_FiltEcoliHomo -m 0.1  -M 0.9  -E /shared/liuhj/tonglv/process/20210325-nt-Filt-Ecoli/PA.accumulateReads.nt-EcoliHomoPosi.txt 
[Fri Mar 26 18:19:22 2021]
Finished job 20.
3 of 13 steps (23%) done
Select jobs to execute...

[Fri Mar 26 18:19:22 2021]
rule iSNV_snvNumCount_noSNV:
    input: /shared/liuhj/tonglv/process/person_ntfreq_tables/P5_withP2/all.iSNV_with_SNP.pyResults.txt, /shared/liuhj/tonglv/Infos/20210311-info.txt, /shared/liuhj/tonglv/process/20210325-nt-Filt-Ecoli/PA.accumulateReads.nt-EcoliHomoPosi.txt
    output: /shared/liuhj/tonglv/process/person_ntfreq_tables/P5_withP2/snvNum_Stat_noSNV_Ecolifilted
    jobid: 14
    wildcards: person=P5_withP2

python  /shared/liuhj/tonglv/ICU_tonglv_scripts/iSNV_calling_bwa2_AE004091.2/iSNVpy_snvSNP_Stat_clade.py   -i /shared/liuhj/tonglv/process/person_ntfreq_tables/P5_withP2/all.iSNV_with_SNP.pyResults.txt  		-f /shared/liuhj/tonglv/Infos/20210311-info.txt  -o  /shared/liuhj/tonglv/process/person_ntfreq_tables/P5_withP2/snvNum_Stat_noSNV_Ecolifilted -m 0.1  -M 0.9  -E /shared/liuhj/tonglv/process/20210325-nt-Filt-Ecoli/PA.accumulateReads.nt-EcoliHomoPosi.txt   
[Fri Mar 26 18:19:23 2021]
Finished job 14.
4 of 13 steps (31%) done
Select jobs to execute...

[Fri Mar 26 18:19:23 2021]
rule iSNV_snvNumCount_noSNV:
    input: /shared/liuhj/tonglv/process/person_ntfreq_tables/P4/all.iSNV_with_SNP.pyResults.txt, /shared/liuhj/tonglv/Infos/20210311-info.txt, /shared/liuhj/tonglv/process/20210325-nt-Filt-Ecoli/PA.accumulateReads.nt-EcoliHomoPosi.txt
    output: /shared/liuhj/tonglv/process/person_ntfreq_tables/P4/snvNum_Stat_noSNV_Ecolifilted
    jobid: 11
    wildcards: person=P4

python  /shared/liuhj/tonglv/ICU_tonglv_scripts/iSNV_calling_bwa2_AE004091.2/iSNVpy_snvSNP_Stat_clade.py   -i /shared/liuhj/tonglv/process/person_ntfreq_tables/P4/all.iSNV_with_SNP.pyResults.txt  		-f /shared/liuhj/tonglv/Infos/20210311-info.txt  -o  /shared/liuhj/tonglv/process/person_ntfreq_tables/P4/snvNum_Stat_noSNV_Ecolifilted -m 0.1  -M 0.9  -E /shared/liuhj/tonglv/process/20210325-nt-Filt-Ecoli/PA.accumulateReads.nt-EcoliHomoPosi.txt   
[Fri Mar 26 18:19:24 2021]
Finished job 11.
5 of 13 steps (38%) done
Select jobs to execute...

[Fri Mar 26 18:19:24 2021]
rule iSNV_snvNumCount_noSNV:
    input: /shared/liuhj/tonglv/process/person_ntfreq_tables/P2/all.iSNV_with_SNP.pyResults.txt, /shared/liuhj/tonglv/Infos/20210311-info.txt, /shared/liuhj/tonglv/process/20210325-nt-Filt-Ecoli/PA.accumulateReads.nt-EcoliHomoPosi.txt
    output: /shared/liuhj/tonglv/process/person_ntfreq_tables/P2/snvNum_Stat_noSNV_Ecolifilted
    jobid: 9
    wildcards: person=P2

python  /shared/liuhj/tonglv/ICU_tonglv_scripts/iSNV_calling_bwa2_AE004091.2/iSNVpy_snvSNP_Stat_clade.py   -i /shared/liuhj/tonglv/process/person_ntfreq_tables/P2/all.iSNV_with_SNP.pyResults.txt  		-f /shared/liuhj/tonglv/Infos/20210311-info.txt  -o  /shared/liuhj/tonglv/process/person_ntfreq_tables/P2/snvNum_Stat_noSNV_Ecolifilted -m 0.1  -M 0.9  -E /shared/liuhj/tonglv/process/20210325-nt-Filt-Ecoli/PA.accumulateReads.nt-EcoliHomoPosi.txt   
[Fri Mar 26 18:19:24 2021]
Finished job 9.
6 of 13 steps (46%) done
Select jobs to execute...

[Fri Mar 26 18:19:24 2021]
rule iSNV_snvSNP_snpeff_Stat:
    input: /shared/liuhj/tonglv/process/person_ntfreq_tables/P5_withP2/all.iSNV_with_SNP.pyResults.txt, /shared/liuhj/tonglv/Infos/20210311-info.txt, /shared/liuhj/tonglv/process/20210325-nt-Filt-Ecoli/PA.accumulateReads.nt-EcoliHomoPosi.txt
    output: /shared/liuhj/tonglv/process/person_ntfreq_tables/P5_withP2/snvSNP_snpeff_Stat_FiltEcoliHomo
    jobid: 21
    wildcards: person=P5_withP2

python  /shared/liuhj/tonglv/ICU_tonglv_scripts/iSNV_calling_bwa2_AE004091.2/iSNVpy_iSNV_snpeff_clade.py  -i /shared/liuhj/tonglv/process/person_ntfreq_tables/P5_withP2/all.iSNV_with_SNP.pyResults.txt  		-f /shared/liuhj/tonglv/Infos/20210311-info.txt  -o  /shared/liuhj/tonglv/process/person_ntfreq_tables/P5_withP2/snvSNP_snpeff_Stat_FiltEcoliHomo -m 0.1  -M 0.9  -E /shared/liuhj/tonglv/process/20210325-nt-Filt-Ecoli/PA.accumulateReads.nt-EcoliHomoPosi.txt 
[Fri Mar 26 18:19:38 2021]
Finished job 21.
7 of 13 steps (54%) done
Select jobs to execute...

[Fri Mar 26 18:19:38 2021]
rule iSNV_snvSNP_snpeff_Stat:
    input: /shared/liuhj/tonglv/process/person_ntfreq_tables/P6/all.iSNV_with_SNP.pyResults.txt, /shared/liuhj/tonglv/Infos/20210311-info.txt, /shared/liuhj/tonglv/process/20210325-nt-Filt-Ecoli/PA.accumulateReads.nt-EcoliHomoPosi.txt
    output: /shared/liuhj/tonglv/process/person_ntfreq_tables/P6/snvSNP_snpeff_Stat_FiltEcoliHomo
    jobid: 19
    wildcards: person=P6

python  /shared/liuhj/tonglv/ICU_tonglv_scripts/iSNV_calling_bwa2_AE004091.2/iSNVpy_iSNV_snpeff_clade.py  -i /shared/liuhj/tonglv/process/person_ntfreq_tables/P6/all.iSNV_with_SNP.pyResults.txt  		-f /shared/liuhj/tonglv/Infos/20210311-info.txt  -o  /shared/liuhj/tonglv/process/person_ntfreq_tables/P6/snvSNP_snpeff_Stat_FiltEcoliHomo -m 0.1  -M 0.9  -E /shared/liuhj/tonglv/process/20210325-nt-Filt-Ecoli/PA.accumulateReads.nt-EcoliHomoPosi.txt 
[Fri Mar 26 18:19:43 2021]
Finished job 19.
8 of 13 steps (62%) done
Select jobs to execute...

[Fri Mar 26 18:19:43 2021]
rule iSNV_snvNumCount_noSNV:
    input: /shared/liuhj/tonglv/process/person_ntfreq_tables/P7/all.iSNV_with_SNP.pyResults.txt, /shared/liuhj/tonglv/Infos/20210311-info.txt, /shared/liuhj/tonglv/process/20210325-nt-Filt-Ecoli/PA.accumulateReads.nt-EcoliHomoPosi.txt
    output: /shared/liuhj/tonglv/process/person_ntfreq_tables/P7/snvNum_Stat_noSNV_Ecolifilted
    jobid: 13
    wildcards: person=P7

python  /shared/liuhj/tonglv/ICU_tonglv_scripts/iSNV_calling_bwa2_AE004091.2/iSNVpy_snvSNP_Stat_clade.py   -i /shared/liuhj/tonglv/process/person_ntfreq_tables/P7/all.iSNV_with_SNP.pyResults.txt  		-f /shared/liuhj/tonglv/Infos/20210311-info.txt  -o  /shared/liuhj/tonglv/process/person_ntfreq_tables/P7/snvNum_Stat_noSNV_Ecolifilted -m 0.1  -M 0.9  -E /shared/liuhj/tonglv/process/20210325-nt-Filt-Ecoli/PA.accumulateReads.nt-EcoliHomoPosi.txt   
[Fri Mar 26 18:19:44 2021]
Finished job 13.
9 of 13 steps (69%) done
Select jobs to execute...

[Fri Mar 26 18:19:44 2021]
rule iSNV_snvNumCount_noSNV:
    input: /shared/liuhj/tonglv/process/person_ntfreq_tables/P6/all.iSNV_with_SNP.pyResults.txt, /shared/liuhj/tonglv/Infos/20210311-info.txt, /shared/liuhj/tonglv/process/20210325-nt-Filt-Ecoli/PA.accumulateReads.nt-EcoliHomoPosi.txt
    output: /shared/liuhj/tonglv/process/person_ntfreq_tables/P6/snvNum_Stat_noSNV_Ecolifilted
    jobid: 12
    wildcards: person=P6

python  /shared/liuhj/tonglv/ICU_tonglv_scripts/iSNV_calling_bwa2_AE004091.2/iSNVpy_snvSNP_Stat_clade.py   -i /shared/liuhj/tonglv/process/person_ntfreq_tables/P6/all.iSNV_with_SNP.pyResults.txt  		-f /shared/liuhj/tonglv/Infos/20210311-info.txt  -o  /shared/liuhj/tonglv/process/person_ntfreq_tables/P6/snvNum_Stat_noSNV_Ecolifilted -m 0.1  -M 0.9  -E /shared/liuhj/tonglv/process/20210325-nt-Filt-Ecoli/PA.accumulateReads.nt-EcoliHomoPosi.txt   
[Fri Mar 26 18:19:44 2021]
Finished job 12.
10 of 13 steps (77%) done
Select jobs to execute...

[Fri Mar 26 18:19:44 2021]
rule iSNV_snvNumCount_noSNV:
    input: /shared/liuhj/tonglv/process/person_ntfreq_tables/P3/all.iSNV_with_SNP.pyResults.txt, /shared/liuhj/tonglv/Infos/20210311-info.txt, /shared/liuhj/tonglv/process/20210325-nt-Filt-Ecoli/PA.accumulateReads.nt-EcoliHomoPosi.txt
    output: /shared/liuhj/tonglv/process/person_ntfreq_tables/P3/snvNum_Stat_noSNV_Ecolifilted
    jobid: 10
    wildcards: person=P3

python  /shared/liuhj/tonglv/ICU_tonglv_scripts/iSNV_calling_bwa2_AE004091.2/iSNVpy_snvSNP_Stat_clade.py   -i /shared/liuhj/tonglv/process/person_ntfreq_tables/P3/all.iSNV_with_SNP.pyResults.txt  		-f /shared/liuhj/tonglv/Infos/20210311-info.txt  -o  /shared/liuhj/tonglv/process/person_ntfreq_tables/P3/snvNum_Stat_noSNV_Ecolifilted -m 0.1  -M 0.9  -E /shared/liuhj/tonglv/process/20210325-nt-Filt-Ecoli/PA.accumulateReads.nt-EcoliHomoPosi.txt   
[Fri Mar 26 18:19:46 2021]
Finished job 10.
11 of 13 steps (85%) done
Select jobs to execute...

[Fri Mar 26 18:19:46 2021]
rule iSNV_snvSNP_snpeff_Stat:
    input: /shared/liuhj/tonglv/process/person_ntfreq_tables/P3/all.iSNV_with_SNP.pyResults.txt, /shared/liuhj/tonglv/Infos/20210311-info.txt, /shared/liuhj/tonglv/process/20210325-nt-Filt-Ecoli/PA.accumulateReads.nt-EcoliHomoPosi.txt
    output: /shared/liuhj/tonglv/process/person_ntfreq_tables/P3/snvSNP_snpeff_Stat_FiltEcoliHomo
    jobid: 17
    wildcards: person=P3

python  /shared/liuhj/tonglv/ICU_tonglv_scripts/iSNV_calling_bwa2_AE004091.2/iSNVpy_iSNV_snpeff_clade.py  -i /shared/liuhj/tonglv/process/person_ntfreq_tables/P3/all.iSNV_with_SNP.pyResults.txt  		-f /shared/liuhj/tonglv/Infos/20210311-info.txt  -o  /shared/liuhj/tonglv/process/person_ntfreq_tables/P3/snvSNP_snpeff_Stat_FiltEcoliHomo -m 0.1  -M 0.9  -E /shared/liuhj/tonglv/process/20210325-nt-Filt-Ecoli/PA.accumulateReads.nt-EcoliHomoPosi.txt 
[Fri Mar 26 18:20:17 2021]
Finished job 17.
12 of 13 steps (92%) done
Select jobs to execute...

[Fri Mar 26 18:20:17 2021]
localrule all:
    input: /shared/liuhj/tonglv/process/person_ntfreq_tables/P1/all.iSNV_with_SNP.pyResults.txt, /shared/liuhj/tonglv/process/person_ntfreq_tables/P2/all.iSNV_with_SNP.pyResults.txt, /shared/liuhj/tonglv/process/person_ntfreq_tables/P3/all.iSNV_with_SNP.pyResults.txt, /shared/liuhj/tonglv/process/person_ntfreq_tables/P4/all.iSNV_with_SNP.pyResults.txt, /shared/liuhj/tonglv/process/person_ntfreq_tables/P6/all.iSNV_with_SNP.pyResults.txt, /shared/liuhj/tonglv/process/person_ntfreq_tables/P7/all.iSNV_with_SNP.pyResults.txt, /shared/liuhj/tonglv/process/person_ntfreq_tables/P5_withP2/all.iSNV_with_SNP.pyResults.txt, /shared/liuhj/tonglv/process/person_ntfreq_tables/P1/snvNum_Stat_noSNV_Ecolifilted, /shared/liuhj/tonglv/process/person_ntfreq_tables/P2/snvNum_Stat_noSNV_Ecolifilted, /shared/liuhj/tonglv/process/person_ntfreq_tables/P3/snvNum_Stat_noSNV_Ecolifilted, /shared/liuhj/tonglv/process/person_ntfreq_tables/P4/snvNum_Stat_noSNV_Ecolifilted, /shared/liuhj/tonglv/process/person_ntfreq_tables/P6/snvNum_Stat_noSNV_Ecolifilted, /shared/liuhj/tonglv/process/person_ntfreq_tables/P7/snvNum_Stat_noSNV_Ecolifilted, /shared/liuhj/tonglv/process/person_ntfreq_tables/P5_withP2/snvNum_Stat_noSNV_Ecolifilted, /shared/liuhj/tonglv/process/person_ntfreq_tables/P1/snvSNP_snpeff_Stat_FiltEcoliHomo, /shared/liuhj/tonglv/process/person_ntfreq_tables/P2/snvSNP_snpeff_Stat_FiltEcoliHomo, /shared/liuhj/tonglv/process/person_ntfreq_tables/P3/snvSNP_snpeff_Stat_FiltEcoliHomo, /shared/liuhj/tonglv/process/person_ntfreq_tables/P4/snvSNP_snpeff_Stat_FiltEcoliHomo, /shared/liuhj/tonglv/process/person_ntfreq_tables/P6/snvSNP_snpeff_Stat_FiltEcoliHomo, /shared/liuhj/tonglv/process/person_ntfreq_tables/P7/snvSNP_snpeff_Stat_FiltEcoliHomo, /shared/liuhj/tonglv/process/person_ntfreq_tables/P5_withP2/snvSNP_snpeff_Stat_FiltEcoliHomo
    jobid: 0

[Fri Mar 26 18:20:17 2021]
Finished job 0.
13 of 13 steps (100%) done
Complete log: /shared/liuhj/tonglv/ICU_tonglv_scripts/iSNV_calling_bwa2_AE004091.2/.snakemake/log/2021-03-26T181904.555652.snakemake.log
