Building DAG of jobs...
Using shell: /bin/bash
Provided cores: 1 (use --cores to define parallelism)
Rules claiming more threads will be scaled down.
Job counts:
	count	jobs
	1	all
	12	iSNV_snvNumCount_noSNV
	12	iSNV_snvSNP_snpeff_Stat
	25
Select jobs to execute...

[Mon Apr  5 19:20:24 2021]
rule iSNV_snvSNP_snpeff_Stat:
    input: /shared/liuhj/tonglv/process/20210401-person_ntfreq_tables/P5-1/all.iSNV_with_SNP.pyResults.txt, /shared/liuhj/tonglv/Infos/20210311-info.txt, /shared/liuhj/tonglv/process/20210402-bwaToOtherBacteria/PA-HomoRegions-FromOtherBacteria.txt, /shared/liuhj/tonglv/process/20210401-person_ntfreq_tables/P5-1/vcf_snpeff, /shared/liuhj/tonglv/process/RefGnmRepeatRegion/repeatmasker_out/AE004091.2.fasta.masked.fasta, /shared/liuhj/tonglv/process/20210405-PAsimulateReads-mapToAE0049/PA.RepeatRegion-Cov30-identy60.Posi.txt
    output: /shared/liuhj/tonglv/process/20210401-person_ntfreq_tables/P5-1/snvSNP_snpeff_Stat_OtherBacFilted-FiltSimutPARepeat
    jobid: 67
    wildcards: person=P5-1

python  /shared/liuhj/tonglv/ICU_tonglv_scripts/iSNV_calling_bwa2_AE004091.2/iSNVpy_iSNV_snpeff_clade.py  -i /shared/liuhj/tonglv/process/20210401-person_ntfreq_tables/P5-1/all.iSNV_with_SNP.pyResults.txt  		-f /shared/liuhj/tonglv/Infos/20210311-info.txt -e /shared/liuhj/tonglv/process/20210401-person_ntfreq_tables/P5-1/vcf_snpeff -R /shared/liuhj/tonglv/process/20210405-PAsimulateReads-mapToAE0049/PA.RepeatRegion-Cov30-identy60.Posi.txt -o  /shared/liuhj/tonglv/process/20210401-person_ntfreq_tables/P5-1/snvSNP_snpeff_Stat_OtherBacFilted-FiltSimutPARepeat -m 0.1  -M 0.9  -E /shared/liuhj/tonglv/process/20210402-bwaToOtherBacteria/PA-HomoRegions-FromOtherBacteria.txt 
[Mon Apr  5 19:20:25 2021]
Finished job 67.
1 of 25 steps (4%) done
Select jobs to execute...

[Mon Apr  5 19:20:25 2021]
rule iSNV_snvSNP_snpeff_Stat:
    input: /shared/liuhj/tonglv/process/20210401-person_ntfreq_tables/P1/all.iSNV_with_SNP.pyResults.txt, /shared/liuhj/tonglv/Infos/20210311-info.txt, /shared/liuhj/tonglv/process/20210402-bwaToOtherBacteria/PA-HomoRegions-FromOtherBacteria.txt, /shared/liuhj/tonglv/process/20210401-person_ntfreq_tables/P1/vcf_snpeff, /shared/liuhj/tonglv/process/RefGnmRepeatRegion/repeatmasker_out/AE004091.2.fasta.masked.fasta, /shared/liuhj/tonglv/process/20210405-PAsimulateReads-mapToAE0049/PA.RepeatRegion-Cov30-identy60.Posi.txt
    output: /shared/liuhj/tonglv/process/20210401-person_ntfreq_tables/P1/snvSNP_snpeff_Stat_OtherBacFilted-FiltSimutPARepeat
    jobid: 61
    wildcards: person=P1

python  /shared/liuhj/tonglv/ICU_tonglv_scripts/iSNV_calling_bwa2_AE004091.2/iSNVpy_iSNV_snpeff_clade.py  -i /shared/liuhj/tonglv/process/20210401-person_ntfreq_tables/P1/all.iSNV_with_SNP.pyResults.txt  		-f /shared/liuhj/tonglv/Infos/20210311-info.txt -e /shared/liuhj/tonglv/process/20210401-person_ntfreq_tables/P1/vcf_snpeff -R /shared/liuhj/tonglv/process/20210405-PAsimulateReads-mapToAE0049/PA.RepeatRegion-Cov30-identy60.Posi.txt -o  /shared/liuhj/tonglv/process/20210401-person_ntfreq_tables/P1/snvSNP_snpeff_Stat_OtherBacFilted-FiltSimutPARepeat -m 0.1  -M 0.9  -E /shared/liuhj/tonglv/process/20210402-bwaToOtherBacteria/PA-HomoRegions-FromOtherBacteria.txt 
[Mon Apr  5 19:20:28 2021]
Finished job 61.
2 of 25 steps (8%) done
Select jobs to execute...

[Mon Apr  5 19:20:28 2021]
rule iSNV_snvSNP_snpeff_Stat:
    input: /shared/liuhj/tonglv/process/20210401-person_ntfreq_tables/P5-2/all.iSNV_with_SNP.pyResults.txt, /shared/liuhj/tonglv/Infos/20210311-info.txt, /shared/liuhj/tonglv/process/20210402-bwaToOtherBacteria/PA-HomoRegions-FromOtherBacteria.txt, /shared/liuhj/tonglv/process/20210401-person_ntfreq_tables/P5-2/vcf_snpeff, /shared/liuhj/tonglv/process/RefGnmRepeatRegion/repeatmasker_out/AE004091.2.fasta.masked.fasta, /shared/liuhj/tonglv/process/20210405-PAsimulateReads-mapToAE0049/PA.RepeatRegion-Cov30-identy60.Posi.txt
    output: /shared/liuhj/tonglv/process/20210401-person_ntfreq_tables/P5-2/snvSNP_snpeff_Stat_OtherBacFilted-FiltSimutPARepeat
    jobid: 68
    wildcards: person=P5-2

python  /shared/liuhj/tonglv/ICU_tonglv_scripts/iSNV_calling_bwa2_AE004091.2/iSNVpy_iSNV_snpeff_clade.py  -i /shared/liuhj/tonglv/process/20210401-person_ntfreq_tables/P5-2/all.iSNV_with_SNP.pyResults.txt  		-f /shared/liuhj/tonglv/Infos/20210311-info.txt -e /shared/liuhj/tonglv/process/20210401-person_ntfreq_tables/P5-2/vcf_snpeff -R /shared/liuhj/tonglv/process/20210405-PAsimulateReads-mapToAE0049/PA.RepeatRegion-Cov30-identy60.Posi.txt -o  /shared/liuhj/tonglv/process/20210401-person_ntfreq_tables/P5-2/snvSNP_snpeff_Stat_OtherBacFilted-FiltSimutPARepeat -m 0.1  -M 0.9  -E /shared/liuhj/tonglv/process/20210402-bwaToOtherBacteria/PA-HomoRegions-FromOtherBacteria.txt 
[Mon Apr  5 19:20:29 2021]
Finished job 68.
3 of 25 steps (12%) done
Select jobs to execute...

[Mon Apr  5 19:20:29 2021]
rule iSNV_snvNumCount_noSNV:
    input: /shared/liuhj/tonglv/process/20210401-person_ntfreq_tables/P5_withP2/all.iSNV_with_SNP.pyResults.txt, /shared/liuhj/tonglv/Infos/20210311-info.txt, /shared/liuhj/tonglv/process/20210402-bwaToOtherBacteria/PA-HomoRegions-FromOtherBacteria.txt, /shared/liuhj/tonglv/process/20210401-person_ntfreq_tables/P5_withP2/vcf_snpeff, /shared/liuhj/tonglv/process/RefGnmRepeatRegion/repeatmasker_out/AE004091.2.fasta.masked.fasta, /shared/liuhj/tonglv/process/20210405-PAsimulateReads-mapToAE0049/PA.RepeatRegion-Cov30-identy60.Posi.txt
    output: /shared/liuhj/tonglv/process/20210401-person_ntfreq_tables/P5_withP2/snvNum_Stat_noSNV_OtherBacfilted-FiltSimutPARepeat
    jobid: 54
    wildcards: person=P5_withP2

python  /shared/liuhj/tonglv/ICU_tonglv_scripts/iSNV_calling_bwa2_AE004091.2/iSNVpy_snvSNP_Stat_clade.py   -i /shared/liuhj/tonglv/process/20210401-person_ntfreq_tables/P5_withP2/all.iSNV_with_SNP.pyResults.txt  		-f /shared/liuhj/tonglv/Infos/20210311-info.txt -e /shared/liuhj/tonglv/process/20210401-person_ntfreq_tables/P5_withP2/vcf_snpeff -R /shared/liuhj/tonglv/process/20210405-PAsimulateReads-mapToAE0049/PA.RepeatRegion-Cov30-identy60.Posi.txt -o  /shared/liuhj/tonglv/process/20210401-person_ntfreq_tables/P5_withP2/snvNum_Stat_noSNV_OtherBacfilted-FiltSimutPARepeat  -m 0.1  -M 0.9  -E /shared/liuhj/tonglv/process/20210402-bwaToOtherBacteria/PA-HomoRegions-FromOtherBacteria.txt   
Terminating processes on user request, this might take some time.
[Mon Apr  5 19:20:30 2021]
Error in rule iSNV_snvNumCount_noSNV:
    jobid: 54
    output: /shared/liuhj/tonglv/process/20210401-person_ntfreq_tables/P5_withP2/snvNum_Stat_noSNV_OtherBacfilted-FiltSimutPARepeat
    shell:
        python  /shared/liuhj/tonglv/ICU_tonglv_scripts/iSNV_calling_bwa2_AE004091.2/iSNVpy_snvSNP_Stat_clade.py   -i /shared/liuhj/tonglv/process/20210401-person_ntfreq_tables/P5_withP2/all.iSNV_with_SNP.pyResults.txt  		-f /shared/liuhj/tonglv/Infos/20210311-info.txt -e /shared/liuhj/tonglv/process/20210401-person_ntfreq_tables/P5_withP2/vcf_snpeff -R /shared/liuhj/tonglv/process/20210405-PAsimulateReads-mapToAE0049/PA.RepeatRegion-Cov30-identy60.Posi.txt -o  /shared/liuhj/tonglv/process/20210401-person_ntfreq_tables/P5_withP2/snvNum_Stat_noSNV_OtherBacfilted-FiltSimutPARepeat  -m 0.1  -M 0.9  -E /shared/liuhj/tonglv/process/20210402-bwaToOtherBacteria/PA-HomoRegions-FromOtherBacteria.txt   
        (one of the commands exited with non-zero exit code; note that snakemake uses bash strict mode!)

Removing output files of failed job iSNV_snvNumCount_noSNV since they might be corrupted:
/shared/liuhj/tonglv/process/20210401-person_ntfreq_tables/P5_withP2/snvNum_Stat_noSNV_OtherBacfilted-FiltSimutPARepeat
Complete log: /shared/liuhj/tonglv/ICU_tonglv_scripts/iSNV_calling_bwa2_AE004091.2/.snakemake/log/2021-04-05T192024.052650.snakemake.log
