Building DAG of jobs...
Using shell: /bin/bash
Provided cores: 5
Rules claiming more threads will be scaled down.
Job counts:
	count	jobs
	1	all
	8	iSNV_snvNumCount_noSNV
	9
Select jobs to execute...

[Fri Apr  2 19:24:43 2021]
rule iSNV_snvNumCount_noSNV:
    input: /shared/liuhj/tonglv/process/20210401-person_ntfreq_tables/P3/all.iSNV_with_SNP.pyResults.txt, /shared/liuhj/tonglv/Infos/20210311-info.txt, /shared/liuhj/tonglv/process/20210402-bwaToOtherBacteria/PA-HomoRegions-FromOtherBacteria.txt
    output: /shared/liuhj/tonglv/process/20210401-person_ntfreq_tables/P3/snvNum_Stat_noSNV_OtherBacfilted
    jobid: 50
    wildcards: person=P3

python  /shared/liuhj/tonglv/ICU_tonglv_scripts/iSNV_calling_bwa2_AE004091.2/iSNVpy_snvSNP_Stat_clade.py   -i /shared/liuhj/tonglv/process/20210401-person_ntfreq_tables/P3/all.iSNV_with_SNP.pyResults.txt  		-f /shared/liuhj/tonglv/Infos/20210311-info.txt  -o  /shared/liuhj/tonglv/process/20210401-person_ntfreq_tables/P3/snvNum_Stat_noSNV_OtherBacfilted -m 0.1  -M 0.9  -E /shared/liuhj/tonglv/process/20210402-bwaToOtherBacteria/PA-HomoRegions-FromOtherBacteria.txt   

[Fri Apr  2 19:24:43 2021]
rule iSNV_snvNumCount_noSNV:
    input: /shared/liuhj/tonglv/process/20210401-person_ntfreq_tables/P6/all.iSNV_with_SNP.pyResults.txt, /shared/liuhj/tonglv/Infos/20210311-info.txt, /shared/liuhj/tonglv/process/20210402-bwaToOtherBacteria/PA-HomoRegions-FromOtherBacteria.txt
    output: /shared/liuhj/tonglv/process/20210401-person_ntfreq_tables/P6/snvNum_Stat_noSNV_OtherBacfilted
    jobid: 52
    wildcards: person=P6

python  /shared/liuhj/tonglv/ICU_tonglv_scripts/iSNV_calling_bwa2_AE004091.2/iSNVpy_snvSNP_Stat_clade.py   -i /shared/liuhj/tonglv/process/20210401-person_ntfreq_tables/P6/all.iSNV_with_SNP.pyResults.txt  		-f /shared/liuhj/tonglv/Infos/20210311-info.txt  -o  /shared/liuhj/tonglv/process/20210401-person_ntfreq_tables/P6/snvNum_Stat_noSNV_OtherBacfilted -m 0.1  -M 0.9  -E /shared/liuhj/tonglv/process/20210402-bwaToOtherBacteria/PA-HomoRegions-FromOtherBacteria.txt   

[Fri Apr  2 19:24:43 2021]
rule iSNV_snvNumCount_noSNV:
    input: /shared/liuhj/tonglv/process/20210401-person_ntfreq_tables/P7/all.iSNV_with_SNP.pyResults.txt, /shared/liuhj/tonglv/Infos/20210311-info.txt, /shared/liuhj/tonglv/process/20210402-bwaToOtherBacteria/PA-HomoRegions-FromOtherBacteria.txt
    output: /shared/liuhj/tonglv/process/20210401-person_ntfreq_tables/P7/snvNum_Stat_noSNV_OtherBacfilted
    jobid: 53
    wildcards: person=P7

python  /shared/liuhj/tonglv/ICU_tonglv_scripts/iSNV_calling_bwa2_AE004091.2/iSNVpy_snvSNP_Stat_clade.py   -i /shared/liuhj/tonglv/process/20210401-person_ntfreq_tables/P7/all.iSNV_with_SNP.pyResults.txt  		-f /shared/liuhj/tonglv/Infos/20210311-info.txt  -o  /shared/liuhj/tonglv/process/20210401-person_ntfreq_tables/P7/snvNum_Stat_noSNV_OtherBacfilted -m 0.1  -M 0.9  -E /shared/liuhj/tonglv/process/20210402-bwaToOtherBacteria/PA-HomoRegions-FromOtherBacteria.txt   

[Fri Apr  2 19:24:43 2021]
rule iSNV_snvNumCount_noSNV:
    input: /shared/liuhj/tonglv/process/20210401-person_ntfreq_tables/P5-3/all.iSNV_with_SNP.pyResults.txt, /shared/liuhj/tonglv/Infos/20210311-info.txt, /shared/liuhj/tonglv/process/20210402-bwaToOtherBacteria/PA-HomoRegions-FromOtherBacteria.txt
    output: /shared/liuhj/tonglv/process/20210401-person_ntfreq_tables/P5-3/snvNum_Stat_noSNV_OtherBacfilted
    jobid: 57
    wildcards: person=P5-3

python  /shared/liuhj/tonglv/ICU_tonglv_scripts/iSNV_calling_bwa2_AE004091.2/iSNVpy_snvSNP_Stat_clade.py   -i /shared/liuhj/tonglv/process/20210401-person_ntfreq_tables/P5-3/all.iSNV_with_SNP.pyResults.txt  		-f /shared/liuhj/tonglv/Infos/20210311-info.txt  -o  /shared/liuhj/tonglv/process/20210401-person_ntfreq_tables/P5-3/snvNum_Stat_noSNV_OtherBacfilted -m 0.1  -M 0.9  -E /shared/liuhj/tonglv/process/20210402-bwaToOtherBacteria/PA-HomoRegions-FromOtherBacteria.txt   

[Fri Apr  2 19:24:43 2021]
rule iSNV_snvNumCount_noSNV:
    input: /shared/liuhj/tonglv/process/20210401-person_ntfreq_tables/P3-2/all.iSNV_with_SNP.pyResults.txt, /shared/liuhj/tonglv/Infos/20210311-info.txt, /shared/liuhj/tonglv/process/20210402-bwaToOtherBacteria/PA-HomoRegions-FromOtherBacteria.txt
    output: /shared/liuhj/tonglv/process/20210401-person_ntfreq_tables/P3-2/snvNum_Stat_noSNV_OtherBacfilted
    jobid: 59
    wildcards: person=P3-2

python  /shared/liuhj/tonglv/ICU_tonglv_scripts/iSNV_calling_bwa2_AE004091.2/iSNVpy_snvSNP_Stat_clade.py   -i /shared/liuhj/tonglv/process/20210401-person_ntfreq_tables/P3-2/all.iSNV_with_SNP.pyResults.txt  		-f /shared/liuhj/tonglv/Infos/20210311-info.txt  -o  /shared/liuhj/tonglv/process/20210401-person_ntfreq_tables/P3-2/snvNum_Stat_noSNV_OtherBacfilted -m 0.1  -M 0.9  -E /shared/liuhj/tonglv/process/20210402-bwaToOtherBacteria/PA-HomoRegions-FromOtherBacteria.txt   
[Fri Apr  2 19:24:44 2021]
Error in rule iSNV_snvNumCount_noSNV:
    jobid: 53
    output: /shared/liuhj/tonglv/process/20210401-person_ntfreq_tables/P7/snvNum_Stat_noSNV_OtherBacfilted
    shell:
        python  /shared/liuhj/tonglv/ICU_tonglv_scripts/iSNV_calling_bwa2_AE004091.2/iSNVpy_snvSNP_Stat_clade.py   -i /shared/liuhj/tonglv/process/20210401-person_ntfreq_tables/P7/all.iSNV_with_SNP.pyResults.txt  		-f /shared/liuhj/tonglv/Infos/20210311-info.txt  -o  /shared/liuhj/tonglv/process/20210401-person_ntfreq_tables/P7/snvNum_Stat_noSNV_OtherBacfilted -m 0.1  -M 0.9  -E /shared/liuhj/tonglv/process/20210402-bwaToOtherBacteria/PA-HomoRegions-FromOtherBacteria.txt   
        (one of the commands exited with non-zero exit code; note that snakemake uses bash strict mode!)

Removing output files of failed job iSNV_snvNumCount_noSNV since they might be corrupted:
/shared/liuhj/tonglv/process/20210401-person_ntfreq_tables/P7/snvNum_Stat_noSNV_OtherBacfilted
[Fri Apr  2 19:24:44 2021]
Finished job 59.
1 of 9 steps (11%) done
[Fri Apr  2 19:24:44 2021]
Finished job 57.
2 of 9 steps (22%) done
[Fri Apr  2 19:24:44 2021]
Error in rule iSNV_snvNumCount_noSNV:
    jobid: 52
    output: /shared/liuhj/tonglv/process/20210401-person_ntfreq_tables/P6/snvNum_Stat_noSNV_OtherBacfilted
    shell:
        python  /shared/liuhj/tonglv/ICU_tonglv_scripts/iSNV_calling_bwa2_AE004091.2/iSNVpy_snvSNP_Stat_clade.py   -i /shared/liuhj/tonglv/process/20210401-person_ntfreq_tables/P6/all.iSNV_with_SNP.pyResults.txt  		-f /shared/liuhj/tonglv/Infos/20210311-info.txt  -o  /shared/liuhj/tonglv/process/20210401-person_ntfreq_tables/P6/snvNum_Stat_noSNV_OtherBacfilted -m 0.1  -M 0.9  -E /shared/liuhj/tonglv/process/20210402-bwaToOtherBacteria/PA-HomoRegions-FromOtherBacteria.txt   
        (one of the commands exited with non-zero exit code; note that snakemake uses bash strict mode!)

Removing output files of failed job iSNV_snvNumCount_noSNV since they might be corrupted:
/shared/liuhj/tonglv/process/20210401-person_ntfreq_tables/P6/snvNum_Stat_noSNV_OtherBacfilted
[Fri Apr  2 19:24:44 2021]
Error in rule iSNV_snvNumCount_noSNV:
    jobid: 50
    output: /shared/liuhj/tonglv/process/20210401-person_ntfreq_tables/P3/snvNum_Stat_noSNV_OtherBacfilted
    shell:
        python  /shared/liuhj/tonglv/ICU_tonglv_scripts/iSNV_calling_bwa2_AE004091.2/iSNVpy_snvSNP_Stat_clade.py   -i /shared/liuhj/tonglv/process/20210401-person_ntfreq_tables/P3/all.iSNV_with_SNP.pyResults.txt  		-f /shared/liuhj/tonglv/Infos/20210311-info.txt  -o  /shared/liuhj/tonglv/process/20210401-person_ntfreq_tables/P3/snvNum_Stat_noSNV_OtherBacfilted -m 0.1  -M 0.9  -E /shared/liuhj/tonglv/process/20210402-bwaToOtherBacteria/PA-HomoRegions-FromOtherBacteria.txt   
        (one of the commands exited with non-zero exit code; note that snakemake uses bash strict mode!)

Removing output files of failed job iSNV_snvNumCount_noSNV since they might be corrupted:
/shared/liuhj/tonglv/process/20210401-person_ntfreq_tables/P3/snvNum_Stat_noSNV_OtherBacfilted
Shutting down, this might take some time.
Exiting because a job execution failed. Look above for error message
Complete log: /shared/liuhj/tonglv/ICU_tonglv_scripts/iSNV_calling_bwa2_AE004091.2/.snakemake/log/2021-04-02T192443.002804.snakemake.log
