Building DAG of jobs...
Using shell: /bin/bash
Provided cores: 1 (use --cores to define parallelism)
Rules claiming more threads will be scaled down.
Job counts:
	count	jobs
	1	all
	1	iSNV_snv_distrib_0028_0134
	2
Select jobs to execute...

[Tue Mar 16 15:58:32 2021]
rule iSNV_snv_distrib_0028_0134:
    input: /shared/liuhj/tonglv/process/person_ntfreq_tables/0028_0134/all.iSNV_with_SNP.pyResults.txt, /shared/liuhj/tonglv/Infos/20210311-info.txt
    output: /shared/liuhj/tonglv/process/person_ntfreq_tables/0028_0134/snv_distrib
    jobid: 2
    wildcards: person=0028_0134

python  /shared/liuhj/tonglv/ICU_tonglv_scripts/iSNV_calling_bwa2_AE004091.2/iSNVpy_P7withP2_0028-0134_iSNV.py  -i /shared/liuhj/tonglv/process/person_ntfreq_tables/0028_0134/all.iSNV_with_SNP.pyResults.txt  		-f /shared/liuhj/tonglv/Infos/20210311-info.txt  -o  /shared/liuhj/tonglv/process/person_ntfreq_tables/0028_0134/snv_distrib -m 0.1  -M 0.9  
[Tue Mar 16 15:58:47 2021]
Error in rule iSNV_snv_distrib_0028_0134:
    jobid: 2
    output: /shared/liuhj/tonglv/process/person_ntfreq_tables/0028_0134/snv_distrib
    shell:
        python  /shared/liuhj/tonglv/ICU_tonglv_scripts/iSNV_calling_bwa2_AE004091.2/iSNVpy_P7withP2_0028-0134_iSNV.py  -i /shared/liuhj/tonglv/process/person_ntfreq_tables/0028_0134/all.iSNV_with_SNP.pyResults.txt  		-f /shared/liuhj/tonglv/Infos/20210311-info.txt  -o  /shared/liuhj/tonglv/process/person_ntfreq_tables/0028_0134/snv_distrib -m 0.1  -M 0.9  
        (one of the commands exited with non-zero exit code; note that snakemake uses bash strict mode!)

Removing output files of failed job iSNV_snv_distrib_0028_0134 since they might be corrupted:
/shared/liuhj/tonglv/process/person_ntfreq_tables/0028_0134/snv_distrib
Shutting down, this might take some time.
Exiting because a job execution failed. Look above for error message
Complete log: /shared/liuhj/tonglv/ICU_tonglv_scripts/iSNV_calling_bwa2_AE004091.2/.snakemake/log/2021-03-16T155832.327656.snakemake.log
