The flag 'directory' used in rule consensusGnm_prokkaAnno is only valid for outputs, not inputs.
Building DAG of jobs...
Using shell: /bin/bash
Provided cores: 1 (use --cores to define parallelism)
Rules claiming more threads will be scaled down.
Job counts:
	count	jobs
	1	all
	3	iSNV_snvSNP_AnnoStat_FiledOtherPA_FiltedRepeatRegion
	4
Select jobs to execute...

[Wed Mar 31 19:50:11 2021]
rule iSNV_snvSNP_AnnoStat_FiledOtherPA_FiltedRepeatRegion:
    input: /shared/liuhj/tonglv/process/person_ntfreq_tables/P4/all.iSNV_with_SNP.pyResults.txt, /shared/liuhj/tonglv/Infos/20210311-info.txt, /shared/liuhj/tonglv/process_bwaToOtherBacteria/PA-HomoRegions-FromOtherBacteria.txt, /shared/liuhj/tonglv/process/RefGnmRepeatRegion/repeatmasker_out/AE004091.2.fasta.masked.fasta
    output: /shared/liuhj/tonglv/process/person_ntfreq_tables/P4/20210331-snvSNP_AnnoStat_OtherBacFilted_RepeatFilted
    jobid: 25
    wildcards: person=P4

python  /shared/liuhj/tonglv/ICU_tonglv_scripts/iSNV_calling_bwa2_AE004091.2/iSNVpy_iSNV_snpeff_clade_stat.py  -i /shared/liuhj/tonglv/process/person_ntfreq_tables/P4/all.iSNV_with_SNP.pyResults.txt  		-f /shared/liuhj/tonglv/Infos/20210311-info.txt  -o  /shared/liuhj/tonglv/process/person_ntfreq_tables/P4/20210331-snvSNP_AnnoStat_OtherBacFilted_RepeatFilted -m 0.1  -M 0.9  -E /shared/liuhj/tonglv/process_bwaToOtherBacteria/PA-HomoRegions-FromOtherBacteria.txt -R /shared/liuhj/tonglv/process/RefGnmRepeatRegion/repeatmasker_out/AE004091.2.fasta.masked.fasta
[Wed Mar 31 19:50:18 2021]
Finished job 25.
1 of 4 steps (25%) done
Select jobs to execute...

[Wed Mar 31 19:50:18 2021]
rule iSNV_snvSNP_AnnoStat_FiledOtherPA_FiltedRepeatRegion:
    input: /shared/liuhj/tonglv/process/person_ntfreq_tables/P1/all.iSNV_with_SNP.pyResults.txt, /shared/liuhj/tonglv/Infos/20210311-info.txt, /shared/liuhj/tonglv/process_bwaToOtherBacteria/PA-HomoRegions-FromOtherBacteria.txt, /shared/liuhj/tonglv/process/RefGnmRepeatRegion/repeatmasker_out/AE004091.2.fasta.masked.fasta
    output: /shared/liuhj/tonglv/process/person_ntfreq_tables/P1/20210331-snvSNP_AnnoStat_OtherBacFilted_RepeatFilted
    jobid: 22
    wildcards: person=P1

python  /shared/liuhj/tonglv/ICU_tonglv_scripts/iSNV_calling_bwa2_AE004091.2/iSNVpy_iSNV_snpeff_clade_stat.py  -i /shared/liuhj/tonglv/process/person_ntfreq_tables/P1/all.iSNV_with_SNP.pyResults.txt  		-f /shared/liuhj/tonglv/Infos/20210311-info.txt  -o  /shared/liuhj/tonglv/process/person_ntfreq_tables/P1/20210331-snvSNP_AnnoStat_OtherBacFilted_RepeatFilted -m 0.1  -M 0.9  -E /shared/liuhj/tonglv/process_bwaToOtherBacteria/PA-HomoRegions-FromOtherBacteria.txt -R /shared/liuhj/tonglv/process/RefGnmRepeatRegion/repeatmasker_out/AE004091.2.fasta.masked.fasta
[Wed Mar 31 19:50:24 2021]
Finished job 22.
2 of 4 steps (50%) done
Select jobs to execute...

[Wed Mar 31 19:50:24 2021]
rule iSNV_snvSNP_AnnoStat_FiledOtherPA_FiltedRepeatRegion:
    input: /shared/liuhj/tonglv/process/person_ntfreq_tables/P3/all.iSNV_with_SNP.pyResults.txt, /shared/liuhj/tonglv/Infos/20210311-info.txt, /shared/liuhj/tonglv/process_bwaToOtherBacteria/PA-HomoRegions-FromOtherBacteria.txt, /shared/liuhj/tonglv/process/RefGnmRepeatRegion/repeatmasker_out/AE004091.2.fasta.masked.fasta
    output: /shared/liuhj/tonglv/process/person_ntfreq_tables/P3/20210331-snvSNP_AnnoStat_OtherBacFilted_RepeatFilted
    jobid: 24
    wildcards: person=P3

python  /shared/liuhj/tonglv/ICU_tonglv_scripts/iSNV_calling_bwa2_AE004091.2/iSNVpy_iSNV_snpeff_clade_stat.py  -i /shared/liuhj/tonglv/process/person_ntfreq_tables/P3/all.iSNV_with_SNP.pyResults.txt  		-f /shared/liuhj/tonglv/Infos/20210311-info.txt  -o  /shared/liuhj/tonglv/process/person_ntfreq_tables/P3/20210331-snvSNP_AnnoStat_OtherBacFilted_RepeatFilted -m 0.1  -M 0.9  -E /shared/liuhj/tonglv/process_bwaToOtherBacteria/PA-HomoRegions-FromOtherBacteria.txt -R /shared/liuhj/tonglv/process/RefGnmRepeatRegion/repeatmasker_out/AE004091.2.fasta.masked.fasta
[Wed Mar 31 19:50:46 2021]
Finished job 24.
3 of 4 steps (75%) done
Select jobs to execute...

[Wed Mar 31 19:50:46 2021]
localrule all:
    input: /shared/liuhj/tonglv/process/person_ntfreq_tables/P1/all.iSNV_with_SNP.pyResults.txt, /shared/liuhj/tonglv/process/person_ntfreq_tables/P2/all.iSNV_with_SNP.pyResults.txt, /shared/liuhj/tonglv/process/person_ntfreq_tables/P3/all.iSNV_with_SNP.pyResults.txt, /shared/liuhj/tonglv/process/person_ntfreq_tables/P4/all.iSNV_with_SNP.pyResults.txt, /shared/liuhj/tonglv/process/person_ntfreq_tables/P6/all.iSNV_with_SNP.pyResults.txt, /shared/liuhj/tonglv/process/person_ntfreq_tables/P7/all.iSNV_with_SNP.pyResults.txt, /shared/liuhj/tonglv/process/person_ntfreq_tables/P5_withP2/all.iSNV_with_SNP.pyResults.txt, /shared/liuhj/tonglv/process/person_ntfreq_tables/P1/snvNum_Stat_noSNV_OtherBacfilted, /shared/liuhj/tonglv/process/person_ntfreq_tables/P2/snvNum_Stat_noSNV_OtherBacfilted, /shared/liuhj/tonglv/process/person_ntfreq_tables/P3/snvNum_Stat_noSNV_OtherBacfilted, /shared/liuhj/tonglv/process/person_ntfreq_tables/P4/snvNum_Stat_noSNV_OtherBacfilted, /shared/liuhj/tonglv/process/person_ntfreq_tables/P6/snvNum_Stat_noSNV_OtherBacfilted, /shared/liuhj/tonglv/process/person_ntfreq_tables/P7/snvNum_Stat_noSNV_OtherBacfilted, /shared/liuhj/tonglv/process/person_ntfreq_tables/P5_withP2/snvNum_Stat_noSNV_OtherBacfilted, /shared/liuhj/tonglv/process/person_ntfreq_tables/P1/snvSNP_snpeff_Stat_OtherBacFilted, /shared/liuhj/tonglv/process/person_ntfreq_tables/P2/snvSNP_snpeff_Stat_OtherBacFilted, /shared/liuhj/tonglv/process/person_ntfreq_tables/P3/snvSNP_snpeff_Stat_OtherBacFilted, /shared/liuhj/tonglv/process/person_ntfreq_tables/P4/snvSNP_snpeff_Stat_OtherBacFilted, /shared/liuhj/tonglv/process/person_ntfreq_tables/P6/snvSNP_snpeff_Stat_OtherBacFilted, /shared/liuhj/tonglv/process/person_ntfreq_tables/P7/snvSNP_snpeff_Stat_OtherBacFilted, /shared/liuhj/tonglv/process/person_ntfreq_tables/P5_withP2/snvSNP_snpeff_Stat_OtherBacFilted, /shared/liuhj/tonglv/process/person_ntfreq_tables/P1/20210331-snvSNP_AnnoStat_OtherBacFilted_RepeatFilted, /shared/liuhj/tonglv/process/person_ntfreq_tables/P2/20210331-snvSNP_AnnoStat_OtherBacFilted_RepeatFilted, /shared/liuhj/tonglv/process/person_ntfreq_tables/P3/20210331-snvSNP_AnnoStat_OtherBacFilted_RepeatFilted, /shared/liuhj/tonglv/process/person_ntfreq_tables/P4/20210331-snvSNP_AnnoStat_OtherBacFilted_RepeatFilted, /shared/liuhj/tonglv/process/person_ntfreq_tables/P6/20210331-snvSNP_AnnoStat_OtherBacFilted_RepeatFilted, /shared/liuhj/tonglv/process/person_ntfreq_tables/P7/20210331-snvSNP_AnnoStat_OtherBacFilted_RepeatFilted, /shared/liuhj/tonglv/process/person_ntfreq_tables/P5_withP2/20210331-snvSNP_AnnoStat_OtherBacFilted_RepeatFilted
    jobid: 0

[Wed Mar 31 19:50:46 2021]
Finished job 0.
4 of 4 steps (100%) done
Complete log: /shared/liuhj/tonglv/ICU_tonglv_scripts/iSNV_calling_bwa2_AE004091.2/.snakemake/log/2021-03-31T195011.099617.snakemake.log
