Building DAG of jobs...
Using shell: /bin/bash
Provided cores: 1
Rules claiming more threads will be scaled down.
Job counts:
	count	jobs
	1	all
	1	snpeffAnno
	2

[Fri Apr  2 08:44:38 2021]
rule snpeffAnno:
    input: /shared/liuhj/tonglv/process/20210401-person_ntfreq_tables/P3-3/vcf
    output: /shared/liuhj/tonglv/process/20210401-person_ntfreq_tables/P3-3/vcf_snpeff
    jobid: 3
    wildcards: person=P3-3

bash /shared/liuhj/tonglv/ICU_tonglv_scripts/iSNV_calling_bwa2_AE004091.2/pipeline-snpeff.sh  /shared/liuhj/tonglv/process/20210401-person_ntfreq_tables/P3-3/vcf /shared/liuhj/tonglv/process/20210401-person_ntfreq_tables/P3-3/vcf_snpeff AE004091 /shared/liuhj/software/snpEff
[Fri Apr  2 08:44:38 2021]
Finished job 3.
1 of 2 steps (50%) done

[Fri Apr  2 08:44:38 2021]
localrule all:
    input: /shared/liuhj/tonglv/process/20210401-person_ntfreq_tables/P3-3/all.iSNV_with_SNP.pyResults.txt, /shared/liuhj/tonglv/process/20210401-person_ntfreq_tables/P3-3/vcf, /shared/liuhj/tonglv/process/20210401-person_ntfreq_tables/P3-3/vcf_snpeff
    jobid: 0

[Fri Apr  2 08:44:38 2021]
Finished job 0.
2 of 2 steps (100%) done
Complete log: /shared/liuhj/tonglv/ICU_tonglv_scripts/iSNV_calling_bwa2_AE004091.2/.snakemake/log/2021-04-02T084438.533667.snakemake.log
