The flag 'directory' used in rule consensusGnm_prokkaAnno is only valid for outputs, not inputs.
Building DAG of jobs...
Using shell: /bin/bash
Provided cores: 1
Rules claiming more threads will be scaled down.
Job counts:
	count	jobs
	1	all
	7	iSNV_SNP_consensusGnm
	8

[Mon Mar 22 09:40:30 2021]
rule iSNV_SNP_consensusGnm:
    input: /shared/liuhj/tonglv/process/person_ntfreq_tables/P5_withP2/all.iSNV_with_SNP.pyResults.txt, /shared/liuhj/tonglv/process/person_ntfreq_tables/P5_withP2/out.samps-ntfreq.bigtable.txt, /shared/liuhj/tonglv/ref/ref_tonglv_AE004091.2/AE004091.2.fna
    output: /shared/liuhj/tonglv/process/person_ntfreq_tables/P5_withP2/subGnm
    jobid: 14
    wildcards: person=P5_withP2

python  /shared/liuhj/tonglv/ICU_tonglv_scripts/iSNV_calling_bwa2_AE004091.2/iSNVpy_iSNVtable_RefGnmtihuanSNP.py   -i /shared/liuhj/tonglv/process/person_ntfreq_tables/P5_withP2/all.iSNV_with_SNP.pyResults.txt  		-n /shared/liuhj/tonglv/process/person_ntfreq_tables/P5_withP2/out.samps-ntfreq.bigtable.txt  -r  /shared/liuhj/tonglv/ref/ref_tonglv_AE004091.2/AE004091.2.fna -o  /shared/liuhj/tonglv/process/person_ntfreq_tables/P5_withP2/subGnm -m 0.9  
[Mon Mar 22 09:42:05 2021]
Finished job 14.
1 of 8 steps (12%) done

[Mon Mar 22 09:42:05 2021]
rule iSNV_SNP_consensusGnm:
    input: /shared/liuhj/tonglv/process/person_ntfreq_tables/P3/all.iSNV_with_SNP.pyResults.txt, /shared/liuhj/tonglv/process/person_ntfreq_tables/P3/out.samps-ntfreq.bigtable.txt, /shared/liuhj/tonglv/ref/ref_tonglv_AE004091.2/AE004091.2.fna
    output: /shared/liuhj/tonglv/process/person_ntfreq_tables/P3/subGnm
    jobid: 10
    wildcards: person=P3

python  /shared/liuhj/tonglv/ICU_tonglv_scripts/iSNV_calling_bwa2_AE004091.2/iSNVpy_iSNVtable_RefGnmtihuanSNP.py   -i /shared/liuhj/tonglv/process/person_ntfreq_tables/P3/all.iSNV_with_SNP.pyResults.txt  		-n /shared/liuhj/tonglv/process/person_ntfreq_tables/P3/out.samps-ntfreq.bigtable.txt  -r  /shared/liuhj/tonglv/ref/ref_tonglv_AE004091.2/AE004091.2.fna -o  /shared/liuhj/tonglv/process/person_ntfreq_tables/P3/subGnm -m 0.9  
[Mon Mar 22 09:43:30 2021]
Finished job 10.
2 of 8 steps (25%) done

[Mon Mar 22 09:43:30 2021]
rule iSNV_SNP_consensusGnm:
    input: /shared/liuhj/tonglv/process/person_ntfreq_tables/P1/all.iSNV_with_SNP.pyResults.txt, /shared/liuhj/tonglv/process/person_ntfreq_tables/P1/out.samps-ntfreq.bigtable.txt, /shared/liuhj/tonglv/ref/ref_tonglv_AE004091.2/AE004091.2.fna
    output: /shared/liuhj/tonglv/process/person_ntfreq_tables/P1/subGnm
    jobid: 8
    wildcards: person=P1

python  /shared/liuhj/tonglv/ICU_tonglv_scripts/iSNV_calling_bwa2_AE004091.2/iSNVpy_iSNVtable_RefGnmtihuanSNP.py   -i /shared/liuhj/tonglv/process/person_ntfreq_tables/P1/all.iSNV_with_SNP.pyResults.txt  		-n /shared/liuhj/tonglv/process/person_ntfreq_tables/P1/out.samps-ntfreq.bigtable.txt  -r  /shared/liuhj/tonglv/ref/ref_tonglv_AE004091.2/AE004091.2.fna -o  /shared/liuhj/tonglv/process/person_ntfreq_tables/P1/subGnm -m 0.9  
[Mon Mar 22 09:44:42 2021]
Finished job 8.
3 of 8 steps (38%) done

[Mon Mar 22 09:44:42 2021]
rule iSNV_SNP_consensusGnm:
    input: /shared/liuhj/tonglv/process/person_ntfreq_tables/P4/all.iSNV_with_SNP.pyResults.txt, /shared/liuhj/tonglv/process/person_ntfreq_tables/P4/out.samps-ntfreq.bigtable.txt, /shared/liuhj/tonglv/ref/ref_tonglv_AE004091.2/AE004091.2.fna
    output: /shared/liuhj/tonglv/process/person_ntfreq_tables/P4/subGnm
    jobid: 11
    wildcards: person=P4

python  /shared/liuhj/tonglv/ICU_tonglv_scripts/iSNV_calling_bwa2_AE004091.2/iSNVpy_iSNVtable_RefGnmtihuanSNP.py   -i /shared/liuhj/tonglv/process/person_ntfreq_tables/P4/all.iSNV_with_SNP.pyResults.txt  		-n /shared/liuhj/tonglv/process/person_ntfreq_tables/P4/out.samps-ntfreq.bigtable.txt  -r  /shared/liuhj/tonglv/ref/ref_tonglv_AE004091.2/AE004091.2.fna -o  /shared/liuhj/tonglv/process/person_ntfreq_tables/P4/subGnm -m 0.9  
[Mon Mar 22 09:45:33 2021]
Finished job 11.
4 of 8 steps (50%) done

[Mon Mar 22 09:45:33 2021]
rule iSNV_SNP_consensusGnm:
    input: /shared/liuhj/tonglv/process/person_ntfreq_tables/P6/all.iSNV_with_SNP.pyResults.txt, /shared/liuhj/tonglv/process/person_ntfreq_tables/P6/out.samps-ntfreq.bigtable.txt, /shared/liuhj/tonglv/ref/ref_tonglv_AE004091.2/AE004091.2.fna
    output: /shared/liuhj/tonglv/process/person_ntfreq_tables/P6/subGnm
    jobid: 12
    wildcards: person=P6

python  /shared/liuhj/tonglv/ICU_tonglv_scripts/iSNV_calling_bwa2_AE004091.2/iSNVpy_iSNVtable_RefGnmtihuanSNP.py   -i /shared/liuhj/tonglv/process/person_ntfreq_tables/P6/all.iSNV_with_SNP.pyResults.txt  		-n /shared/liuhj/tonglv/process/person_ntfreq_tables/P6/out.samps-ntfreq.bigtable.txt  -r  /shared/liuhj/tonglv/ref/ref_tonglv_AE004091.2/AE004091.2.fna -o  /shared/liuhj/tonglv/process/person_ntfreq_tables/P6/subGnm -m 0.9  
[Mon Mar 22 09:46:09 2021]
Finished job 12.
5 of 8 steps (62%) done

[Mon Mar 22 09:46:09 2021]
rule iSNV_SNP_consensusGnm:
    input: /shared/liuhj/tonglv/process/person_ntfreq_tables/P7/all.iSNV_with_SNP.pyResults.txt, /shared/liuhj/tonglv/process/person_ntfreq_tables/P7/out.samps-ntfreq.bigtable.txt, /shared/liuhj/tonglv/ref/ref_tonglv_AE004091.2/AE004091.2.fna
    output: /shared/liuhj/tonglv/process/person_ntfreq_tables/P7/subGnm
    jobid: 13
    wildcards: person=P7

python  /shared/liuhj/tonglv/ICU_tonglv_scripts/iSNV_calling_bwa2_AE004091.2/iSNVpy_iSNVtable_RefGnmtihuanSNP.py   -i /shared/liuhj/tonglv/process/person_ntfreq_tables/P7/all.iSNV_with_SNP.pyResults.txt  		-n /shared/liuhj/tonglv/process/person_ntfreq_tables/P7/out.samps-ntfreq.bigtable.txt  -r  /shared/liuhj/tonglv/ref/ref_tonglv_AE004091.2/AE004091.2.fna -o  /shared/liuhj/tonglv/process/person_ntfreq_tables/P7/subGnm -m 0.9  
[Mon Mar 22 09:46:44 2021]
Finished job 13.
6 of 8 steps (75%) done

[Mon Mar 22 09:46:44 2021]
rule iSNV_SNP_consensusGnm:
    input: /shared/liuhj/tonglv/process/person_ntfreq_tables/P2/all.iSNV_with_SNP.pyResults.txt, /shared/liuhj/tonglv/process/person_ntfreq_tables/P2/out.samps-ntfreq.bigtable.txt, /shared/liuhj/tonglv/ref/ref_tonglv_AE004091.2/AE004091.2.fna
    output: /shared/liuhj/tonglv/process/person_ntfreq_tables/P2/subGnm
    jobid: 9
    wildcards: person=P2

python  /shared/liuhj/tonglv/ICU_tonglv_scripts/iSNV_calling_bwa2_AE004091.2/iSNVpy_iSNVtable_RefGnmtihuanSNP.py   -i /shared/liuhj/tonglv/process/person_ntfreq_tables/P2/all.iSNV_with_SNP.pyResults.txt  		-n /shared/liuhj/tonglv/process/person_ntfreq_tables/P2/out.samps-ntfreq.bigtable.txt  -r  /shared/liuhj/tonglv/ref/ref_tonglv_AE004091.2/AE004091.2.fna -o  /shared/liuhj/tonglv/process/person_ntfreq_tables/P2/subGnm -m 0.9  
[Mon Mar 22 09:47:02 2021]
Finished job 9.
7 of 8 steps (88%) done

[Mon Mar 22 09:47:02 2021]
localrule all:
    input: /shared/liuhj/tonglv/process/person_ntfreq_tables/P1/all.iSNV_with_SNP.pyResults.txt, /shared/liuhj/tonglv/process/person_ntfreq_tables/P2/all.iSNV_with_SNP.pyResults.txt, /shared/liuhj/tonglv/process/person_ntfreq_tables/P3/all.iSNV_with_SNP.pyResults.txt, /shared/liuhj/tonglv/process/person_ntfreq_tables/P4/all.iSNV_with_SNP.pyResults.txt, /shared/liuhj/tonglv/process/person_ntfreq_tables/P6/all.iSNV_with_SNP.pyResults.txt, /shared/liuhj/tonglv/process/person_ntfreq_tables/P7/all.iSNV_with_SNP.pyResults.txt, /shared/liuhj/tonglv/process/person_ntfreq_tables/P5_withP2/all.iSNV_with_SNP.pyResults.txt, /shared/liuhj/tonglv/process/person_ntfreq_tables/P1/subGnm, /shared/liuhj/tonglv/process/person_ntfreq_tables/P2/subGnm, /shared/liuhj/tonglv/process/person_ntfreq_tables/P3/subGnm, /shared/liuhj/tonglv/process/person_ntfreq_tables/P4/subGnm, /shared/liuhj/tonglv/process/person_ntfreq_tables/P6/subGnm, /shared/liuhj/tonglv/process/person_ntfreq_tables/P7/subGnm, /shared/liuhj/tonglv/process/person_ntfreq_tables/P5_withP2/subGnm
    jobid: 0

[Mon Mar 22 09:47:02 2021]
Finished job 0.
8 of 8 steps (100%) done
Complete log: /shared/liuhj/tonglv/ICU_tonglv_scripts/iSNV_calling_bwa2_AE004091.2/.snakemake/log/2021-03-22T094030.049541.snakemake.log
