Building DAG of jobs...
Using shell: /bin/bash
Provided cores: 1
Rules claiming more threads will be scaled down.
Job counts:
	count	jobs
	1	all
	11	snpeffAnno
	12

[Fri Apr  2 08:50:14 2021]
rule snpeffAnno:
    input: /shared/liuhj/tonglv/process/20210401-person_ntfreq_tables/P4/vcf
    output: /shared/liuhj/tonglv/process/20210401-person_ntfreq_tables/P4/vcf_snpeff
    jobid: 27
    wildcards: person=P4

bash /shared/liuhj/tonglv/ICU_tonglv_scripts/iSNV_calling_bwa2_AE004091.2/pipeline-snpeff.sh  /shared/liuhj/tonglv/process/20210401-person_ntfreq_tables/P4/vcf /shared/liuhj/tonglv/process/20210401-person_ntfreq_tables/P4/vcf_snpeff AE004091 /shared/liuhj/software/snpEff
[Fri Apr  2 08:51:31 2021]
Finished job 27.
1 of 12 steps (8%) done

[Fri Apr  2 08:51:31 2021]
rule snpeffAnno:
    input: /shared/liuhj/tonglv/process/20210401-person_ntfreq_tables/P6/vcf
    output: /shared/liuhj/tonglv/process/20210401-person_ntfreq_tables/P6/vcf_snpeff
    jobid: 28
    wildcards: person=P6

bash /shared/liuhj/tonglv/ICU_tonglv_scripts/iSNV_calling_bwa2_AE004091.2/pipeline-snpeff.sh  /shared/liuhj/tonglv/process/20210401-person_ntfreq_tables/P6/vcf /shared/liuhj/tonglv/process/20210401-person_ntfreq_tables/P6/vcf_snpeff AE004091 /shared/liuhj/software/snpEff
[Fri Apr  2 08:52:13 2021]
Finished job 28.
2 of 12 steps (17%) done

[Fri Apr  2 08:52:13 2021]
rule snpeffAnno:
    input: /shared/liuhj/tonglv/process/20210401-person_ntfreq_tables/P3/vcf
    output: /shared/liuhj/tonglv/process/20210401-person_ntfreq_tables/P3/vcf_snpeff
    jobid: 26
    wildcards: person=P3

bash /shared/liuhj/tonglv/ICU_tonglv_scripts/iSNV_calling_bwa2_AE004091.2/pipeline-snpeff.sh  /shared/liuhj/tonglv/process/20210401-person_ntfreq_tables/P3/vcf /shared/liuhj/tonglv/process/20210401-person_ntfreq_tables/P3/vcf_snpeff AE004091 /shared/liuhj/software/snpEff
[Fri Apr  2 08:54:29 2021]
Finished job 26.
3 of 12 steps (25%) done

[Fri Apr  2 08:54:29 2021]
rule snpeffAnno:
    input: /shared/liuhj/tonglv/process/20210401-person_ntfreq_tables/P1/vcf
    output: /shared/liuhj/tonglv/process/20210401-person_ntfreq_tables/P1/vcf_snpeff
    jobid: 25
    wildcards: person=P1

bash /shared/liuhj/tonglv/ICU_tonglv_scripts/iSNV_calling_bwa2_AE004091.2/pipeline-snpeff.sh  /shared/liuhj/tonglv/process/20210401-person_ntfreq_tables/P1/vcf /shared/liuhj/tonglv/process/20210401-person_ntfreq_tables/P1/vcf_snpeff AE004091 /shared/liuhj/software/snpEff
[Fri Apr  2 08:56:15 2021]
Finished job 25.
4 of 12 steps (33%) done

[Fri Apr  2 08:56:15 2021]
rule snpeffAnno:
    input: /shared/liuhj/tonglv/process/20210401-person_ntfreq_tables/P3-1/vcf
    output: /shared/liuhj/tonglv/process/20210401-person_ntfreq_tables/P3-1/vcf_snpeff
    jobid: 34
    wildcards: person=P3-1

bash /shared/liuhj/tonglv/ICU_tonglv_scripts/iSNV_calling_bwa2_AE004091.2/pipeline-snpeff.sh  /shared/liuhj/tonglv/process/20210401-person_ntfreq_tables/P3-1/vcf /shared/liuhj/tonglv/process/20210401-person_ntfreq_tables/P3-1/vcf_snpeff AE004091 /shared/liuhj/software/snpEff
[Fri Apr  2 08:57:25 2021]
Finished job 34.
5 of 12 steps (42%) done

[Fri Apr  2 08:57:25 2021]
rule snpeffAnno:
    input: /shared/liuhj/tonglv/process/20210401-person_ntfreq_tables/P7/vcf
    output: /shared/liuhj/tonglv/process/20210401-person_ntfreq_tables/P7/vcf_snpeff
    jobid: 29
    wildcards: person=P7

bash /shared/liuhj/tonglv/ICU_tonglv_scripts/iSNV_calling_bwa2_AE004091.2/pipeline-snpeff.sh  /shared/liuhj/tonglv/process/20210401-person_ntfreq_tables/P7/vcf /shared/liuhj/tonglv/process/20210401-person_ntfreq_tables/P7/vcf_snpeff AE004091 /shared/liuhj/software/snpEff
[Fri Apr  2 08:58:07 2021]
Finished job 29.
6 of 12 steps (50%) done

[Fri Apr  2 08:58:07 2021]
rule snpeffAnno:
    input: /shared/liuhj/tonglv/process/20210401-person_ntfreq_tables/P5_withP2/vcf
    output: /shared/liuhj/tonglv/process/20210401-person_ntfreq_tables/P5_withP2/vcf_snpeff
    jobid: 30
    wildcards: person=P5_withP2

bash /shared/liuhj/tonglv/ICU_tonglv_scripts/iSNV_calling_bwa2_AE004091.2/pipeline-snpeff.sh  /shared/liuhj/tonglv/process/20210401-person_ntfreq_tables/P5_withP2/vcf /shared/liuhj/tonglv/process/20210401-person_ntfreq_tables/P5_withP2/vcf_snpeff AE004091 /shared/liuhj/software/snpEff
[Fri Apr  2 09:00:14 2021]
Finished job 30.
7 of 12 steps (58%) done

[Fri Apr  2 09:00:14 2021]
rule snpeffAnno:
    input: /shared/liuhj/tonglv/process/20210401-person_ntfreq_tables/P5-1/vcf
    output: /shared/liuhj/tonglv/process/20210401-person_ntfreq_tables/P5-1/vcf_snpeff
    jobid: 31
    wildcards: person=P5-1

bash /shared/liuhj/tonglv/ICU_tonglv_scripts/iSNV_calling_bwa2_AE004091.2/pipeline-snpeff.sh  /shared/liuhj/tonglv/process/20210401-person_ntfreq_tables/P5-1/vcf /shared/liuhj/tonglv/process/20210401-person_ntfreq_tables/P5-1/vcf_snpeff AE004091 /shared/liuhj/software/snpEff
[Fri Apr  2 09:01:04 2021]
Finished job 31.
8 of 12 steps (67%) done

[Fri Apr  2 09:01:04 2021]
rule snpeffAnno:
    input: /shared/liuhj/tonglv/process/20210401-person_ntfreq_tables/P3-2/vcf
    output: /shared/liuhj/tonglv/process/20210401-person_ntfreq_tables/P3-2/vcf_snpeff
    jobid: 35
    wildcards: person=P3-2

bash /shared/liuhj/tonglv/ICU_tonglv_scripts/iSNV_calling_bwa2_AE004091.2/pipeline-snpeff.sh  /shared/liuhj/tonglv/process/20210401-person_ntfreq_tables/P3-2/vcf /shared/liuhj/tonglv/process/20210401-person_ntfreq_tables/P3-2/vcf_snpeff AE004091 /shared/liuhj/software/snpEff
[Fri Apr  2 09:02:35 2021]
Finished job 35.
9 of 12 steps (75%) done

[Fri Apr  2 09:02:35 2021]
rule snpeffAnno:
    input: /shared/liuhj/tonglv/process/20210401-person_ntfreq_tables/P5-2/vcf
    output: /shared/liuhj/tonglv/process/20210401-person_ntfreq_tables/P5-2/vcf_snpeff
    jobid: 32
    wildcards: person=P5-2

bash /shared/liuhj/tonglv/ICU_tonglv_scripts/iSNV_calling_bwa2_AE004091.2/pipeline-snpeff.sh  /shared/liuhj/tonglv/process/20210401-person_ntfreq_tables/P5-2/vcf /shared/liuhj/tonglv/process/20210401-person_ntfreq_tables/P5-2/vcf_snpeff AE004091 /shared/liuhj/software/snpEff
[Fri Apr  2 09:03:23 2021]
Finished job 32.
10 of 12 steps (83%) done

[Fri Apr  2 09:03:23 2021]
rule snpeffAnno:
    input: /shared/liuhj/tonglv/process/20210401-person_ntfreq_tables/P5-3/vcf
    output: /shared/liuhj/tonglv/process/20210401-person_ntfreq_tables/P5-3/vcf_snpeff
    jobid: 33
    wildcards: person=P5-3

bash /shared/liuhj/tonglv/ICU_tonglv_scripts/iSNV_calling_bwa2_AE004091.2/pipeline-snpeff.sh  /shared/liuhj/tonglv/process/20210401-person_ntfreq_tables/P5-3/vcf /shared/liuhj/tonglv/process/20210401-person_ntfreq_tables/P5-3/vcf_snpeff AE004091 /shared/liuhj/software/snpEff
[Fri Apr  2 09:03:51 2021]
Finished job 33.
11 of 12 steps (92%) done

[Fri Apr  2 09:03:51 2021]
localrule all:
    input: /shared/liuhj/tonglv/process/20210401-person_ntfreq_tables/P1/all.iSNV_with_SNP.pyResults.txt, /shared/liuhj/tonglv/process/20210401-person_ntfreq_tables/P3/all.iSNV_with_SNP.pyResults.txt, /shared/liuhj/tonglv/process/20210401-person_ntfreq_tables/P4/all.iSNV_with_SNP.pyResults.txt, /shared/liuhj/tonglv/process/20210401-person_ntfreq_tables/P6/all.iSNV_with_SNP.pyResults.txt, /shared/liuhj/tonglv/process/20210401-person_ntfreq_tables/P7/all.iSNV_with_SNP.pyResults.txt, /shared/liuhj/tonglv/process/20210401-person_ntfreq_tables/P5_withP2/all.iSNV_with_SNP.pyResults.txt, /shared/liuhj/tonglv/process/20210401-person_ntfreq_tables/P5-1/all.iSNV_with_SNP.pyResults.txt, /shared/liuhj/tonglv/process/20210401-person_ntfreq_tables/P5-2/all.iSNV_with_SNP.pyResults.txt, /shared/liuhj/tonglv/process/20210401-person_ntfreq_tables/P5-3/all.iSNV_with_SNP.pyResults.txt, /shared/liuhj/tonglv/process/20210401-person_ntfreq_tables/P3-1/all.iSNV_with_SNP.pyResults.txt, /shared/liuhj/tonglv/process/20210401-person_ntfreq_tables/P3-2/all.iSNV_with_SNP.pyResults.txt, /shared/liuhj/tonglv/process/20210401-person_ntfreq_tables/P3-3/all.iSNV_with_SNP.pyResults.txt, /shared/liuhj/tonglv/process/20210401-person_ntfreq_tables/P1/vcf, /shared/liuhj/tonglv/process/20210401-person_ntfreq_tables/P3/vcf, /shared/liuhj/tonglv/process/20210401-person_ntfreq_tables/P4/vcf, /shared/liuhj/tonglv/process/20210401-person_ntfreq_tables/P6/vcf, /shared/liuhj/tonglv/process/20210401-person_ntfreq_tables/P7/vcf, /shared/liuhj/tonglv/process/20210401-person_ntfreq_tables/P5_withP2/vcf, /shared/liuhj/tonglv/process/20210401-person_ntfreq_tables/P5-1/vcf, /shared/liuhj/tonglv/process/20210401-person_ntfreq_tables/P5-2/vcf, /shared/liuhj/tonglv/process/20210401-person_ntfreq_tables/P5-3/vcf, /shared/liuhj/tonglv/process/20210401-person_ntfreq_tables/P3-1/vcf, /shared/liuhj/tonglv/process/20210401-person_ntfreq_tables/P3-2/vcf, /shared/liuhj/tonglv/process/20210401-person_ntfreq_tables/P3-3/vcf, /shared/liuhj/tonglv/process/20210401-person_ntfreq_tables/P1/vcf_snpeff, /shared/liuhj/tonglv/process/20210401-person_ntfreq_tables/P3/vcf_snpeff, /shared/liuhj/tonglv/process/20210401-person_ntfreq_tables/P4/vcf_snpeff, /shared/liuhj/tonglv/process/20210401-person_ntfreq_tables/P6/vcf_snpeff, /shared/liuhj/tonglv/process/20210401-person_ntfreq_tables/P7/vcf_snpeff, /shared/liuhj/tonglv/process/20210401-person_ntfreq_tables/P5_withP2/vcf_snpeff, /shared/liuhj/tonglv/process/20210401-person_ntfreq_tables/P5-1/vcf_snpeff, /shared/liuhj/tonglv/process/20210401-person_ntfreq_tables/P5-2/vcf_snpeff, /shared/liuhj/tonglv/process/20210401-person_ntfreq_tables/P5-3/vcf_snpeff, /shared/liuhj/tonglv/process/20210401-person_ntfreq_tables/P3-1/vcf_snpeff, /shared/liuhj/tonglv/process/20210401-person_ntfreq_tables/P3-2/vcf_snpeff, /shared/liuhj/tonglv/process/20210401-person_ntfreq_tables/P3-3/vcf_snpeff
    jobid: 0

[Fri Apr  2 09:03:51 2021]
Finished job 0.
12 of 12 steps (100%) done
Complete log: /shared/liuhj/tonglv/ICU_tonglv_scripts/iSNV_calling_bwa2_AE004091.2/.snakemake/log/2021-04-02T085014.420770.snakemake.log
