Building DAG of jobs...
Using shell: /bin/bash
Provided cores: 1 (use --cores to define parallelism)
Rules claiming more threads will be scaled down.
Job counts:
	count	jobs
	1	all
	3	iSNV_freq_distribut
	4
Select jobs to execute...

[Thu Mar 11 11:03:10 2021]
rule iSNV_freq_distribut:
    input: /shared/liuhj/tonglv/process/person_ntfreq_tables/P4/all.iSNV_with_SNP.pyResults.txt
    output: /shared/liuhj/tonglv/process/person_ntfreq_tables/P4/snvFreq_distribut_Stat
    jobid: 13
    wildcards: person=P4

python  /shared/liuhj/tonglv/ICU_tonglv_scripts/iSNV_calling_bwa2_AE004091.2/iSNVpy_Freq_distribut_Stat.py  -i /shared/liuhj/tonglv/process/person_ntfreq_tables/P4/all.iSNV_with_SNP.pyResults.txt -o  /shared/liuhj/tonglv/process/person_ntfreq_tables/P4/snvFreq_distribut_Stat -m 0.05  -M 1.0  -s 2  
[Thu Mar 11 11:03:16 2021]
Finished job 13.
1 of 4 steps (25%) done
Select jobs to execute...

[Thu Mar 11 11:03:16 2021]
rule iSNV_freq_distribut:
    input: /shared/liuhj/tonglv/process/person_ntfreq_tables/P1/all.iSNV_with_SNP.pyResults.txt
    output: /shared/liuhj/tonglv/process/person_ntfreq_tables/P1/snvFreq_distribut_Stat
    jobid: 10
    wildcards: person=P1

python  /shared/liuhj/tonglv/ICU_tonglv_scripts/iSNV_calling_bwa2_AE004091.2/iSNVpy_Freq_distribut_Stat.py  -i /shared/liuhj/tonglv/process/person_ntfreq_tables/P1/all.iSNV_with_SNP.pyResults.txt -o  /shared/liuhj/tonglv/process/person_ntfreq_tables/P1/snvFreq_distribut_Stat -m 0.05  -M 1.0  -s 2  
[Thu Mar 11 11:03:24 2021]
Finished job 10.
2 of 4 steps (50%) done
Select jobs to execute...

[Thu Mar 11 11:03:24 2021]
rule iSNV_freq_distribut:
    input: /shared/liuhj/tonglv/process/person_ntfreq_tables/P3/all.iSNV_with_SNP.pyResults.txt
    output: /shared/liuhj/tonglv/process/person_ntfreq_tables/P3/snvFreq_distribut_Stat
    jobid: 12
    wildcards: person=P3

python  /shared/liuhj/tonglv/ICU_tonglv_scripts/iSNV_calling_bwa2_AE004091.2/iSNVpy_Freq_distribut_Stat.py  -i /shared/liuhj/tonglv/process/person_ntfreq_tables/P3/all.iSNV_with_SNP.pyResults.txt -o  /shared/liuhj/tonglv/process/person_ntfreq_tables/P3/snvFreq_distribut_Stat -m 0.05  -M 1.0  -s 2  
[Thu Mar 11 11:03:37 2021]
Finished job 12.
3 of 4 steps (75%) done
Select jobs to execute...

[Thu Mar 11 11:03:37 2021]
localrule all:
    input: /shared/liuhj/tonglv/process/person_ntfreq_tables/P1/all.iSNV_with_SNP.pyResults.txt, /shared/liuhj/tonglv/process/person_ntfreq_tables/P2/all.iSNV_with_SNP.pyResults.txt, /shared/liuhj/tonglv/process/person_ntfreq_tables/P3/all.iSNV_with_SNP.pyResults.txt, /shared/liuhj/tonglv/process/person_ntfreq_tables/P4/all.iSNV_with_SNP.pyResults.txt, /shared/liuhj/tonglv/process/person_ntfreq_tables/P5/all.iSNV_with_SNP.pyResults.txt, /shared/liuhj/tonglv/process/person_ntfreq_tables/P6/all.iSNV_with_SNP.pyResults.txt, /shared/liuhj/tonglv/process/person_ntfreq_tables/P7/all.iSNV_with_SNP.pyResults.txt, /shared/liuhj/tonglv/process/person_ntfreq_tables/P5_withP2/all.iSNV_with_SNP.pyResults.txt, /shared/liuhj/tonglv/process/person_ntfreq_tables/P7_withP2/all.iSNV_with_SNP.pyResults.txt, /shared/liuhj/tonglv/process/person_ntfreq_tables/P1/snvFreq_distribut_Stat, /shared/liuhj/tonglv/process/person_ntfreq_tables/P2/snvFreq_distribut_Stat, /shared/liuhj/tonglv/process/person_ntfreq_tables/P3/snvFreq_distribut_Stat, /shared/liuhj/tonglv/process/person_ntfreq_tables/P4/snvFreq_distribut_Stat, /shared/liuhj/tonglv/process/person_ntfreq_tables/P5/snvFreq_distribut_Stat, /shared/liuhj/tonglv/process/person_ntfreq_tables/P6/snvFreq_distribut_Stat, /shared/liuhj/tonglv/process/person_ntfreq_tables/P7/snvFreq_distribut_Stat, /shared/liuhj/tonglv/process/person_ntfreq_tables/P5_withP2/snvFreq_distribut_Stat, /shared/liuhj/tonglv/process/person_ntfreq_tables/P7_withP2/snvFreq_distribut_Stat
    jobid: 0

[Thu Mar 11 11:03:37 2021]
Finished job 0.
4 of 4 steps (100%) done
Complete log: /shared/liuhj/tonglv/ICU_tonglv_scripts/iSNV_calling_bwa2_AE004091.2/.snakemake/log/2021-03-11T110310.686093.snakemake.log
