Building DAG of jobs...
Using shell: /bin/bash
Provided cores: 1 (use --cores to define parallelism)
Rules claiming more threads will be scaled down.
Job counts:
	count	jobs
	1	all
	7	iSNV_freq_distribut
	8
Select jobs to execute...

[Thu Feb 25 17:05:08 2021]
rule iSNV_freq_distribut:
    input: /shared/liuhj/tonglv/process/person_ntfreq_tables/P1/all.iSNV_with_SNP.pyResults.txt
    output: /shared/liuhj/tonglv/process/person_ntfreq_tables/P1/snvFreq_distribut_Stat
    jobid: 8
    wildcards: person=P1

python  /shared/liuhj/tonglv/ICU_tonglv_scripts/iSNV_calling_bwa2_AE004091.2/iSNVpy_Freq_distribut_Stat.py  -i /shared/liuhj/tonglv/process/person_ntfreq_tables/P1/all.iSNV_with_SNP.pyResults.txt -o  /shared/liuhj/tonglv/process/person_ntfreq_tables/P1/snvFreq_distribut_Stat -m 0.05  -M 0.95  -s 2  
[Thu Feb 25 17:05:17 2021]
Finished job 8.
1 of 8 steps (12%) done
Select jobs to execute...

[Thu Feb 25 17:05:17 2021]
rule iSNV_freq_distribut:
    input: /shared/liuhj/tonglv/process/person_ntfreq_tables/P7/all.iSNV_with_SNP.pyResults.txt
    output: /shared/liuhj/tonglv/process/person_ntfreq_tables/P7/snvFreq_distribut_Stat
    jobid: 14
    wildcards: person=P7

python  /shared/liuhj/tonglv/ICU_tonglv_scripts/iSNV_calling_bwa2_AE004091.2/iSNVpy_Freq_distribut_Stat.py  -i /shared/liuhj/tonglv/process/person_ntfreq_tables/P7/all.iSNV_with_SNP.pyResults.txt -o  /shared/liuhj/tonglv/process/person_ntfreq_tables/P7/snvFreq_distribut_Stat -m 0.05  -M 0.95  -s 2  
[Thu Feb 25 17:05:21 2021]
Finished job 14.
2 of 8 steps (25%) done
Select jobs to execute...

[Thu Feb 25 17:05:21 2021]
rule iSNV_freq_distribut:
    input: /shared/liuhj/tonglv/process/person_ntfreq_tables/P4/all.iSNV_with_SNP.pyResults.txt
    output: /shared/liuhj/tonglv/process/person_ntfreq_tables/P4/snvFreq_distribut_Stat
    jobid: 11
    wildcards: person=P4

python  /shared/liuhj/tonglv/ICU_tonglv_scripts/iSNV_calling_bwa2_AE004091.2/iSNVpy_Freq_distribut_Stat.py  -i /shared/liuhj/tonglv/process/person_ntfreq_tables/P4/all.iSNV_with_SNP.pyResults.txt -o  /shared/liuhj/tonglv/process/person_ntfreq_tables/P4/snvFreq_distribut_Stat -m 0.05  -M 0.95  -s 2  
[Thu Feb 25 17:05:27 2021]
Finished job 11.
3 of 8 steps (38%) done
Select jobs to execute...

[Thu Feb 25 17:05:27 2021]
rule iSNV_freq_distribut:
    input: /shared/liuhj/tonglv/process/person_ntfreq_tables/P2/all.iSNV_with_SNP.pyResults.txt
    output: /shared/liuhj/tonglv/process/person_ntfreq_tables/P2/snvFreq_distribut_Stat
    jobid: 9
    wildcards: person=P2

python  /shared/liuhj/tonglv/ICU_tonglv_scripts/iSNV_calling_bwa2_AE004091.2/iSNVpy_Freq_distribut_Stat.py  -i /shared/liuhj/tonglv/process/person_ntfreq_tables/P2/all.iSNV_with_SNP.pyResults.txt -o  /shared/liuhj/tonglv/process/person_ntfreq_tables/P2/snvFreq_distribut_Stat -m 0.05  -M 0.95  -s 2  
[Thu Feb 25 17:05:28 2021]
Finished job 9.
4 of 8 steps (50%) done
Select jobs to execute...

[Thu Feb 25 17:05:28 2021]
rule iSNV_freq_distribut:
    input: /shared/liuhj/tonglv/process/person_ntfreq_tables/P6/all.iSNV_with_SNP.pyResults.txt
    output: /shared/liuhj/tonglv/process/person_ntfreq_tables/P6/snvFreq_distribut_Stat
    jobid: 13
    wildcards: person=P6

python  /shared/liuhj/tonglv/ICU_tonglv_scripts/iSNV_calling_bwa2_AE004091.2/iSNVpy_Freq_distribut_Stat.py  -i /shared/liuhj/tonglv/process/person_ntfreq_tables/P6/all.iSNV_with_SNP.pyResults.txt -o  /shared/liuhj/tonglv/process/person_ntfreq_tables/P6/snvFreq_distribut_Stat -m 0.05  -M 0.95  -s 2  
[Thu Feb 25 17:05:32 2021]
Finished job 13.
5 of 8 steps (62%) done
Select jobs to execute...

[Thu Feb 25 17:05:32 2021]
rule iSNV_freq_distribut:
    input: /shared/liuhj/tonglv/process/person_ntfreq_tables/P3/all.iSNV_with_SNP.pyResults.txt
    output: /shared/liuhj/tonglv/process/person_ntfreq_tables/P3/snvFreq_distribut_Stat
    jobid: 10
    wildcards: person=P3

python  /shared/liuhj/tonglv/ICU_tonglv_scripts/iSNV_calling_bwa2_AE004091.2/iSNVpy_Freq_distribut_Stat.py  -i /shared/liuhj/tonglv/process/person_ntfreq_tables/P3/all.iSNV_with_SNP.pyResults.txt -o  /shared/liuhj/tonglv/process/person_ntfreq_tables/P3/snvFreq_distribut_Stat -m 0.05  -M 0.95  -s 2  
Terminating processes on user request, this might take some time.
[Thu Feb 25 17:05:37 2021]
Error in rule iSNV_freq_distribut:
    jobid: 10
    output: /shared/liuhj/tonglv/process/person_ntfreq_tables/P3/snvFreq_distribut_Stat
    shell:
        python  /shared/liuhj/tonglv/ICU_tonglv_scripts/iSNV_calling_bwa2_AE004091.2/iSNVpy_Freq_distribut_Stat.py  -i /shared/liuhj/tonglv/process/person_ntfreq_tables/P3/all.iSNV_with_SNP.pyResults.txt -o  /shared/liuhj/tonglv/process/person_ntfreq_tables/P3/snvFreq_distribut_Stat -m 0.05  -M 0.95  -s 2  
        (one of the commands exited with non-zero exit code; note that snakemake uses bash strict mode!)

Removing output files of failed job iSNV_freq_distribut since they might be corrupted:
/shared/liuhj/tonglv/process/person_ntfreq_tables/P3/snvFreq_distribut_Stat
Complete log: /shared/liuhj/tonglv/ICU_tonglv_scripts/iSNV_calling_bwa2_AE004091.2/.snakemake/log/2021-02-25T170508.714241.snakemake.log
