Building DAG of jobs...
Using shell: /bin/bash
Provided cores: 1 (use --cores to define parallelism)
Rules claiming more threads will be scaled down.
Job counts:
	count	jobs
	1	all
	9	iSNV_freq_distribut
	10
Select jobs to execute...

[Thu Mar 11 11:01:33 2021]
rule iSNV_freq_distribut:
    input: /shared/liuhj/tonglv/process/person_ntfreq_tables/P7_withP2/all.iSNV_with_SNP.pyResults.txt
    output: /shared/liuhj/tonglv/process/person_ntfreq_tables/P7_withP2/snvFreq_distribut_Stat
    jobid: 18
    wildcards: person=P7_withP2

python  /shared/liuhj/tonglv/ICU_tonglv_scripts/iSNV_calling_bwa2_AE004091.2/iSNVpy_Freq_distribut_Stat.py  -i /shared/liuhj/tonglv/process/person_ntfreq_tables/P7_withP2/all.iSNV_with_SNP.pyResults.txt -o  /shared/liuhj/tonglv/process/person_ntfreq_tables/P7_withP2/snvFreq_distribut_Stat -m 0.05  -M 1.0  -s 2  
[Thu Mar 11 11:01:38 2021]
Finished job 18.
1 of 10 steps (10%) done
Select jobs to execute...

[Thu Mar 11 11:01:38 2021]
rule iSNV_freq_distribut:
    input: /shared/liuhj/tonglv/process/person_ntfreq_tables/P7/all.iSNV_with_SNP.pyResults.txt
    output: /shared/liuhj/tonglv/process/person_ntfreq_tables/P7/snvFreq_distribut_Stat
    jobid: 16
    wildcards: person=P7

python  /shared/liuhj/tonglv/ICU_tonglv_scripts/iSNV_calling_bwa2_AE004091.2/iSNVpy_Freq_distribut_Stat.py  -i /shared/liuhj/tonglv/process/person_ntfreq_tables/P7/all.iSNV_with_SNP.pyResults.txt -o  /shared/liuhj/tonglv/process/person_ntfreq_tables/P7/snvFreq_distribut_Stat -m 0.05  -M 1.0  -s 2  
[Thu Mar 11 11:01:41 2021]
Finished job 16.
2 of 10 steps (20%) done
Select jobs to execute...

[Thu Mar 11 11:01:41 2021]
rule iSNV_freq_distribut:
    input: /shared/liuhj/tonglv/process/person_ntfreq_tables/P5/all.iSNV_with_SNP.pyResults.txt
    output: /shared/liuhj/tonglv/process/person_ntfreq_tables/P5/snvFreq_distribut_Stat
    jobid: 14
    wildcards: person=P5

python  /shared/liuhj/tonglv/ICU_tonglv_scripts/iSNV_calling_bwa2_AE004091.2/iSNVpy_Freq_distribut_Stat.py  -i /shared/liuhj/tonglv/process/person_ntfreq_tables/P5/all.iSNV_with_SNP.pyResults.txt -o  /shared/liuhj/tonglv/process/person_ntfreq_tables/P5/snvFreq_distribut_Stat -m 0.05  -M 1.0  -s 2  
[Thu Mar 11 11:01:53 2021]
Finished job 14.
3 of 10 steps (30%) done
Select jobs to execute...

[Thu Mar 11 11:01:53 2021]
rule iSNV_freq_distribut:
    input: /shared/liuhj/tonglv/process/person_ntfreq_tables/P2/all.iSNV_with_SNP.pyResults.txt
    output: /shared/liuhj/tonglv/process/person_ntfreq_tables/P2/snvFreq_distribut_Stat
    jobid: 11
    wildcards: person=P2

python  /shared/liuhj/tonglv/ICU_tonglv_scripts/iSNV_calling_bwa2_AE004091.2/iSNVpy_Freq_distribut_Stat.py  -i /shared/liuhj/tonglv/process/person_ntfreq_tables/P2/all.iSNV_with_SNP.pyResults.txt -o  /shared/liuhj/tonglv/process/person_ntfreq_tables/P2/snvFreq_distribut_Stat -m 0.05  -M 1.0  -s 2  
[Thu Mar 11 11:01:54 2021]
Finished job 11.
4 of 10 steps (40%) done
Select jobs to execute...

[Thu Mar 11 11:01:54 2021]
rule iSNV_freq_distribut:
    input: /shared/liuhj/tonglv/process/person_ntfreq_tables/P5_withP2/all.iSNV_with_SNP.pyResults.txt
    output: /shared/liuhj/tonglv/process/person_ntfreq_tables/P5_withP2/snvFreq_distribut_Stat
    jobid: 17
    wildcards: person=P5_withP2

python  /shared/liuhj/tonglv/ICU_tonglv_scripts/iSNV_calling_bwa2_AE004091.2/iSNVpy_Freq_distribut_Stat.py  -i /shared/liuhj/tonglv/process/person_ntfreq_tables/P5_withP2/all.iSNV_with_SNP.pyResults.txt -o  /shared/liuhj/tonglv/process/person_ntfreq_tables/P5_withP2/snvFreq_distribut_Stat -m 0.05  -M 1.0  -s 2  
Terminating processes on user request, this might take some time.
[Thu Mar 11 11:02:06 2021]
Finished job 17.
5 of 10 steps (50%) done
Complete log: /shared/liuhj/tonglv/ICU_tonglv_scripts/iSNV_calling_bwa2_AE004091.2/.snakemake/log/2021-03-11T110133.868754.snakemake.log
