Building DAG of jobs...
Using shell: /bin/bash
Provided cores: 1 (use --cores to define parallelism)
Rules claiming more threads will be scaled down.
Job counts:
	count	jobs
	1	all
	2	ntfreq_2_FreqBigtable
	3
Select jobs to execute...

[Fri Mar 12 18:28:25 2021]
rule ntfreq_2_FreqBigtable:
    input: /shared/liuhj/tonglv/process/person_ntfreq_tables/P5_withP2_ntfreq_file_list.txt, /shared/liuhj/tonglv/ref/ref_tonglv_AE004091.2/AE004091.2.fna
    output: /shared/liuhj/tonglv/process/person_ntfreq_tables/P5_withP2/all.iSNV_with_SNP.pyResults.txt
    jobid: 1
    wildcards: person=P5_withP2

python /shared/liuhj/tonglv/ICU_tonglv_scripts/iSNV_calling_bwa2_AE004091.2/step6_read_ntfreq.py  -i  /shared/liuhj/tonglv/process/person_ntfreq_tables/P5_withP2_ntfreq_file_list.txt -r /shared/liuhj/tonglv/ref/ref_tonglv_AE004091.2/AE004091.2.fna  -o /shared/liuhj/tonglv/process/person_ntfreq_tables/P5_withP2  		-D  50 -A 5 -N 100 -F 0.02 -S 0.0 
[Fri Mar 12 18:52:41 2021]
Finished job 1.
1 of 3 steps (33%) done
Select jobs to execute...

[Fri Mar 12 18:52:41 2021]
rule ntfreq_2_FreqBigtable:
    input: /shared/liuhj/tonglv/process/person_ntfreq_tables/P7_withP2_ntfreq_file_list.txt, /shared/liuhj/tonglv/ref/ref_tonglv_AE004091.2/AE004091.2.fna
    output: /shared/liuhj/tonglv/process/person_ntfreq_tables/P7_withP2/all.iSNV_with_SNP.pyResults.txt
    jobid: 2
    wildcards: person=P7_withP2

python /shared/liuhj/tonglv/ICU_tonglv_scripts/iSNV_calling_bwa2_AE004091.2/step6_read_ntfreq.py  -i  /shared/liuhj/tonglv/process/person_ntfreq_tables/P7_withP2_ntfreq_file_list.txt -r /shared/liuhj/tonglv/ref/ref_tonglv_AE004091.2/AE004091.2.fna  -o /shared/liuhj/tonglv/process/person_ntfreq_tables/P7_withP2  		-D  50 -A 5 -N 100 -F 0.02 -S 0.0 
[Fri Mar 12 19:02:00 2021]
Finished job 2.
2 of 3 steps (67%) done
Select jobs to execute...

[Fri Mar 12 19:02:00 2021]
localrule all:
    input: /shared/liuhj/tonglv/process/person_ntfreq_tables/P5_withP2/all.iSNV_with_SNP.pyResults.txt, /shared/liuhj/tonglv/process/person_ntfreq_tables/P7_withP2/all.iSNV_with_SNP.pyResults.txt
    jobid: 0

[Fri Mar 12 19:02:00 2021]
Finished job 0.
3 of 3 steps (100%) done
Complete log: /shared/liuhj/tonglv/ICU_tonglv_scripts/iSNV_calling_bwa2_AE004091.2/.snakemake/log/2021-03-12T182825.571884.snakemake.log
