Building DAG of jobs...
Using shell: /bin/bash
Provided cores: 1 (use --cores to define parallelism)
Rules claiming more threads will be scaled down.
Job counts:
	count	jobs
	1	all
	1	ntfreq_2_FreqBigtable
	2
Select jobs to execute...

[Tue Mar 16 14:01:07 2021]
rule ntfreq_2_FreqBigtable:
    input: /shared/liuhj/tonglv/process/person_ntfreq_tables/0028_0134_ntfreq_file_list.txt, /shared/liuhj/tonglv/ref/ref_tonglv_AE004091.2/AE004091.2.fna
    output: /shared/liuhj/tonglv/process/person_ntfreq_tables/0028_0134/all.iSNV_with_SNP.pyResults.txt, /shared/liuhj/tonglv/process/person_ntfreq_tables/0028_0134/out.samps-ntfreq.bigtable.txt
    jobid: 1
    wildcards: person=0028_0134

python /shared/liuhj/tonglv/ICU_tonglv_scripts/iSNV_calling_bwa2_AE004091.2/step6_read_ntfreq.py  -i  /shared/liuhj/tonglv/process/person_ntfreq_tables/0028_0134_ntfreq_file_list.txt -r /shared/liuhj/tonglv/ref/ref_tonglv_AE004091.2/AE004091.2.fna  -o /shared/liuhj/tonglv/process/person_ntfreq_tables/0028_0134  		-D  50 -A 5 -N 100 -F 0.02 -S 0.0 
[Tue Mar 16 14:01:08 2021]
Error in rule ntfreq_2_FreqBigtable:
    jobid: 1
    output: /shared/liuhj/tonglv/process/person_ntfreq_tables/0028_0134/all.iSNV_with_SNP.pyResults.txt, /shared/liuhj/tonglv/process/person_ntfreq_tables/0028_0134/out.samps-ntfreq.bigtable.txt
    shell:
        python /shared/liuhj/tonglv/ICU_tonglv_scripts/iSNV_calling_bwa2_AE004091.2/step6_read_ntfreq.py  -i  /shared/liuhj/tonglv/process/person_ntfreq_tables/0028_0134_ntfreq_file_list.txt -r /shared/liuhj/tonglv/ref/ref_tonglv_AE004091.2/AE004091.2.fna  -o /shared/liuhj/tonglv/process/person_ntfreq_tables/0028_0134  		-D  50 -A 5 -N 100 -F 0.02 -S 0.0 
        (one of the commands exited with non-zero exit code; note that snakemake uses bash strict mode!)

Shutting down, this might take some time.
Exiting because a job execution failed. Look above for error message
Complete log: /shared/liuhj/tonglv/ICU_tonglv_scripts/iSNV_calling_bwa2_AE004091.2/.snakemake/log/2021-03-16T140107.905075.snakemake.log
