Building DAG of jobs...
Using shell: /bin/bash
Provided cores: 1
Rules claiming more threads will be scaled down.
Job counts:
	count	jobs
	1	all
	9	convert_iSNVpytable_To_vcf
	8	ntfreq_2_FreqBigtable
	12	snpeffAnno
	30

[Thu Apr  1 20:31:07 2021]
rule convert_iSNVpytable_To_vcf:
    input: /shared/liuhj/tonglv/process/20210401-person_ntfreq_tables/P1/all.iSNV_with_SNP.pyResults.txt, /shared/liuhj/tonglv/process/20210401-person_ntfreq_tables/P1/out.samps-ntfreq.bigtable.txt, /shared/liuhj/tonglv/ref/ref_tonglv_AE004091.2/AE004091.2.fna
    output: /shared/liuhj/tonglv/process/20210401-person_ntfreq_tables/P1/vcf
    jobid: 13
    wildcards: person=P1

python  /shared/liuhj/tonglv/ICU_tonglv_scripts/iSNV_calling_bwa2_AE004091.2/iSNVpy_iSNVtable_To_vcf.py   -i /shared/liuhj/tonglv/process/20210401-person_ntfreq_tables/P1/all.iSNV_with_SNP.pyResults.txt  		-n /shared/liuhj/tonglv/process/20210401-person_ntfreq_tables/P1/out.samps-ntfreq.bigtable.txt  -r  /shared/liuhj/tonglv/ref/ref_tonglv_AE004091.2/AE004091.2.fna -o  /shared/liuhj/tonglv/process/20210401-person_ntfreq_tables/P1/vcf -m 0.05  
[Thu Apr  1 20:31:38 2021]
Finished job 13.
1 of 30 steps (3%) done

[Thu Apr  1 20:31:38 2021]
rule ntfreq_2_FreqBigtable:
    input: /shared/liuhj/tonglv/process/20210401-person_ntfreq_tables/P3-2_ntfreq_file_list.txt, /shared/liuhj/tonglv/ref/ref_tonglv_AE004091.2/AE004091.2.fna
    output: /shared/liuhj/tonglv/process/20210401-person_ntfreq_tables/P3-2/all.iSNV_with_SNP.pyResults.txt, /shared/liuhj/tonglv/process/20210401-person_ntfreq_tables/P3-2/out.samps-ntfreq.bigtable.txt
    jobid: 11
    wildcards: person=P3-2

python /shared/liuhj/tonglv/ICU_tonglv_scripts/iSNV_calling_bwa2_AE004091.2/step6_read_ntfreq.py  -i  /shared/liuhj/tonglv/process/20210401-person_ntfreq_tables/P3-2_ntfreq_file_list.txt -r /shared/liuhj/tonglv/ref/ref_tonglv_AE004091.2/AE004091.2.fna  -o /shared/liuhj/tonglv/process/20210401-person_ntfreq_tables/P3-2  		-D  50 -A 5 -N 100 -F 0.02 -S 0.0 
[Thu Apr  1 20:36:38 2021]
Finished job 11.
2 of 30 steps (7%) done

[Thu Apr  1 20:36:38 2021]
rule convert_iSNVpytable_To_vcf:
    input: /shared/liuhj/tonglv/process/20210401-person_ntfreq_tables/P3-2/all.iSNV_with_SNP.pyResults.txt, /shared/liuhj/tonglv/process/20210401-person_ntfreq_tables/P3-2/out.samps-ntfreq.bigtable.txt, /shared/liuhj/tonglv/ref/ref_tonglv_AE004091.2/AE004091.2.fna
    output: /shared/liuhj/tonglv/process/20210401-person_ntfreq_tables/P3-2/vcf
    jobid: 23
    wildcards: person=P3-2

python  /shared/liuhj/tonglv/ICU_tonglv_scripts/iSNV_calling_bwa2_AE004091.2/iSNVpy_iSNVtable_To_vcf.py   -i /shared/liuhj/tonglv/process/20210401-person_ntfreq_tables/P3-2/all.iSNV_with_SNP.pyResults.txt  		-n /shared/liuhj/tonglv/process/20210401-person_ntfreq_tables/P3-2/out.samps-ntfreq.bigtable.txt  -r  /shared/liuhj/tonglv/ref/ref_tonglv_AE004091.2/AE004091.2.fna -o  /shared/liuhj/tonglv/process/20210401-person_ntfreq_tables/P3-2/vcf -m 0.05  
[Thu Apr  1 20:37:04 2021]
Finished job 23.
3 of 30 steps (10%) done

[Thu Apr  1 20:37:04 2021]
rule ntfreq_2_FreqBigtable:
    input: /shared/liuhj/tonglv/process/20210401-person_ntfreq_tables/P4_ntfreq_file_list.txt, /shared/liuhj/tonglv/ref/ref_tonglv_AE004091.2/AE004091.2.fna
    output: /shared/liuhj/tonglv/process/20210401-person_ntfreq_tables/P4/all.iSNV_with_SNP.pyResults.txt, /shared/liuhj/tonglv/process/20210401-person_ntfreq_tables/P4/out.samps-ntfreq.bigtable.txt
    jobid: 3
    wildcards: person=P4

python /shared/liuhj/tonglv/ICU_tonglv_scripts/iSNV_calling_bwa2_AE004091.2/step6_read_ntfreq.py  -i  /shared/liuhj/tonglv/process/20210401-person_ntfreq_tables/P4_ntfreq_file_list.txt -r /shared/liuhj/tonglv/ref/ref_tonglv_AE004091.2/AE004091.2.fna  -o /shared/liuhj/tonglv/process/20210401-person_ntfreq_tables/P4  		-D  50 -A 5 -N 100 -F 0.02 -S 0.0 
[Thu Apr  1 20:42:12 2021]
Finished job 3.
4 of 30 steps (13%) done

[Thu Apr  1 20:42:12 2021]
rule convert_iSNVpytable_To_vcf:
    input: /shared/liuhj/tonglv/process/20210401-person_ntfreq_tables/P4/all.iSNV_with_SNP.pyResults.txt, /shared/liuhj/tonglv/process/20210401-person_ntfreq_tables/P4/out.samps-ntfreq.bigtable.txt, /shared/liuhj/tonglv/ref/ref_tonglv_AE004091.2/AE004091.2.fna
    output: /shared/liuhj/tonglv/process/20210401-person_ntfreq_tables/P4/vcf
    jobid: 15
    wildcards: person=P4

python  /shared/liuhj/tonglv/ICU_tonglv_scripts/iSNV_calling_bwa2_AE004091.2/iSNVpy_iSNVtable_To_vcf.py   -i /shared/liuhj/tonglv/process/20210401-person_ntfreq_tables/P4/all.iSNV_with_SNP.pyResults.txt  		-n /shared/liuhj/tonglv/process/20210401-person_ntfreq_tables/P4/out.samps-ntfreq.bigtable.txt  -r  /shared/liuhj/tonglv/ref/ref_tonglv_AE004091.2/AE004091.2.fna -o  /shared/liuhj/tonglv/process/20210401-person_ntfreq_tables/P4/vcf -m 0.05  
[Thu Apr  1 20:42:37 2021]
Finished job 15.
5 of 30 steps (17%) done

[Thu Apr  1 20:42:37 2021]
rule ntfreq_2_FreqBigtable:
    input: /shared/liuhj/tonglv/process/20210401-person_ntfreq_tables/P5-2_ntfreq_file_list.txt, /shared/liuhj/tonglv/ref/ref_tonglv_AE004091.2/AE004091.2.fna
    output: /shared/liuhj/tonglv/process/20210401-person_ntfreq_tables/P5-2/all.iSNV_with_SNP.pyResults.txt, /shared/liuhj/tonglv/process/20210401-person_ntfreq_tables/P5-2/out.samps-ntfreq.bigtable.txt
    jobid: 8
    wildcards: person=P5-2

python /shared/liuhj/tonglv/ICU_tonglv_scripts/iSNV_calling_bwa2_AE004091.2/step6_read_ntfreq.py  -i  /shared/liuhj/tonglv/process/20210401-person_ntfreq_tables/P5-2_ntfreq_file_list.txt -r /shared/liuhj/tonglv/ref/ref_tonglv_AE004091.2/AE004091.2.fna  -o /shared/liuhj/tonglv/process/20210401-person_ntfreq_tables/P5-2  		-D  50 -A 5 -N 100 -F 0.02 -S 0.0 
[Thu Apr  1 20:46:06 2021]
Finished job 8.
6 of 30 steps (20%) done

[Thu Apr  1 20:46:06 2021]
rule convert_iSNVpytable_To_vcf:
    input: /shared/liuhj/tonglv/process/20210401-person_ntfreq_tables/P5-2/all.iSNV_with_SNP.pyResults.txt, /shared/liuhj/tonglv/process/20210401-person_ntfreq_tables/P5-2/out.samps-ntfreq.bigtable.txt, /shared/liuhj/tonglv/ref/ref_tonglv_AE004091.2/AE004091.2.fna
    output: /shared/liuhj/tonglv/process/20210401-person_ntfreq_tables/P5-2/vcf
    jobid: 20
    wildcards: person=P5-2

python  /shared/liuhj/tonglv/ICU_tonglv_scripts/iSNV_calling_bwa2_AE004091.2/iSNVpy_iSNVtable_To_vcf.py   -i /shared/liuhj/tonglv/process/20210401-person_ntfreq_tables/P5-2/all.iSNV_with_SNP.pyResults.txt  		-n /shared/liuhj/tonglv/process/20210401-person_ntfreq_tables/P5-2/out.samps-ntfreq.bigtable.txt  -r  /shared/liuhj/tonglv/ref/ref_tonglv_AE004091.2/AE004091.2.fna -o  /shared/liuhj/tonglv/process/20210401-person_ntfreq_tables/P5-2/vcf -m 0.05  
[Thu Apr  1 20:46:25 2021]
Finished job 20.
7 of 30 steps (23%) done

[Thu Apr  1 20:46:25 2021]
rule ntfreq_2_FreqBigtable:
    input: /shared/liuhj/tonglv/process/20210401-person_ntfreq_tables/P5-1_ntfreq_file_list.txt, /shared/liuhj/tonglv/ref/ref_tonglv_AE004091.2/AE004091.2.fna
    output: /shared/liuhj/tonglv/process/20210401-person_ntfreq_tables/P5-1/all.iSNV_with_SNP.pyResults.txt, /shared/liuhj/tonglv/process/20210401-person_ntfreq_tables/P5-1/out.samps-ntfreq.bigtable.txt
    jobid: 7
    wildcards: person=P5-1

python /shared/liuhj/tonglv/ICU_tonglv_scripts/iSNV_calling_bwa2_AE004091.2/step6_read_ntfreq.py  -i  /shared/liuhj/tonglv/process/20210401-person_ntfreq_tables/P5-1_ntfreq_file_list.txt -r /shared/liuhj/tonglv/ref/ref_tonglv_AE004091.2/AE004091.2.fna  -o /shared/liuhj/tonglv/process/20210401-person_ntfreq_tables/P5-1  		-D  50 -A 5 -N 100 -F 0.02 -S 0.0 
[Thu Apr  1 20:49:57 2021]
Finished job 7.
8 of 30 steps (27%) done

[Thu Apr  1 20:49:57 2021]
rule convert_iSNVpytable_To_vcf:
    input: /shared/liuhj/tonglv/process/20210401-person_ntfreq_tables/P5-1/all.iSNV_with_SNP.pyResults.txt, /shared/liuhj/tonglv/process/20210401-person_ntfreq_tables/P5-1/out.samps-ntfreq.bigtable.txt, /shared/liuhj/tonglv/ref/ref_tonglv_AE004091.2/AE004091.2.fna
    output: /shared/liuhj/tonglv/process/20210401-person_ntfreq_tables/P5-1/vcf
    jobid: 19
    wildcards: person=P5-1

python  /shared/liuhj/tonglv/ICU_tonglv_scripts/iSNV_calling_bwa2_AE004091.2/iSNVpy_iSNVtable_To_vcf.py   -i /shared/liuhj/tonglv/process/20210401-person_ntfreq_tables/P5-1/all.iSNV_with_SNP.pyResults.txt  		-n /shared/liuhj/tonglv/process/20210401-person_ntfreq_tables/P5-1/out.samps-ntfreq.bigtable.txt  -r  /shared/liuhj/tonglv/ref/ref_tonglv_AE004091.2/AE004091.2.fna -o  /shared/liuhj/tonglv/process/20210401-person_ntfreq_tables/P5-1/vcf -m 0.05  
[Thu Apr  1 20:50:16 2021]
Finished job 19.
9 of 30 steps (30%) done

[Thu Apr  1 20:50:16 2021]
rule ntfreq_2_FreqBigtable:
    input: /shared/liuhj/tonglv/process/20210401-person_ntfreq_tables/P6_ntfreq_file_list.txt, /shared/liuhj/tonglv/ref/ref_tonglv_AE004091.2/AE004091.2.fna
    output: /shared/liuhj/tonglv/process/20210401-person_ntfreq_tables/P6/all.iSNV_with_SNP.pyResults.txt, /shared/liuhj/tonglv/process/20210401-person_ntfreq_tables/P6/out.samps-ntfreq.bigtable.txt
    jobid: 4
    wildcards: person=P6

python /shared/liuhj/tonglv/ICU_tonglv_scripts/iSNV_calling_bwa2_AE004091.2/step6_read_ntfreq.py  -i  /shared/liuhj/tonglv/process/20210401-person_ntfreq_tables/P6_ntfreq_file_list.txt -r /shared/liuhj/tonglv/ref/ref_tonglv_AE004091.2/AE004091.2.fna  -o /shared/liuhj/tonglv/process/20210401-person_ntfreq_tables/P6  		-D  50 -A 5 -N 100 -F 0.02 -S 0.0 
[Thu Apr  1 20:53:16 2021]
Finished job 4.
10 of 30 steps (33%) done

[Thu Apr  1 20:53:16 2021]
rule convert_iSNVpytable_To_vcf:
    input: /shared/liuhj/tonglv/process/20210401-person_ntfreq_tables/P6/all.iSNV_with_SNP.pyResults.txt, /shared/liuhj/tonglv/process/20210401-person_ntfreq_tables/P6/out.samps-ntfreq.bigtable.txt, /shared/liuhj/tonglv/ref/ref_tonglv_AE004091.2/AE004091.2.fna
    output: /shared/liuhj/tonglv/process/20210401-person_ntfreq_tables/P6/vcf
    jobid: 16
    wildcards: person=P6

python  /shared/liuhj/tonglv/ICU_tonglv_scripts/iSNV_calling_bwa2_AE004091.2/iSNVpy_iSNVtable_To_vcf.py   -i /shared/liuhj/tonglv/process/20210401-person_ntfreq_tables/P6/all.iSNV_with_SNP.pyResults.txt  		-n /shared/liuhj/tonglv/process/20210401-person_ntfreq_tables/P6/out.samps-ntfreq.bigtable.txt  -r  /shared/liuhj/tonglv/ref/ref_tonglv_AE004091.2/AE004091.2.fna -o  /shared/liuhj/tonglv/process/20210401-person_ntfreq_tables/P6/vcf -m 0.05  
[Thu Apr  1 20:53:33 2021]
Finished job 16.
11 of 30 steps (37%) done

[Thu Apr  1 20:53:33 2021]
rule ntfreq_2_FreqBigtable:
    input: /shared/liuhj/tonglv/process/20210401-person_ntfreq_tables/P7_ntfreq_file_list.txt, /shared/liuhj/tonglv/ref/ref_tonglv_AE004091.2/AE004091.2.fna
    output: /shared/liuhj/tonglv/process/20210401-person_ntfreq_tables/P7/all.iSNV_with_SNP.pyResults.txt, /shared/liuhj/tonglv/process/20210401-person_ntfreq_tables/P7/out.samps-ntfreq.bigtable.txt
    jobid: 5
    wildcards: person=P7

python /shared/liuhj/tonglv/ICU_tonglv_scripts/iSNV_calling_bwa2_AE004091.2/step6_read_ntfreq.py  -i  /shared/liuhj/tonglv/process/20210401-person_ntfreq_tables/P7_ntfreq_file_list.txt -r /shared/liuhj/tonglv/ref/ref_tonglv_AE004091.2/AE004091.2.fna  -o /shared/liuhj/tonglv/process/20210401-person_ntfreq_tables/P7  		-D  50 -A 5 -N 100 -F 0.02 -S 0.0 
[Thu Apr  1 20:56:42 2021]
Finished job 5.
12 of 30 steps (40%) done

[Thu Apr  1 20:56:42 2021]
rule convert_iSNVpytable_To_vcf:
    input: /shared/liuhj/tonglv/process/20210401-person_ntfreq_tables/P7/all.iSNV_with_SNP.pyResults.txt, /shared/liuhj/tonglv/process/20210401-person_ntfreq_tables/P7/out.samps-ntfreq.bigtable.txt, /shared/liuhj/tonglv/ref/ref_tonglv_AE004091.2/AE004091.2.fna
    output: /shared/liuhj/tonglv/process/20210401-person_ntfreq_tables/P7/vcf
    jobid: 17
    wildcards: person=P7

python  /shared/liuhj/tonglv/ICU_tonglv_scripts/iSNV_calling_bwa2_AE004091.2/iSNVpy_iSNVtable_To_vcf.py   -i /shared/liuhj/tonglv/process/20210401-person_ntfreq_tables/P7/all.iSNV_with_SNP.pyResults.txt  		-n /shared/liuhj/tonglv/process/20210401-person_ntfreq_tables/P7/out.samps-ntfreq.bigtable.txt  -r  /shared/liuhj/tonglv/ref/ref_tonglv_AE004091.2/AE004091.2.fna -o  /shared/liuhj/tonglv/process/20210401-person_ntfreq_tables/P7/vcf -m 0.05  
[Thu Apr  1 20:56:58 2021]
Finished job 17.
13 of 30 steps (43%) done

[Thu Apr  1 20:56:58 2021]
rule ntfreq_2_FreqBigtable:
    input: /shared/liuhj/tonglv/process/20210401-person_ntfreq_tables/P3-1_ntfreq_file_list.txt, /shared/liuhj/tonglv/ref/ref_tonglv_AE004091.2/AE004091.2.fna
    output: /shared/liuhj/tonglv/process/20210401-person_ntfreq_tables/P3-1/all.iSNV_with_SNP.pyResults.txt, /shared/liuhj/tonglv/process/20210401-person_ntfreq_tables/P3-1/out.samps-ntfreq.bigtable.txt
    jobid: 10
    wildcards: person=P3-1

python /shared/liuhj/tonglv/ICU_tonglv_scripts/iSNV_calling_bwa2_AE004091.2/step6_read_ntfreq.py  -i  /shared/liuhj/tonglv/process/20210401-person_ntfreq_tables/P3-1_ntfreq_file_list.txt -r /shared/liuhj/tonglv/ref/ref_tonglv_AE004091.2/AE004091.2.fna  -o /shared/liuhj/tonglv/process/20210401-person_ntfreq_tables/P3-1  		-D  50 -A 5 -N 100 -F 0.02 -S 0.0 
[Thu Apr  1 20:59:35 2021]
Finished job 10.
14 of 30 steps (47%) done

[Thu Apr  1 20:59:35 2021]
rule convert_iSNVpytable_To_vcf:
    input: /shared/liuhj/tonglv/process/20210401-person_ntfreq_tables/P3-1/all.iSNV_with_SNP.pyResults.txt, /shared/liuhj/tonglv/process/20210401-person_ntfreq_tables/P3-1/out.samps-ntfreq.bigtable.txt, /shared/liuhj/tonglv/ref/ref_tonglv_AE004091.2/AE004091.2.fna
    output: /shared/liuhj/tonglv/process/20210401-person_ntfreq_tables/P3-1/vcf
    jobid: 22
    wildcards: person=P3-1

python  /shared/liuhj/tonglv/ICU_tonglv_scripts/iSNV_calling_bwa2_AE004091.2/iSNVpy_iSNVtable_To_vcf.py   -i /shared/liuhj/tonglv/process/20210401-person_ntfreq_tables/P3-1/all.iSNV_with_SNP.pyResults.txt  		-n /shared/liuhj/tonglv/process/20210401-person_ntfreq_tables/P3-1/out.samps-ntfreq.bigtable.txt  -r  /shared/liuhj/tonglv/ref/ref_tonglv_AE004091.2/AE004091.2.fna -o  /shared/liuhj/tonglv/process/20210401-person_ntfreq_tables/P3-1/vcf -m 0.05  
[Thu Apr  1 20:59:50 2021]
Finished job 22.
15 of 30 steps (50%) done

[Thu Apr  1 20:59:50 2021]
rule ntfreq_2_FreqBigtable:
    input: /shared/liuhj/tonglv/process/20210401-person_ntfreq_tables/P5-3_ntfreq_file_list.txt, /shared/liuhj/tonglv/ref/ref_tonglv_AE004091.2/AE004091.2.fna
    output: /shared/liuhj/tonglv/process/20210401-person_ntfreq_tables/P5-3/all.iSNV_with_SNP.pyResults.txt, /shared/liuhj/tonglv/process/20210401-person_ntfreq_tables/P5-3/out.samps-ntfreq.bigtable.txt
    jobid: 9
    wildcards: person=P5-3

python /shared/liuhj/tonglv/ICU_tonglv_scripts/iSNV_calling_bwa2_AE004091.2/step6_read_ntfreq.py  -i  /shared/liuhj/tonglv/process/20210401-person_ntfreq_tables/P5-3_ntfreq_file_list.txt -r /shared/liuhj/tonglv/ref/ref_tonglv_AE004091.2/AE004091.2.fna  -o /shared/liuhj/tonglv/process/20210401-person_ntfreq_tables/P5-3  		-D  50 -A 5 -N 100 -F 0.02 -S 0.0 
[Thu Apr  1 21:01:57 2021]
Finished job 9.
16 of 30 steps (53%) done

[Thu Apr  1 21:01:57 2021]
rule convert_iSNVpytable_To_vcf:
    input: /shared/liuhj/tonglv/process/20210401-person_ntfreq_tables/P5-3/all.iSNV_with_SNP.pyResults.txt, /shared/liuhj/tonglv/process/20210401-person_ntfreq_tables/P5-3/out.samps-ntfreq.bigtable.txt, /shared/liuhj/tonglv/ref/ref_tonglv_AE004091.2/AE004091.2.fna
    output: /shared/liuhj/tonglv/process/20210401-person_ntfreq_tables/P5-3/vcf
    jobid: 21
    wildcards: person=P5-3

python  /shared/liuhj/tonglv/ICU_tonglv_scripts/iSNV_calling_bwa2_AE004091.2/iSNVpy_iSNVtable_To_vcf.py   -i /shared/liuhj/tonglv/process/20210401-person_ntfreq_tables/P5-3/all.iSNV_with_SNP.pyResults.txt  		-n /shared/liuhj/tonglv/process/20210401-person_ntfreq_tables/P5-3/out.samps-ntfreq.bigtable.txt  -r  /shared/liuhj/tonglv/ref/ref_tonglv_AE004091.2/AE004091.2.fna -o  /shared/liuhj/tonglv/process/20210401-person_ntfreq_tables/P5-3/vcf -m 0.05  
[Thu Apr  1 21:02:12 2021]
Finished job 21.
17 of 30 steps (57%) done

[Thu Apr  1 21:02:12 2021]
rule snpeffAnno:
    input: /shared/liuhj/tonglv/process/20210401-person_ntfreq_tables/P3-1/vcf
    output: /shared/liuhj/tonglv/process/20210401-person_ntfreq_tables/P3-1/vcf_snpeff
    jobid: 34
    wildcards: person=P3-1

bash /shared/liuhj/tonglv/ICU_tonglv_scripts/iSNV_calling_bwa2_AE004091.2/pipeline-snpeff.sh  /shared/liuhj/tonglv/process/20210401-person_ntfreq_tables/P3-1/vcf /shared/liuhj/tonglv/process/20210401-person_ntfreq_tables/P3-1/vcf_snpeff AE004091 /shared/liuhj/software/snpEff
Waiting at most 5 seconds for missing files.
MissingOutputException in line 111 of /shared/liuhj/tonglv/ICU_tonglv_scripts/iSNV_calling_bwa2_AE004091.2/iSNV_calling-pipeline.py:
Missing files after 5 seconds:
/shared/liuhj/tonglv/process/20210401-person_ntfreq_tables/P3-1/vcf_snpeff
This might be due to filesystem latency. If that is the case, consider to increase the wait time with --latency-wait.
Shutting down, this might take some time.
Exiting because a job execution failed. Look above for error message
Complete log: /shared/liuhj/tonglv/ICU_tonglv_scripts/iSNV_calling_bwa2_AE004091.2/.snakemake/log/2021-04-01T203107.392774.snakemake.log
