The flag 'directory' used in rule consensusGnm_prokkaAnno is only valid for outputs, not inputs.
Building DAG of jobs...
Using shell: /bin/bash
Provided cores: 1 (use --cores to define parallelism)
Rules claiming more threads will be scaled down.
Job counts:
	count	jobs
	1	all
	7	consensusGnm_prokkaAnno
	8
Select jobs to execute...

[Sun Mar 21 14:03:53 2021]
rule consensusGnm_prokkaAnno:
    input: /shared/liuhj/tonglv/process/person_ntfreq_tables/P7/subGnm
    output: /shared/liuhj/tonglv/process/person_ntfreq_tables/P7/subGnm_prokka_gff
    jobid: 20
    wildcards: person=P7

/shared/liuhj/tonglv/ICU_tonglv_scripts/iSNV_calling_bwa2_AE004091.2/pipeline-prokka.sh  /shared/liuhj/tonglv/process/person_ntfreq_tables/P7/subGnm  /shared/liuhj/tonglv/process/person_ntfreq_tables/P7/subGnm_prokka_gff  /home/amax/anaconda3/envs/biotools_lhj/db/Pseudomonas/AE004091.2.gb 
Terminating processes on user request, this might take some time.
[Sun Mar 21 14:04:54 2021]
Error in rule consensusGnm_prokkaAnno:
    jobid: 20
    output: /shared/liuhj/tonglv/process/person_ntfreq_tables/P7/subGnm_prokka_gff
    shell:
        /shared/liuhj/tonglv/ICU_tonglv_scripts/iSNV_calling_bwa2_AE004091.2/pipeline-prokka.sh  /shared/liuhj/tonglv/process/person_ntfreq_tables/P7/subGnm  /shared/liuhj/tonglv/process/person_ntfreq_tables/P7/subGnm_prokka_gff  /home/amax/anaconda3/envs/biotools_lhj/db/Pseudomonas/AE004091.2.gb 
        (one of the commands exited with non-zero exit code; note that snakemake uses bash strict mode!)

Removing output files of failed job consensusGnm_prokkaAnno since they might be corrupted:
/shared/liuhj/tonglv/process/person_ntfreq_tables/P7/subGnm_prokka_gff
Cancelling snakemake on user request.
