Building DAG of jobs...
Using shell: /bin/bash
Provided cores: 1 (use --cores to define parallelism)
Rules claiming more threads will be scaled down.
Job counts:
	count	jobs
	1	all
	8	iSNV_SameDateSampsCompare
	9
Select jobs to execute...

[Thu Mar 11 08:54:12 2021]
rule iSNV_SameDateSampsCompare:
    input: /shared/liuhj/tonglv/process/person_ntfreq_tables/P7
    output: /shared/liuhj/tonglv/process/person_ntfreq_tables/compare_sameDateSamps/P7
    jobid: 16
    wildcards: person=P7

python  /shared/liuhj/tonglv/ICU_tonglv_scripts/iSNVpy_Freq_sameDateSamp.py  -i /shared/liuhj/tonglv/process/person_ntfreq_tables/P7 -o  /shared/liuhj/tonglv/process/person_ntfreq_tables/compare_sameDateSamps/P7   
[Thu Mar 11 08:54:12 2021]
Finished job 16.
1 of 9 steps (11%) done
Select jobs to execute...

[Thu Mar 11 08:54:12 2021]
rule iSNV_SameDateSampsCompare:
    input: /shared/liuhj/tonglv/process/person_ntfreq_tables/P5
    output: /shared/liuhj/tonglv/process/person_ntfreq_tables/compare_sameDateSamps/P5
    jobid: 14
    wildcards: person=P5

python  /shared/liuhj/tonglv/ICU_tonglv_scripts/iSNVpy_Freq_sameDateSamp.py  -i /shared/liuhj/tonglv/process/person_ntfreq_tables/P5 -o  /shared/liuhj/tonglv/process/person_ntfreq_tables/compare_sameDateSamps/P5   
[Thu Mar 11 08:54:13 2021]
Error in rule iSNV_SameDateSampsCompare:
    jobid: 14
    output: /shared/liuhj/tonglv/process/person_ntfreq_tables/compare_sameDateSamps/P5
    shell:
        python  /shared/liuhj/tonglv/ICU_tonglv_scripts/iSNVpy_Freq_sameDateSamp.py  -i /shared/liuhj/tonglv/process/person_ntfreq_tables/P5 -o  /shared/liuhj/tonglv/process/person_ntfreq_tables/compare_sameDateSamps/P5   
        (one of the commands exited with non-zero exit code; note that snakemake uses bash strict mode!)

Removing output files of failed job iSNV_SameDateSampsCompare since they might be corrupted:
/shared/liuhj/tonglv/process/person_ntfreq_tables/compare_sameDateSamps/P5
Shutting down, this might take some time.
Exiting because a job execution failed. Look above for error message
Complete log: /shared/liuhj/tonglv/ICU_tonglv_scripts/iSNV_calling_bwa2_AE004091.2/.snakemake/log/2021-03-11T085412.100693.snakemake.log
