Building DAG of jobs...
Using shell: /bin/bash
Provided cores: 1 (use --cores to define parallelism)
Rules claiming more threads will be scaled down.
Job counts:
	count	jobs
	1	all
	8	iSNV_SameDateSampsCompare
	9
Select jobs to execute...

[Thu Mar 11 09:05:11 2021]
rule iSNV_SameDateSampsCompare:
    input: /shared/liuhj/tonglv/process/person_ntfreq_tables/P7
    output: /shared/liuhj/tonglv/process/person_ntfreq_tables/compare_sameDateSamps/P7
    jobid: 16
    wildcards: person=P7

python  /shared/liuhj/tonglv/ICU_tonglv_scripts/iSNVpy_Freq_sameDateSamp.py  -i /shared/liuhj/tonglv/process/person_ntfreq_tables/P7 -o  /shared/liuhj/tonglv/process/person_ntfreq_tables/compare_sameDateSamps/P7   
[Thu Mar 11 09:05:11 2021]
Finished job 16.
1 of 9 steps (11%) done
Select jobs to execute...

[Thu Mar 11 09:05:11 2021]
rule iSNV_SameDateSampsCompare:
    input: /shared/liuhj/tonglv/process/person_ntfreq_tables/P5
    output: /shared/liuhj/tonglv/process/person_ntfreq_tables/compare_sameDateSamps/P5
    jobid: 14
    wildcards: person=P5

python  /shared/liuhj/tonglv/ICU_tonglv_scripts/iSNVpy_Freq_sameDateSamp.py  -i /shared/liuhj/tonglv/process/person_ntfreq_tables/P5 -o  /shared/liuhj/tonglv/process/person_ntfreq_tables/compare_sameDateSamps/P5   
[Thu Mar 11 09:05:13 2021]
Finished job 14.
2 of 9 steps (22%) done
Select jobs to execute...

[Thu Mar 11 09:05:13 2021]
rule iSNV_SameDateSampsCompare:
    input: /shared/liuhj/tonglv/process/person_ntfreq_tables/P2
    output: /shared/liuhj/tonglv/process/person_ntfreq_tables/compare_sameDateSamps/P2
    jobid: 11
    wildcards: person=P2

python  /shared/liuhj/tonglv/ICU_tonglv_scripts/iSNVpy_Freq_sameDateSamp.py  -i /shared/liuhj/tonglv/process/person_ntfreq_tables/P2 -o  /shared/liuhj/tonglv/process/person_ntfreq_tables/compare_sameDateSamps/P2   
[Thu Mar 11 09:05:13 2021]
Finished job 11.
3 of 9 steps (33%) done
Select jobs to execute...

[Thu Mar 11 09:05:13 2021]
rule iSNV_SameDateSampsCompare:
    input: /shared/liuhj/tonglv/process/person_ntfreq_tables/P5_withP2
    output: /shared/liuhj/tonglv/process/person_ntfreq_tables/compare_sameDateSamps/P5_withP2
    jobid: 17
    wildcards: person=P5_withP2

python  /shared/liuhj/tonglv/ICU_tonglv_scripts/iSNVpy_Freq_sameDateSamp.py  -i /shared/liuhj/tonglv/process/person_ntfreq_tables/P5_withP2 -o  /shared/liuhj/tonglv/process/person_ntfreq_tables/compare_sameDateSamps/P5_withP2   
[Thu Mar 11 09:05:14 2021]
Finished job 17.
4 of 9 steps (44%) done
Select jobs to execute...

[Thu Mar 11 09:05:14 2021]
rule iSNV_SameDateSampsCompare:
    input: /shared/liuhj/tonglv/process/person_ntfreq_tables/P6
    output: /shared/liuhj/tonglv/process/person_ntfreq_tables/compare_sameDateSamps/P6
    jobid: 15
    wildcards: person=P6

python  /shared/liuhj/tonglv/ICU_tonglv_scripts/iSNVpy_Freq_sameDateSamp.py  -i /shared/liuhj/tonglv/process/person_ntfreq_tables/P6 -o  /shared/liuhj/tonglv/process/person_ntfreq_tables/compare_sameDateSamps/P6   
[Thu Mar 11 09:05:14 2021]
Finished job 15.
5 of 9 steps (56%) done
Select jobs to execute...

[Thu Mar 11 09:05:14 2021]
rule iSNV_SameDateSampsCompare:
    input: /shared/liuhj/tonglv/process/person_ntfreq_tables/P4
    output: /shared/liuhj/tonglv/process/person_ntfreq_tables/compare_sameDateSamps/P4
    jobid: 13
    wildcards: person=P4

python  /shared/liuhj/tonglv/ICU_tonglv_scripts/iSNVpy_Freq_sameDateSamp.py  -i /shared/liuhj/tonglv/process/person_ntfreq_tables/P4 -o  /shared/liuhj/tonglv/process/person_ntfreq_tables/compare_sameDateSamps/P4   
[Thu Mar 11 09:05:15 2021]
Finished job 13.
6 of 9 steps (67%) done
Select jobs to execute...

[Thu Mar 11 09:05:15 2021]
rule iSNV_SameDateSampsCompare:
    input: /shared/liuhj/tonglv/process/person_ntfreq_tables/P1
    output: /shared/liuhj/tonglv/process/person_ntfreq_tables/compare_sameDateSamps/P1
    jobid: 10
    wildcards: person=P1

python  /shared/liuhj/tonglv/ICU_tonglv_scripts/iSNVpy_Freq_sameDateSamp.py  -i /shared/liuhj/tonglv/process/person_ntfreq_tables/P1 -o  /shared/liuhj/tonglv/process/person_ntfreq_tables/compare_sameDateSamps/P1   
[Thu Mar 11 09:05:15 2021]
Finished job 10.
7 of 9 steps (78%) done
Select jobs to execute...

[Thu Mar 11 09:05:15 2021]
rule iSNV_SameDateSampsCompare:
    input: /shared/liuhj/tonglv/process/person_ntfreq_tables/P3
    output: /shared/liuhj/tonglv/process/person_ntfreq_tables/compare_sameDateSamps/P3
    jobid: 12
    wildcards: person=P3

python  /shared/liuhj/tonglv/ICU_tonglv_scripts/iSNVpy_Freq_sameDateSamp.py  -i /shared/liuhj/tonglv/process/person_ntfreq_tables/P3 -o  /shared/liuhj/tonglv/process/person_ntfreq_tables/compare_sameDateSamps/P3   
[Thu Mar 11 09:05:18 2021]
Finished job 12.
8 of 9 steps (89%) done
Select jobs to execute...

[Thu Mar 11 09:05:18 2021]
localrule all:
    input: /shared/liuhj/tonglv/process/person_ntfreq_tables/P1/all.iSNV_with_SNP.pyResults.txt, /shared/liuhj/tonglv/process/person_ntfreq_tables/P2/all.iSNV_with_SNP.pyResults.txt, /shared/liuhj/tonglv/process/person_ntfreq_tables/P3/all.iSNV_with_SNP.pyResults.txt, /shared/liuhj/tonglv/process/person_ntfreq_tables/P4/all.iSNV_with_SNP.pyResults.txt, /shared/liuhj/tonglv/process/person_ntfreq_tables/P5/all.iSNV_with_SNP.pyResults.txt, /shared/liuhj/tonglv/process/person_ntfreq_tables/P6/all.iSNV_with_SNP.pyResults.txt, /shared/liuhj/tonglv/process/person_ntfreq_tables/P7/all.iSNV_with_SNP.pyResults.txt, /shared/liuhj/tonglv/process/person_ntfreq_tables/P5_withP2/all.iSNV_with_SNP.pyResults.txt, /shared/liuhj/tonglv/process/person_ntfreq_tables/P7_withP2/all.iSNV_with_SNP.pyResults.txt, /shared/liuhj/tonglv/process/person_ntfreq_tables/compare_sameDateSamps/P1, /shared/liuhj/tonglv/process/person_ntfreq_tables/compare_sameDateSamps/P2, /shared/liuhj/tonglv/process/person_ntfreq_tables/compare_sameDateSamps/P3, /shared/liuhj/tonglv/process/person_ntfreq_tables/compare_sameDateSamps/P4, /shared/liuhj/tonglv/process/person_ntfreq_tables/compare_sameDateSamps/P5, /shared/liuhj/tonglv/process/person_ntfreq_tables/compare_sameDateSamps/P6, /shared/liuhj/tonglv/process/person_ntfreq_tables/compare_sameDateSamps/P7, /shared/liuhj/tonglv/process/person_ntfreq_tables/compare_sameDateSamps/P5_withP2, /shared/liuhj/tonglv/process/person_ntfreq_tables/compare_sameDateSamps/P7_withP2
    jobid: 0

[Thu Mar 11 09:05:18 2021]
Finished job 0.
9 of 9 steps (100%) done
Complete log: /shared/liuhj/tonglv/ICU_tonglv_scripts/iSNV_calling_bwa2_AE004091.2/.snakemake/log/2021-03-11T090511.234739.snakemake.log
