Building DAG of jobs...
Using shell: /bin/bash
Provided cores: 1
Rules claiming more threads will be scaled down.
Job counts:
	count	jobs
	1	all
	5	iSNV_snvSNP_snpeff_Stat
	6

[Sun Mar 14 13:23:23 2021]
rule iSNV_snvSNP_snpeff_Stat:
    input: /shared/liuhj/tonglv/process/person_ntfreq_tables/P3/all.iSNV_with_SNP.pyResults.txt, /shared/liuhj/tonglv/Infos/20210311-info.txt
    output: /shared/liuhj/tonglv/process/person_ntfreq_tables/P3/snvSNP_snpeff_Stat
    jobid: 17
    wildcards: person=P3

python  /shared/liuhj/tonglv/ICU_tonglv_scripts/iSNV_calling_bwa2_AE004091.2/iSNVpy_iSNV_snpeff_clade.py  -i /shared/liuhj/tonglv/process/person_ntfreq_tables/P3/all.iSNV_with_SNP.pyResults.txt  		-f /shared/liuhj/tonglv/Infos/20210311-info.txt  -o  /shared/liuhj/tonglv/process/person_ntfreq_tables/P3/snvSNP_snpeff_Stat -m 0.1  -M 0.9  
[Sun Mar 14 13:23:40 2021]
Finished job 17.
1 of 6 steps (17%) done

[Sun Mar 14 13:23:40 2021]
rule iSNV_snvSNP_snpeff_Stat:
    input: /shared/liuhj/tonglv/process/person_ntfreq_tables/P5_withP2/all.iSNV_with_SNP.pyResults.txt, /shared/liuhj/tonglv/Infos/20210311-info.txt
    output: /shared/liuhj/tonglv/process/person_ntfreq_tables/P5_withP2/snvSNP_snpeff_Stat
    jobid: 21
    wildcards: person=P5_withP2

python  /shared/liuhj/tonglv/ICU_tonglv_scripts/iSNV_calling_bwa2_AE004091.2/iSNVpy_iSNV_snpeff_clade.py  -i /shared/liuhj/tonglv/process/person_ntfreq_tables/P5_withP2/all.iSNV_with_SNP.pyResults.txt  		-f /shared/liuhj/tonglv/Infos/20210311-info.txt  -o  /shared/liuhj/tonglv/process/person_ntfreq_tables/P5_withP2/snvSNP_snpeff_Stat -m 0.1  -M 0.9  
[Sun Mar 14 13:25:53 2021]
Finished job 21.
2 of 6 steps (33%) done

[Sun Mar 14 13:25:53 2021]
rule iSNV_snvSNP_snpeff_Stat:
    input: /shared/liuhj/tonglv/process/person_ntfreq_tables/P1/all.iSNV_with_SNP.pyResults.txt, /shared/liuhj/tonglv/Infos/20210311-info.txt
    output: /shared/liuhj/tonglv/process/person_ntfreq_tables/P1/snvSNP_snpeff_Stat
    jobid: 15
    wildcards: person=P1

python  /shared/liuhj/tonglv/ICU_tonglv_scripts/iSNV_calling_bwa2_AE004091.2/iSNVpy_iSNV_snpeff_clade.py  -i /shared/liuhj/tonglv/process/person_ntfreq_tables/P1/all.iSNV_with_SNP.pyResults.txt  		-f /shared/liuhj/tonglv/Infos/20210311-info.txt  -o  /shared/liuhj/tonglv/process/person_ntfreq_tables/P1/snvSNP_snpeff_Stat -m 0.1  -M 0.9  
[Sun Mar 14 13:26:02 2021]
Finished job 15.
3 of 6 steps (50%) done

[Sun Mar 14 13:26:02 2021]
rule iSNV_snvSNP_snpeff_Stat:
    input: /shared/liuhj/tonglv/process/person_ntfreq_tables/P7/all.iSNV_with_SNP.pyResults.txt, /shared/liuhj/tonglv/Infos/20210311-info.txt
    output: /shared/liuhj/tonglv/process/person_ntfreq_tables/P7/snvSNP_snpeff_Stat
    jobid: 20
    wildcards: person=P7

python  /shared/liuhj/tonglv/ICU_tonglv_scripts/iSNV_calling_bwa2_AE004091.2/iSNVpy_iSNV_snpeff_clade.py  -i /shared/liuhj/tonglv/process/person_ntfreq_tables/P7/all.iSNV_with_SNP.pyResults.txt  		-f /shared/liuhj/tonglv/Infos/20210311-info.txt  -o  /shared/liuhj/tonglv/process/person_ntfreq_tables/P7/snvSNP_snpeff_Stat -m 0.1  -M 0.9  
[Sun Mar 14 13:26:06 2021]
Finished job 20.
4 of 6 steps (67%) done

[Sun Mar 14 13:26:06 2021]
rule iSNV_snvSNP_snpeff_Stat:
    input: /shared/liuhj/tonglv/process/person_ntfreq_tables/P6/all.iSNV_with_SNP.pyResults.txt, /shared/liuhj/tonglv/Infos/20210311-info.txt
    output: /shared/liuhj/tonglv/process/person_ntfreq_tables/P6/snvSNP_snpeff_Stat
    jobid: 19
    wildcards: person=P6

python  /shared/liuhj/tonglv/ICU_tonglv_scripts/iSNV_calling_bwa2_AE004091.2/iSNVpy_iSNV_snpeff_clade.py  -i /shared/liuhj/tonglv/process/person_ntfreq_tables/P6/all.iSNV_with_SNP.pyResults.txt  		-f /shared/liuhj/tonglv/Infos/20210311-info.txt  -o  /shared/liuhj/tonglv/process/person_ntfreq_tables/P6/snvSNP_snpeff_Stat -m 0.1  -M 0.9  
[Sun Mar 14 13:26:08 2021]
Finished job 19.
5 of 6 steps (83%) done

[Sun Mar 14 13:26:08 2021]
localrule all:
    input: /shared/liuhj/tonglv/process/person_ntfreq_tables/P1/all.iSNV_with_SNP.pyResults.txt, /shared/liuhj/tonglv/process/person_ntfreq_tables/P2/all.iSNV_with_SNP.pyResults.txt, /shared/liuhj/tonglv/process/person_ntfreq_tables/P3/all.iSNV_with_SNP.pyResults.txt, /shared/liuhj/tonglv/process/person_ntfreq_tables/P4/all.iSNV_with_SNP.pyResults.txt, /shared/liuhj/tonglv/process/person_ntfreq_tables/P6/all.iSNV_with_SNP.pyResults.txt, /shared/liuhj/tonglv/process/person_ntfreq_tables/P7/all.iSNV_with_SNP.pyResults.txt, /shared/liuhj/tonglv/process/person_ntfreq_tables/P5_withP2/all.iSNV_with_SNP.pyResults.txt, /shared/liuhj/tonglv/process/person_ntfreq_tables/P1/vcf, /shared/liuhj/tonglv/process/person_ntfreq_tables/P2/vcf, /shared/liuhj/tonglv/process/person_ntfreq_tables/P3/vcf, /shared/liuhj/tonglv/process/person_ntfreq_tables/P4/vcf, /shared/liuhj/tonglv/process/person_ntfreq_tables/P6/vcf, /shared/liuhj/tonglv/process/person_ntfreq_tables/P7/vcf, /shared/liuhj/tonglv/process/person_ntfreq_tables/P5_withP2/vcf, /shared/liuhj/tonglv/process/person_ntfreq_tables/P1/snvSNP_snpeff_Stat, /shared/liuhj/tonglv/process/person_ntfreq_tables/P2/snvSNP_snpeff_Stat, /shared/liuhj/tonglv/process/person_ntfreq_tables/P3/snvSNP_snpeff_Stat, /shared/liuhj/tonglv/process/person_ntfreq_tables/P4/snvSNP_snpeff_Stat, /shared/liuhj/tonglv/process/person_ntfreq_tables/P6/snvSNP_snpeff_Stat, /shared/liuhj/tonglv/process/person_ntfreq_tables/P7/snvSNP_snpeff_Stat, /shared/liuhj/tonglv/process/person_ntfreq_tables/P5_withP2/snvSNP_snpeff_Stat
    jobid: 0

[Sun Mar 14 13:26:08 2021]
Finished job 0.
6 of 6 steps (100%) done
Complete log: /shared/liuhj/tonglv/ICU_tonglv_scripts/iSNV_calling_bwa2_AE004091.2/.snakemake/log/2021-03-14T132323.164126.snakemake.log
