Building DAG of jobs...
Using shell: /bin/bash
Provided cores: 1 (use --cores to define parallelism)
Rules claiming more threads will be scaled down.
Job counts:
	count	jobs
	1	all
	7	iSNV_SameDateSampsCompare_consensus
	8
Select jobs to execute...

[Sat Mar 13 15:55:41 2021]
rule iSNV_SameDateSampsCompare_consensus:
    input: /shared/liuhj/tonglv/process/person_ntfreq_tables/P7, /shared/liuhj/tonglv/Infos/20210311-info.txt
    output: /shared/liuhj/tonglv/process/person_ntfreq_tables/compare0.5/P7
    jobid: 20
    wildcards: person=P7

python  /shared/liuhj/tonglv/ICU_tonglv_scripts/iSNVpy_Freq_sameDateSamp_consensus.py  -f  /shared/liuhj/tonglv/Infos/20210311-info.txt -i /shared/liuhj/tonglv/process/person_ntfreq_tables/P7 -o  /shared/liuhj/tonglv/process/person_ntfreq_tables/compare0.5/P7   -m 0.5 
[Sat Mar 13 15:55:41 2021]
Finished job 20.
1 of 8 steps (12%) done
Select jobs to execute...

[Sat Mar 13 15:55:41 2021]
rule iSNV_SameDateSampsCompare_consensus:
    input: /shared/liuhj/tonglv/process/person_ntfreq_tables/P4, /shared/liuhj/tonglv/Infos/20210311-info.txt
    output: /shared/liuhj/tonglv/process/person_ntfreq_tables/compare0.5/P4
    jobid: 18
    wildcards: person=P4

python  /shared/liuhj/tonglv/ICU_tonglv_scripts/iSNVpy_Freq_sameDateSamp_consensus.py  -f  /shared/liuhj/tonglv/Infos/20210311-info.txt -i /shared/liuhj/tonglv/process/person_ntfreq_tables/P4 -o  /shared/liuhj/tonglv/process/person_ntfreq_tables/compare0.5/P4   -m 0.5 
[Sat Mar 13 15:55:43 2021]
Finished job 18.
2 of 8 steps (25%) done
Select jobs to execute...

[Sat Mar 13 15:55:43 2021]
rule iSNV_SameDateSampsCompare_consensus:
    input: /shared/liuhj/tonglv/process/person_ntfreq_tables/P2, /shared/liuhj/tonglv/Infos/20210311-info.txt
    output: /shared/liuhj/tonglv/process/person_ntfreq_tables/compare0.5/P2
    jobid: 16
    wildcards: person=P2

python  /shared/liuhj/tonglv/ICU_tonglv_scripts/iSNVpy_Freq_sameDateSamp_consensus.py  -f  /shared/liuhj/tonglv/Infos/20210311-info.txt -i /shared/liuhj/tonglv/process/person_ntfreq_tables/P2 -o  /shared/liuhj/tonglv/process/person_ntfreq_tables/compare0.5/P2   -m 0.5 
[Sat Mar 13 15:55:44 2021]
Finished job 16.
3 of 8 steps (38%) done
Select jobs to execute...

[Sat Mar 13 15:55:44 2021]
rule iSNV_SameDateSampsCompare_consensus:
    input: /shared/liuhj/tonglv/process/person_ntfreq_tables/P1, /shared/liuhj/tonglv/Infos/20210311-info.txt
    output: /shared/liuhj/tonglv/process/person_ntfreq_tables/compare0.5/P1
    jobid: 15
    wildcards: person=P1

python  /shared/liuhj/tonglv/ICU_tonglv_scripts/iSNVpy_Freq_sameDateSamp_consensus.py  -f  /shared/liuhj/tonglv/Infos/20210311-info.txt -i /shared/liuhj/tonglv/process/person_ntfreq_tables/P1 -o  /shared/liuhj/tonglv/process/person_ntfreq_tables/compare0.5/P1   -m 0.5 
[Sat Mar 13 15:55:49 2021]
Finished job 15.
4 of 8 steps (50%) done
Select jobs to execute...

[Sat Mar 13 15:55:49 2021]
rule iSNV_SameDateSampsCompare_consensus:
    input: /shared/liuhj/tonglv/process/person_ntfreq_tables/P5_withP2, /shared/liuhj/tonglv/Infos/20210311-info.txt
    output: /shared/liuhj/tonglv/process/person_ntfreq_tables/compare0.5/P5_withP2
    jobid: 21
    wildcards: person=P5_withP2

python  /shared/liuhj/tonglv/ICU_tonglv_scripts/iSNVpy_Freq_sameDateSamp_consensus.py  -f  /shared/liuhj/tonglv/Infos/20210311-info.txt -i /shared/liuhj/tonglv/process/person_ntfreq_tables/P5_withP2 -o  /shared/liuhj/tonglv/process/person_ntfreq_tables/compare0.5/P5_withP2   -m 0.5 
[Sat Mar 13 15:55:49 2021]
Finished job 21.
5 of 8 steps (62%) done
Select jobs to execute...

[Sat Mar 13 15:55:49 2021]
rule iSNV_SameDateSampsCompare_consensus:
    input: /shared/liuhj/tonglv/process/person_ntfreq_tables/P3, /shared/liuhj/tonglv/Infos/20210311-info.txt
    output: /shared/liuhj/tonglv/process/person_ntfreq_tables/compare0.5/P3
    jobid: 17
    wildcards: person=P3

python  /shared/liuhj/tonglv/ICU_tonglv_scripts/iSNVpy_Freq_sameDateSamp_consensus.py  -f  /shared/liuhj/tonglv/Infos/20210311-info.txt -i /shared/liuhj/tonglv/process/person_ntfreq_tables/P3 -o  /shared/liuhj/tonglv/process/person_ntfreq_tables/compare0.5/P3   -m 0.5 
[Sat Mar 13 15:55:58 2021]
Finished job 17.
6 of 8 steps (75%) done
Select jobs to execute...

[Sat Mar 13 15:55:58 2021]
rule iSNV_SameDateSampsCompare_consensus:
    input: /shared/liuhj/tonglv/process/person_ntfreq_tables/P6, /shared/liuhj/tonglv/Infos/20210311-info.txt
    output: /shared/liuhj/tonglv/process/person_ntfreq_tables/compare0.5/P6
    jobid: 19
    wildcards: person=P6

python  /shared/liuhj/tonglv/ICU_tonglv_scripts/iSNVpy_Freq_sameDateSamp_consensus.py  -f  /shared/liuhj/tonglv/Infos/20210311-info.txt -i /shared/liuhj/tonglv/process/person_ntfreq_tables/P6 -o  /shared/liuhj/tonglv/process/person_ntfreq_tables/compare0.5/P6   -m 0.5 
[Sat Mar 13 15:55:59 2021]
Finished job 19.
7 of 8 steps (88%) done
Select jobs to execute...

[Sat Mar 13 15:55:59 2021]
localrule all:
    input: /shared/liuhj/tonglv/process/person_ntfreq_tables/P1/all.iSNV_with_SNP.pyResults.txt, /shared/liuhj/tonglv/process/person_ntfreq_tables/P2/all.iSNV_with_SNP.pyResults.txt, /shared/liuhj/tonglv/process/person_ntfreq_tables/P3/all.iSNV_with_SNP.pyResults.txt, /shared/liuhj/tonglv/process/person_ntfreq_tables/P4/all.iSNV_with_SNP.pyResults.txt, /shared/liuhj/tonglv/process/person_ntfreq_tables/P6/all.iSNV_with_SNP.pyResults.txt, /shared/liuhj/tonglv/process/person_ntfreq_tables/P7/all.iSNV_with_SNP.pyResults.txt, /shared/liuhj/tonglv/process/person_ntfreq_tables/P5_withP2/all.iSNV_with_SNP.pyResults.txt, /shared/liuhj/tonglv/process/person_ntfreq_tables/P1/vcf, /shared/liuhj/tonglv/process/person_ntfreq_tables/P2/vcf, /shared/liuhj/tonglv/process/person_ntfreq_tables/P3/vcf, /shared/liuhj/tonglv/process/person_ntfreq_tables/P4/vcf, /shared/liuhj/tonglv/process/person_ntfreq_tables/P6/vcf, /shared/liuhj/tonglv/process/person_ntfreq_tables/P7/vcf, /shared/liuhj/tonglv/process/person_ntfreq_tables/P5_withP2/vcf, /shared/liuhj/tonglv/process/person_ntfreq_tables/compare0.5/P1, /shared/liuhj/tonglv/process/person_ntfreq_tables/compare0.5/P2, /shared/liuhj/tonglv/process/person_ntfreq_tables/compare0.5/P3, /shared/liuhj/tonglv/process/person_ntfreq_tables/compare0.5/P4, /shared/liuhj/tonglv/process/person_ntfreq_tables/compare0.5/P6, /shared/liuhj/tonglv/process/person_ntfreq_tables/compare0.5/P7, /shared/liuhj/tonglv/process/person_ntfreq_tables/compare0.5/P5_withP2, /shared/liuhj/tonglv/process/person_ntfreq_tables/P1/snvNum_Stat, /shared/liuhj/tonglv/process/person_ntfreq_tables/P2/snvNum_Stat, /shared/liuhj/tonglv/process/person_ntfreq_tables/P3/snvNum_Stat, /shared/liuhj/tonglv/process/person_ntfreq_tables/P4/snvNum_Stat, /shared/liuhj/tonglv/process/person_ntfreq_tables/P6/snvNum_Stat, /shared/liuhj/tonglv/process/person_ntfreq_tables/P7/snvNum_Stat, /shared/liuhj/tonglv/process/person_ntfreq_tables/P5_withP2/snvNum_Stat
    jobid: 0

[Sat Mar 13 15:55:59 2021]
Finished job 0.
8 of 8 steps (100%) done
Complete log: /shared/liuhj/tonglv/ICU_tonglv_scripts/iSNV_calling_bwa2_AE004091.2/.snakemake/log/2021-03-13T155541.027187.snakemake.log
