The flag 'directory' used in rule consensusGnm_prokkaAnno is only valid for outputs, not inputs.
Building DAG of jobs...
Using shell: /bin/bash
Provided cores: 1 (use --cores to define parallelism)
Rules claiming more threads will be scaled down.
Job counts:
	count	jobs
	1	all
	7	iSNV_snvSNP_snpeff_Stat
	8
Select jobs to execute...

[Wed Mar 24 09:53:32 2021]
rule iSNV_snvSNP_snpeff_Stat:
    input: /shared/liuhj/tonglv/process/person_ntfreq_tables/P1/all.iSNV_with_SNP.pyResults.txt, /shared/liuhj/tonglv/Infos/20210311-info.txt, /shared/liuhj/tonglv/process/20210323-map2_Ecoli/PA.accumulateReads.EcoliHomoPosi.txt
    output: /shared/liuhj/tonglv/process/person_ntfreq_tables/P1/snvSNP_snpeff_Stat_FiltEcoliHomo
    jobid: 8
    wildcards: person=P1

python  /shared/liuhj/tonglv/ICU_tonglv_scripts/iSNV_calling_bwa2_AE004091.2/iSNVpy_iSNV_snpeff_clade.py  -i /shared/liuhj/tonglv/process/person_ntfreq_tables/P1/all.iSNV_with_SNP.pyResults.txt  		-f /shared/liuhj/tonglv/Infos/20210311-info.txt  -o  /shared/liuhj/tonglv/process/person_ntfreq_tables/P1/snvSNP_snpeff_Stat_FiltEcoliHomo -m 0.1  -M 0.9  -E /shared/liuhj/tonglv/process/20210323-map2_Ecoli/PA.accumulateReads.EcoliHomoPosi.txt 
[Wed Mar 24 09:53:46 2021]
Finished job 8.
1 of 8 steps (12%) done
Select jobs to execute...

[Wed Mar 24 09:53:46 2021]
rule iSNV_snvSNP_snpeff_Stat:
    input: /shared/liuhj/tonglv/process/person_ntfreq_tables/P5_withP2/all.iSNV_with_SNP.pyResults.txt, /shared/liuhj/tonglv/Infos/20210311-info.txt, /shared/liuhj/tonglv/process/20210323-map2_Ecoli/PA.accumulateReads.EcoliHomoPosi.txt
    output: /shared/liuhj/tonglv/process/person_ntfreq_tables/P5_withP2/snvSNP_snpeff_Stat_FiltEcoliHomo
    jobid: 14
    wildcards: person=P5_withP2

python  /shared/liuhj/tonglv/ICU_tonglv_scripts/iSNV_calling_bwa2_AE004091.2/iSNVpy_iSNV_snpeff_clade.py  -i /shared/liuhj/tonglv/process/person_ntfreq_tables/P5_withP2/all.iSNV_with_SNP.pyResults.txt  		-f /shared/liuhj/tonglv/Infos/20210311-info.txt  -o  /shared/liuhj/tonglv/process/person_ntfreq_tables/P5_withP2/snvSNP_snpeff_Stat_FiltEcoliHomo -m 0.1  -M 0.9  -E /shared/liuhj/tonglv/process/20210323-map2_Ecoli/PA.accumulateReads.EcoliHomoPosi.txt 
[Wed Mar 24 09:54:01 2021]
Finished job 14.
2 of 8 steps (25%) done
Select jobs to execute...

[Wed Mar 24 09:54:01 2021]
rule iSNV_snvSNP_snpeff_Stat:
    input: /shared/liuhj/tonglv/process/person_ntfreq_tables/P4/all.iSNV_with_SNP.pyResults.txt, /shared/liuhj/tonglv/Infos/20210311-info.txt, /shared/liuhj/tonglv/process/20210323-map2_Ecoli/PA.accumulateReads.EcoliHomoPosi.txt
    output: /shared/liuhj/tonglv/process/person_ntfreq_tables/P4/snvSNP_snpeff_Stat_FiltEcoliHomo
    jobid: 11
    wildcards: person=P4

python  /shared/liuhj/tonglv/ICU_tonglv_scripts/iSNV_calling_bwa2_AE004091.2/iSNVpy_iSNV_snpeff_clade.py  -i /shared/liuhj/tonglv/process/person_ntfreq_tables/P4/all.iSNV_with_SNP.pyResults.txt  		-f /shared/liuhj/tonglv/Infos/20210311-info.txt  -o  /shared/liuhj/tonglv/process/person_ntfreq_tables/P4/snvSNP_snpeff_Stat_FiltEcoliHomo -m 0.1  -M 0.9  -E /shared/liuhj/tonglv/process/20210323-map2_Ecoli/PA.accumulateReads.EcoliHomoPosi.txt 
[Wed Mar 24 09:54:12 2021]
Finished job 11.
3 of 8 steps (38%) done
Select jobs to execute...

[Wed Mar 24 09:54:12 2021]
rule iSNV_snvSNP_snpeff_Stat:
    input: /shared/liuhj/tonglv/process/person_ntfreq_tables/P2/all.iSNV_with_SNP.pyResults.txt, /shared/liuhj/tonglv/Infos/20210311-info.txt, /shared/liuhj/tonglv/process/20210323-map2_Ecoli/PA.accumulateReads.EcoliHomoPosi.txt
    output: /shared/liuhj/tonglv/process/person_ntfreq_tables/P2/snvSNP_snpeff_Stat_FiltEcoliHomo
    jobid: 9
    wildcards: person=P2

python  /shared/liuhj/tonglv/ICU_tonglv_scripts/iSNV_calling_bwa2_AE004091.2/iSNVpy_iSNV_snpeff_clade.py  -i /shared/liuhj/tonglv/process/person_ntfreq_tables/P2/all.iSNV_with_SNP.pyResults.txt  		-f /shared/liuhj/tonglv/Infos/20210311-info.txt  -o  /shared/liuhj/tonglv/process/person_ntfreq_tables/P2/snvSNP_snpeff_Stat_FiltEcoliHomo -m 0.1  -M 0.9  -E /shared/liuhj/tonglv/process/20210323-map2_Ecoli/PA.accumulateReads.EcoliHomoPosi.txt 
[Wed Mar 24 09:54:13 2021]
Finished job 9.
4 of 8 steps (50%) done
Select jobs to execute...

[Wed Mar 24 09:54:13 2021]
rule iSNV_snvSNP_snpeff_Stat:
    input: /shared/liuhj/tonglv/process/person_ntfreq_tables/P7/all.iSNV_with_SNP.pyResults.txt, /shared/liuhj/tonglv/Infos/20210311-info.txt, /shared/liuhj/tonglv/process/20210323-map2_Ecoli/PA.accumulateReads.EcoliHomoPosi.txt
    output: /shared/liuhj/tonglv/process/person_ntfreq_tables/P7/snvSNP_snpeff_Stat_FiltEcoliHomo
    jobid: 13
    wildcards: person=P7

python  /shared/liuhj/tonglv/ICU_tonglv_scripts/iSNV_calling_bwa2_AE004091.2/iSNVpy_iSNV_snpeff_clade.py  -i /shared/liuhj/tonglv/process/person_ntfreq_tables/P7/all.iSNV_with_SNP.pyResults.txt  		-f /shared/liuhj/tonglv/Infos/20210311-info.txt  -o  /shared/liuhj/tonglv/process/person_ntfreq_tables/P7/snvSNP_snpeff_Stat_FiltEcoliHomo -m 0.1  -M 0.9  -E /shared/liuhj/tonglv/process/20210323-map2_Ecoli/PA.accumulateReads.EcoliHomoPosi.txt 
[Wed Mar 24 09:54:19 2021]
Finished job 13.
5 of 8 steps (62%) done
Select jobs to execute...

[Wed Mar 24 09:54:19 2021]
rule iSNV_snvSNP_snpeff_Stat:
    input: /shared/liuhj/tonglv/process/person_ntfreq_tables/P3/all.iSNV_with_SNP.pyResults.txt, /shared/liuhj/tonglv/Infos/20210311-info.txt, /shared/liuhj/tonglv/process/20210323-map2_Ecoli/PA.accumulateReads.EcoliHomoPosi.txt
    output: /shared/liuhj/tonglv/process/person_ntfreq_tables/P3/snvSNP_snpeff_Stat_FiltEcoliHomo
    jobid: 10
    wildcards: person=P3

python  /shared/liuhj/tonglv/ICU_tonglv_scripts/iSNV_calling_bwa2_AE004091.2/iSNVpy_iSNV_snpeff_clade.py  -i /shared/liuhj/tonglv/process/person_ntfreq_tables/P3/all.iSNV_with_SNP.pyResults.txt  		-f /shared/liuhj/tonglv/Infos/20210311-info.txt  -o  /shared/liuhj/tonglv/process/person_ntfreq_tables/P3/snvSNP_snpeff_Stat_FiltEcoliHomo -m 0.1  -M 0.9  -E /shared/liuhj/tonglv/process/20210323-map2_Ecoli/PA.accumulateReads.EcoliHomoPosi.txt 
[Wed Mar 24 09:54:50 2021]
Finished job 10.
6 of 8 steps (75%) done
Select jobs to execute...

[Wed Mar 24 09:54:50 2021]
rule iSNV_snvSNP_snpeff_Stat:
    input: /shared/liuhj/tonglv/process/person_ntfreq_tables/P6/all.iSNV_with_SNP.pyResults.txt, /shared/liuhj/tonglv/Infos/20210311-info.txt, /shared/liuhj/tonglv/process/20210323-map2_Ecoli/PA.accumulateReads.EcoliHomoPosi.txt
    output: /shared/liuhj/tonglv/process/person_ntfreq_tables/P6/snvSNP_snpeff_Stat_FiltEcoliHomo
    jobid: 12
    wildcards: person=P6

python  /shared/liuhj/tonglv/ICU_tonglv_scripts/iSNV_calling_bwa2_AE004091.2/iSNVpy_iSNV_snpeff_clade.py  -i /shared/liuhj/tonglv/process/person_ntfreq_tables/P6/all.iSNV_with_SNP.pyResults.txt  		-f /shared/liuhj/tonglv/Infos/20210311-info.txt  -o  /shared/liuhj/tonglv/process/person_ntfreq_tables/P6/snvSNP_snpeff_Stat_FiltEcoliHomo -m 0.1  -M 0.9  -E /shared/liuhj/tonglv/process/20210323-map2_Ecoli/PA.accumulateReads.EcoliHomoPosi.txt 
Terminating processes on user request, this might take some time.
[Wed Mar 24 09:54:55 2021]
Error in rule iSNV_snvSNP_snpeff_Stat:
    jobid: 12
    output: /shared/liuhj/tonglv/process/person_ntfreq_tables/P6/snvSNP_snpeff_Stat_FiltEcoliHomo
    shell:
        python  /shared/liuhj/tonglv/ICU_tonglv_scripts/iSNV_calling_bwa2_AE004091.2/iSNVpy_iSNV_snpeff_clade.py  -i /shared/liuhj/tonglv/process/person_ntfreq_tables/P6/all.iSNV_with_SNP.pyResults.txt  		-f /shared/liuhj/tonglv/Infos/20210311-info.txt  -o  /shared/liuhj/tonglv/process/person_ntfreq_tables/P6/snvSNP_snpeff_Stat_FiltEcoliHomo -m 0.1  -M 0.9  -E /shared/liuhj/tonglv/process/20210323-map2_Ecoli/PA.accumulateReads.EcoliHomoPosi.txt 
        (one of the commands exited with non-zero exit code; note that snakemake uses bash strict mode!)

Removing output files of failed job iSNV_snvSNP_snpeff_Stat since they might be corrupted:
/shared/liuhj/tonglv/process/person_ntfreq_tables/P6/snvSNP_snpeff_Stat_FiltEcoliHomo
Complete log: /shared/liuhj/tonglv/ICU_tonglv_scripts/iSNV_calling_bwa2_AE004091.2/.snakemake/log/2021-03-24T095332.838100.snakemake.log
