Building DAG of jobs...
Using shell: /bin/bash
Provided cores: 1 (use --cores to define parallelism)
Rules claiming more threads will be scaled down.
Job counts:
	count	jobs
	1	all
	1	iSNV_snvNumCount_noSNV
	2
Select jobs to execute...

[Fri Apr  2 20:36:27 2021]
rule iSNV_snvNumCount_noSNV:
    input: /shared/liuhj/tonglv/process/20210401-person_ntfreq_tables/P1/all.iSNV_with_SNP.pyResults.txt, /shared/liuhj/tonglv/Infos/20210311-info.txt, /shared/liuhj/tonglv/process/20210402-bwaToOtherBacteria/PA-HomoRegions-FromOtherBacteria.txt, /shared/liuhj/tonglv/process/20210401-person_ntfreq_tables/P1/vcf_snpeff
    output: /shared/liuhj/tonglv/process/20210401-person_ntfreq_tables/P1/snvNum_Stat_noSNV_OtherBacfilted
    jobid: 5
    wildcards: person=P1

python  /shared/liuhj/tonglv/ICU_tonglv_scripts/iSNV_calling_bwa2_AE004091.2/iSNVpy_snvSNP_Stat_clade.py   -i /shared/liuhj/tonglv/process/20210401-person_ntfreq_tables/P1/all.iSNV_with_SNP.pyResults.txt  		-f /shared/liuhj/tonglv/Infos/20210311-info.txt -e /shared/liuhj/tonglv/process/20210401-person_ntfreq_tables/P1/vcf_snpeff  -o  /shared/liuhj/tonglv/process/20210401-person_ntfreq_tables/P1/snvNum_Stat_noSNV_OtherBacfilted  -m 0.1  -M 0.9  -E /shared/liuhj/tonglv/process/20210402-bwaToOtherBacteria/PA-HomoRegions-FromOtherBacteria.txt   
[Fri Apr  2 20:36:30 2021]
Finished job 5.
1 of 2 steps (50%) done
Select jobs to execute...

[Fri Apr  2 20:36:30 2021]
localrule all:
    input: /shared/liuhj/tonglv/process/20210401-person_ntfreq_tables/P1/all.iSNV_with_SNP.pyResults.txt, /shared/liuhj/tonglv/process/20210401-person_ntfreq_tables/P1/vcf, /shared/liuhj/tonglv/process/20210401-person_ntfreq_tables/P1/vcf_snpeff, /shared/liuhj/tonglv/process/20210401-person_ntfreq_tables/P1/general-snvFreq_distribut_Stat, /shared/liuhj/tonglv/process/20210401-person_ntfreq_tables/P1/snvNum_Stat_noSNV_OtherBacfilted
    jobid: 0

[Fri Apr  2 20:36:30 2021]
Finished job 0.
2 of 2 steps (100%) done
Complete log: /shared/liuhj/tonglv/ICU_tonglv_scripts/iSNV_calling_bwa2_AE004091.2/.snakemake/log/2021-04-02T203627.529250.snakemake.log
