Building DAG of jobs...
Using shell: /bin/bash
Provided cores: 1 (use --cores to define parallelism)
Rules claiming more threads will be scaled down.
Job counts:
	count	jobs
	1	all
	3	iSNV_snvSNP_snpeff_Stat
	4
Select jobs to execute...

[Wed Mar 17 17:31:28 2021]
rule iSNV_snvSNP_snpeff_Stat:
    input: /shared/liuhj/tonglv/process/person_ntfreq_tables/P5_withP2/all.iSNV_with_SNP.pyResults.txt, /shared/liuhj/tonglv/Infos/20210311-info.txt
    output: /shared/liuhj/tonglv/process/person_ntfreq_tables/P5_withP2/snvSNP_snpeff_Stat
    jobid: 6
    wildcards: person=P5_withP2

python  /shared/liuhj/tonglv/ICU_tonglv_scripts/iSNV_calling_bwa2_AE004091.2/iSNVpy_iSNV_snpeff_clade.py  -i /shared/liuhj/tonglv/process/person_ntfreq_tables/P5_withP2/all.iSNV_with_SNP.pyResults.txt  		-f /shared/liuhj/tonglv/Infos/20210311-info.txt  -o  /shared/liuhj/tonglv/process/person_ntfreq_tables/P5_withP2/snvSNP_snpeff_Stat -m 0.1  -M 0.9  
[Wed Mar 17 17:31:36 2021]
Finished job 6.
1 of 4 steps (25%) done
Select jobs to execute...

[Wed Mar 17 17:31:36 2021]
rule iSNV_snvSNP_snpeff_Stat:
    input: /shared/liuhj/tonglv/process/person_ntfreq_tables/P1/all.iSNV_with_SNP.pyResults.txt, /shared/liuhj/tonglv/Infos/20210311-info.txt
    output: /shared/liuhj/tonglv/process/person_ntfreq_tables/P1/snvSNP_snpeff_Stat
    jobid: 4
    wildcards: person=P1

python  /shared/liuhj/tonglv/ICU_tonglv_scripts/iSNV_calling_bwa2_AE004091.2/iSNVpy_iSNV_snpeff_clade.py  -i /shared/liuhj/tonglv/process/person_ntfreq_tables/P1/all.iSNV_with_SNP.pyResults.txt  		-f /shared/liuhj/tonglv/Infos/20210311-info.txt  -o  /shared/liuhj/tonglv/process/person_ntfreq_tables/P1/snvSNP_snpeff_Stat -m 0.1  -M 0.9  
[Wed Mar 17 17:31:43 2021]
Finished job 4.
2 of 4 steps (50%) done
Select jobs to execute...

[Wed Mar 17 17:31:43 2021]
rule iSNV_snvSNP_snpeff_Stat:
    input: /shared/liuhj/tonglv/process/person_ntfreq_tables/P7/all.iSNV_with_SNP.pyResults.txt, /shared/liuhj/tonglv/Infos/20210311-info.txt
    output: /shared/liuhj/tonglv/process/person_ntfreq_tables/P7/snvSNP_snpeff_Stat
    jobid: 5
    wildcards: person=P7

python  /shared/liuhj/tonglv/ICU_tonglv_scripts/iSNV_calling_bwa2_AE004091.2/iSNVpy_iSNV_snpeff_clade.py  -i /shared/liuhj/tonglv/process/person_ntfreq_tables/P7/all.iSNV_with_SNP.pyResults.txt  		-f /shared/liuhj/tonglv/Infos/20210311-info.txt  -o  /shared/liuhj/tonglv/process/person_ntfreq_tables/P7/snvSNP_snpeff_Stat -m 0.1  -M 0.9  
[Wed Mar 17 17:31:47 2021]
Finished job 5.
3 of 4 steps (75%) done
Select jobs to execute...

[Wed Mar 17 17:31:47 2021]
localrule all:
    input: /shared/liuhj/tonglv/process/person_ntfreq_tables/P1/all.iSNV_with_SNP.pyResults.txt, /shared/liuhj/tonglv/process/person_ntfreq_tables/P7/all.iSNV_with_SNP.pyResults.txt, /shared/liuhj/tonglv/process/person_ntfreq_tables/P5_withP2/all.iSNV_with_SNP.pyResults.txt, /shared/liuhj/tonglv/process/person_ntfreq_tables/P1/snvSNP_snpeff_Stat, /shared/liuhj/tonglv/process/person_ntfreq_tables/P7/snvSNP_snpeff_Stat, /shared/liuhj/tonglv/process/person_ntfreq_tables/P5_withP2/snvSNP_snpeff_Stat
    jobid: 0

[Wed Mar 17 17:31:47 2021]
Finished job 0.
4 of 4 steps (100%) done
Complete log: /shared/liuhj/tonglv/ICU_tonglv_scripts/iSNV_calling_bwa2_AE004091.2/.snakemake/log/2021-03-17T173128.031319.snakemake.log
