Building DAG of jobs...
Using shell: /bin/bash
Provided cores: 1 (use --cores to define parallelism)
Rules claiming more threads will be scaled down.
Job counts:
	count	jobs
	1	all
	11	iSNV_snvNumCount_noSNV
	11	iSNV_snvSNP_snpeff_Stat
	23
Select jobs to execute...

[Mon Apr  5 21:28:14 2021]
rule iSNV_snvSNP_snpeff_Stat:
    input: /shared/liuhj/tonglv/process/20210401-person_ntfreq_tables/P5-1/all.iSNV_with_SNP.pyResults.txt, /shared/liuhj/tonglv/Infos/20210311-info.txt, /shared/liuhj/tonglv/process/20210402-bwaToOtherBacteria/PA-HomoRegions-FromOtherBacteria.txt, /shared/liuhj/tonglv/process/20210401-person_ntfreq_tables/P5-1/vcf_snpeff, /shared/liuhj/tonglv/process/RefGnmRepeatRegion/repeatmasker_out/AE004091.2.fasta.masked.fasta, /shared/liuhj/tonglv/process/20210405-PAsimulateReads-mapToAE0049/PA.RepeatRegion-Cov30-identy60.Posi.txt
    output: /shared/liuhj/tonglv/process/20210401-person_ntfreq_tables/P5-1/snvSNP_snpeff_Stat_OtherBacFilted-FiltSimutPARepeat
    jobid: 67
    wildcards: person=P5-1

python  /shared/liuhj/tonglv/ICU_tonglv_scripts/iSNV_calling_bwa2_AE004091.2/iSNVpy_iSNV_snpeff_clade.py  -i /shared/liuhj/tonglv/process/20210401-person_ntfreq_tables/P5-1/all.iSNV_with_SNP.pyResults.txt  		-f /shared/liuhj/tonglv/Infos/20210311-info.txt -e /shared/liuhj/tonglv/process/20210401-person_ntfreq_tables/P5-1/vcf_snpeff -R /shared/liuhj/tonglv/process/20210405-PAsimulateReads-mapToAE0049/PA.RepeatRegion-Cov30-identy60.Posi.txt -o  /shared/liuhj/tonglv/process/20210401-person_ntfreq_tables/P5-1/snvSNP_snpeff_Stat_OtherBacFilted-FiltSimutPARepeat -m 0.1  -M 0.9  -E /shared/liuhj/tonglv/process/20210402-bwaToOtherBacteria/PA-HomoRegions-FromOtherBacteria.txt 
[Mon Apr  5 21:28:15 2021]
Finished job 67.
1 of 23 steps (4%) done
Select jobs to execute...

[Mon Apr  5 21:28:15 2021]
rule iSNV_snvNumCount_noSNV:
    input: /shared/liuhj/tonglv/process/20210401-person_ntfreq_tables/P5_withP2/all.iSNV_with_SNP.pyResults.txt, /shared/liuhj/tonglv/Infos/20210311-info.txt, /shared/liuhj/tonglv/process/20210402-bwaToOtherBacteria/PA-HomoRegions-FromOtherBacteria.txt, /shared/liuhj/tonglv/process/20210401-person_ntfreq_tables/P5_withP2/vcf_snpeff, /shared/liuhj/tonglv/process/RefGnmRepeatRegion/repeatmasker_out/AE004091.2.fasta.masked.fasta, /shared/liuhj/tonglv/process/20210405-PAsimulateReads-mapToAE0049/PA.RepeatRegion-Cov30-identy60.Posi.txt
    output: /shared/liuhj/tonglv/process/20210401-person_ntfreq_tables/P5_withP2/snvNum_Stat_noSNV_OtherBacfilted-FiltSimutPARepeat
    jobid: 54
    wildcards: person=P5_withP2

python  /shared/liuhj/tonglv/ICU_tonglv_scripts/iSNV_calling_bwa2_AE004091.2/iSNVpy_snvSNP_Stat_clade.py   -i /shared/liuhj/tonglv/process/20210401-person_ntfreq_tables/P5_withP2/all.iSNV_with_SNP.pyResults.txt  		-f /shared/liuhj/tonglv/Infos/20210311-info.txt -e /shared/liuhj/tonglv/process/20210401-person_ntfreq_tables/P5_withP2/vcf_snpeff -R /shared/liuhj/tonglv/process/20210405-PAsimulateReads-mapToAE0049/PA.RepeatRegion-Cov30-identy60.Posi.txt -o  /shared/liuhj/tonglv/process/20210401-person_ntfreq_tables/P5_withP2/snvNum_Stat_noSNV_OtherBacfilted-FiltSimutPARepeat  -m 0.1  -M 0.9  -E /shared/liuhj/tonglv/process/20210402-bwaToOtherBacteria/PA-HomoRegions-FromOtherBacteria.txt   
[Mon Apr  5 21:28:19 2021]
Finished job 54.
2 of 23 steps (9%) done
Select jobs to execute...

[Mon Apr  5 21:28:19 2021]
rule iSNV_snvSNP_snpeff_Stat:
    input: /shared/liuhj/tonglv/process/20210401-person_ntfreq_tables/P5-2/all.iSNV_with_SNP.pyResults.txt, /shared/liuhj/tonglv/Infos/20210311-info.txt, /shared/liuhj/tonglv/process/20210402-bwaToOtherBacteria/PA-HomoRegions-FromOtherBacteria.txt, /shared/liuhj/tonglv/process/20210401-person_ntfreq_tables/P5-2/vcf_snpeff, /shared/liuhj/tonglv/process/RefGnmRepeatRegion/repeatmasker_out/AE004091.2.fasta.masked.fasta, /shared/liuhj/tonglv/process/20210405-PAsimulateReads-mapToAE0049/PA.RepeatRegion-Cov30-identy60.Posi.txt
    output: /shared/liuhj/tonglv/process/20210401-person_ntfreq_tables/P5-2/snvSNP_snpeff_Stat_OtherBacFilted-FiltSimutPARepeat
    jobid: 68
    wildcards: person=P5-2

python  /shared/liuhj/tonglv/ICU_tonglv_scripts/iSNV_calling_bwa2_AE004091.2/iSNVpy_iSNV_snpeff_clade.py  -i /shared/liuhj/tonglv/process/20210401-person_ntfreq_tables/P5-2/all.iSNV_with_SNP.pyResults.txt  		-f /shared/liuhj/tonglv/Infos/20210311-info.txt -e /shared/liuhj/tonglv/process/20210401-person_ntfreq_tables/P5-2/vcf_snpeff -R /shared/liuhj/tonglv/process/20210405-PAsimulateReads-mapToAE0049/PA.RepeatRegion-Cov30-identy60.Posi.txt -o  /shared/liuhj/tonglv/process/20210401-person_ntfreq_tables/P5-2/snvSNP_snpeff_Stat_OtherBacFilted-FiltSimutPARepeat -m 0.1  -M 0.9  -E /shared/liuhj/tonglv/process/20210402-bwaToOtherBacteria/PA-HomoRegions-FromOtherBacteria.txt 
[Mon Apr  5 21:28:20 2021]
Finished job 68.
3 of 23 steps (13%) done
Select jobs to execute...

[Mon Apr  5 21:28:20 2021]
rule iSNV_snvSNP_snpeff_Stat:
    input: /shared/liuhj/tonglv/process/20210401-person_ntfreq_tables/P3/all.iSNV_with_SNP.pyResults.txt, /shared/liuhj/tonglv/Infos/20210311-info.txt, /shared/liuhj/tonglv/process/20210402-bwaToOtherBacteria/PA-HomoRegions-FromOtherBacteria.txt, /shared/liuhj/tonglv/process/20210401-person_ntfreq_tables/P3/vcf_snpeff, /shared/liuhj/tonglv/process/RefGnmRepeatRegion/repeatmasker_out/AE004091.2.fasta.masked.fasta, /shared/liuhj/tonglv/process/20210405-PAsimulateReads-mapToAE0049/PA.RepeatRegion-Cov30-identy60.Posi.txt
    output: /shared/liuhj/tonglv/process/20210401-person_ntfreq_tables/P3/snvSNP_snpeff_Stat_OtherBacFilted-FiltSimutPARepeat
    jobid: 62
    wildcards: person=P3

python  /shared/liuhj/tonglv/ICU_tonglv_scripts/iSNV_calling_bwa2_AE004091.2/iSNVpy_iSNV_snpeff_clade.py  -i /shared/liuhj/tonglv/process/20210401-person_ntfreq_tables/P3/all.iSNV_with_SNP.pyResults.txt  		-f /shared/liuhj/tonglv/Infos/20210311-info.txt -e /shared/liuhj/tonglv/process/20210401-person_ntfreq_tables/P3/vcf_snpeff -R /shared/liuhj/tonglv/process/20210405-PAsimulateReads-mapToAE0049/PA.RepeatRegion-Cov30-identy60.Posi.txt -o  /shared/liuhj/tonglv/process/20210401-person_ntfreq_tables/P3/snvSNP_snpeff_Stat_OtherBacFilted-FiltSimutPARepeat -m 0.1  -M 0.9  -E /shared/liuhj/tonglv/process/20210402-bwaToOtherBacteria/PA-HomoRegions-FromOtherBacteria.txt 
[Mon Apr  5 21:28:27 2021]
Finished job 62.
4 of 23 steps (17%) done
Select jobs to execute...

[Mon Apr  5 21:28:27 2021]
rule iSNV_snvSNP_snpeff_Stat:
    input: /shared/liuhj/tonglv/process/20210401-person_ntfreq_tables/P6/all.iSNV_with_SNP.pyResults.txt, /shared/liuhj/tonglv/Infos/20210311-info.txt, /shared/liuhj/tonglv/process/20210402-bwaToOtherBacteria/PA-HomoRegions-FromOtherBacteria.txt, /shared/liuhj/tonglv/process/20210401-person_ntfreq_tables/P6/vcf_snpeff, /shared/liuhj/tonglv/process/RefGnmRepeatRegion/repeatmasker_out/AE004091.2.fasta.masked.fasta, /shared/liuhj/tonglv/process/20210405-PAsimulateReads-mapToAE0049/PA.RepeatRegion-Cov30-identy60.Posi.txt
    output: /shared/liuhj/tonglv/process/20210401-person_ntfreq_tables/P6/snvSNP_snpeff_Stat_OtherBacFilted-FiltSimutPARepeat
    jobid: 64
    wildcards: person=P6

python  /shared/liuhj/tonglv/ICU_tonglv_scripts/iSNV_calling_bwa2_AE004091.2/iSNVpy_iSNV_snpeff_clade.py  -i /shared/liuhj/tonglv/process/20210401-person_ntfreq_tables/P6/all.iSNV_with_SNP.pyResults.txt  		-f /shared/liuhj/tonglv/Infos/20210311-info.txt -e /shared/liuhj/tonglv/process/20210401-person_ntfreq_tables/P6/vcf_snpeff -R /shared/liuhj/tonglv/process/20210405-PAsimulateReads-mapToAE0049/PA.RepeatRegion-Cov30-identy60.Posi.txt -o  /shared/liuhj/tonglv/process/20210401-person_ntfreq_tables/P6/snvSNP_snpeff_Stat_OtherBacFilted-FiltSimutPARepeat -m 0.1  -M 0.9  -E /shared/liuhj/tonglv/process/20210402-bwaToOtherBacteria/PA-HomoRegions-FromOtherBacteria.txt 
[Mon Apr  5 21:28:29 2021]
Finished job 64.
5 of 23 steps (22%) done
Select jobs to execute...

[Mon Apr  5 21:28:29 2021]
rule iSNV_snvNumCount_noSNV:
    input: /shared/liuhj/tonglv/process/20210401-person_ntfreq_tables/P6/all.iSNV_with_SNP.pyResults.txt, /shared/liuhj/tonglv/Infos/20210311-info.txt, /shared/liuhj/tonglv/process/20210402-bwaToOtherBacteria/PA-HomoRegions-FromOtherBacteria.txt, /shared/liuhj/tonglv/process/20210401-person_ntfreq_tables/P6/vcf_snpeff, /shared/liuhj/tonglv/process/RefGnmRepeatRegion/repeatmasker_out/AE004091.2.fasta.masked.fasta, /shared/liuhj/tonglv/process/20210405-PAsimulateReads-mapToAE0049/PA.RepeatRegion-Cov30-identy60.Posi.txt
    output: /shared/liuhj/tonglv/process/20210401-person_ntfreq_tables/P6/snvNum_Stat_noSNV_OtherBacfilted-FiltSimutPARepeat
    jobid: 52
    wildcards: person=P6

python  /shared/liuhj/tonglv/ICU_tonglv_scripts/iSNV_calling_bwa2_AE004091.2/iSNVpy_snvSNP_Stat_clade.py   -i /shared/liuhj/tonglv/process/20210401-person_ntfreq_tables/P6/all.iSNV_with_SNP.pyResults.txt  		-f /shared/liuhj/tonglv/Infos/20210311-info.txt -e /shared/liuhj/tonglv/process/20210401-person_ntfreq_tables/P6/vcf_snpeff -R /shared/liuhj/tonglv/process/20210405-PAsimulateReads-mapToAE0049/PA.RepeatRegion-Cov30-identy60.Posi.txt -o  /shared/liuhj/tonglv/process/20210401-person_ntfreq_tables/P6/snvNum_Stat_noSNV_OtherBacfilted-FiltSimutPARepeat  -m 0.1  -M 0.9  -E /shared/liuhj/tonglv/process/20210402-bwaToOtherBacteria/PA-HomoRegions-FromOtherBacteria.txt   
[Mon Apr  5 21:28:31 2021]
Finished job 52.
6 of 23 steps (26%) done
Select jobs to execute...

[Mon Apr  5 21:28:31 2021]
rule iSNV_snvSNP_snpeff_Stat:
    input: /shared/liuhj/tonglv/process/20210401-person_ntfreq_tables/P5_withP2/all.iSNV_with_SNP.pyResults.txt, /shared/liuhj/tonglv/Infos/20210311-info.txt, /shared/liuhj/tonglv/process/20210402-bwaToOtherBacteria/PA-HomoRegions-FromOtherBacteria.txt, /shared/liuhj/tonglv/process/20210401-person_ntfreq_tables/P5_withP2/vcf_snpeff, /shared/liuhj/tonglv/process/RefGnmRepeatRegion/repeatmasker_out/AE004091.2.fasta.masked.fasta, /shared/liuhj/tonglv/process/20210405-PAsimulateReads-mapToAE0049/PA.RepeatRegion-Cov30-identy60.Posi.txt
    output: /shared/liuhj/tonglv/process/20210401-person_ntfreq_tables/P5_withP2/snvSNP_snpeff_Stat_OtherBacFilted-FiltSimutPARepeat
    jobid: 66
    wildcards: person=P5_withP2

python  /shared/liuhj/tonglv/ICU_tonglv_scripts/iSNV_calling_bwa2_AE004091.2/iSNVpy_iSNV_snpeff_clade.py  -i /shared/liuhj/tonglv/process/20210401-person_ntfreq_tables/P5_withP2/all.iSNV_with_SNP.pyResults.txt  		-f /shared/liuhj/tonglv/Infos/20210311-info.txt -e /shared/liuhj/tonglv/process/20210401-person_ntfreq_tables/P5_withP2/vcf_snpeff -R /shared/liuhj/tonglv/process/20210405-PAsimulateReads-mapToAE0049/PA.RepeatRegion-Cov30-identy60.Posi.txt -o  /shared/liuhj/tonglv/process/20210401-person_ntfreq_tables/P5_withP2/snvSNP_snpeff_Stat_OtherBacFilted-FiltSimutPARepeat -m 0.1  -M 0.9  -E /shared/liuhj/tonglv/process/20210402-bwaToOtherBacteria/PA-HomoRegions-FromOtherBacteria.txt 
[Mon Apr  5 21:28:36 2021]
Finished job 66.
7 of 23 steps (30%) done
Select jobs to execute...

[Mon Apr  5 21:28:36 2021]
rule iSNV_snvNumCount_noSNV:
    input: /shared/liuhj/tonglv/process/20210401-person_ntfreq_tables/P5-2/all.iSNV_with_SNP.pyResults.txt, /shared/liuhj/tonglv/Infos/20210311-info.txt, /shared/liuhj/tonglv/process/20210402-bwaToOtherBacteria/PA-HomoRegions-FromOtherBacteria.txt, /shared/liuhj/tonglv/process/20210401-person_ntfreq_tables/P5-2/vcf_snpeff, /shared/liuhj/tonglv/process/RefGnmRepeatRegion/repeatmasker_out/AE004091.2.fasta.masked.fasta, /shared/liuhj/tonglv/process/20210405-PAsimulateReads-mapToAE0049/PA.RepeatRegion-Cov30-identy60.Posi.txt
    output: /shared/liuhj/tonglv/process/20210401-person_ntfreq_tables/P5-2/snvNum_Stat_noSNV_OtherBacfilted-FiltSimutPARepeat
    jobid: 56
    wildcards: person=P5-2

python  /shared/liuhj/tonglv/ICU_tonglv_scripts/iSNV_calling_bwa2_AE004091.2/iSNVpy_snvSNP_Stat_clade.py   -i /shared/liuhj/tonglv/process/20210401-person_ntfreq_tables/P5-2/all.iSNV_with_SNP.pyResults.txt  		-f /shared/liuhj/tonglv/Infos/20210311-info.txt -e /shared/liuhj/tonglv/process/20210401-person_ntfreq_tables/P5-2/vcf_snpeff -R /shared/liuhj/tonglv/process/20210405-PAsimulateReads-mapToAE0049/PA.RepeatRegion-Cov30-identy60.Posi.txt -o  /shared/liuhj/tonglv/process/20210401-person_ntfreq_tables/P5-2/snvNum_Stat_noSNV_OtherBacfilted-FiltSimutPARepeat  -m 0.1  -M 0.9  -E /shared/liuhj/tonglv/process/20210402-bwaToOtherBacteria/PA-HomoRegions-FromOtherBacteria.txt   
[Mon Apr  5 21:28:38 2021]
Finished job 56.
8 of 23 steps (35%) done
Select jobs to execute...

[Mon Apr  5 21:28:38 2021]
rule iSNV_snvSNP_snpeff_Stat:
    input: /shared/liuhj/tonglv/process/20210401-person_ntfreq_tables/P7/all.iSNV_with_SNP.pyResults.txt, /shared/liuhj/tonglv/Infos/20210311-info.txt, /shared/liuhj/tonglv/process/20210402-bwaToOtherBacteria/PA-HomoRegions-FromOtherBacteria.txt, /shared/liuhj/tonglv/process/20210401-person_ntfreq_tables/P7/vcf_snpeff, /shared/liuhj/tonglv/process/RefGnmRepeatRegion/repeatmasker_out/AE004091.2.fasta.masked.fasta, /shared/liuhj/tonglv/process/20210405-PAsimulateReads-mapToAE0049/PA.RepeatRegion-Cov30-identy60.Posi.txt
    output: /shared/liuhj/tonglv/process/20210401-person_ntfreq_tables/P7/snvSNP_snpeff_Stat_OtherBacFilted-FiltSimutPARepeat
    jobid: 65
    wildcards: person=P7

python  /shared/liuhj/tonglv/ICU_tonglv_scripts/iSNV_calling_bwa2_AE004091.2/iSNVpy_iSNV_snpeff_clade.py  -i /shared/liuhj/tonglv/process/20210401-person_ntfreq_tables/P7/all.iSNV_with_SNP.pyResults.txt  		-f /shared/liuhj/tonglv/Infos/20210311-info.txt -e /shared/liuhj/tonglv/process/20210401-person_ntfreq_tables/P7/vcf_snpeff -R /shared/liuhj/tonglv/process/20210405-PAsimulateReads-mapToAE0049/PA.RepeatRegion-Cov30-identy60.Posi.txt -o  /shared/liuhj/tonglv/process/20210401-person_ntfreq_tables/P7/snvSNP_snpeff_Stat_OtherBacFilted-FiltSimutPARepeat -m 0.1  -M 0.9  -E /shared/liuhj/tonglv/process/20210402-bwaToOtherBacteria/PA-HomoRegions-FromOtherBacteria.txt 
[Mon Apr  5 21:28:40 2021]
Finished job 65.
9 of 23 steps (39%) done
Select jobs to execute...

[Mon Apr  5 21:28:40 2021]
rule iSNV_snvSNP_snpeff_Stat:
    input: /shared/liuhj/tonglv/process/20210401-person_ntfreq_tables/P3-1/all.iSNV_with_SNP.pyResults.txt, /shared/liuhj/tonglv/Infos/20210311-info.txt, /shared/liuhj/tonglv/process/20210402-bwaToOtherBacteria/PA-HomoRegions-FromOtherBacteria.txt, /shared/liuhj/tonglv/process/20210401-person_ntfreq_tables/P3-1/vcf_snpeff, /shared/liuhj/tonglv/process/RefGnmRepeatRegion/repeatmasker_out/AE004091.2.fasta.masked.fasta, /shared/liuhj/tonglv/process/20210405-PAsimulateReads-mapToAE0049/PA.RepeatRegion-Cov30-identy60.Posi.txt
    output: /shared/liuhj/tonglv/process/20210401-person_ntfreq_tables/P3-1/snvSNP_snpeff_Stat_OtherBacFilted-FiltSimutPARepeat
    jobid: 70
    wildcards: person=P3-1

python  /shared/liuhj/tonglv/ICU_tonglv_scripts/iSNV_calling_bwa2_AE004091.2/iSNVpy_iSNV_snpeff_clade.py  -i /shared/liuhj/tonglv/process/20210401-person_ntfreq_tables/P3-1/all.iSNV_with_SNP.pyResults.txt  		-f /shared/liuhj/tonglv/Infos/20210311-info.txt -e /shared/liuhj/tonglv/process/20210401-person_ntfreq_tables/P3-1/vcf_snpeff -R /shared/liuhj/tonglv/process/20210405-PAsimulateReads-mapToAE0049/PA.RepeatRegion-Cov30-identy60.Posi.txt -o  /shared/liuhj/tonglv/process/20210401-person_ntfreq_tables/P3-1/snvSNP_snpeff_Stat_OtherBacFilted-FiltSimutPARepeat -m 0.1  -M 0.9  -E /shared/liuhj/tonglv/process/20210402-bwaToOtherBacteria/PA-HomoRegions-FromOtherBacteria.txt 
[Mon Apr  5 21:28:41 2021]
Finished job 70.
10 of 23 steps (43%) done
Select jobs to execute...

[Mon Apr  5 21:28:41 2021]
rule iSNV_snvSNP_snpeff_Stat:
    input: /shared/liuhj/tonglv/process/20210401-person_ntfreq_tables/P3-3/all.iSNV_with_SNP.pyResults.txt, /shared/liuhj/tonglv/Infos/20210311-info.txt, /shared/liuhj/tonglv/process/20210402-bwaToOtherBacteria/PA-HomoRegions-FromOtherBacteria.txt, /shared/liuhj/tonglv/process/20210401-person_ntfreq_tables/P3-3/vcf_snpeff, /shared/liuhj/tonglv/process/RefGnmRepeatRegion/repeatmasker_out/AE004091.2.fasta.masked.fasta, /shared/liuhj/tonglv/process/20210405-PAsimulateReads-mapToAE0049/PA.RepeatRegion-Cov30-identy60.Posi.txt
    output: /shared/liuhj/tonglv/process/20210401-person_ntfreq_tables/P3-3/snvSNP_snpeff_Stat_OtherBacFilted-FiltSimutPARepeat
    jobid: 72
    wildcards: person=P3-3

python  /shared/liuhj/tonglv/ICU_tonglv_scripts/iSNV_calling_bwa2_AE004091.2/iSNVpy_iSNV_snpeff_clade.py  -i /shared/liuhj/tonglv/process/20210401-person_ntfreq_tables/P3-3/all.iSNV_with_SNP.pyResults.txt  		-f /shared/liuhj/tonglv/Infos/20210311-info.txt -e /shared/liuhj/tonglv/process/20210401-person_ntfreq_tables/P3-3/vcf_snpeff -R /shared/liuhj/tonglv/process/20210405-PAsimulateReads-mapToAE0049/PA.RepeatRegion-Cov30-identy60.Posi.txt -o  /shared/liuhj/tonglv/process/20210401-person_ntfreq_tables/P3-3/snvSNP_snpeff_Stat_OtherBacFilted-FiltSimutPARepeat -m 0.1  -M 0.9  -E /shared/liuhj/tonglv/process/20210402-bwaToOtherBacteria/PA-HomoRegions-FromOtherBacteria.txt 
[Mon Apr  5 21:28:42 2021]
Finished job 72.
11 of 23 steps (48%) done
Select jobs to execute...

[Mon Apr  5 21:28:42 2021]
rule iSNV_snvNumCount_noSNV:
    input: /shared/liuhj/tonglv/process/20210401-person_ntfreq_tables/P3-1/all.iSNV_with_SNP.pyResults.txt, /shared/liuhj/tonglv/Infos/20210311-info.txt, /shared/liuhj/tonglv/process/20210402-bwaToOtherBacteria/PA-HomoRegions-FromOtherBacteria.txt, /shared/liuhj/tonglv/process/20210401-person_ntfreq_tables/P3-1/vcf_snpeff, /shared/liuhj/tonglv/process/RefGnmRepeatRegion/repeatmasker_out/AE004091.2.fasta.masked.fasta, /shared/liuhj/tonglv/process/20210405-PAsimulateReads-mapToAE0049/PA.RepeatRegion-Cov30-identy60.Posi.txt
    output: /shared/liuhj/tonglv/process/20210401-person_ntfreq_tables/P3-1/snvNum_Stat_noSNV_OtherBacfilted-FiltSimutPARepeat
    jobid: 58
    wildcards: person=P3-1

python  /shared/liuhj/tonglv/ICU_tonglv_scripts/iSNV_calling_bwa2_AE004091.2/iSNVpy_snvSNP_Stat_clade.py   -i /shared/liuhj/tonglv/process/20210401-person_ntfreq_tables/P3-1/all.iSNV_with_SNP.pyResults.txt  		-f /shared/liuhj/tonglv/Infos/20210311-info.txt -e /shared/liuhj/tonglv/process/20210401-person_ntfreq_tables/P3-1/vcf_snpeff -R /shared/liuhj/tonglv/process/20210405-PAsimulateReads-mapToAE0049/PA.RepeatRegion-Cov30-identy60.Posi.txt -o  /shared/liuhj/tonglv/process/20210401-person_ntfreq_tables/P3-1/snvNum_Stat_noSNV_OtherBacfilted-FiltSimutPARepeat  -m 0.1  -M 0.9  -E /shared/liuhj/tonglv/process/20210402-bwaToOtherBacteria/PA-HomoRegions-FromOtherBacteria.txt   
[Mon Apr  5 21:28:44 2021]
Finished job 58.
12 of 23 steps (52%) done
Select jobs to execute...

[Mon Apr  5 21:28:44 2021]
rule iSNV_snvNumCount_noSNV:
    input: /shared/liuhj/tonglv/process/20210401-person_ntfreq_tables/P3-3/all.iSNV_with_SNP.pyResults.txt, /shared/liuhj/tonglv/Infos/20210311-info.txt, /shared/liuhj/tonglv/process/20210402-bwaToOtherBacteria/PA-HomoRegions-FromOtherBacteria.txt, /shared/liuhj/tonglv/process/20210401-person_ntfreq_tables/P3-3/vcf_snpeff, /shared/liuhj/tonglv/process/RefGnmRepeatRegion/repeatmasker_out/AE004091.2.fasta.masked.fasta, /shared/liuhj/tonglv/process/20210405-PAsimulateReads-mapToAE0049/PA.RepeatRegion-Cov30-identy60.Posi.txt
    output: /shared/liuhj/tonglv/process/20210401-person_ntfreq_tables/P3-3/snvNum_Stat_noSNV_OtherBacfilted-FiltSimutPARepeat
    jobid: 60
    wildcards: person=P3-3

python  /shared/liuhj/tonglv/ICU_tonglv_scripts/iSNV_calling_bwa2_AE004091.2/iSNVpy_snvSNP_Stat_clade.py   -i /shared/liuhj/tonglv/process/20210401-person_ntfreq_tables/P3-3/all.iSNV_with_SNP.pyResults.txt  		-f /shared/liuhj/tonglv/Infos/20210311-info.txt -e /shared/liuhj/tonglv/process/20210401-person_ntfreq_tables/P3-3/vcf_snpeff -R /shared/liuhj/tonglv/process/20210405-PAsimulateReads-mapToAE0049/PA.RepeatRegion-Cov30-identy60.Posi.txt -o  /shared/liuhj/tonglv/process/20210401-person_ntfreq_tables/P3-3/snvNum_Stat_noSNV_OtherBacfilted-FiltSimutPARepeat  -m 0.1  -M 0.9  -E /shared/liuhj/tonglv/process/20210402-bwaToOtherBacteria/PA-HomoRegions-FromOtherBacteria.txt   
[Mon Apr  5 21:28:46 2021]
Finished job 60.
13 of 23 steps (57%) done
Select jobs to execute...

[Mon Apr  5 21:28:46 2021]
rule iSNV_snvNumCount_noSNV:
    input: /shared/liuhj/tonglv/process/20210401-person_ntfreq_tables/P4/all.iSNV_with_SNP.pyResults.txt, /shared/liuhj/tonglv/Infos/20210311-info.txt, /shared/liuhj/tonglv/process/20210402-bwaToOtherBacteria/PA-HomoRegions-FromOtherBacteria.txt, /shared/liuhj/tonglv/process/20210401-person_ntfreq_tables/P4/vcf_snpeff, /shared/liuhj/tonglv/process/RefGnmRepeatRegion/repeatmasker_out/AE004091.2.fasta.masked.fasta, /shared/liuhj/tonglv/process/20210405-PAsimulateReads-mapToAE0049/PA.RepeatRegion-Cov30-identy60.Posi.txt
    output: /shared/liuhj/tonglv/process/20210401-person_ntfreq_tables/P4/snvNum_Stat_noSNV_OtherBacfilted-FiltSimutPARepeat
    jobid: 51
    wildcards: person=P4

python  /shared/liuhj/tonglv/ICU_tonglv_scripts/iSNV_calling_bwa2_AE004091.2/iSNVpy_snvSNP_Stat_clade.py   -i /shared/liuhj/tonglv/process/20210401-person_ntfreq_tables/P4/all.iSNV_with_SNP.pyResults.txt  		-f /shared/liuhj/tonglv/Infos/20210311-info.txt -e /shared/liuhj/tonglv/process/20210401-person_ntfreq_tables/P4/vcf_snpeff -R /shared/liuhj/tonglv/process/20210405-PAsimulateReads-mapToAE0049/PA.RepeatRegion-Cov30-identy60.Posi.txt -o  /shared/liuhj/tonglv/process/20210401-person_ntfreq_tables/P4/snvNum_Stat_noSNV_OtherBacfilted-FiltSimutPARepeat  -m 0.1  -M 0.9  -E /shared/liuhj/tonglv/process/20210402-bwaToOtherBacteria/PA-HomoRegions-FromOtherBacteria.txt   
[Mon Apr  5 21:28:48 2021]
Finished job 51.
14 of 23 steps (61%) done
Select jobs to execute...

[Mon Apr  5 21:28:48 2021]
rule iSNV_snvSNP_snpeff_Stat:
    input: /shared/liuhj/tonglv/process/20210401-person_ntfreq_tables/P4/all.iSNV_with_SNP.pyResults.txt, /shared/liuhj/tonglv/Infos/20210311-info.txt, /shared/liuhj/tonglv/process/20210402-bwaToOtherBacteria/PA-HomoRegions-FromOtherBacteria.txt, /shared/liuhj/tonglv/process/20210401-person_ntfreq_tables/P4/vcf_snpeff, /shared/liuhj/tonglv/process/RefGnmRepeatRegion/repeatmasker_out/AE004091.2.fasta.masked.fasta, /shared/liuhj/tonglv/process/20210405-PAsimulateReads-mapToAE0049/PA.RepeatRegion-Cov30-identy60.Posi.txt
    output: /shared/liuhj/tonglv/process/20210401-person_ntfreq_tables/P4/snvSNP_snpeff_Stat_OtherBacFilted-FiltSimutPARepeat
    jobid: 63
    wildcards: person=P4

python  /shared/liuhj/tonglv/ICU_tonglv_scripts/iSNV_calling_bwa2_AE004091.2/iSNVpy_iSNV_snpeff_clade.py  -i /shared/liuhj/tonglv/process/20210401-person_ntfreq_tables/P4/all.iSNV_with_SNP.pyResults.txt  		-f /shared/liuhj/tonglv/Infos/20210311-info.txt -e /shared/liuhj/tonglv/process/20210401-person_ntfreq_tables/P4/vcf_snpeff -R /shared/liuhj/tonglv/process/20210405-PAsimulateReads-mapToAE0049/PA.RepeatRegion-Cov30-identy60.Posi.txt -o  /shared/liuhj/tonglv/process/20210401-person_ntfreq_tables/P4/snvSNP_snpeff_Stat_OtherBacFilted-FiltSimutPARepeat -m 0.1  -M 0.9  -E /shared/liuhj/tonglv/process/20210402-bwaToOtherBacteria/PA-HomoRegions-FromOtherBacteria.txt 
[Mon Apr  5 21:28:52 2021]
Finished job 63.
15 of 23 steps (65%) done
Select jobs to execute...

[Mon Apr  5 21:28:52 2021]
rule iSNV_snvNumCount_noSNV:
    input: /shared/liuhj/tonglv/process/20210401-person_ntfreq_tables/P3-2/all.iSNV_with_SNP.pyResults.txt, /shared/liuhj/tonglv/Infos/20210311-info.txt, /shared/liuhj/tonglv/process/20210402-bwaToOtherBacteria/PA-HomoRegions-FromOtherBacteria.txt, /shared/liuhj/tonglv/process/20210401-person_ntfreq_tables/P3-2/vcf_snpeff, /shared/liuhj/tonglv/process/RefGnmRepeatRegion/repeatmasker_out/AE004091.2.fasta.masked.fasta, /shared/liuhj/tonglv/process/20210405-PAsimulateReads-mapToAE0049/PA.RepeatRegion-Cov30-identy60.Posi.txt
    output: /shared/liuhj/tonglv/process/20210401-person_ntfreq_tables/P3-2/snvNum_Stat_noSNV_OtherBacfilted-FiltSimutPARepeat
    jobid: 59
    wildcards: person=P3-2

python  /shared/liuhj/tonglv/ICU_tonglv_scripts/iSNV_calling_bwa2_AE004091.2/iSNVpy_snvSNP_Stat_clade.py   -i /shared/liuhj/tonglv/process/20210401-person_ntfreq_tables/P3-2/all.iSNV_with_SNP.pyResults.txt  		-f /shared/liuhj/tonglv/Infos/20210311-info.txt -e /shared/liuhj/tonglv/process/20210401-person_ntfreq_tables/P3-2/vcf_snpeff -R /shared/liuhj/tonglv/process/20210405-PAsimulateReads-mapToAE0049/PA.RepeatRegion-Cov30-identy60.Posi.txt -o  /shared/liuhj/tonglv/process/20210401-person_ntfreq_tables/P3-2/snvNum_Stat_noSNV_OtherBacfilted-FiltSimutPARepeat  -m 0.1  -M 0.9  -E /shared/liuhj/tonglv/process/20210402-bwaToOtherBacteria/PA-HomoRegions-FromOtherBacteria.txt   
[Mon Apr  5 21:28:55 2021]
Finished job 59.
16 of 23 steps (70%) done
Select jobs to execute...

[Mon Apr  5 21:28:55 2021]
rule iSNV_snvSNP_snpeff_Stat:
    input: /shared/liuhj/tonglv/process/20210401-person_ntfreq_tables/P3-2/all.iSNV_with_SNP.pyResults.txt, /shared/liuhj/tonglv/Infos/20210311-info.txt, /shared/liuhj/tonglv/process/20210402-bwaToOtherBacteria/PA-HomoRegions-FromOtherBacteria.txt, /shared/liuhj/tonglv/process/20210401-person_ntfreq_tables/P3-2/vcf_snpeff, /shared/liuhj/tonglv/process/RefGnmRepeatRegion/repeatmasker_out/AE004091.2.fasta.masked.fasta, /shared/liuhj/tonglv/process/20210405-PAsimulateReads-mapToAE0049/PA.RepeatRegion-Cov30-identy60.Posi.txt
    output: /shared/liuhj/tonglv/process/20210401-person_ntfreq_tables/P3-2/snvSNP_snpeff_Stat_OtherBacFilted-FiltSimutPARepeat
    jobid: 71
    wildcards: person=P3-2

python  /shared/liuhj/tonglv/ICU_tonglv_scripts/iSNV_calling_bwa2_AE004091.2/iSNVpy_iSNV_snpeff_clade.py  -i /shared/liuhj/tonglv/process/20210401-person_ntfreq_tables/P3-2/all.iSNV_with_SNP.pyResults.txt  		-f /shared/liuhj/tonglv/Infos/20210311-info.txt -e /shared/liuhj/tonglv/process/20210401-person_ntfreq_tables/P3-2/vcf_snpeff -R /shared/liuhj/tonglv/process/20210405-PAsimulateReads-mapToAE0049/PA.RepeatRegion-Cov30-identy60.Posi.txt -o  /shared/liuhj/tonglv/process/20210401-person_ntfreq_tables/P3-2/snvSNP_snpeff_Stat_OtherBacFilted-FiltSimutPARepeat -m 0.1  -M 0.9  -E /shared/liuhj/tonglv/process/20210402-bwaToOtherBacteria/PA-HomoRegions-FromOtherBacteria.txt 
[Mon Apr  5 21:28:56 2021]
Finished job 71.
17 of 23 steps (74%) done
Select jobs to execute...

[Mon Apr  5 21:28:56 2021]
rule iSNV_snvNumCount_noSNV:
    input: /shared/liuhj/tonglv/process/20210401-person_ntfreq_tables/P5-3/all.iSNV_with_SNP.pyResults.txt, /shared/liuhj/tonglv/Infos/20210311-info.txt, /shared/liuhj/tonglv/process/20210402-bwaToOtherBacteria/PA-HomoRegions-FromOtherBacteria.txt, /shared/liuhj/tonglv/process/20210401-person_ntfreq_tables/P5-3/vcf_snpeff, /shared/liuhj/tonglv/process/RefGnmRepeatRegion/repeatmasker_out/AE004091.2.fasta.masked.fasta, /shared/liuhj/tonglv/process/20210405-PAsimulateReads-mapToAE0049/PA.RepeatRegion-Cov30-identy60.Posi.txt
    output: /shared/liuhj/tonglv/process/20210401-person_ntfreq_tables/P5-3/snvNum_Stat_noSNV_OtherBacfilted-FiltSimutPARepeat
    jobid: 57
    wildcards: person=P5-3

python  /shared/liuhj/tonglv/ICU_tonglv_scripts/iSNV_calling_bwa2_AE004091.2/iSNVpy_snvSNP_Stat_clade.py   -i /shared/liuhj/tonglv/process/20210401-person_ntfreq_tables/P5-3/all.iSNV_with_SNP.pyResults.txt  		-f /shared/liuhj/tonglv/Infos/20210311-info.txt -e /shared/liuhj/tonglv/process/20210401-person_ntfreq_tables/P5-3/vcf_snpeff -R /shared/liuhj/tonglv/process/20210405-PAsimulateReads-mapToAE0049/PA.RepeatRegion-Cov30-identy60.Posi.txt -o  /shared/liuhj/tonglv/process/20210401-person_ntfreq_tables/P5-3/snvNum_Stat_noSNV_OtherBacfilted-FiltSimutPARepeat  -m 0.1  -M 0.9  -E /shared/liuhj/tonglv/process/20210402-bwaToOtherBacteria/PA-HomoRegions-FromOtherBacteria.txt   
[Mon Apr  5 21:28:58 2021]
Finished job 57.
18 of 23 steps (78%) done
Select jobs to execute...

[Mon Apr  5 21:28:58 2021]
rule iSNV_snvNumCount_noSNV:
    input: /shared/liuhj/tonglv/process/20210401-person_ntfreq_tables/P5-1/all.iSNV_with_SNP.pyResults.txt, /shared/liuhj/tonglv/Infos/20210311-info.txt, /shared/liuhj/tonglv/process/20210402-bwaToOtherBacteria/PA-HomoRegions-FromOtherBacteria.txt, /shared/liuhj/tonglv/process/20210401-person_ntfreq_tables/P5-1/vcf_snpeff, /shared/liuhj/tonglv/process/RefGnmRepeatRegion/repeatmasker_out/AE004091.2.fasta.masked.fasta, /shared/liuhj/tonglv/process/20210405-PAsimulateReads-mapToAE0049/PA.RepeatRegion-Cov30-identy60.Posi.txt
    output: /shared/liuhj/tonglv/process/20210401-person_ntfreq_tables/P5-1/snvNum_Stat_noSNV_OtherBacfilted-FiltSimutPARepeat
    jobid: 55
    wildcards: person=P5-1

python  /shared/liuhj/tonglv/ICU_tonglv_scripts/iSNV_calling_bwa2_AE004091.2/iSNVpy_snvSNP_Stat_clade.py   -i /shared/liuhj/tonglv/process/20210401-person_ntfreq_tables/P5-1/all.iSNV_with_SNP.pyResults.txt  		-f /shared/liuhj/tonglv/Infos/20210311-info.txt -e /shared/liuhj/tonglv/process/20210401-person_ntfreq_tables/P5-1/vcf_snpeff -R /shared/liuhj/tonglv/process/20210405-PAsimulateReads-mapToAE0049/PA.RepeatRegion-Cov30-identy60.Posi.txt -o  /shared/liuhj/tonglv/process/20210401-person_ntfreq_tables/P5-1/snvNum_Stat_noSNV_OtherBacfilted-FiltSimutPARepeat  -m 0.1  -M 0.9  -E /shared/liuhj/tonglv/process/20210402-bwaToOtherBacteria/PA-HomoRegions-FromOtherBacteria.txt   
[Mon Apr  5 21:29:00 2021]
Finished job 55.
19 of 23 steps (83%) done
Select jobs to execute...

[Mon Apr  5 21:29:00 2021]
rule iSNV_snvSNP_snpeff_Stat:
    input: /shared/liuhj/tonglv/process/20210401-person_ntfreq_tables/P5-3/all.iSNV_with_SNP.pyResults.txt, /shared/liuhj/tonglv/Infos/20210311-info.txt, /shared/liuhj/tonglv/process/20210402-bwaToOtherBacteria/PA-HomoRegions-FromOtherBacteria.txt, /shared/liuhj/tonglv/process/20210401-person_ntfreq_tables/P5-3/vcf_snpeff, /shared/liuhj/tonglv/process/RefGnmRepeatRegion/repeatmasker_out/AE004091.2.fasta.masked.fasta, /shared/liuhj/tonglv/process/20210405-PAsimulateReads-mapToAE0049/PA.RepeatRegion-Cov30-identy60.Posi.txt
    output: /shared/liuhj/tonglv/process/20210401-person_ntfreq_tables/P5-3/snvSNP_snpeff_Stat_OtherBacFilted-FiltSimutPARepeat
    jobid: 69
    wildcards: person=P5-3

python  /shared/liuhj/tonglv/ICU_tonglv_scripts/iSNV_calling_bwa2_AE004091.2/iSNVpy_iSNV_snpeff_clade.py  -i /shared/liuhj/tonglv/process/20210401-person_ntfreq_tables/P5-3/all.iSNV_with_SNP.pyResults.txt  		-f /shared/liuhj/tonglv/Infos/20210311-info.txt -e /shared/liuhj/tonglv/process/20210401-person_ntfreq_tables/P5-3/vcf_snpeff -R /shared/liuhj/tonglv/process/20210405-PAsimulateReads-mapToAE0049/PA.RepeatRegion-Cov30-identy60.Posi.txt -o  /shared/liuhj/tonglv/process/20210401-person_ntfreq_tables/P5-3/snvSNP_snpeff_Stat_OtherBacFilted-FiltSimutPARepeat -m 0.1  -M 0.9  -E /shared/liuhj/tonglv/process/20210402-bwaToOtherBacteria/PA-HomoRegions-FromOtherBacteria.txt 
[Mon Apr  5 21:29:01 2021]
Finished job 69.
20 of 23 steps (87%) done
Select jobs to execute...

[Mon Apr  5 21:29:01 2021]
rule iSNV_snvNumCount_noSNV:
    input: /shared/liuhj/tonglv/process/20210401-person_ntfreq_tables/P3/all.iSNV_with_SNP.pyResults.txt, /shared/liuhj/tonglv/Infos/20210311-info.txt, /shared/liuhj/tonglv/process/20210402-bwaToOtherBacteria/PA-HomoRegions-FromOtherBacteria.txt, /shared/liuhj/tonglv/process/20210401-person_ntfreq_tables/P3/vcf_snpeff, /shared/liuhj/tonglv/process/RefGnmRepeatRegion/repeatmasker_out/AE004091.2.fasta.masked.fasta, /shared/liuhj/tonglv/process/20210405-PAsimulateReads-mapToAE0049/PA.RepeatRegion-Cov30-identy60.Posi.txt
    output: /shared/liuhj/tonglv/process/20210401-person_ntfreq_tables/P3/snvNum_Stat_noSNV_OtherBacfilted-FiltSimutPARepeat
    jobid: 50
    wildcards: person=P3

python  /shared/liuhj/tonglv/ICU_tonglv_scripts/iSNV_calling_bwa2_AE004091.2/iSNVpy_snvSNP_Stat_clade.py   -i /shared/liuhj/tonglv/process/20210401-person_ntfreq_tables/P3/all.iSNV_with_SNP.pyResults.txt  		-f /shared/liuhj/tonglv/Infos/20210311-info.txt -e /shared/liuhj/tonglv/process/20210401-person_ntfreq_tables/P3/vcf_snpeff -R /shared/liuhj/tonglv/process/20210405-PAsimulateReads-mapToAE0049/PA.RepeatRegion-Cov30-identy60.Posi.txt -o  /shared/liuhj/tonglv/process/20210401-person_ntfreq_tables/P3/snvNum_Stat_noSNV_OtherBacfilted-FiltSimutPARepeat  -m 0.1  -M 0.9  -E /shared/liuhj/tonglv/process/20210402-bwaToOtherBacteria/PA-HomoRegions-FromOtherBacteria.txt   
[Mon Apr  5 21:29:06 2021]
Finished job 50.
21 of 23 steps (91%) done
Select jobs to execute...

[Mon Apr  5 21:29:06 2021]
rule iSNV_snvNumCount_noSNV:
    input: /shared/liuhj/tonglv/process/20210401-person_ntfreq_tables/P7/all.iSNV_with_SNP.pyResults.txt, /shared/liuhj/tonglv/Infos/20210311-info.txt, /shared/liuhj/tonglv/process/20210402-bwaToOtherBacteria/PA-HomoRegions-FromOtherBacteria.txt, /shared/liuhj/tonglv/process/20210401-person_ntfreq_tables/P7/vcf_snpeff, /shared/liuhj/tonglv/process/RefGnmRepeatRegion/repeatmasker_out/AE004091.2.fasta.masked.fasta, /shared/liuhj/tonglv/process/20210405-PAsimulateReads-mapToAE0049/PA.RepeatRegion-Cov30-identy60.Posi.txt
    output: /shared/liuhj/tonglv/process/20210401-person_ntfreq_tables/P7/snvNum_Stat_noSNV_OtherBacfilted-FiltSimutPARepeat
    jobid: 53
    wildcards: person=P7

python  /shared/liuhj/tonglv/ICU_tonglv_scripts/iSNV_calling_bwa2_AE004091.2/iSNVpy_snvSNP_Stat_clade.py   -i /shared/liuhj/tonglv/process/20210401-person_ntfreq_tables/P7/all.iSNV_with_SNP.pyResults.txt  		-f /shared/liuhj/tonglv/Infos/20210311-info.txt -e /shared/liuhj/tonglv/process/20210401-person_ntfreq_tables/P7/vcf_snpeff -R /shared/liuhj/tonglv/process/20210405-PAsimulateReads-mapToAE0049/PA.RepeatRegion-Cov30-identy60.Posi.txt -o  /shared/liuhj/tonglv/process/20210401-person_ntfreq_tables/P7/snvNum_Stat_noSNV_OtherBacfilted-FiltSimutPARepeat  -m 0.1  -M 0.9  -E /shared/liuhj/tonglv/process/20210402-bwaToOtherBacteria/PA-HomoRegions-FromOtherBacteria.txt   
[Mon Apr  5 21:29:08 2021]
Finished job 53.
22 of 23 steps (96%) done
Select jobs to execute...

[Mon Apr  5 21:29:08 2021]
localrule all:
    input: /shared/liuhj/tonglv/process/20210401-person_ntfreq_tables/P1/all.iSNV_with_SNP.pyResults.txt, /shared/liuhj/tonglv/process/20210401-person_ntfreq_tables/P3/all.iSNV_with_SNP.pyResults.txt, /shared/liuhj/tonglv/process/20210401-person_ntfreq_tables/P4/all.iSNV_with_SNP.pyResults.txt, /shared/liuhj/tonglv/process/20210401-person_ntfreq_tables/P6/all.iSNV_with_SNP.pyResults.txt, /shared/liuhj/tonglv/process/20210401-person_ntfreq_tables/P7/all.iSNV_with_SNP.pyResults.txt, /shared/liuhj/tonglv/process/20210401-person_ntfreq_tables/P5_withP2/all.iSNV_with_SNP.pyResults.txt, /shared/liuhj/tonglv/process/20210401-person_ntfreq_tables/P5-1/all.iSNV_with_SNP.pyResults.txt, /shared/liuhj/tonglv/process/20210401-person_ntfreq_tables/P5-2/all.iSNV_with_SNP.pyResults.txt, /shared/liuhj/tonglv/process/20210401-person_ntfreq_tables/P5-3/all.iSNV_with_SNP.pyResults.txt, /shared/liuhj/tonglv/process/20210401-person_ntfreq_tables/P3-1/all.iSNV_with_SNP.pyResults.txt, /shared/liuhj/tonglv/process/20210401-person_ntfreq_tables/P3-2/all.iSNV_with_SNP.pyResults.txt, /shared/liuhj/tonglv/process/20210401-person_ntfreq_tables/P3-3/all.iSNV_with_SNP.pyResults.txt, /shared/liuhj/tonglv/process/20210401-person_ntfreq_tables/P1/vcf, /shared/liuhj/tonglv/process/20210401-person_ntfreq_tables/P3/vcf, /shared/liuhj/tonglv/process/20210401-person_ntfreq_tables/P4/vcf, /shared/liuhj/tonglv/process/20210401-person_ntfreq_tables/P6/vcf, /shared/liuhj/tonglv/process/20210401-person_ntfreq_tables/P7/vcf, /shared/liuhj/tonglv/process/20210401-person_ntfreq_tables/P5_withP2/vcf, /shared/liuhj/tonglv/process/20210401-person_ntfreq_tables/P5-1/vcf, /shared/liuhj/tonglv/process/20210401-person_ntfreq_tables/P5-2/vcf, /shared/liuhj/tonglv/process/20210401-person_ntfreq_tables/P5-3/vcf, /shared/liuhj/tonglv/process/20210401-person_ntfreq_tables/P3-1/vcf, /shared/liuhj/tonglv/process/20210401-person_ntfreq_tables/P3-2/vcf, /shared/liuhj/tonglv/process/20210401-person_ntfreq_tables/P3-3/vcf, /shared/liuhj/tonglv/process/20210401-person_ntfreq_tables/P1/vcf_snpeff, /shared/liuhj/tonglv/process/20210401-person_ntfreq_tables/P3/vcf_snpeff, /shared/liuhj/tonglv/process/20210401-person_ntfreq_tables/P4/vcf_snpeff, /shared/liuhj/tonglv/process/20210401-person_ntfreq_tables/P6/vcf_snpeff, /shared/liuhj/tonglv/process/20210401-person_ntfreq_tables/P7/vcf_snpeff, /shared/liuhj/tonglv/process/20210401-person_ntfreq_tables/P5_withP2/vcf_snpeff, /shared/liuhj/tonglv/process/20210401-person_ntfreq_tables/P5-1/vcf_snpeff, /shared/liuhj/tonglv/process/20210401-person_ntfreq_tables/P5-2/vcf_snpeff, /shared/liuhj/tonglv/process/20210401-person_ntfreq_tables/P5-3/vcf_snpeff, /shared/liuhj/tonglv/process/20210401-person_ntfreq_tables/P3-1/vcf_snpeff, /shared/liuhj/tonglv/process/20210401-person_ntfreq_tables/P3-2/vcf_snpeff, /shared/liuhj/tonglv/process/20210401-person_ntfreq_tables/P3-3/vcf_snpeff, /shared/liuhj/tonglv/process/20210401-person_ntfreq_tables/P1/general-snvFreq_distribut_Stat, /shared/liuhj/tonglv/process/20210401-person_ntfreq_tables/P3/general-snvFreq_distribut_Stat, /shared/liuhj/tonglv/process/20210401-person_ntfreq_tables/P4/general-snvFreq_distribut_Stat, /shared/liuhj/tonglv/process/20210401-person_ntfreq_tables/P6/general-snvFreq_distribut_Stat, /shared/liuhj/tonglv/process/20210401-person_ntfreq_tables/P7/general-snvFreq_distribut_Stat, /shared/liuhj/tonglv/process/20210401-person_ntfreq_tables/P5_withP2/general-snvFreq_distribut_Stat, /shared/liuhj/tonglv/process/20210401-person_ntfreq_tables/P5-1/general-snvFreq_distribut_Stat, /shared/liuhj/tonglv/process/20210401-person_ntfreq_tables/P5-2/general-snvFreq_distribut_Stat, /shared/liuhj/tonglv/process/20210401-person_ntfreq_tables/P5-3/general-snvFreq_distribut_Stat, /shared/liuhj/tonglv/process/20210401-person_ntfreq_tables/P3-1/general-snvFreq_distribut_Stat, /shared/liuhj/tonglv/process/20210401-person_ntfreq_tables/P3-2/general-snvFreq_distribut_Stat, /shared/liuhj/tonglv/process/20210401-person_ntfreq_tables/P3-3/general-snvFreq_distribut_Stat, /shared/liuhj/tonglv/process/20210401-person_ntfreq_tables/P1/snvNum_Stat_noSNV_OtherBacfilted-FiltSimutPARepeat, /shared/liuhj/tonglv/process/20210401-person_ntfreq_tables/P3/snvNum_Stat_noSNV_OtherBacfilted-FiltSimutPARepeat, /shared/liuhj/tonglv/process/20210401-person_ntfreq_tables/P4/snvNum_Stat_noSNV_OtherBacfilted-FiltSimutPARepeat, /shared/liuhj/tonglv/process/20210401-person_ntfreq_tables/P6/snvNum_Stat_noSNV_OtherBacfilted-FiltSimutPARepeat, /shared/liuhj/tonglv/process/20210401-person_ntfreq_tables/P7/snvNum_Stat_noSNV_OtherBacfilted-FiltSimutPARepeat, /shared/liuhj/tonglv/process/20210401-person_ntfreq_tables/P5_withP2/snvNum_Stat_noSNV_OtherBacfilted-FiltSimutPARepeat, /shared/liuhj/tonglv/process/20210401-person_ntfreq_tables/P5-1/snvNum_Stat_noSNV_OtherBacfilted-FiltSimutPARepeat, /shared/liuhj/tonglv/process/20210401-person_ntfreq_tables/P5-2/snvNum_Stat_noSNV_OtherBacfilted-FiltSimutPARepeat, /shared/liuhj/tonglv/process/20210401-person_ntfreq_tables/P5-3/snvNum_Stat_noSNV_OtherBacfilted-FiltSimutPARepeat, /shared/liuhj/tonglv/process/20210401-person_ntfreq_tables/P3-1/snvNum_Stat_noSNV_OtherBacfilted-FiltSimutPARepeat, /shared/liuhj/tonglv/process/20210401-person_ntfreq_tables/P3-2/snvNum_Stat_noSNV_OtherBacfilted-FiltSimutPARepeat, /shared/liuhj/tonglv/process/20210401-person_ntfreq_tables/P3-3/snvNum_Stat_noSNV_OtherBacfilted-FiltSimutPARepeat, /shared/liuhj/tonglv/process/20210401-person_ntfreq_tables/P1/snvSNP_snpeff_Stat_OtherBacFilted-FiltSimutPARepeat, /shared/liuhj/tonglv/process/20210401-person_ntfreq_tables/P3/snvSNP_snpeff_Stat_OtherBacFilted-FiltSimutPARepeat, /shared/liuhj/tonglv/process/20210401-person_ntfreq_tables/P4/snvSNP_snpeff_Stat_OtherBacFilted-FiltSimutPARepeat, /shared/liuhj/tonglv/process/20210401-person_ntfreq_tables/P6/snvSNP_snpeff_Stat_OtherBacFilted-FiltSimutPARepeat, /shared/liuhj/tonglv/process/20210401-person_ntfreq_tables/P7/snvSNP_snpeff_Stat_OtherBacFilted-FiltSimutPARepeat, /shared/liuhj/tonglv/process/20210401-person_ntfreq_tables/P5_withP2/snvSNP_snpeff_Stat_OtherBacFilted-FiltSimutPARepeat, /shared/liuhj/tonglv/process/20210401-person_ntfreq_tables/P5-1/snvSNP_snpeff_Stat_OtherBacFilted-FiltSimutPARepeat, /shared/liuhj/tonglv/process/20210401-person_ntfreq_tables/P5-2/snvSNP_snpeff_Stat_OtherBacFilted-FiltSimutPARepeat, /shared/liuhj/tonglv/process/20210401-person_ntfreq_tables/P5-3/snvSNP_snpeff_Stat_OtherBacFilted-FiltSimutPARepeat, /shared/liuhj/tonglv/process/20210401-person_ntfreq_tables/P3-1/snvSNP_snpeff_Stat_OtherBacFilted-FiltSimutPARepeat, /shared/liuhj/tonglv/process/20210401-person_ntfreq_tables/P3-2/snvSNP_snpeff_Stat_OtherBacFilted-FiltSimutPARepeat, /shared/liuhj/tonglv/process/20210401-person_ntfreq_tables/P3-3/snvSNP_snpeff_Stat_OtherBacFilted-FiltSimutPARepeat
    jobid: 0

[Mon Apr  5 21:29:08 2021]
Finished job 0.
23 of 23 steps (100%) done
Complete log: /shared/liuhj/tonglv/ICU_tonglv_scripts/iSNV_calling_bwa2_AE004091.2/.snakemake/log/2021-04-05T212814.625560.snakemake.log
