The flag 'directory' used in rule consensusGnm_prokkaAnno is only valid for outputs, not inputs.
Building DAG of jobs...
Using shell: /bin/bash
Provided cores: 1 (use --cores to define parallelism)
Rules claiming more threads will be scaled down.
Job counts:
	count	jobs
	1	all
	7	iSNV_snvNumCount_noSNV
	7	iSNV_snvSNP_snpeff_Stat
	15
Select jobs to execute...

[Mon Mar 29 21:50:05 2021]
rule iSNV_snvNumCount_noSNV:
    input: /shared/liuhj/tonglv/process/person_ntfreq_tables/P5_withP2/all.iSNV_with_SNP.pyResults.txt, /shared/liuhj/tonglv/Infos/20210311-info.txt, /shared/liuhj/tonglv/process_bwaToOtherBacteria/PA-HomoRegions-FromOtherBacteria.txt
    output: /shared/liuhj/tonglv/process/person_ntfreq_tables/P5_withP2/snvNum_Stat_noSNV_OtherBacfilted
    jobid: 14
    wildcards: person=P5_withP2

python  /shared/liuhj/tonglv/ICU_tonglv_scripts/iSNV_calling_bwa2_AE004091.2/iSNVpy_snvSNP_Stat_clade.py   -i /shared/liuhj/tonglv/process/person_ntfreq_tables/P5_withP2/all.iSNV_with_SNP.pyResults.txt  		-f /shared/liuhj/tonglv/Infos/20210311-info.txt  -o  /shared/liuhj/tonglv/process/person_ntfreq_tables/P5_withP2/snvNum_Stat_noSNV_OtherBacfilted -m 0.1  -M 0.9  -E /shared/liuhj/tonglv/process_bwaToOtherBacteria/PA-HomoRegions-FromOtherBacteria.txt   
[Mon Mar 29 21:50:06 2021]
Finished job 14.
1 of 15 steps (7%) done
Select jobs to execute...

[Mon Mar 29 21:50:06 2021]
rule iSNV_snvSNP_snpeff_Stat:
    input: /shared/liuhj/tonglv/process/person_ntfreq_tables/P2/all.iSNV_with_SNP.pyResults.txt, /shared/liuhj/tonglv/Infos/20210311-info.txt, /shared/liuhj/tonglv/process_bwaToOtherBacteria/PA-HomoRegions-FromOtherBacteria.txt
    output: /shared/liuhj/tonglv/process/person_ntfreq_tables/P2/snvSNP_snpeff_Stat_OtherBacFilted
    jobid: 16
    wildcards: person=P2

python  /shared/liuhj/tonglv/ICU_tonglv_scripts/iSNV_calling_bwa2_AE004091.2/iSNVpy_iSNV_snpeff_clade.py  -i /shared/liuhj/tonglv/process/person_ntfreq_tables/P2/all.iSNV_with_SNP.pyResults.txt  		-f /shared/liuhj/tonglv/Infos/20210311-info.txt  -o  /shared/liuhj/tonglv/process/person_ntfreq_tables/P2/snvSNP_snpeff_Stat_OtherBacFilted -m 0.1  -M 0.9  -E /shared/liuhj/tonglv/process_bwaToOtherBacteria/PA-HomoRegions-FromOtherBacteria.txt 
[Mon Mar 29 21:50:07 2021]
Finished job 16.
2 of 15 steps (13%) done
Select jobs to execute...

[Mon Mar 29 21:50:07 2021]
rule iSNV_snvSNP_snpeff_Stat:
    input: /shared/liuhj/tonglv/process/person_ntfreq_tables/P4/all.iSNV_with_SNP.pyResults.txt, /shared/liuhj/tonglv/Infos/20210311-info.txt, /shared/liuhj/tonglv/process_bwaToOtherBacteria/PA-HomoRegions-FromOtherBacteria.txt
    output: /shared/liuhj/tonglv/process/person_ntfreq_tables/P4/snvSNP_snpeff_Stat_OtherBacFilted
    jobid: 18
    wildcards: person=P4

python  /shared/liuhj/tonglv/ICU_tonglv_scripts/iSNV_calling_bwa2_AE004091.2/iSNVpy_iSNV_snpeff_clade.py  -i /shared/liuhj/tonglv/process/person_ntfreq_tables/P4/all.iSNV_with_SNP.pyResults.txt  		-f /shared/liuhj/tonglv/Infos/20210311-info.txt  -o  /shared/liuhj/tonglv/process/person_ntfreq_tables/P4/snvSNP_snpeff_Stat_OtherBacFilted -m 0.1  -M 0.9  -E /shared/liuhj/tonglv/process_bwaToOtherBacteria/PA-HomoRegions-FromOtherBacteria.txt 
[Mon Mar 29 21:50:14 2021]
Finished job 18.
3 of 15 steps (20%) done
Select jobs to execute...

[Mon Mar 29 21:50:14 2021]
rule iSNV_snvSNP_snpeff_Stat:
    input: /shared/liuhj/tonglv/process/person_ntfreq_tables/P7/all.iSNV_with_SNP.pyResults.txt, /shared/liuhj/tonglv/Infos/20210311-info.txt, /shared/liuhj/tonglv/process_bwaToOtherBacteria/PA-HomoRegions-FromOtherBacteria.txt
    output: /shared/liuhj/tonglv/process/person_ntfreq_tables/P7/snvSNP_snpeff_Stat_OtherBacFilted
    jobid: 20
    wildcards: person=P7

python  /shared/liuhj/tonglv/ICU_tonglv_scripts/iSNV_calling_bwa2_AE004091.2/iSNVpy_iSNV_snpeff_clade.py  -i /shared/liuhj/tonglv/process/person_ntfreq_tables/P7/all.iSNV_with_SNP.pyResults.txt  		-f /shared/liuhj/tonglv/Infos/20210311-info.txt  -o  /shared/liuhj/tonglv/process/person_ntfreq_tables/P7/snvSNP_snpeff_Stat_OtherBacFilted -m 0.1  -M 0.9  -E /shared/liuhj/tonglv/process_bwaToOtherBacteria/PA-HomoRegions-FromOtherBacteria.txt 
[Mon Mar 29 21:50:17 2021]
Finished job 20.
4 of 15 steps (27%) done
Select jobs to execute...

[Mon Mar 29 21:50:17 2021]
rule iSNV_snvNumCount_noSNV:
    input: /shared/liuhj/tonglv/process/person_ntfreq_tables/P1/all.iSNV_with_SNP.pyResults.txt, /shared/liuhj/tonglv/Infos/20210311-info.txt, /shared/liuhj/tonglv/process_bwaToOtherBacteria/PA-HomoRegions-FromOtherBacteria.txt
    output: /shared/liuhj/tonglv/process/person_ntfreq_tables/P1/snvNum_Stat_noSNV_OtherBacfilted
    jobid: 8
    wildcards: person=P1

python  /shared/liuhj/tonglv/ICU_tonglv_scripts/iSNV_calling_bwa2_AE004091.2/iSNVpy_snvSNP_Stat_clade.py   -i /shared/liuhj/tonglv/process/person_ntfreq_tables/P1/all.iSNV_with_SNP.pyResults.txt  		-f /shared/liuhj/tonglv/Infos/20210311-info.txt  -o  /shared/liuhj/tonglv/process/person_ntfreq_tables/P1/snvNum_Stat_noSNV_OtherBacfilted -m 0.1  -M 0.9  -E /shared/liuhj/tonglv/process_bwaToOtherBacteria/PA-HomoRegions-FromOtherBacteria.txt   
[Mon Mar 29 21:50:18 2021]
Finished job 8.
5 of 15 steps (33%) done
Select jobs to execute...

[Mon Mar 29 21:50:18 2021]
rule iSNV_snvNumCount_noSNV:
    input: /shared/liuhj/tonglv/process/person_ntfreq_tables/P4/all.iSNV_with_SNP.pyResults.txt, /shared/liuhj/tonglv/Infos/20210311-info.txt, /shared/liuhj/tonglv/process_bwaToOtherBacteria/PA-HomoRegions-FromOtherBacteria.txt
    output: /shared/liuhj/tonglv/process/person_ntfreq_tables/P4/snvNum_Stat_noSNV_OtherBacfilted
    jobid: 11
    wildcards: person=P4

python  /shared/liuhj/tonglv/ICU_tonglv_scripts/iSNV_calling_bwa2_AE004091.2/iSNVpy_snvSNP_Stat_clade.py   -i /shared/liuhj/tonglv/process/person_ntfreq_tables/P4/all.iSNV_with_SNP.pyResults.txt  		-f /shared/liuhj/tonglv/Infos/20210311-info.txt  -o  /shared/liuhj/tonglv/process/person_ntfreq_tables/P4/snvNum_Stat_noSNV_OtherBacfilted -m 0.1  -M 0.9  -E /shared/liuhj/tonglv/process_bwaToOtherBacteria/PA-HomoRegions-FromOtherBacteria.txt   
[Mon Mar 29 21:50:19 2021]
Finished job 11.
6 of 15 steps (40%) done
Select jobs to execute...

[Mon Mar 29 21:50:19 2021]
rule iSNV_snvNumCount_noSNV:
    input: /shared/liuhj/tonglv/process/person_ntfreq_tables/P2/all.iSNV_with_SNP.pyResults.txt, /shared/liuhj/tonglv/Infos/20210311-info.txt, /shared/liuhj/tonglv/process_bwaToOtherBacteria/PA-HomoRegions-FromOtherBacteria.txt
    output: /shared/liuhj/tonglv/process/person_ntfreq_tables/P2/snvNum_Stat_noSNV_OtherBacfilted
    jobid: 9
    wildcards: person=P2

python  /shared/liuhj/tonglv/ICU_tonglv_scripts/iSNV_calling_bwa2_AE004091.2/iSNVpy_snvSNP_Stat_clade.py   -i /shared/liuhj/tonglv/process/person_ntfreq_tables/P2/all.iSNV_with_SNP.pyResults.txt  		-f /shared/liuhj/tonglv/Infos/20210311-info.txt  -o  /shared/liuhj/tonglv/process/person_ntfreq_tables/P2/snvNum_Stat_noSNV_OtherBacfilted -m 0.1  -M 0.9  -E /shared/liuhj/tonglv/process_bwaToOtherBacteria/PA-HomoRegions-FromOtherBacteria.txt   
[Mon Mar 29 21:50:19 2021]
Finished job 9.
7 of 15 steps (47%) done
Select jobs to execute...

[Mon Mar 29 21:50:19 2021]
rule iSNV_snvSNP_snpeff_Stat:
    input: /shared/liuhj/tonglv/process/person_ntfreq_tables/P5_withP2/all.iSNV_with_SNP.pyResults.txt, /shared/liuhj/tonglv/Infos/20210311-info.txt, /shared/liuhj/tonglv/process_bwaToOtherBacteria/PA-HomoRegions-FromOtherBacteria.txt
    output: /shared/liuhj/tonglv/process/person_ntfreq_tables/P5_withP2/snvSNP_snpeff_Stat_OtherBacFilted
    jobid: 21
    wildcards: person=P5_withP2

python  /shared/liuhj/tonglv/ICU_tonglv_scripts/iSNV_calling_bwa2_AE004091.2/iSNVpy_iSNV_snpeff_clade.py  -i /shared/liuhj/tonglv/process/person_ntfreq_tables/P5_withP2/all.iSNV_with_SNP.pyResults.txt  		-f /shared/liuhj/tonglv/Infos/20210311-info.txt  -o  /shared/liuhj/tonglv/process/person_ntfreq_tables/P5_withP2/snvSNP_snpeff_Stat_OtherBacFilted -m 0.1  -M 0.9  -E /shared/liuhj/tonglv/process_bwaToOtherBacteria/PA-HomoRegions-FromOtherBacteria.txt 
[Mon Mar 29 21:50:27 2021]
Finished job 21.
8 of 15 steps (53%) done
Select jobs to execute...

[Mon Mar 29 21:50:27 2021]
rule iSNV_snvSNP_snpeff_Stat:
    input: /shared/liuhj/tonglv/process/person_ntfreq_tables/P6/all.iSNV_with_SNP.pyResults.txt, /shared/liuhj/tonglv/Infos/20210311-info.txt, /shared/liuhj/tonglv/process_bwaToOtherBacteria/PA-HomoRegions-FromOtherBacteria.txt
    output: /shared/liuhj/tonglv/process/person_ntfreq_tables/P6/snvSNP_snpeff_Stat_OtherBacFilted
    jobid: 19
    wildcards: person=P6

python  /shared/liuhj/tonglv/ICU_tonglv_scripts/iSNV_calling_bwa2_AE004091.2/iSNVpy_iSNV_snpeff_clade.py  -i /shared/liuhj/tonglv/process/person_ntfreq_tables/P6/all.iSNV_with_SNP.pyResults.txt  		-f /shared/liuhj/tonglv/Infos/20210311-info.txt  -o  /shared/liuhj/tonglv/process/person_ntfreq_tables/P6/snvSNP_snpeff_Stat_OtherBacFilted -m 0.1  -M 0.9  -E /shared/liuhj/tonglv/process_bwaToOtherBacteria/PA-HomoRegions-FromOtherBacteria.txt 
[Mon Mar 29 21:50:30 2021]
Finished job 19.
9 of 15 steps (60%) done
Select jobs to execute...

[Mon Mar 29 21:50:30 2021]
rule iSNV_snvSNP_snpeff_Stat:
    input: /shared/liuhj/tonglv/process/person_ntfreq_tables/P3/all.iSNV_with_SNP.pyResults.txt, /shared/liuhj/tonglv/Infos/20210311-info.txt, /shared/liuhj/tonglv/process_bwaToOtherBacteria/PA-HomoRegions-FromOtherBacteria.txt
    output: /shared/liuhj/tonglv/process/person_ntfreq_tables/P3/snvSNP_snpeff_Stat_OtherBacFilted
    jobid: 17
    wildcards: person=P3

python  /shared/liuhj/tonglv/ICU_tonglv_scripts/iSNV_calling_bwa2_AE004091.2/iSNVpy_iSNV_snpeff_clade.py  -i /shared/liuhj/tonglv/process/person_ntfreq_tables/P3/all.iSNV_with_SNP.pyResults.txt  		-f /shared/liuhj/tonglv/Infos/20210311-info.txt  -o  /shared/liuhj/tonglv/process/person_ntfreq_tables/P3/snvSNP_snpeff_Stat_OtherBacFilted -m 0.1  -M 0.9  -E /shared/liuhj/tonglv/process_bwaToOtherBacteria/PA-HomoRegions-FromOtherBacteria.txt 
[Mon Mar 29 21:50:51 2021]
Finished job 17.
10 of 15 steps (67%) done
Select jobs to execute...

[Mon Mar 29 21:50:51 2021]
rule iSNV_snvSNP_snpeff_Stat:
    input: /shared/liuhj/tonglv/process/person_ntfreq_tables/P1/all.iSNV_with_SNP.pyResults.txt, /shared/liuhj/tonglv/Infos/20210311-info.txt, /shared/liuhj/tonglv/process_bwaToOtherBacteria/PA-HomoRegions-FromOtherBacteria.txt
    output: /shared/liuhj/tonglv/process/person_ntfreq_tables/P1/snvSNP_snpeff_Stat_OtherBacFilted
    jobid: 15
    wildcards: person=P1

python  /shared/liuhj/tonglv/ICU_tonglv_scripts/iSNV_calling_bwa2_AE004091.2/iSNVpy_iSNV_snpeff_clade.py  -i /shared/liuhj/tonglv/process/person_ntfreq_tables/P1/all.iSNV_with_SNP.pyResults.txt  		-f /shared/liuhj/tonglv/Infos/20210311-info.txt  -o  /shared/liuhj/tonglv/process/person_ntfreq_tables/P1/snvSNP_snpeff_Stat_OtherBacFilted -m 0.1  -M 0.9  -E /shared/liuhj/tonglv/process_bwaToOtherBacteria/PA-HomoRegions-FromOtherBacteria.txt 
[Mon Mar 29 21:50:57 2021]
Finished job 15.
11 of 15 steps (73%) done
Select jobs to execute...

[Mon Mar 29 21:50:57 2021]
rule iSNV_snvNumCount_noSNV:
    input: /shared/liuhj/tonglv/process/person_ntfreq_tables/P7/all.iSNV_with_SNP.pyResults.txt, /shared/liuhj/tonglv/Infos/20210311-info.txt, /shared/liuhj/tonglv/process_bwaToOtherBacteria/PA-HomoRegions-FromOtherBacteria.txt
    output: /shared/liuhj/tonglv/process/person_ntfreq_tables/P7/snvNum_Stat_noSNV_OtherBacfilted
    jobid: 13
    wildcards: person=P7

python  /shared/liuhj/tonglv/ICU_tonglv_scripts/iSNV_calling_bwa2_AE004091.2/iSNVpy_snvSNP_Stat_clade.py   -i /shared/liuhj/tonglv/process/person_ntfreq_tables/P7/all.iSNV_with_SNP.pyResults.txt  		-f /shared/liuhj/tonglv/Infos/20210311-info.txt  -o  /shared/liuhj/tonglv/process/person_ntfreq_tables/P7/snvNum_Stat_noSNV_OtherBacfilted -m 0.1  -M 0.9  -E /shared/liuhj/tonglv/process_bwaToOtherBacteria/PA-HomoRegions-FromOtherBacteria.txt   
[Mon Mar 29 21:50:57 2021]
Finished job 13.
12 of 15 steps (80%) done
Select jobs to execute...

[Mon Mar 29 21:50:57 2021]
rule iSNV_snvNumCount_noSNV:
    input: /shared/liuhj/tonglv/process/person_ntfreq_tables/P3/all.iSNV_with_SNP.pyResults.txt, /shared/liuhj/tonglv/Infos/20210311-info.txt, /shared/liuhj/tonglv/process_bwaToOtherBacteria/PA-HomoRegions-FromOtherBacteria.txt
    output: /shared/liuhj/tonglv/process/person_ntfreq_tables/P3/snvNum_Stat_noSNV_OtherBacfilted
    jobid: 10
    wildcards: person=P3

python  /shared/liuhj/tonglv/ICU_tonglv_scripts/iSNV_calling_bwa2_AE004091.2/iSNVpy_snvSNP_Stat_clade.py   -i /shared/liuhj/tonglv/process/person_ntfreq_tables/P3/all.iSNV_with_SNP.pyResults.txt  		-f /shared/liuhj/tonglv/Infos/20210311-info.txt  -o  /shared/liuhj/tonglv/process/person_ntfreq_tables/P3/snvNum_Stat_noSNV_OtherBacfilted -m 0.1  -M 0.9  -E /shared/liuhj/tonglv/process_bwaToOtherBacteria/PA-HomoRegions-FromOtherBacteria.txt   
[Mon Mar 29 21:50:59 2021]
Finished job 10.
13 of 15 steps (87%) done
Select jobs to execute...

[Mon Mar 29 21:50:59 2021]
rule iSNV_snvNumCount_noSNV:
    input: /shared/liuhj/tonglv/process/person_ntfreq_tables/P6/all.iSNV_with_SNP.pyResults.txt, /shared/liuhj/tonglv/Infos/20210311-info.txt, /shared/liuhj/tonglv/process_bwaToOtherBacteria/PA-HomoRegions-FromOtherBacteria.txt
    output: /shared/liuhj/tonglv/process/person_ntfreq_tables/P6/snvNum_Stat_noSNV_OtherBacfilted
    jobid: 12
    wildcards: person=P6

python  /shared/liuhj/tonglv/ICU_tonglv_scripts/iSNV_calling_bwa2_AE004091.2/iSNVpy_snvSNP_Stat_clade.py   -i /shared/liuhj/tonglv/process/person_ntfreq_tables/P6/all.iSNV_with_SNP.pyResults.txt  		-f /shared/liuhj/tonglv/Infos/20210311-info.txt  -o  /shared/liuhj/tonglv/process/person_ntfreq_tables/P6/snvNum_Stat_noSNV_OtherBacfilted -m 0.1  -M 0.9  -E /shared/liuhj/tonglv/process_bwaToOtherBacteria/PA-HomoRegions-FromOtherBacteria.txt   
[Mon Mar 29 21:51:00 2021]
Finished job 12.
14 of 15 steps (93%) done
Select jobs to execute...

[Mon Mar 29 21:51:00 2021]
localrule all:
    input: /shared/liuhj/tonglv/process/person_ntfreq_tables/P1/all.iSNV_with_SNP.pyResults.txt, /shared/liuhj/tonglv/process/person_ntfreq_tables/P2/all.iSNV_with_SNP.pyResults.txt, /shared/liuhj/tonglv/process/person_ntfreq_tables/P3/all.iSNV_with_SNP.pyResults.txt, /shared/liuhj/tonglv/process/person_ntfreq_tables/P4/all.iSNV_with_SNP.pyResults.txt, /shared/liuhj/tonglv/process/person_ntfreq_tables/P6/all.iSNV_with_SNP.pyResults.txt, /shared/liuhj/tonglv/process/person_ntfreq_tables/P7/all.iSNV_with_SNP.pyResults.txt, /shared/liuhj/tonglv/process/person_ntfreq_tables/P5_withP2/all.iSNV_with_SNP.pyResults.txt, /shared/liuhj/tonglv/process/person_ntfreq_tables/P1/snvNum_Stat_noSNV_OtherBacfilted, /shared/liuhj/tonglv/process/person_ntfreq_tables/P2/snvNum_Stat_noSNV_OtherBacfilted, /shared/liuhj/tonglv/process/person_ntfreq_tables/P3/snvNum_Stat_noSNV_OtherBacfilted, /shared/liuhj/tonglv/process/person_ntfreq_tables/P4/snvNum_Stat_noSNV_OtherBacfilted, /shared/liuhj/tonglv/process/person_ntfreq_tables/P6/snvNum_Stat_noSNV_OtherBacfilted, /shared/liuhj/tonglv/process/person_ntfreq_tables/P7/snvNum_Stat_noSNV_OtherBacfilted, /shared/liuhj/tonglv/process/person_ntfreq_tables/P5_withP2/snvNum_Stat_noSNV_OtherBacfilted, /shared/liuhj/tonglv/process/person_ntfreq_tables/P1/snvSNP_snpeff_Stat_OtherBacFilted, /shared/liuhj/tonglv/process/person_ntfreq_tables/P2/snvSNP_snpeff_Stat_OtherBacFilted, /shared/liuhj/tonglv/process/person_ntfreq_tables/P3/snvSNP_snpeff_Stat_OtherBacFilted, /shared/liuhj/tonglv/process/person_ntfreq_tables/P4/snvSNP_snpeff_Stat_OtherBacFilted, /shared/liuhj/tonglv/process/person_ntfreq_tables/P6/snvSNP_snpeff_Stat_OtherBacFilted, /shared/liuhj/tonglv/process/person_ntfreq_tables/P7/snvSNP_snpeff_Stat_OtherBacFilted, /shared/liuhj/tonglv/process/person_ntfreq_tables/P5_withP2/snvSNP_snpeff_Stat_OtherBacFilted
    jobid: 0

[Mon Mar 29 21:51:00 2021]
Finished job 0.
15 of 15 steps (100%) done
Complete log: /shared/liuhj/tonglv/ICU_tonglv_scripts/iSNV_calling_bwa2_AE004091.2/.snakemake/log/2021-03-29T215005.307264.snakemake.log
