Building DAG of jobs...
Using shell: /bin/bash
Provided cores: 1 (use --cores to define parallelism)
Rules claiming more threads will be scaled down.
Job counts:
	count	jobs
	1	all
	7	iSNV_freq_distribut
	8
Select jobs to execute...

[Tue Mar 16 13:28:33 2021]
rule iSNV_freq_distribut:
    input: /shared/liuhj/tonglv/process/person_ntfreq_tables/P7/all.iSNV_with_SNP.pyResults.txt
    output: /shared/liuhj/tonglv/process/person_ntfreq_tables/P7/snvFreq_distribut_Stat
    jobid: 20
    wildcards: person=P7

python  /shared/liuhj/tonglv/ICU_tonglv_scripts/iSNV_calling_bwa2_AE004091.2/iSNVpy_Freq_distribut_Stat.py  -i /shared/liuhj/tonglv/process/person_ntfreq_tables/P7/all.iSNV_with_SNP.pyResults.txt -o  /shared/liuhj/tonglv/process/person_ntfreq_tables/P7/snvFreq_distribut_Stat -m 0.05  -M 1.0  -s 2  
[Tue Mar 16 13:28:37 2021]
Finished job 20.
1 of 8 steps (12%) done
Select jobs to execute...

[Tue Mar 16 13:28:37 2021]
rule iSNV_freq_distribut:
    input: /shared/liuhj/tonglv/process/person_ntfreq_tables/P4/all.iSNV_with_SNP.pyResults.txt
    output: /shared/liuhj/tonglv/process/person_ntfreq_tables/P4/snvFreq_distribut_Stat
    jobid: 18
    wildcards: person=P4

python  /shared/liuhj/tonglv/ICU_tonglv_scripts/iSNV_calling_bwa2_AE004091.2/iSNVpy_Freq_distribut_Stat.py  -i /shared/liuhj/tonglv/process/person_ntfreq_tables/P4/all.iSNV_with_SNP.pyResults.txt -o  /shared/liuhj/tonglv/process/person_ntfreq_tables/P4/snvFreq_distribut_Stat -m 0.05  -M 1.0  -s 2  
[Tue Mar 16 13:28:42 2021]
Finished job 18.
2 of 8 steps (25%) done
Select jobs to execute...

[Tue Mar 16 13:28:43 2021]
rule iSNV_freq_distribut:
    input: /shared/liuhj/tonglv/process/person_ntfreq_tables/P2/all.iSNV_with_SNP.pyResults.txt
    output: /shared/liuhj/tonglv/process/person_ntfreq_tables/P2/snvFreq_distribut_Stat
    jobid: 16
    wildcards: person=P2

python  /shared/liuhj/tonglv/ICU_tonglv_scripts/iSNV_calling_bwa2_AE004091.2/iSNVpy_Freq_distribut_Stat.py  -i /shared/liuhj/tonglv/process/person_ntfreq_tables/P2/all.iSNV_with_SNP.pyResults.txt -o  /shared/liuhj/tonglv/process/person_ntfreq_tables/P2/snvFreq_distribut_Stat -m 0.05  -M 1.0  -s 2  
[Tue Mar 16 13:28:44 2021]
Finished job 16.
3 of 8 steps (38%) done
Select jobs to execute...

[Tue Mar 16 13:28:44 2021]
rule iSNV_freq_distribut:
    input: /shared/liuhj/tonglv/process/person_ntfreq_tables/P1/all.iSNV_with_SNP.pyResults.txt
    output: /shared/liuhj/tonglv/process/person_ntfreq_tables/P1/snvFreq_distribut_Stat
    jobid: 15
    wildcards: person=P1

python  /shared/liuhj/tonglv/ICU_tonglv_scripts/iSNV_calling_bwa2_AE004091.2/iSNVpy_Freq_distribut_Stat.py  -i /shared/liuhj/tonglv/process/person_ntfreq_tables/P1/all.iSNV_with_SNP.pyResults.txt -o  /shared/liuhj/tonglv/process/person_ntfreq_tables/P1/snvFreq_distribut_Stat -m 0.05  -M 1.0  -s 2  
[Tue Mar 16 13:28:52 2021]
Finished job 15.
4 of 8 steps (50%) done
Select jobs to execute...

[Tue Mar 16 13:28:52 2021]
rule iSNV_freq_distribut:
    input: /shared/liuhj/tonglv/process/person_ntfreq_tables/P5_withP2/all.iSNV_with_SNP.pyResults.txt
    output: /shared/liuhj/tonglv/process/person_ntfreq_tables/P5_withP2/snvFreq_distribut_Stat
    jobid: 21
    wildcards: person=P5_withP2

python  /shared/liuhj/tonglv/ICU_tonglv_scripts/iSNV_calling_bwa2_AE004091.2/iSNVpy_Freq_distribut_Stat.py  -i /shared/liuhj/tonglv/process/person_ntfreq_tables/P5_withP2/all.iSNV_with_SNP.pyResults.txt -o  /shared/liuhj/tonglv/process/person_ntfreq_tables/P5_withP2/snvFreq_distribut_Stat -m 0.05  -M 1.0  -s 2  
[Tue Mar 16 13:29:04 2021]
Finished job 21.
5 of 8 steps (62%) done
Select jobs to execute...

[Tue Mar 16 13:29:04 2021]
rule iSNV_freq_distribut:
    input: /shared/liuhj/tonglv/process/person_ntfreq_tables/P3/all.iSNV_with_SNP.pyResults.txt
    output: /shared/liuhj/tonglv/process/person_ntfreq_tables/P3/snvFreq_distribut_Stat
    jobid: 17
    wildcards: person=P3

python  /shared/liuhj/tonglv/ICU_tonglv_scripts/iSNV_calling_bwa2_AE004091.2/iSNVpy_Freq_distribut_Stat.py  -i /shared/liuhj/tonglv/process/person_ntfreq_tables/P3/all.iSNV_with_SNP.pyResults.txt -o  /shared/liuhj/tonglv/process/person_ntfreq_tables/P3/snvFreq_distribut_Stat -m 0.05  -M 1.0  -s 2  
[Tue Mar 16 13:29:16 2021]
Finished job 17.
6 of 8 steps (75%) done
Select jobs to execute...

[Tue Mar 16 13:29:16 2021]
rule iSNV_freq_distribut:
    input: /shared/liuhj/tonglv/process/person_ntfreq_tables/P6/all.iSNV_with_SNP.pyResults.txt
    output: /shared/liuhj/tonglv/process/person_ntfreq_tables/P6/snvFreq_distribut_Stat
    jobid: 19
    wildcards: person=P6

python  /shared/liuhj/tonglv/ICU_tonglv_scripts/iSNV_calling_bwa2_AE004091.2/iSNVpy_Freq_distribut_Stat.py  -i /shared/liuhj/tonglv/process/person_ntfreq_tables/P6/all.iSNV_with_SNP.pyResults.txt -o  /shared/liuhj/tonglv/process/person_ntfreq_tables/P6/snvFreq_distribut_Stat -m 0.05  -M 1.0  -s 2  
[Tue Mar 16 13:29:20 2021]
Finished job 19.
7 of 8 steps (88%) done
Select jobs to execute...

[Tue Mar 16 13:29:20 2021]
localrule all:
    input: /shared/liuhj/tonglv/process/person_ntfreq_tables/P1/all.iSNV_with_SNP.pyResults.txt, /shared/liuhj/tonglv/process/person_ntfreq_tables/P2/all.iSNV_with_SNP.pyResults.txt, /shared/liuhj/tonglv/process/person_ntfreq_tables/P3/all.iSNV_with_SNP.pyResults.txt, /shared/liuhj/tonglv/process/person_ntfreq_tables/P4/all.iSNV_with_SNP.pyResults.txt, /shared/liuhj/tonglv/process/person_ntfreq_tables/P6/all.iSNV_with_SNP.pyResults.txt, /shared/liuhj/tonglv/process/person_ntfreq_tables/P7/all.iSNV_with_SNP.pyResults.txt, /shared/liuhj/tonglv/process/person_ntfreq_tables/P5_withP2/all.iSNV_with_SNP.pyResults.txt, /shared/liuhj/tonglv/process/person_ntfreq_tables/P1/vcf, /shared/liuhj/tonglv/process/person_ntfreq_tables/P2/vcf, /shared/liuhj/tonglv/process/person_ntfreq_tables/P3/vcf, /shared/liuhj/tonglv/process/person_ntfreq_tables/P4/vcf, /shared/liuhj/tonglv/process/person_ntfreq_tables/P6/vcf, /shared/liuhj/tonglv/process/person_ntfreq_tables/P7/vcf, /shared/liuhj/tonglv/process/person_ntfreq_tables/P5_withP2/vcf, /shared/liuhj/tonglv/process/person_ntfreq_tables/P1/snvFreq_distribut_Stat, /shared/liuhj/tonglv/process/person_ntfreq_tables/P2/snvFreq_distribut_Stat, /shared/liuhj/tonglv/process/person_ntfreq_tables/P3/snvFreq_distribut_Stat, /shared/liuhj/tonglv/process/person_ntfreq_tables/P4/snvFreq_distribut_Stat, /shared/liuhj/tonglv/process/person_ntfreq_tables/P6/snvFreq_distribut_Stat, /shared/liuhj/tonglv/process/person_ntfreq_tables/P7/snvFreq_distribut_Stat, /shared/liuhj/tonglv/process/person_ntfreq_tables/P5_withP2/snvFreq_distribut_Stat
    jobid: 0

[Tue Mar 16 13:29:20 2021]
Finished job 0.
8 of 8 steps (100%) done
Complete log: /shared/liuhj/tonglv/ICU_tonglv_scripts/iSNV_calling_bwa2_AE004091.2/.snakemake/log/2021-03-16T132833.861726.snakemake.log
