Building DAG of jobs...
Using shell: /bin/bash
Provided cores: 1 (use --cores to define parallelism)
Rules claiming more threads will be scaled down.
Job counts:
	count	jobs
	1	all
	1	iSNV_snvNumCount_distribut
	2
Select jobs to execute...

[Fri Mar 12 20:34:48 2021]
rule iSNV_snvNumCount_distribut:
    input: /shared/liuhj/tonglv/process/person_ntfreq_tables/P5_withP2/all.iSNV_with_SNP.pyResults.txt, /shared/liuhj/tonglv/Infos/20210311-info.txt
    output: /shared/liuhj/tonglv/process/person_ntfreq_tables/P5_withP2/snvNum_Stat
    jobid: 21
    wildcards: person=P5_withP2

python  /shared/liuhj/tonglv/ICU_tonglv_scripts/iSNV_calling_bwa2_AE004091.2/iSNVpy_Freq_distribut_Stat_clade.py  -i /shared/liuhj/tonglv/process/person_ntfreq_tables/P5_withP2/all.iSNV_with_SNP.pyResults.txt  		-f /shared/liuhj/tonglv/Infos/20210311-info.txt  -o  /shared/liuhj/tonglv/process/person_ntfreq_tables/P5_withP2/snvNum_Stat -m 0.05  -M 1.0  -s 2  
[Fri Mar 12 20:34:49 2021]
Finished job 21.
1 of 2 steps (50%) done
Select jobs to execute...

[Fri Mar 12 20:34:49 2021]
localrule all:
    input: /shared/liuhj/tonglv/process/person_ntfreq_tables/P1/all.iSNV_with_SNP.pyResults.txt, /shared/liuhj/tonglv/process/person_ntfreq_tables/P2/all.iSNV_with_SNP.pyResults.txt, /shared/liuhj/tonglv/process/person_ntfreq_tables/P3/all.iSNV_with_SNP.pyResults.txt, /shared/liuhj/tonglv/process/person_ntfreq_tables/P4/all.iSNV_with_SNP.pyResults.txt, /shared/liuhj/tonglv/process/person_ntfreq_tables/P6/all.iSNV_with_SNP.pyResults.txt, /shared/liuhj/tonglv/process/person_ntfreq_tables/P7/all.iSNV_with_SNP.pyResults.txt, /shared/liuhj/tonglv/process/person_ntfreq_tables/P5_withP2/all.iSNV_with_SNP.pyResults.txt, /shared/liuhj/tonglv/process/person_ntfreq_tables/P1/snvFreq_distribut_Stat, /shared/liuhj/tonglv/process/person_ntfreq_tables/P2/snvFreq_distribut_Stat, /shared/liuhj/tonglv/process/person_ntfreq_tables/P3/snvFreq_distribut_Stat, /shared/liuhj/tonglv/process/person_ntfreq_tables/P4/snvFreq_distribut_Stat, /shared/liuhj/tonglv/process/person_ntfreq_tables/P6/snvFreq_distribut_Stat, /shared/liuhj/tonglv/process/person_ntfreq_tables/P7/snvFreq_distribut_Stat, /shared/liuhj/tonglv/process/person_ntfreq_tables/P5_withP2/snvFreq_distribut_Stat, /shared/liuhj/tonglv/process/person_ntfreq_tables/P1/snvNum_Stat, /shared/liuhj/tonglv/process/person_ntfreq_tables/P2/snvNum_Stat, /shared/liuhj/tonglv/process/person_ntfreq_tables/P3/snvNum_Stat, /shared/liuhj/tonglv/process/person_ntfreq_tables/P4/snvNum_Stat, /shared/liuhj/tonglv/process/person_ntfreq_tables/P6/snvNum_Stat, /shared/liuhj/tonglv/process/person_ntfreq_tables/P7/snvNum_Stat, /shared/liuhj/tonglv/process/person_ntfreq_tables/P5_withP2/snvNum_Stat
    jobid: 0

[Fri Mar 12 20:34:49 2021]
Finished job 0.
2 of 2 steps (100%) done
Complete log: /shared/liuhj/tonglv/ICU_tonglv_scripts/iSNV_calling_bwa2_AE004091.2/.snakemake/log/2021-03-12T203448.572285.snakemake.log
