The flag 'directory' used in rule consensusGnm_prokkaAnno is only valid for outputs, not inputs.
Building DAG of jobs...
Using shell: /bin/bash
Provided cores: 1
Rules claiming more threads will be scaled down.
Job counts:
	count	jobs
	1	all
	1	convert_iSNVpytable_To_vcf
	1	iSNV_freq_distribut
	1	ntfreq_2_FreqBigtable
	4

[Thu Apr  1 19:39:01 2021]
rule ntfreq_2_FreqBigtable:
    input: /shared/liuhj/tonglv/process/20210401-person_ntfreq_tables/P3-3_ntfreq_file_list.txt, /shared/liuhj/tonglv/ref/ref_tonglv_AE004091.2/AE004091.2.fna
    output: /shared/liuhj/tonglv/process/20210401-person_ntfreq_tables/P3-3/all.iSNV_with_SNP.pyResults.txt, /shared/liuhj/tonglv/process/20210401-person_ntfreq_tables/P3-3/out.samps-ntfreq.bigtable.txt
    jobid: 1
    wildcards: person=P3-3

python /shared/liuhj/tonglv/ICU_tonglv_scripts/iSNV_calling_bwa2_AE004091.2/step6_read_ntfreq.py  -i  /shared/liuhj/tonglv/process/20210401-person_ntfreq_tables/P3-3_ntfreq_file_list.txt -r /shared/liuhj/tonglv/ref/ref_tonglv_AE004091.2/AE004091.2.fna  -o /shared/liuhj/tonglv/process/20210401-person_ntfreq_tables/P3-3  		-D  50 -A 5 -N 100 -F 0.02 -S 0.0 
[Thu Apr  1 19:39:41 2021]
Finished job 1.
1 of 4 steps (25%) done

[Thu Apr  1 19:39:41 2021]
rule convert_iSNVpytable_To_vcf:
    input: /shared/liuhj/tonglv/process/20210401-person_ntfreq_tables/P3-3/all.iSNV_with_SNP.pyResults.txt, /shared/liuhj/tonglv/process/20210401-person_ntfreq_tables/P3-3/out.samps-ntfreq.bigtable.txt, /shared/liuhj/tonglv/ref/ref_tonglv_AE004091.2/AE004091.2.fna
    output: /shared/liuhj/tonglv/process/20210401-person_ntfreq_tables/P3-3/vcf
    jobid: 2
    wildcards: person=P3-3

python  /shared/liuhj/tonglv/ICU_tonglv_scripts/iSNV_calling_bwa2_AE004091.2/iSNVpy_iSNVtable_To_vcf.py   -i /shared/liuhj/tonglv/process/20210401-person_ntfreq_tables/P3-3/all.iSNV_with_SNP.pyResults.txt  		-n /shared/liuhj/tonglv/process/20210401-person_ntfreq_tables/P3-3/out.samps-ntfreq.bigtable.txt  -r  /shared/liuhj/tonglv/ref/ref_tonglv_AE004091.2/AE004091.2.fna -o  /shared/liuhj/tonglv/process/20210401-person_ntfreq_tables/P3-3/vcf -m 0.05  
[Thu Apr  1 19:39:51 2021]
Finished job 2.
2 of 4 steps (50%) done

[Thu Apr  1 19:39:51 2021]
rule iSNV_freq_distribut:
    input: /shared/liuhj/tonglv/process/20210401-person_ntfreq_tables/P3-3/all.iSNV_with_SNP.pyResults.txt
    output: /shared/liuhj/tonglv/process/20210401-person_ntfreq_tables/P3-3/snvFreq_distribut_Stat
    jobid: 3
    wildcards: person=P3-3

python  /shared/liuhj/tonglv/ICU_tonglv_scripts/iSNV_calling_bwa2_AE004091.2/iSNVpy_Freq_distribut_Stat.py  -i /shared/liuhj/tonglv/process/20210401-person_ntfreq_tables/P3-3/all.iSNV_with_SNP.pyResults.txt -o  /shared/liuhj/tonglv/process/20210401-person_ntfreq_tables/P3-3/snvFreq_distribut_Stat -m 0.05  -M 1.0  -s 2  
[Thu Apr  1 19:39:52 2021]
Finished job 3.
3 of 4 steps (75%) done

[Thu Apr  1 19:39:52 2021]
localrule all:
    input: /shared/liuhj/tonglv/process/20210401-person_ntfreq_tables/P3-3/all.iSNV_with_SNP.pyResults.txt, /shared/liuhj/tonglv/process/20210401-person_ntfreq_tables/P3-3/vcf, /shared/liuhj/tonglv/process/20210401-person_ntfreq_tables/P3-3/snvFreq_distribut_Stat
    jobid: 0

[Thu Apr  1 19:39:52 2021]
Finished job 0.
4 of 4 steps (100%) done
Complete log: /shared/liuhj/tonglv/ICU_tonglv_scripts/iSNV_calling_bwa2_AE004091.2/.snakemake/log/2021-04-01T193901.825910.snakemake.log
