Building DAG of jobs...
Using shell: /bin/bash
Provided cores: 1 (use --cores to define parallelism)
Rules claiming more threads will be scaled down.
Job counts:
	count	jobs
	1	all
	1	iSNV_SameDateSampsCompare_consensus
	2
Select jobs to execute...

[Fri Mar 12 13:24:38 2021]
rule iSNV_SameDateSampsCompare_consensus:
    input: /shared/liuhj/tonglv/process/person_ntfreq_tables/P5, /shared/liuhj/tonglv/Infos/20210311-info.txt
    output: /shared/liuhj/tonglv/process/person_ntfreq_tables/compare/P5
    jobid: 2
    wildcards: person=P5

python  /shared/liuhj/tonglv/ICU_tonglv_scripts/iSNVpy_Freq_sameDateSamp_consensus.py  -f  /shared/liuhj/tonglv/Infos/20210311-info.txt -i /shared/liuhj/tonglv/process/person_ntfreq_tables/P5 -o  /shared/liuhj/tonglv/process/person_ntfreq_tables/compare/P5   
[Fri Mar 12 13:24:38 2021]
Error in rule iSNV_SameDateSampsCompare_consensus:
    jobid: 2
    output: /shared/liuhj/tonglv/process/person_ntfreq_tables/compare/P5
    shell:
        python  /shared/liuhj/tonglv/ICU_tonglv_scripts/iSNVpy_Freq_sameDateSamp_consensus.py  -f  /shared/liuhj/tonglv/Infos/20210311-info.txt -i /shared/liuhj/tonglv/process/person_ntfreq_tables/P5 -o  /shared/liuhj/tonglv/process/person_ntfreq_tables/compare/P5   
        (one of the commands exited with non-zero exit code; note that snakemake uses bash strict mode!)

Shutting down, this might take some time.
Exiting because a job execution failed. Look above for error message
Complete log: /shared/liuhj/tonglv/ICU_tonglv_scripts/iSNV_calling_bwa2_AE004091.2/.snakemake/log/2021-03-12T132438.072108.snakemake.log
