The flag 'directory' used in rule snpeffAnno is only valid for outputs, not inputs.
The flag 'directory' used in rule consensusGnm_prokkaAnno is only valid for outputs, not inputs.
Building DAG of jobs...
Using shell: /bin/bash
Provided cores: 1
Rules claiming more threads will be scaled down.
Job counts:
	count	jobs
	1	all
	1	snpeffAnno
	2

[Thu Apr  1 20:18:43 2021]
rule snpeffAnno:
    input: /shared/liuhj/tonglv/process/20210401-person_ntfreq_tables/P3-3/vcf
    output: /shared/liuhj/tonglv/process/20210401-person_ntfreq_tables/P3-3/vcf_snpeff
    jobid: 3
    wildcards: person=P3-3

bash /shared/liuhj/tonglv/ICU_tonglv_scripts/iSNV_calling_bwa2_AE004091.2/pipeline-snpeff.sh  /shared/liuhj/tonglv/process/20210401-person_ntfreq_tables/P3-3/vcf /shared/liuhj/tonglv/process/20210401-person_ntfreq_tables/P3-3/vcf_snpeff AE004091 /shared/liuhj/software/snpEff
Waiting at most 5 seconds for missing files.
MissingOutputException in line 111 of /shared/liuhj/tonglv/ICU_tonglv_scripts/iSNV_calling_bwa2_AE004091.2/iSNV_calling-pipeline.py:
Missing files after 5 seconds:
/shared/liuhj/tonglv/process/20210401-person_ntfreq_tables/P3-3/vcf_snpeff
This might be due to filesystem latency. If that is the case, consider to increase the wait time with --latency-wait.
Shutting down, this might take some time.
Exiting because a job execution failed. Look above for error message
Complete log: /shared/liuhj/tonglv/ICU_tonglv_scripts/iSNV_calling_bwa2_AE004091.2/.snakemake/log/2021-04-01T201843.962771.snakemake.log
