Building DAG of jobs...
Job counts:
	count	jobs
	1	all
	7	iSNV_SameDateSampsCompare_consensus
	7	iSNV_snvNumCount
	15

[Sat Mar 13 16:15:24 2021]
rule iSNV_snvNumCount:
    input: /shared/liuhj/tonglv/process/person_ntfreq_tables/P3/all.iSNV_with_SNP.pyResults.txt, /shared/liuhj/tonglv/Infos/20210311-info.txt
    output: /shared/liuhj/tonglv/process/person_ntfreq_tables/P3/snvNum_Stat
    jobid: 24
    wildcards: person=P3

RuleException in line 140 of /shared/liuhj/tonglv/ICU_tonglv_scripts/iSNV_calling_bwa2_AE004091.2/iSNV_calling-pipeline.py:
'Params' object has no attribute 'step'
  File "/home/amax/anaconda3/envs/biotools_lhj/lib/python3.7/site-packages/snakemake/executors/__init__.py", line 140, in run_jobs
  File "/home/amax/anaconda3/envs/biotools_lhj/lib/python3.7/site-packages/snakemake/executors/__init__.py", line 145, in run
  File "/home/amax/anaconda3/envs/biotools_lhj/lib/python3.7/site-packages/snakemake/executors/__init__.py", line 156, in _run
  File "/home/amax/anaconda3/envs/biotools_lhj/lib/python3.7/site-packages/snakemake/executors/__init__.py", line 176, in printjob
  File "/home/amax/anaconda3/envs/biotools_lhj/lib/python3.7/site-packages/snakemake/executors/__init__.py", line 162, in printjob
