The flag 'directory' used in rule consensusGnm_prokkaAnno is only valid for outputs, not inputs.
Building DAG of jobs...
Using shell: /bin/bash
Provided cores: 1 (use --cores to define parallelism)
Rules claiming more threads will be scaled down.
Job counts:
	count	jobs
	1	all
	7	consensusGnm_prokkaAnno
	7	iSNV_SNP_consensusGnm
	15
Select jobs to execute...

[Sun Mar 21 14:05:31 2021]
rule iSNV_SNP_consensusGnm:
    input: /shared/liuhj/tonglv/process/person_ntfreq_tables/P1/all.iSNV_with_SNP.pyResults.txt, /shared/liuhj/tonglv/process/person_ntfreq_tables/P1/out.samps-ntfreq.bigtable.txt, /shared/liuhj/tonglv/ref/ref_tonglv_AE004091.2/AE004091.2.fna
    output: /shared/liuhj/tonglv/process/person_ntfreq_tables/P1/subGnm
    jobid: 8
    wildcards: person=P1

python  /shared/liuhj/tonglv/ICU_tonglv_scripts/iSNV_calling_bwa2_AE004091.2/iSNVpy_iSNVtable_RefGnmtihuanSNP.py   -i /shared/liuhj/tonglv/process/person_ntfreq_tables/P1/all.iSNV_with_SNP.pyResults.txt  		-n /shared/liuhj/tonglv/process/person_ntfreq_tables/P1/out.samps-ntfreq.bigtable.txt  -r  /shared/liuhj/tonglv/ref/ref_tonglv_AE004091.2/AE004091.2.fna -o  /shared/liuhj/tonglv/process/person_ntfreq_tables/P1/subGnm -m 0.9  
[Sun Mar 21 14:06:20 2021]
Finished job 8.
1 of 15 steps (7%) done
Select jobs to execute...

[Sun Mar 21 14:06:20 2021]
rule iSNV_SNP_consensusGnm:
    input: /shared/liuhj/tonglv/process/person_ntfreq_tables/P5_withP2/all.iSNV_with_SNP.pyResults.txt, /shared/liuhj/tonglv/process/person_ntfreq_tables/P5_withP2/out.samps-ntfreq.bigtable.txt, /shared/liuhj/tonglv/ref/ref_tonglv_AE004091.2/AE004091.2.fna
    output: /shared/liuhj/tonglv/process/person_ntfreq_tables/P5_withP2/subGnm
    jobid: 14
    wildcards: person=P5_withP2

python  /shared/liuhj/tonglv/ICU_tonglv_scripts/iSNV_calling_bwa2_AE004091.2/iSNVpy_iSNVtable_RefGnmtihuanSNP.py   -i /shared/liuhj/tonglv/process/person_ntfreq_tables/P5_withP2/all.iSNV_with_SNP.pyResults.txt  		-n /shared/liuhj/tonglv/process/person_ntfreq_tables/P5_withP2/out.samps-ntfreq.bigtable.txt  -r  /shared/liuhj/tonglv/ref/ref_tonglv_AE004091.2/AE004091.2.fna -o  /shared/liuhj/tonglv/process/person_ntfreq_tables/P5_withP2/subGnm -m 0.9  
[Sun Mar 21 14:07:23 2021]
Finished job 14.
2 of 15 steps (13%) done
Select jobs to execute...

[Sun Mar 21 14:07:23 2021]
rule iSNV_SNP_consensusGnm:
    input: /shared/liuhj/tonglv/process/person_ntfreq_tables/P4/all.iSNV_with_SNP.pyResults.txt, /shared/liuhj/tonglv/process/person_ntfreq_tables/P4/out.samps-ntfreq.bigtable.txt, /shared/liuhj/tonglv/ref/ref_tonglv_AE004091.2/AE004091.2.fna
    output: /shared/liuhj/tonglv/process/person_ntfreq_tables/P4/subGnm
    jobid: 11
    wildcards: person=P4

python  /shared/liuhj/tonglv/ICU_tonglv_scripts/iSNV_calling_bwa2_AE004091.2/iSNVpy_iSNVtable_RefGnmtihuanSNP.py   -i /shared/liuhj/tonglv/process/person_ntfreq_tables/P4/all.iSNV_with_SNP.pyResults.txt  		-n /shared/liuhj/tonglv/process/person_ntfreq_tables/P4/out.samps-ntfreq.bigtable.txt  -r  /shared/liuhj/tonglv/ref/ref_tonglv_AE004091.2/AE004091.2.fna -o  /shared/liuhj/tonglv/process/person_ntfreq_tables/P4/subGnm -m 0.9  
[Sun Mar 21 14:07:57 2021]
Finished job 11.
3 of 15 steps (20%) done
Select jobs to execute...

[Sun Mar 21 14:07:57 2021]
rule consensusGnm_prokkaAnno:
    input: /shared/liuhj/tonglv/process/person_ntfreq_tables/P4/subGnm
    output: /shared/liuhj/tonglv/process/person_ntfreq_tables/P4/subGnm_prokka_gff
    jobid: 18
    wildcards: person=P4

/shared/liuhj/tonglv/ICU_tonglv_scripts/iSNV_calling_bwa2_AE004091.2/pipeline-prokka.sh  /shared/liuhj/tonglv/process/person_ntfreq_tables/P4/subGnm  /shared/liuhj/tonglv/process/person_ntfreq_tables/P4/subGnm_prokka_gff  /home/amax/anaconda3/envs/biotools_lhj/db/Pseudomonas/AE004091.2.gb 
[Sun Mar 21 14:18:59 2021]
Finished job 18.
4 of 15 steps (27%) done
Select jobs to execute...

[Sun Mar 21 14:18:59 2021]
rule iSNV_SNP_consensusGnm:
    input: /shared/liuhj/tonglv/process/person_ntfreq_tables/P2/all.iSNV_with_SNP.pyResults.txt, /shared/liuhj/tonglv/process/person_ntfreq_tables/P2/out.samps-ntfreq.bigtable.txt, /shared/liuhj/tonglv/ref/ref_tonglv_AE004091.2/AE004091.2.fna
    output: /shared/liuhj/tonglv/process/person_ntfreq_tables/P2/subGnm
    jobid: 9
    wildcards: person=P2

python  /shared/liuhj/tonglv/ICU_tonglv_scripts/iSNV_calling_bwa2_AE004091.2/iSNVpy_iSNVtable_RefGnmtihuanSNP.py   -i /shared/liuhj/tonglv/process/person_ntfreq_tables/P2/all.iSNV_with_SNP.pyResults.txt  		-n /shared/liuhj/tonglv/process/person_ntfreq_tables/P2/out.samps-ntfreq.bigtable.txt  -r  /shared/liuhj/tonglv/ref/ref_tonglv_AE004091.2/AE004091.2.fna -o  /shared/liuhj/tonglv/process/person_ntfreq_tables/P2/subGnm -m 0.9  
[Sun Mar 21 14:19:12 2021]
Finished job 9.
5 of 15 steps (33%) done
Select jobs to execute...

[Sun Mar 21 14:19:12 2021]
rule consensusGnm_prokkaAnno:
    input: /shared/liuhj/tonglv/process/person_ntfreq_tables/P2/subGnm
    output: /shared/liuhj/tonglv/process/person_ntfreq_tables/P2/subGnm_prokka_gff
    jobid: 16
    wildcards: person=P2

/shared/liuhj/tonglv/ICU_tonglv_scripts/iSNV_calling_bwa2_AE004091.2/pipeline-prokka.sh  /shared/liuhj/tonglv/process/person_ntfreq_tables/P2/subGnm  /shared/liuhj/tonglv/process/person_ntfreq_tables/P2/subGnm_prokka_gff  /home/amax/anaconda3/envs/biotools_lhj/db/Pseudomonas/AE004091.2.gb 
[Sun Mar 21 14:21:24 2021]
Finished job 16.
6 of 15 steps (40%) done
Select jobs to execute...

[Sun Mar 21 14:21:24 2021]
rule consensusGnm_prokkaAnno:
    input: /shared/liuhj/tonglv/process/person_ntfreq_tables/P5_withP2/subGnm
    output: /shared/liuhj/tonglv/process/person_ntfreq_tables/P5_withP2/subGnm_prokka_gff
    jobid: 21
    wildcards: person=P5_withP2

/shared/liuhj/tonglv/ICU_tonglv_scripts/iSNV_calling_bwa2_AE004091.2/pipeline-prokka.sh  /shared/liuhj/tonglv/process/person_ntfreq_tables/P5_withP2/subGnm  /shared/liuhj/tonglv/process/person_ntfreq_tables/P5_withP2/subGnm_prokka_gff  /home/amax/anaconda3/envs/biotools_lhj/db/Pseudomonas/AE004091.2.gb 
[Sun Mar 21 14:41:12 2021]
Finished job 21.
7 of 15 steps (47%) done
Select jobs to execute...

[Sun Mar 21 14:41:12 2021]
rule consensusGnm_prokkaAnno:
    input: /shared/liuhj/tonglv/process/person_ntfreq_tables/P1/subGnm
    output: /shared/liuhj/tonglv/process/person_ntfreq_tables/P1/subGnm_prokka_gff
    jobid: 15
    wildcards: person=P1

/shared/liuhj/tonglv/ICU_tonglv_scripts/iSNV_calling_bwa2_AE004091.2/pipeline-prokka.sh  /shared/liuhj/tonglv/process/person_ntfreq_tables/P1/subGnm  /shared/liuhj/tonglv/process/person_ntfreq_tables/P1/subGnm_prokka_gff  /home/amax/anaconda3/envs/biotools_lhj/db/Pseudomonas/AE004091.2.gb 
[Sun Mar 21 14:57:44 2021]
Finished job 15.
8 of 15 steps (53%) done
Select jobs to execute...

[Sun Mar 21 14:57:44 2021]
rule iSNV_SNP_consensusGnm:
    input: /shared/liuhj/tonglv/process/person_ntfreq_tables/P7/all.iSNV_with_SNP.pyResults.txt, /shared/liuhj/tonglv/process/person_ntfreq_tables/P7/out.samps-ntfreq.bigtable.txt, /shared/liuhj/tonglv/ref/ref_tonglv_AE004091.2/AE004091.2.fna
    output: /shared/liuhj/tonglv/process/person_ntfreq_tables/P7/subGnm
    jobid: 13
    wildcards: person=P7

python  /shared/liuhj/tonglv/ICU_tonglv_scripts/iSNV_calling_bwa2_AE004091.2/iSNVpy_iSNVtable_RefGnmtihuanSNP.py   -i /shared/liuhj/tonglv/process/person_ntfreq_tables/P7/all.iSNV_with_SNP.pyResults.txt  		-n /shared/liuhj/tonglv/process/person_ntfreq_tables/P7/out.samps-ntfreq.bigtable.txt  -r  /shared/liuhj/tonglv/ref/ref_tonglv_AE004091.2/AE004091.2.fna -o  /shared/liuhj/tonglv/process/person_ntfreq_tables/P7/subGnm -m 0.9  
[Sun Mar 21 14:58:08 2021]
Finished job 13.
9 of 15 steps (60%) done
Select jobs to execute...

[Sun Mar 21 14:58:08 2021]
rule consensusGnm_prokkaAnno:
    input: /shared/liuhj/tonglv/process/person_ntfreq_tables/P7/subGnm
    output: /shared/liuhj/tonglv/process/person_ntfreq_tables/P7/subGnm_prokka_gff
    jobid: 20
    wildcards: person=P7

/shared/liuhj/tonglv/ICU_tonglv_scripts/iSNV_calling_bwa2_AE004091.2/pipeline-prokka.sh  /shared/liuhj/tonglv/process/person_ntfreq_tables/P7/subGnm  /shared/liuhj/tonglv/process/person_ntfreq_tables/P7/subGnm_prokka_gff  /home/amax/anaconda3/envs/biotools_lhj/db/Pseudomonas/AE004091.2.gb 
[Sun Mar 21 15:04:45 2021]
Finished job 20.
10 of 15 steps (67%) done
Select jobs to execute...

[Sun Mar 21 15:04:45 2021]
rule iSNV_SNP_consensusGnm:
    input: /shared/liuhj/tonglv/process/person_ntfreq_tables/P3/all.iSNV_with_SNP.pyResults.txt, /shared/liuhj/tonglv/process/person_ntfreq_tables/P3/out.samps-ntfreq.bigtable.txt, /shared/liuhj/tonglv/ref/ref_tonglv_AE004091.2/AE004091.2.fna
    output: /shared/liuhj/tonglv/process/person_ntfreq_tables/P3/subGnm
    jobid: 10
    wildcards: person=P3

python  /shared/liuhj/tonglv/ICU_tonglv_scripts/iSNV_calling_bwa2_AE004091.2/iSNVpy_iSNVtable_RefGnmtihuanSNP.py   -i /shared/liuhj/tonglv/process/person_ntfreq_tables/P3/all.iSNV_with_SNP.pyResults.txt  		-n /shared/liuhj/tonglv/process/person_ntfreq_tables/P3/out.samps-ntfreq.bigtable.txt  -r  /shared/liuhj/tonglv/ref/ref_tonglv_AE004091.2/AE004091.2.fna -o  /shared/liuhj/tonglv/process/person_ntfreq_tables/P3/subGnm -m 0.9  
[Sun Mar 21 15:05:39 2021]
Finished job 10.
11 of 15 steps (73%) done
Select jobs to execute...

[Sun Mar 21 15:05:39 2021]
rule consensusGnm_prokkaAnno:
    input: /shared/liuhj/tonglv/process/person_ntfreq_tables/P3/subGnm
    output: /shared/liuhj/tonglv/process/person_ntfreq_tables/P3/subGnm_prokka_gff
    jobid: 17
    wildcards: person=P3

/shared/liuhj/tonglv/ICU_tonglv_scripts/iSNV_calling_bwa2_AE004091.2/pipeline-prokka.sh  /shared/liuhj/tonglv/process/person_ntfreq_tables/P3/subGnm  /shared/liuhj/tonglv/process/person_ntfreq_tables/P3/subGnm_prokka_gff  /home/amax/anaconda3/envs/biotools_lhj/db/Pseudomonas/AE004091.2.gb 
[Sun Mar 21 15:23:15 2021]
Finished job 17.
12 of 15 steps (80%) done
Select jobs to execute...

[Sun Mar 21 15:23:15 2021]
rule iSNV_SNP_consensusGnm:
    input: /shared/liuhj/tonglv/process/person_ntfreq_tables/P6/all.iSNV_with_SNP.pyResults.txt, /shared/liuhj/tonglv/process/person_ntfreq_tables/P6/out.samps-ntfreq.bigtable.txt, /shared/liuhj/tonglv/ref/ref_tonglv_AE004091.2/AE004091.2.fna
    output: /shared/liuhj/tonglv/process/person_ntfreq_tables/P6/subGnm
    jobid: 12
    wildcards: person=P6

python  /shared/liuhj/tonglv/ICU_tonglv_scripts/iSNV_calling_bwa2_AE004091.2/iSNVpy_iSNVtable_RefGnmtihuanSNP.py   -i /shared/liuhj/tonglv/process/person_ntfreq_tables/P6/all.iSNV_with_SNP.pyResults.txt  		-n /shared/liuhj/tonglv/process/person_ntfreq_tables/P6/out.samps-ntfreq.bigtable.txt  -r  /shared/liuhj/tonglv/ref/ref_tonglv_AE004091.2/AE004091.2.fna -o  /shared/liuhj/tonglv/process/person_ntfreq_tables/P6/subGnm -m 0.9  
[Sun Mar 21 15:23:39 2021]
Finished job 12.
13 of 15 steps (87%) done
Select jobs to execute...

[Sun Mar 21 15:23:39 2021]
rule consensusGnm_prokkaAnno:
    input: /shared/liuhj/tonglv/process/person_ntfreq_tables/P6/subGnm
    output: /shared/liuhj/tonglv/process/person_ntfreq_tables/P6/subGnm_prokka_gff
    jobid: 19
    wildcards: person=P6

/shared/liuhj/tonglv/ICU_tonglv_scripts/iSNV_calling_bwa2_AE004091.2/pipeline-prokka.sh  /shared/liuhj/tonglv/process/person_ntfreq_tables/P6/subGnm  /shared/liuhj/tonglv/process/person_ntfreq_tables/P6/subGnm_prokka_gff  /home/amax/anaconda3/envs/biotools_lhj/db/Pseudomonas/AE004091.2.gb 
[Sun Mar 21 15:30:16 2021]
Finished job 19.
14 of 15 steps (93%) done
Select jobs to execute...

[Sun Mar 21 15:30:16 2021]
localrule all:
    input: /shared/liuhj/tonglv/process/person_ntfreq_tables/P1/all.iSNV_with_SNP.pyResults.txt, /shared/liuhj/tonglv/process/person_ntfreq_tables/P2/all.iSNV_with_SNP.pyResults.txt, /shared/liuhj/tonglv/process/person_ntfreq_tables/P3/all.iSNV_with_SNP.pyResults.txt, /shared/liuhj/tonglv/process/person_ntfreq_tables/P4/all.iSNV_with_SNP.pyResults.txt, /shared/liuhj/tonglv/process/person_ntfreq_tables/P6/all.iSNV_with_SNP.pyResults.txt, /shared/liuhj/tonglv/process/person_ntfreq_tables/P7/all.iSNV_with_SNP.pyResults.txt, /shared/liuhj/tonglv/process/person_ntfreq_tables/P5_withP2/all.iSNV_with_SNP.pyResults.txt, /shared/liuhj/tonglv/process/person_ntfreq_tables/P1/subGnm, /shared/liuhj/tonglv/process/person_ntfreq_tables/P2/subGnm, /shared/liuhj/tonglv/process/person_ntfreq_tables/P3/subGnm, /shared/liuhj/tonglv/process/person_ntfreq_tables/P4/subGnm, /shared/liuhj/tonglv/process/person_ntfreq_tables/P6/subGnm, /shared/liuhj/tonglv/process/person_ntfreq_tables/P7/subGnm, /shared/liuhj/tonglv/process/person_ntfreq_tables/P5_withP2/subGnm, /shared/liuhj/tonglv/process/person_ntfreq_tables/P1/subGnm_prokka_gff, /shared/liuhj/tonglv/process/person_ntfreq_tables/P2/subGnm_prokka_gff, /shared/liuhj/tonglv/process/person_ntfreq_tables/P3/subGnm_prokka_gff, /shared/liuhj/tonglv/process/person_ntfreq_tables/P4/subGnm_prokka_gff, /shared/liuhj/tonglv/process/person_ntfreq_tables/P6/subGnm_prokka_gff, /shared/liuhj/tonglv/process/person_ntfreq_tables/P7/subGnm_prokka_gff, /shared/liuhj/tonglv/process/person_ntfreq_tables/P5_withP2/subGnm_prokka_gff
    jobid: 0

[Sun Mar 21 15:30:16 2021]
Finished job 0.
15 of 15 steps (100%) done
Complete log: /shared/liuhj/tonglv/ICU_tonglv_scripts/iSNV_calling_bwa2_AE004091.2/.snakemake/log/2021-03-21T140531.060799.snakemake.log
