Building DAG of jobs...
Using shell: /bin/bash
Provided cores: 5
Rules claiming more threads will be scaled down.
Job counts:
	count	jobs
	1	all
	5	iSNV_snvNumCount_noSNV
	6
Select jobs to execute...

[Fri Apr  2 19:39:55 2021]
rule iSNV_snvNumCount_noSNV:
    input: /shared/liuhj/tonglv/process/20210401-person_ntfreq_tables/P3/all.iSNV_with_SNP.pyResults.txt, /shared/liuhj/tonglv/Infos/20210311-info.txt, /shared/liuhj/tonglv/process/20210402-bwaToOtherBacteria/PA-HomoRegions-FromOtherBacteria.txt
    output: /shared/liuhj/tonglv/process/20210401-person_ntfreq_tables/P3/snvNum_Stat_noSNV_OtherBacfilted
    jobid: 50
    wildcards: person=P3

python  /shared/liuhj/tonglv/ICU_tonglv_scripts/iSNV_calling_bwa2_AE004091.2/iSNVpy_snvSNP_Stat_clade.py   -i /shared/liuhj/tonglv/process/20210401-person_ntfreq_tables/P3/all.iSNV_with_SNP.pyResults.txt  		-f /shared/liuhj/tonglv/Infos/20210311-info.txt  -o  /shared/liuhj/tonglv/process/20210401-person_ntfreq_tables/P3/snvNum_Stat_noSNV_OtherBacfilted -m 0.1  -M 0.9  -E /shared/liuhj/tonglv/process/20210402-bwaToOtherBacteria/PA-HomoRegions-FromOtherBacteria.txt   

[Fri Apr  2 19:39:55 2021]
rule iSNV_snvNumCount_noSNV:
    input: /shared/liuhj/tonglv/process/20210401-person_ntfreq_tables/P6/all.iSNV_with_SNP.pyResults.txt, /shared/liuhj/tonglv/Infos/20210311-info.txt, /shared/liuhj/tonglv/process/20210402-bwaToOtherBacteria/PA-HomoRegions-FromOtherBacteria.txt
    output: /shared/liuhj/tonglv/process/20210401-person_ntfreq_tables/P6/snvNum_Stat_noSNV_OtherBacfilted
    jobid: 52
    wildcards: person=P6

python  /shared/liuhj/tonglv/ICU_tonglv_scripts/iSNV_calling_bwa2_AE004091.2/iSNVpy_snvSNP_Stat_clade.py   -i /shared/liuhj/tonglv/process/20210401-person_ntfreq_tables/P6/all.iSNV_with_SNP.pyResults.txt  		-f /shared/liuhj/tonglv/Infos/20210311-info.txt  -o  /shared/liuhj/tonglv/process/20210401-person_ntfreq_tables/P6/snvNum_Stat_noSNV_OtherBacfilted -m 0.1  -M 0.9  -E /shared/liuhj/tonglv/process/20210402-bwaToOtherBacteria/PA-HomoRegions-FromOtherBacteria.txt   

[Fri Apr  2 19:39:55 2021]
rule iSNV_snvNumCount_noSNV:
    input: /shared/liuhj/tonglv/process/20210401-person_ntfreq_tables/P7/all.iSNV_with_SNP.pyResults.txt, /shared/liuhj/tonglv/Infos/20210311-info.txt, /shared/liuhj/tonglv/process/20210402-bwaToOtherBacteria/PA-HomoRegions-FromOtherBacteria.txt
    output: /shared/liuhj/tonglv/process/20210401-person_ntfreq_tables/P7/snvNum_Stat_noSNV_OtherBacfilted
    jobid: 53
    wildcards: person=P7

python  /shared/liuhj/tonglv/ICU_tonglv_scripts/iSNV_calling_bwa2_AE004091.2/iSNVpy_snvSNP_Stat_clade.py   -i /shared/liuhj/tonglv/process/20210401-person_ntfreq_tables/P7/all.iSNV_with_SNP.pyResults.txt  		-f /shared/liuhj/tonglv/Infos/20210311-info.txt  -o  /shared/liuhj/tonglv/process/20210401-person_ntfreq_tables/P7/snvNum_Stat_noSNV_OtherBacfilted -m 0.1  -M 0.9  -E /shared/liuhj/tonglv/process/20210402-bwaToOtherBacteria/PA-HomoRegions-FromOtherBacteria.txt   

[Fri Apr  2 19:39:55 2021]
rule iSNV_snvNumCount_noSNV:
    input: /shared/liuhj/tonglv/process/20210401-person_ntfreq_tables/P4/all.iSNV_with_SNP.pyResults.txt, /shared/liuhj/tonglv/Infos/20210311-info.txt, /shared/liuhj/tonglv/process/20210402-bwaToOtherBacteria/PA-HomoRegions-FromOtherBacteria.txt
    output: /shared/liuhj/tonglv/process/20210401-person_ntfreq_tables/P4/snvNum_Stat_noSNV_OtherBacfilted
    jobid: 51
    wildcards: person=P4

python  /shared/liuhj/tonglv/ICU_tonglv_scripts/iSNV_calling_bwa2_AE004091.2/iSNVpy_snvSNP_Stat_clade.py   -i /shared/liuhj/tonglv/process/20210401-person_ntfreq_tables/P4/all.iSNV_with_SNP.pyResults.txt  		-f /shared/liuhj/tonglv/Infos/20210311-info.txt  -o  /shared/liuhj/tonglv/process/20210401-person_ntfreq_tables/P4/snvNum_Stat_noSNV_OtherBacfilted -m 0.1  -M 0.9  -E /shared/liuhj/tonglv/process/20210402-bwaToOtherBacteria/PA-HomoRegions-FromOtherBacteria.txt   

[Fri Apr  2 19:39:55 2021]
rule iSNV_snvNumCount_noSNV:
    input: /shared/liuhj/tonglv/process/20210401-person_ntfreq_tables/P5_withP2/all.iSNV_with_SNP.pyResults.txt, /shared/liuhj/tonglv/Infos/20210311-info.txt, /shared/liuhj/tonglv/process/20210402-bwaToOtherBacteria/PA-HomoRegions-FromOtherBacteria.txt
    output: /shared/liuhj/tonglv/process/20210401-person_ntfreq_tables/P5_withP2/snvNum_Stat_noSNV_OtherBacfilted
    jobid: 54
    wildcards: person=P5_withP2

python  /shared/liuhj/tonglv/ICU_tonglv_scripts/iSNV_calling_bwa2_AE004091.2/iSNVpy_snvSNP_Stat_clade.py   -i /shared/liuhj/tonglv/process/20210401-person_ntfreq_tables/P5_withP2/all.iSNV_with_SNP.pyResults.txt  		-f /shared/liuhj/tonglv/Infos/20210311-info.txt  -o  /shared/liuhj/tonglv/process/20210401-person_ntfreq_tables/P5_withP2/snvNum_Stat_noSNV_OtherBacfilted -m 0.1  -M 0.9  -E /shared/liuhj/tonglv/process/20210402-bwaToOtherBacteria/PA-HomoRegions-FromOtherBacteria.txt   
[Fri Apr  2 19:39:56 2021]
Finished job 52.
1 of 6 steps (17%) done
[Fri Apr  2 19:39:56 2021]
Finished job 53.
2 of 6 steps (33%) done
[Fri Apr  2 19:39:57 2021]
Finished job 51.
3 of 6 steps (50%) done
[Fri Apr  2 19:39:57 2021]
Finished job 54.
4 of 6 steps (67%) done
[Fri Apr  2 19:39:58 2021]
Finished job 50.
5 of 6 steps (83%) done
Select jobs to execute...

[Fri Apr  2 19:39:58 2021]
localrule all:
    input: /shared/liuhj/tonglv/process/20210401-person_ntfreq_tables/P1/all.iSNV_with_SNP.pyResults.txt, /shared/liuhj/tonglv/process/20210401-person_ntfreq_tables/P3/all.iSNV_with_SNP.pyResults.txt, /shared/liuhj/tonglv/process/20210401-person_ntfreq_tables/P4/all.iSNV_with_SNP.pyResults.txt, /shared/liuhj/tonglv/process/20210401-person_ntfreq_tables/P6/all.iSNV_with_SNP.pyResults.txt, /shared/liuhj/tonglv/process/20210401-person_ntfreq_tables/P7/all.iSNV_with_SNP.pyResults.txt, /shared/liuhj/tonglv/process/20210401-person_ntfreq_tables/P5_withP2/all.iSNV_with_SNP.pyResults.txt, /shared/liuhj/tonglv/process/20210401-person_ntfreq_tables/P5-1/all.iSNV_with_SNP.pyResults.txt, /shared/liuhj/tonglv/process/20210401-person_ntfreq_tables/P5-2/all.iSNV_with_SNP.pyResults.txt, /shared/liuhj/tonglv/process/20210401-person_ntfreq_tables/P5-3/all.iSNV_with_SNP.pyResults.txt, /shared/liuhj/tonglv/process/20210401-person_ntfreq_tables/P3-1/all.iSNV_with_SNP.pyResults.txt, /shared/liuhj/tonglv/process/20210401-person_ntfreq_tables/P3-2/all.iSNV_with_SNP.pyResults.txt, /shared/liuhj/tonglv/process/20210401-person_ntfreq_tables/P3-3/all.iSNV_with_SNP.pyResults.txt, /shared/liuhj/tonglv/process/20210401-person_ntfreq_tables/P1/vcf, /shared/liuhj/tonglv/process/20210401-person_ntfreq_tables/P3/vcf, /shared/liuhj/tonglv/process/20210401-person_ntfreq_tables/P4/vcf, /shared/liuhj/tonglv/process/20210401-person_ntfreq_tables/P6/vcf, /shared/liuhj/tonglv/process/20210401-person_ntfreq_tables/P7/vcf, /shared/liuhj/tonglv/process/20210401-person_ntfreq_tables/P5_withP2/vcf, /shared/liuhj/tonglv/process/20210401-person_ntfreq_tables/P5-1/vcf, /shared/liuhj/tonglv/process/20210401-person_ntfreq_tables/P5-2/vcf, /shared/liuhj/tonglv/process/20210401-person_ntfreq_tables/P5-3/vcf, /shared/liuhj/tonglv/process/20210401-person_ntfreq_tables/P3-1/vcf, /shared/liuhj/tonglv/process/20210401-person_ntfreq_tables/P3-2/vcf, /shared/liuhj/tonglv/process/20210401-person_ntfreq_tables/P3-3/vcf, /shared/liuhj/tonglv/process/20210401-person_ntfreq_tables/P1/vcf_snpeff, /shared/liuhj/tonglv/process/20210401-person_ntfreq_tables/P3/vcf_snpeff, /shared/liuhj/tonglv/process/20210401-person_ntfreq_tables/P4/vcf_snpeff, /shared/liuhj/tonglv/process/20210401-person_ntfreq_tables/P6/vcf_snpeff, /shared/liuhj/tonglv/process/20210401-person_ntfreq_tables/P7/vcf_snpeff, /shared/liuhj/tonglv/process/20210401-person_ntfreq_tables/P5_withP2/vcf_snpeff, /shared/liuhj/tonglv/process/20210401-person_ntfreq_tables/P5-1/vcf_snpeff, /shared/liuhj/tonglv/process/20210401-person_ntfreq_tables/P5-2/vcf_snpeff, /shared/liuhj/tonglv/process/20210401-person_ntfreq_tables/P5-3/vcf_snpeff, /shared/liuhj/tonglv/process/20210401-person_ntfreq_tables/P3-1/vcf_snpeff, /shared/liuhj/tonglv/process/20210401-person_ntfreq_tables/P3-2/vcf_snpeff, /shared/liuhj/tonglv/process/20210401-person_ntfreq_tables/P3-3/vcf_snpeff, /shared/liuhj/tonglv/process/20210401-person_ntfreq_tables/P1/general-snvFreq_distribut_Stat, /shared/liuhj/tonglv/process/20210401-person_ntfreq_tables/P3/general-snvFreq_distribut_Stat, /shared/liuhj/tonglv/process/20210401-person_ntfreq_tables/P4/general-snvFreq_distribut_Stat, /shared/liuhj/tonglv/process/20210401-person_ntfreq_tables/P6/general-snvFreq_distribut_Stat, /shared/liuhj/tonglv/process/20210401-person_ntfreq_tables/P7/general-snvFreq_distribut_Stat, /shared/liuhj/tonglv/process/20210401-person_ntfreq_tables/P5_withP2/general-snvFreq_distribut_Stat, /shared/liuhj/tonglv/process/20210401-person_ntfreq_tables/P5-1/general-snvFreq_distribut_Stat, /shared/liuhj/tonglv/process/20210401-person_ntfreq_tables/P5-2/general-snvFreq_distribut_Stat, /shared/liuhj/tonglv/process/20210401-person_ntfreq_tables/P5-3/general-snvFreq_distribut_Stat, /shared/liuhj/tonglv/process/20210401-person_ntfreq_tables/P3-1/general-snvFreq_distribut_Stat, /shared/liuhj/tonglv/process/20210401-person_ntfreq_tables/P3-2/general-snvFreq_distribut_Stat, /shared/liuhj/tonglv/process/20210401-person_ntfreq_tables/P3-3/general-snvFreq_distribut_Stat, /shared/liuhj/tonglv/process/20210401-person_ntfreq_tables/P1/snvNum_Stat_noSNV_OtherBacfilted, /shared/liuhj/tonglv/process/20210401-person_ntfreq_tables/P3/snvNum_Stat_noSNV_OtherBacfilted, /shared/liuhj/tonglv/process/20210401-person_ntfreq_tables/P4/snvNum_Stat_noSNV_OtherBacfilted, /shared/liuhj/tonglv/process/20210401-person_ntfreq_tables/P6/snvNum_Stat_noSNV_OtherBacfilted, /shared/liuhj/tonglv/process/20210401-person_ntfreq_tables/P7/snvNum_Stat_noSNV_OtherBacfilted, /shared/liuhj/tonglv/process/20210401-person_ntfreq_tables/P5_withP2/snvNum_Stat_noSNV_OtherBacfilted, /shared/liuhj/tonglv/process/20210401-person_ntfreq_tables/P5-1/snvNum_Stat_noSNV_OtherBacfilted, /shared/liuhj/tonglv/process/20210401-person_ntfreq_tables/P5-2/snvNum_Stat_noSNV_OtherBacfilted, /shared/liuhj/tonglv/process/20210401-person_ntfreq_tables/P5-3/snvNum_Stat_noSNV_OtherBacfilted, /shared/liuhj/tonglv/process/20210401-person_ntfreq_tables/P3-1/snvNum_Stat_noSNV_OtherBacfilted, /shared/liuhj/tonglv/process/20210401-person_ntfreq_tables/P3-2/snvNum_Stat_noSNV_OtherBacfilted, /shared/liuhj/tonglv/process/20210401-person_ntfreq_tables/P3-3/snvNum_Stat_noSNV_OtherBacfilted
    jobid: 0

[Fri Apr  2 19:39:58 2021]
Finished job 0.
6 of 6 steps (100%) done
Complete log: /shared/liuhj/tonglv/ICU_tonglv_scripts/iSNV_calling_bwa2_AE004091.2/.snakemake/log/2021-04-02T193955.428306.snakemake.log
