Building DAG of jobs...
Using shell: /bin/bash
Provided cores: 1 (use --cores to define parallelism)
Rules claiming more threads will be scaled down.
Job counts:
	count	jobs
	1	all
	7	ntfreq_2_FreqBigtable
	8
Select jobs to execute...

[Sat Mar 13 13:19:45 2021]
rule ntfreq_2_FreqBigtable:
    input: /shared/liuhj/tonglv/process/person_ntfreq_tables/P5_withP2_ntfreq_file_list.txt, /shared/liuhj/tonglv/ref/ref_tonglv_AE004091.2/AE004091.2.fna
    output: /shared/liuhj/tonglv/process/person_ntfreq_tables/P5_withP2/all.iSNV_with_SNP.pyResults.txt, /shared/liuhj/tonglv/process/person_ntfreq_tables/P5_withP2/out.samps-ntfreq.bigtable.txt
    jobid: 8
    wildcards: person=P5_withP2

python /shared/liuhj/tonglv/ICU_tonglv_scripts/iSNV_calling_bwa2_AE004091.2/step6_read_ntfreq.py  -i  /shared/liuhj/tonglv/process/person_ntfreq_tables/P5_withP2_ntfreq_file_list.txt -r /shared/liuhj/tonglv/ref/ref_tonglv_AE004091.2/AE004091.2.fna  -o /shared/liuhj/tonglv/process/person_ntfreq_tables/P5_withP2  		-D  50 -A 5 -N 100 -F 0.02 -S 0.0 
[Sat Mar 13 13:35:12 2021]
Finished job 8.
1 of 8 steps (12%) done
Select jobs to execute...

[Sat Mar 13 13:35:13 2021]
rule ntfreq_2_FreqBigtable:
    input: /shared/liuhj/tonglv/process/person_ntfreq_tables/P6_ntfreq_file_list.txt, /shared/liuhj/tonglv/ref/ref_tonglv_AE004091.2/AE004091.2.fna
    output: /shared/liuhj/tonglv/process/person_ntfreq_tables/P6/all.iSNV_with_SNP.pyResults.txt, /shared/liuhj/tonglv/process/person_ntfreq_tables/P6/out.samps-ntfreq.bigtable.txt
    jobid: 6
    wildcards: person=P6

python /shared/liuhj/tonglv/ICU_tonglv_scripts/iSNV_calling_bwa2_AE004091.2/step6_read_ntfreq.py  -i  /shared/liuhj/tonglv/process/person_ntfreq_tables/P6_ntfreq_file_list.txt -r /shared/liuhj/tonglv/ref/ref_tonglv_AE004091.2/AE004091.2.fna  -o /shared/liuhj/tonglv/process/person_ntfreq_tables/P6  		-D  50 -A 5 -N 100 -F 0.02 -S 0.0 
[Sat Mar 13 13:43:18 2021]
Finished job 6.
2 of 8 steps (25%) done
Select jobs to execute...

[Sat Mar 13 13:43:18 2021]
rule ntfreq_2_FreqBigtable:
    input: /shared/liuhj/tonglv/process/person_ntfreq_tables/P4_ntfreq_file_list.txt, /shared/liuhj/tonglv/ref/ref_tonglv_AE004091.2/AE004091.2.fna
    output: /shared/liuhj/tonglv/process/person_ntfreq_tables/P4/all.iSNV_with_SNP.pyResults.txt, /shared/liuhj/tonglv/process/person_ntfreq_tables/P4/out.samps-ntfreq.bigtable.txt
    jobid: 4
    wildcards: person=P4

python /shared/liuhj/tonglv/ICU_tonglv_scripts/iSNV_calling_bwa2_AE004091.2/step6_read_ntfreq.py  -i  /shared/liuhj/tonglv/process/person_ntfreq_tables/P4_ntfreq_file_list.txt -r /shared/liuhj/tonglv/ref/ref_tonglv_AE004091.2/AE004091.2.fna  -o /shared/liuhj/tonglv/process/person_ntfreq_tables/P4  		-D  50 -A 5 -N 100 -F 0.02 -S 0.0 
[Sat Mar 13 13:56:39 2021]
Finished job 4.
3 of 8 steps (38%) done
Select jobs to execute...

[Sat Mar 13 13:56:39 2021]
rule ntfreq_2_FreqBigtable:
    input: /shared/liuhj/tonglv/process/person_ntfreq_tables/P7_ntfreq_file_list.txt, /shared/liuhj/tonglv/ref/ref_tonglv_AE004091.2/AE004091.2.fna
    output: /shared/liuhj/tonglv/process/person_ntfreq_tables/P7/all.iSNV_with_SNP.pyResults.txt, /shared/liuhj/tonglv/process/person_ntfreq_tables/P7/out.samps-ntfreq.bigtable.txt
    jobid: 7
    wildcards: person=P7

python /shared/liuhj/tonglv/ICU_tonglv_scripts/iSNV_calling_bwa2_AE004091.2/step6_read_ntfreq.py  -i  /shared/liuhj/tonglv/process/person_ntfreq_tables/P7_ntfreq_file_list.txt -r /shared/liuhj/tonglv/ref/ref_tonglv_AE004091.2/AE004091.2.fna  -o /shared/liuhj/tonglv/process/person_ntfreq_tables/P7  		-D  50 -A 5 -N 100 -F 0.02 -S 0.0 
[Sat Mar 13 14:04:39 2021]
Finished job 7.
4 of 8 steps (50%) done
Select jobs to execute...

[Sat Mar 13 14:04:39 2021]
rule ntfreq_2_FreqBigtable:
    input: /shared/liuhj/tonglv/process/person_ntfreq_tables/P5_ntfreq_file_list.txt, /shared/liuhj/tonglv/ref/ref_tonglv_AE004091.2/AE004091.2.fna
    output: /shared/liuhj/tonglv/process/person_ntfreq_tables/P5/all.iSNV_with_SNP.pyResults.txt, /shared/liuhj/tonglv/process/person_ntfreq_tables/P5/out.samps-ntfreq.bigtable.txt
    jobid: 5
    wildcards: person=P5

python /shared/liuhj/tonglv/ICU_tonglv_scripts/iSNV_calling_bwa2_AE004091.2/step6_read_ntfreq.py  -i  /shared/liuhj/tonglv/process/person_ntfreq_tables/P5_ntfreq_file_list.txt -r /shared/liuhj/tonglv/ref/ref_tonglv_AE004091.2/AE004091.2.fna  -o /shared/liuhj/tonglv/process/person_ntfreq_tables/P5  		-D  50 -A 5 -N 100 -F 0.02 -S 0.0 
[Sat Mar 13 14:27:27 2021]
Finished job 5.
5 of 8 steps (62%) done
Select jobs to execute...

[Sat Mar 13 14:27:27 2021]
rule ntfreq_2_FreqBigtable:
    input: /shared/liuhj/tonglv/process/person_ntfreq_tables/P1_ntfreq_file_list.txt, /shared/liuhj/tonglv/ref/ref_tonglv_AE004091.2/AE004091.2.fna
    output: /shared/liuhj/tonglv/process/person_ntfreq_tables/P1/all.iSNV_with_SNP.pyResults.txt, /shared/liuhj/tonglv/process/person_ntfreq_tables/P1/out.samps-ntfreq.bigtable.txt
    jobid: 1
    wildcards: person=P1

python /shared/liuhj/tonglv/ICU_tonglv_scripts/iSNV_calling_bwa2_AE004091.2/step6_read_ntfreq.py  -i  /shared/liuhj/tonglv/process/person_ntfreq_tables/P1_ntfreq_file_list.txt -r /shared/liuhj/tonglv/ref/ref_tonglv_AE004091.2/AE004091.2.fna  -o /shared/liuhj/tonglv/process/person_ntfreq_tables/P1  		-D  50 -A 5 -N 100 -F 0.02 -S 0.0 
[Sat Mar 13 14:47:20 2021]
Finished job 1.
6 of 8 steps (75%) done
Select jobs to execute...

[Sat Mar 13 14:47:20 2021]
rule ntfreq_2_FreqBigtable:
    input: /shared/liuhj/tonglv/process/person_ntfreq_tables/P3_ntfreq_file_list.txt, /shared/liuhj/tonglv/ref/ref_tonglv_AE004091.2/AE004091.2.fna
    output: /shared/liuhj/tonglv/process/person_ntfreq_tables/P3/all.iSNV_with_SNP.pyResults.txt, /shared/liuhj/tonglv/process/person_ntfreq_tables/P3/out.samps-ntfreq.bigtable.txt
    jobid: 3
    wildcards: person=P3

python /shared/liuhj/tonglv/ICU_tonglv_scripts/iSNV_calling_bwa2_AE004091.2/step6_read_ntfreq.py  -i  /shared/liuhj/tonglv/process/person_ntfreq_tables/P3_ntfreq_file_list.txt -r /shared/liuhj/tonglv/ref/ref_tonglv_AE004091.2/AE004091.2.fna  -o /shared/liuhj/tonglv/process/person_ntfreq_tables/P3  		-D  50 -A 5 -N 100 -F 0.02 -S 0.0 
[Sat Mar 13 15:08:43 2021]
Finished job 3.
7 of 8 steps (88%) done
Select jobs to execute...

[Sat Mar 13 15:08:43 2021]
localrule all:
    input: /shared/liuhj/tonglv/process/person_ntfreq_tables/P1/all.iSNV_with_SNP.pyResults.txt, /shared/liuhj/tonglv/process/person_ntfreq_tables/P2/all.iSNV_with_SNP.pyResults.txt, /shared/liuhj/tonglv/process/person_ntfreq_tables/P3/all.iSNV_with_SNP.pyResults.txt, /shared/liuhj/tonglv/process/person_ntfreq_tables/P4/all.iSNV_with_SNP.pyResults.txt, /shared/liuhj/tonglv/process/person_ntfreq_tables/P5/all.iSNV_with_SNP.pyResults.txt, /shared/liuhj/tonglv/process/person_ntfreq_tables/P6/all.iSNV_with_SNP.pyResults.txt, /shared/liuhj/tonglv/process/person_ntfreq_tables/P7/all.iSNV_with_SNP.pyResults.txt, /shared/liuhj/tonglv/process/person_ntfreq_tables/P5_withP2/all.iSNV_with_SNP.pyResults.txt
    jobid: 0

[Sat Mar 13 15:08:43 2021]
Finished job 0.
8 of 8 steps (100%) done
Complete log: /shared/liuhj/tonglv/ICU_tonglv_scripts/iSNV_calling_bwa2_AE004091.2/.snakemake/log/2021-03-13T131945.348196.snakemake.log
