Building DAG of jobs...
Using shell: /bin/bash
Provided cores: 1 (use --cores to define parallelism)
Rules claiming more threads will be scaled down.
Job counts:
	count	jobs
	1	all
	7	ntfreq_2_FreqBigtable
	8
Select jobs to execute...

[Thu Feb 25 15:12:57 2021]
rule ntfreq_2_FreqBigtable:
    input: /shared/liuhj/tonglv/process/person_ntfreq_tables/P6_ntfreq_file_list.txt, /shared/liuhj/tonglv/ref/ref_tonglv_AE004091.2/AE004091.2.fna
    output: /shared/liuhj/tonglv/process/person_ntfreq_tables/P6/all.iSNV_with_SNP.pyResults.txt
    jobid: 6
    wildcards: person=P6

python /shared/liuhj/tonglv/ICU_tonglv_scripts/iSNV_calling_bwa2_AE004091.2/step6_read_ntfreq.py  -i  /shared/liuhj/tonglv/process/person_ntfreq_tables/P6_ntfreq_file_list.txt -r /shared/liuhj/tonglv/ref/ref_tonglv_AE004091.2/AE004091.2.fna  -o /shared/liuhj/tonglv/process/person_ntfreq_tables/P6  		-D  50 -A 5 -N 100 -F 0.02 -S 0.0 
[Thu Feb 25 15:16:13 2021]
Finished job 6.
1 of 8 steps (12%) done
Select jobs to execute...

[Thu Feb 25 15:16:13 2021]
rule ntfreq_2_FreqBigtable:
    input: /shared/liuhj/tonglv/process/person_ntfreq_tables/P4_ntfreq_file_list.txt, /shared/liuhj/tonglv/ref/ref_tonglv_AE004091.2/AE004091.2.fna
    output: /shared/liuhj/tonglv/process/person_ntfreq_tables/P4/all.iSNV_with_SNP.pyResults.txt
    jobid: 4
    wildcards: person=P4

python /shared/liuhj/tonglv/ICU_tonglv_scripts/iSNV_calling_bwa2_AE004091.2/step6_read_ntfreq.py  -i  /shared/liuhj/tonglv/process/person_ntfreq_tables/P4_ntfreq_file_list.txt -r /shared/liuhj/tonglv/ref/ref_tonglv_AE004091.2/AE004091.2.fna  -o /shared/liuhj/tonglv/process/person_ntfreq_tables/P4  		-D  50 -A 5 -N 100 -F 0.02 -S 0.0 
Terminating processes on user request, this might take some time.
Cancelling snakemake on user request.
