Building DAG of jobs...
Using shell: /bin/bash
Provided cores: 1 (use --cores to define parallelism)
Rules claiming more threads will be scaled down.
Job counts:
	count	jobs
	1	all
	1	ntfreq_2_FreqBigtable
	2
Select jobs to execute...

[Tue Mar 16 14:08:44 2021]
rule ntfreq_2_FreqBigtable:
    input: /shared/liuhj/tonglv/process/person_ntfreq_tables/0028_0134_ntfreq_file_list.txt, /shared/liuhj/tonglv/ref/ref_tonglv_AE004091.2/AE004091.2.fna
    output: /shared/liuhj/tonglv/process/person_ntfreq_tables/0028_0134/all.iSNV_with_SNP.pyResults.txt, /shared/liuhj/tonglv/process/person_ntfreq_tables/0028_0134/out.samps-ntfreq.bigtable.txt
    jobid: 1
    wildcards: person=0028_0134

python /shared/liuhj/tonglv/ICU_tonglv_scripts/iSNV_calling_bwa2_AE004091.2/step6_read_ntfreq.py  -i  /shared/liuhj/tonglv/process/person_ntfreq_tables/0028_0134_ntfreq_file_list.txt -r /shared/liuhj/tonglv/ref/ref_tonglv_AE004091.2/AE004091.2.fna  -o /shared/liuhj/tonglv/process/person_ntfreq_tables/0028_0134  		-D  50 -A 5 -N 100 -F 0.02 -S 0.0 
[Tue Mar 16 14:09:55 2021]
Finished job 1.
1 of 2 steps (50%) done
Select jobs to execute...

[Tue Mar 16 14:09:55 2021]
localrule all:
    input: /shared/liuhj/tonglv/process/person_ntfreq_tables/0028_0134/all.iSNV_with_SNP.pyResults.txt
    jobid: 0

[Tue Mar 16 14:09:55 2021]
Finished job 0.
2 of 2 steps (100%) done
Complete log: /shared/liuhj/tonglv/ICU_tonglv_scripts/iSNV_calling_bwa2_AE004091.2/.snakemake/log/2021-03-16T140844.555606.snakemake.log
