Building DAG of jobs...
Using shell: /bin/bash
Provided cores: 1 (use --cores to define parallelism)
Rules claiming more threads will be scaled down.
Job counts:
	count	jobs
	1	all
	9	iSNV_freq_distribut
	10
Select jobs to execute...

[Thu Mar 11 10:47:37 2021]
rule iSNV_freq_distribut:
    input: /shared/liuhj/tonglv/process/person_ntfreq_tables/P7_withP2/all.iSNV_with_SNP.pyResults.txt
    output: /shared/liuhj/tonglv/process/person_ntfreq_tables/P7_withP2/snvFreq_distribut_Stat
    jobid: 18
    wildcards: person=P7_withP2

python  /shared/liuhj/tonglv/ICU_tonglv_scripts/iSNV_calling_bwa2_AE004091.2/iSNVpy_Freq_distribut_Stat.py  -i /shared/liuhj/tonglv/process/person_ntfreq_tables/P7_withP2/all.iSNV_with_SNP.pyResults.txt -o  /shared/liuhj/tonglv/process/person_ntfreq_tables/P7_withP2/snvFreq_distribut_Stat -m 0.05  -M 1.0  -s 2  
[Thu Mar 11 10:47:42 2021]
Finished job 18.
1 of 10 steps (10%) done
Select jobs to execute...

[Thu Mar 11 10:47:42 2021]
rule iSNV_freq_distribut:
    input: /shared/liuhj/tonglv/process/person_ntfreq_tables/P7/all.iSNV_with_SNP.pyResults.txt
    output: /shared/liuhj/tonglv/process/person_ntfreq_tables/P7/snvFreq_distribut_Stat
    jobid: 16
    wildcards: person=P7

python  /shared/liuhj/tonglv/ICU_tonglv_scripts/iSNV_calling_bwa2_AE004091.2/iSNVpy_Freq_distribut_Stat.py  -i /shared/liuhj/tonglv/process/person_ntfreq_tables/P7/all.iSNV_with_SNP.pyResults.txt -o  /shared/liuhj/tonglv/process/person_ntfreq_tables/P7/snvFreq_distribut_Stat -m 0.05  -M 1.0  -s 2  
[Thu Mar 11 10:47:45 2021]
Finished job 16.
2 of 10 steps (20%) done
Select jobs to execute...

[Thu Mar 11 10:47:45 2021]
rule iSNV_freq_distribut:
    input: /shared/liuhj/tonglv/process/person_ntfreq_tables/P5/all.iSNV_with_SNP.pyResults.txt
    output: /shared/liuhj/tonglv/process/person_ntfreq_tables/P5/snvFreq_distribut_Stat
    jobid: 14
    wildcards: person=P5

python  /shared/liuhj/tonglv/ICU_tonglv_scripts/iSNV_calling_bwa2_AE004091.2/iSNVpy_Freq_distribut_Stat.py  -i /shared/liuhj/tonglv/process/person_ntfreq_tables/P5/all.iSNV_with_SNP.pyResults.txt -o  /shared/liuhj/tonglv/process/person_ntfreq_tables/P5/snvFreq_distribut_Stat -m 0.05  -M 1.0  -s 2  
[Thu Mar 11 10:47:56 2021]
Finished job 14.
3 of 10 steps (30%) done
Select jobs to execute...

[Thu Mar 11 10:47:56 2021]
rule iSNV_freq_distribut:
    input: /shared/liuhj/tonglv/process/person_ntfreq_tables/P2/all.iSNV_with_SNP.pyResults.txt
    output: /shared/liuhj/tonglv/process/person_ntfreq_tables/P2/snvFreq_distribut_Stat
    jobid: 11
    wildcards: person=P2

python  /shared/liuhj/tonglv/ICU_tonglv_scripts/iSNV_calling_bwa2_AE004091.2/iSNVpy_Freq_distribut_Stat.py  -i /shared/liuhj/tonglv/process/person_ntfreq_tables/P2/all.iSNV_with_SNP.pyResults.txt -o  /shared/liuhj/tonglv/process/person_ntfreq_tables/P2/snvFreq_distribut_Stat -m 0.05  -M 1.0  -s 2  
Terminating processes on user request, this might take some time.
[Thu Mar 11 10:47:57 2021]
Error in rule iSNV_freq_distribut:
    jobid: 11
    output: /shared/liuhj/tonglv/process/person_ntfreq_tables/P2/snvFreq_distribut_Stat
    shell:
        python  /shared/liuhj/tonglv/ICU_tonglv_scripts/iSNV_calling_bwa2_AE004091.2/iSNVpy_Freq_distribut_Stat.py  -i /shared/liuhj/tonglv/process/person_ntfreq_tables/P2/all.iSNV_with_SNP.pyResults.txt -o  /shared/liuhj/tonglv/process/person_ntfreq_tables/P2/snvFreq_distribut_Stat -m 0.05  -M 1.0  -s 2  
        (one of the commands exited with non-zero exit code; note that snakemake uses bash strict mode!)

Removing output files of failed job iSNV_freq_distribut since they might be corrupted:
/shared/liuhj/tonglv/process/person_ntfreq_tables/P2/snvFreq_distribut_Stat
Complete log: /shared/liuhj/tonglv/ICU_tonglv_scripts/iSNV_calling_bwa2_AE004091.2/.snakemake/log/2021-03-11T104737.721168.snakemake.log
