Building DAG of jobs...
Using shell: /bin/bash
Provided cores: 1 (use --cores to define parallelism)
Rules claiming more threads will be scaled down.
Job counts:
	count	jobs
	1	all
	6	iSNV_snvNumCount_noSNV
	7
Select jobs to execute...

[Tue Mar 16 09:50:09 2021]
rule iSNV_snvNumCount_noSNV:
    input: /shared/liuhj/tonglv/process/person_ntfreq_tables/P5_withP2/all.iSNV_with_SNP.pyResults.txt, /shared/liuhj/tonglv/Infos/20210311-info.txt
    output: /shared/liuhj/tonglv/process/person_ntfreq_tables/P5_withP2/snvNum_Stat_noSNV
    jobid: 28
    wildcards: person=P5_withP2

python  /shared/liuhj/tonglv/ICU_tonglv_scripts/iSNV_calling_bwa2_AE004091.2/iSNVpy_snvSNP_Stat_clade.py   -i /shared/liuhj/tonglv/process/person_ntfreq_tables/P5_withP2/all.iSNV_with_SNP.pyResults.txt  		-f /shared/liuhj/tonglv/Infos/20210311-info.txt  -o  /shared/liuhj/tonglv/process/person_ntfreq_tables/P5_withP2/snvNum_Stat_noSNV -m 0.1  -M 0.9  
[Tue Mar 16 09:50:10 2021]
Finished job 28.
1 of 7 steps (14%) done
Select jobs to execute...

[Tue Mar 16 09:50:10 2021]
rule iSNV_snvNumCount_noSNV:
    input: /shared/liuhj/tonglv/process/person_ntfreq_tables/P4/all.iSNV_with_SNP.pyResults.txt, /shared/liuhj/tonglv/Infos/20210311-info.txt
    output: /shared/liuhj/tonglv/process/person_ntfreq_tables/P4/snvNum_Stat_noSNV
    jobid: 25
    wildcards: person=P4

python  /shared/liuhj/tonglv/ICU_tonglv_scripts/iSNV_calling_bwa2_AE004091.2/iSNVpy_snvSNP_Stat_clade.py   -i /shared/liuhj/tonglv/process/person_ntfreq_tables/P4/all.iSNV_with_SNP.pyResults.txt  		-f /shared/liuhj/tonglv/Infos/20210311-info.txt  -o  /shared/liuhj/tonglv/process/person_ntfreq_tables/P4/snvNum_Stat_noSNV -m 0.1  -M 0.9  
[Tue Mar 16 09:50:11 2021]
Finished job 25.
2 of 7 steps (29%) done
Select jobs to execute...

[Tue Mar 16 09:50:11 2021]
rule iSNV_snvNumCount_noSNV:
    input: /shared/liuhj/tonglv/process/person_ntfreq_tables/P2/all.iSNV_with_SNP.pyResults.txt, /shared/liuhj/tonglv/Infos/20210311-info.txt
    output: /shared/liuhj/tonglv/process/person_ntfreq_tables/P2/snvNum_Stat_noSNV
    jobid: 23
    wildcards: person=P2

python  /shared/liuhj/tonglv/ICU_tonglv_scripts/iSNV_calling_bwa2_AE004091.2/iSNVpy_snvSNP_Stat_clade.py   -i /shared/liuhj/tonglv/process/person_ntfreq_tables/P2/all.iSNV_with_SNP.pyResults.txt  		-f /shared/liuhj/tonglv/Infos/20210311-info.txt  -o  /shared/liuhj/tonglv/process/person_ntfreq_tables/P2/snvNum_Stat_noSNV -m 0.1  -M 0.9  
[Tue Mar 16 09:50:11 2021]
Finished job 23.
3 of 7 steps (43%) done
Select jobs to execute...

[Tue Mar 16 09:50:11 2021]
rule iSNV_snvNumCount_noSNV:
    input: /shared/liuhj/tonglv/process/person_ntfreq_tables/P7/all.iSNV_with_SNP.pyResults.txt, /shared/liuhj/tonglv/Infos/20210311-info.txt
    output: /shared/liuhj/tonglv/process/person_ntfreq_tables/P7/snvNum_Stat_noSNV
    jobid: 27
    wildcards: person=P7

python  /shared/liuhj/tonglv/ICU_tonglv_scripts/iSNV_calling_bwa2_AE004091.2/iSNVpy_snvSNP_Stat_clade.py   -i /shared/liuhj/tonglv/process/person_ntfreq_tables/P7/all.iSNV_with_SNP.pyResults.txt  		-f /shared/liuhj/tonglv/Infos/20210311-info.txt  -o  /shared/liuhj/tonglv/process/person_ntfreq_tables/P7/snvNum_Stat_noSNV -m 0.1  -M 0.9  
[Tue Mar 16 09:50:12 2021]
Finished job 27.
4 of 7 steps (57%) done
Select jobs to execute...

[Tue Mar 16 09:50:12 2021]
rule iSNV_snvNumCount_noSNV:
    input: /shared/liuhj/tonglv/process/person_ntfreq_tables/P3/all.iSNV_with_SNP.pyResults.txt, /shared/liuhj/tonglv/Infos/20210311-info.txt
    output: /shared/liuhj/tonglv/process/person_ntfreq_tables/P3/snvNum_Stat_noSNV
    jobid: 24
    wildcards: person=P3

python  /shared/liuhj/tonglv/ICU_tonglv_scripts/iSNV_calling_bwa2_AE004091.2/iSNVpy_snvSNP_Stat_clade.py   -i /shared/liuhj/tonglv/process/person_ntfreq_tables/P3/all.iSNV_with_SNP.pyResults.txt  		-f /shared/liuhj/tonglv/Infos/20210311-info.txt  -o  /shared/liuhj/tonglv/process/person_ntfreq_tables/P3/snvNum_Stat_noSNV -m 0.1  -M 0.9  
[Tue Mar 16 09:50:14 2021]
Finished job 24.
5 of 7 steps (71%) done
Select jobs to execute...

[Tue Mar 16 09:50:14 2021]
rule iSNV_snvNumCount_noSNV:
    input: /shared/liuhj/tonglv/process/person_ntfreq_tables/P6/all.iSNV_with_SNP.pyResults.txt, /shared/liuhj/tonglv/Infos/20210311-info.txt
    output: /shared/liuhj/tonglv/process/person_ntfreq_tables/P6/snvNum_Stat_noSNV
    jobid: 26
    wildcards: person=P6

python  /shared/liuhj/tonglv/ICU_tonglv_scripts/iSNV_calling_bwa2_AE004091.2/iSNVpy_snvSNP_Stat_clade.py   -i /shared/liuhj/tonglv/process/person_ntfreq_tables/P6/all.iSNV_with_SNP.pyResults.txt  		-f /shared/liuhj/tonglv/Infos/20210311-info.txt  -o  /shared/liuhj/tonglv/process/person_ntfreq_tables/P6/snvNum_Stat_noSNV -m 0.1  -M 0.9  
[Tue Mar 16 09:50:14 2021]
Finished job 26.
6 of 7 steps (86%) done
Select jobs to execute...

[Tue Mar 16 09:50:14 2021]
localrule all:
    input: /shared/liuhj/tonglv/process/person_ntfreq_tables/P1/all.iSNV_with_SNP.pyResults.txt, /shared/liuhj/tonglv/process/person_ntfreq_tables/P2/all.iSNV_with_SNP.pyResults.txt, /shared/liuhj/tonglv/process/person_ntfreq_tables/P3/all.iSNV_with_SNP.pyResults.txt, /shared/liuhj/tonglv/process/person_ntfreq_tables/P4/all.iSNV_with_SNP.pyResults.txt, /shared/liuhj/tonglv/process/person_ntfreq_tables/P6/all.iSNV_with_SNP.pyResults.txt, /shared/liuhj/tonglv/process/person_ntfreq_tables/P7/all.iSNV_with_SNP.pyResults.txt, /shared/liuhj/tonglv/process/person_ntfreq_tables/P5_withP2/all.iSNV_with_SNP.pyResults.txt, /shared/liuhj/tonglv/process/person_ntfreq_tables/P1/vcf, /shared/liuhj/tonglv/process/person_ntfreq_tables/P2/vcf, /shared/liuhj/tonglv/process/person_ntfreq_tables/P3/vcf, /shared/liuhj/tonglv/process/person_ntfreq_tables/P4/vcf, /shared/liuhj/tonglv/process/person_ntfreq_tables/P6/vcf, /shared/liuhj/tonglv/process/person_ntfreq_tables/P7/vcf, /shared/liuhj/tonglv/process/person_ntfreq_tables/P5_withP2/vcf, /shared/liuhj/tonglv/process/person_ntfreq_tables/P1/snvNum_Stat, /shared/liuhj/tonglv/process/person_ntfreq_tables/P2/snvNum_Stat, /shared/liuhj/tonglv/process/person_ntfreq_tables/P3/snvNum_Stat, /shared/liuhj/tonglv/process/person_ntfreq_tables/P4/snvNum_Stat, /shared/liuhj/tonglv/process/person_ntfreq_tables/P6/snvNum_Stat, /shared/liuhj/tonglv/process/person_ntfreq_tables/P7/snvNum_Stat, /shared/liuhj/tonglv/process/person_ntfreq_tables/P5_withP2/snvNum_Stat, /shared/liuhj/tonglv/process/person_ntfreq_tables/P1/snvNum_Stat_noSNV, /shared/liuhj/tonglv/process/person_ntfreq_tables/P2/snvNum_Stat_noSNV, /shared/liuhj/tonglv/process/person_ntfreq_tables/P3/snvNum_Stat_noSNV, /shared/liuhj/tonglv/process/person_ntfreq_tables/P4/snvNum_Stat_noSNV, /shared/liuhj/tonglv/process/person_ntfreq_tables/P6/snvNum_Stat_noSNV, /shared/liuhj/tonglv/process/person_ntfreq_tables/P7/snvNum_Stat_noSNV, /shared/liuhj/tonglv/process/person_ntfreq_tables/P5_withP2/snvNum_Stat_noSNV
    jobid: 0

[Tue Mar 16 09:50:14 2021]
Finished job 0.
7 of 7 steps (100%) done
Complete log: /shared/liuhj/tonglv/ICU_tonglv_scripts/iSNV_calling_bwa2_AE004091.2/.snakemake/log/2021-03-16T095009.783055.snakemake.log
