Building DAG of jobs...
Using shell: /bin/bash
Provided cores: 1 (use --cores to define parallelism)
Rules claiming more threads will be scaled down.
Job counts:
	count	jobs
	1	all
	1	iSNV_SameDateSampsCompare_consensus
	2
Select jobs to execute...

[Thu Mar 11 17:40:10 2021]
rule iSNV_SameDateSampsCompare_consensus:
    input: /shared/liuhj/tonglv/process/person_ntfreq_tables/P1, /shared/liuhj/tonglv/Infos/20210311-info.txt
    output: /shared/liuhj/tonglv/process/person_ntfreq_tables/compare/P1
    jobid: 2
    wildcards: person=P1

python  /shared/liuhj/tonglv/ICU_tonglv_scripts/iSNVpy_Freq_sameDateSamp_consensus.py  -f  /shared/liuhj/tonglv/Infos/20210311-info.txt -i /shared/liuhj/tonglv/process/person_ntfreq_tables/P1 -o  /shared/liuhj/tonglv/process/person_ntfreq_tables/compare/P1   
[Thu Mar 11 17:40:10 2021]
Finished job 2.
1 of 2 steps (50%) done
Select jobs to execute...

[Thu Mar 11 17:40:10 2021]
localrule all:
    input: /shared/liuhj/tonglv/process/person_ntfreq_tables/P1/all.iSNV_with_SNP.pyResults.txt, /shared/liuhj/tonglv/process/person_ntfreq_tables/compare/P1
    jobid: 0

[Thu Mar 11 17:40:10 2021]
Finished job 0.
2 of 2 steps (100%) done
Complete log: /shared/liuhj/tonglv/ICU_tonglv_scripts/iSNV_calling_bwa2_AE004091.2/.snakemake/log/2021-03-11T174010.145177.snakemake.log
