Building DAG of jobs...
Using shell: /bin/bash
Provided cores: 1 (use --cores to define parallelism)
Rules claiming more threads will be scaled down.
Job counts:
	count	jobs
	1	all
	6	iSNV_SameDateSampsCompare_consensus
	7
Select jobs to execute...

[Fri Mar 12 10:07:53 2021]
rule iSNV_SameDateSampsCompare_consensus:
    input: /shared/liuhj/tonglv/process/person_ntfreq_tables/P1, /shared/liuhj/tonglv/Infos/20210311-info.txt
    output: /shared/liuhj/tonglv/process/person_ntfreq_tables/compare/P1
    jobid: 8
    wildcards: person=P1

python  /shared/liuhj/tonglv/ICU_tonglv_scripts/iSNVpy_Freq_sameDateSamp_consensus.py  -f  /shared/liuhj/tonglv/Infos/20210311-info.txt -i /shared/liuhj/tonglv/process/person_ntfreq_tables/P1 -o  /shared/liuhj/tonglv/process/person_ntfreq_tables/compare/P1   
[Fri Mar 12 10:08:05 2021]
Finished job 8.
1 of 7 steps (14%) done
Select jobs to execute...

[Fri Mar 12 10:08:05 2021]
rule iSNV_SameDateSampsCompare_consensus:
    input: /shared/liuhj/tonglv/process/person_ntfreq_tables/P7, /shared/liuhj/tonglv/Infos/20210311-info.txt
    output: /shared/liuhj/tonglv/process/person_ntfreq_tables/compare/P7
    jobid: 14
    wildcards: person=P7

python  /shared/liuhj/tonglv/ICU_tonglv_scripts/iSNVpy_Freq_sameDateSamp_consensus.py  -f  /shared/liuhj/tonglv/Infos/20210311-info.txt -i /shared/liuhj/tonglv/process/person_ntfreq_tables/P7 -o  /shared/liuhj/tonglv/process/person_ntfreq_tables/compare/P7   
[Fri Mar 12 10:08:07 2021]
Finished job 14.
2 of 7 steps (29%) done
Select jobs to execute...

[Fri Mar 12 10:08:07 2021]
rule iSNV_SameDateSampsCompare_consensus:
    input: /shared/liuhj/tonglv/process/person_ntfreq_tables/P2, /shared/liuhj/tonglv/Infos/20210311-info.txt
    output: /shared/liuhj/tonglv/process/person_ntfreq_tables/compare/P2
    jobid: 9
    wildcards: person=P2

python  /shared/liuhj/tonglv/ICU_tonglv_scripts/iSNVpy_Freq_sameDateSamp_consensus.py  -f  /shared/liuhj/tonglv/Infos/20210311-info.txt -i /shared/liuhj/tonglv/process/person_ntfreq_tables/P2 -o  /shared/liuhj/tonglv/process/person_ntfreq_tables/compare/P2   
[Fri Mar 12 10:08:07 2021]
Finished job 9.
3 of 7 steps (43%) done
Select jobs to execute...

[Fri Mar 12 10:08:07 2021]
rule iSNV_SameDateSampsCompare_consensus:
    input: /shared/liuhj/tonglv/process/person_ntfreq_tables/P5, /shared/liuhj/tonglv/Infos/20210311-info.txt
    output: /shared/liuhj/tonglv/process/person_ntfreq_tables/compare/P5
    jobid: 12
    wildcards: person=P5

python  /shared/liuhj/tonglv/ICU_tonglv_scripts/iSNVpy_Freq_sameDateSamp_consensus.py  -f  /shared/liuhj/tonglv/Infos/20210311-info.txt -i /shared/liuhj/tonglv/process/person_ntfreq_tables/P5 -o  /shared/liuhj/tonglv/process/person_ntfreq_tables/compare/P5   
[Fri Mar 12 10:08:07 2021]
Error in rule iSNV_SameDateSampsCompare_consensus:
    jobid: 12
    output: /shared/liuhj/tonglv/process/person_ntfreq_tables/compare/P5
    shell:
        python  /shared/liuhj/tonglv/ICU_tonglv_scripts/iSNVpy_Freq_sameDateSamp_consensus.py  -f  /shared/liuhj/tonglv/Infos/20210311-info.txt -i /shared/liuhj/tonglv/process/person_ntfreq_tables/P5 -o  /shared/liuhj/tonglv/process/person_ntfreq_tables/compare/P5   
        (one of the commands exited with non-zero exit code; note that snakemake uses bash strict mode!)

Removing output files of failed job iSNV_SameDateSampsCompare_consensus since they might be corrupted:
/shared/liuhj/tonglv/process/person_ntfreq_tables/compare/P5
Shutting down, this might take some time.
Exiting because a job execution failed. Look above for error message
Complete log: /shared/liuhj/tonglv/ICU_tonglv_scripts/iSNV_calling_bwa2_AE004091.2/.snakemake/log/2021-03-12T100753.768514.snakemake.log
