Building DAG of jobs...
Using shell: /bin/bash
Provided cores: 1 (use --cores to define parallelism)
Rules claiming more threads will be scaled down.
Job counts:
	count	jobs
	1	all
	8	iSNV_snvNumCount
	9
Select jobs to execute...

[Sat Mar 13 15:15:28 2021]
rule iSNV_snvNumCount:
    input: /shared/liuhj/tonglv/process/person_ntfreq_tables/P6/all.iSNV_with_SNP.pyResults.txt, /shared/liuhj/tonglv/Infos/20210311-info.txt
    output: /shared/liuhj/tonglv/process/person_ntfreq_tables/P6/snvNum_Stat
    jobid: 22
    wildcards: person=P6

RuleException in line 140 of /shared/liuhj/tonglv/ICU_tonglv_scripts/iSNV_calling_bwa2_AE004091.2/iSNV_calling-pipeline.py:
'Params' object has no attribute 'minFreq'
  File "/home/amax/anaconda3/envs/biotools_lhj/lib/python3.7/site-packages/snakemake/executors/__init__.py", line 140, in run_jobs
  File "/home/amax/anaconda3/envs/biotools_lhj/lib/python3.7/site-packages/snakemake/executors/__init__.py", line 441, in run
  File "/home/amax/anaconda3/envs/biotools_lhj/lib/python3.7/site-packages/snakemake/executors/__init__.py", line 230, in _run
  File "/home/amax/anaconda3/envs/biotools_lhj/lib/python3.7/site-packages/snakemake/executors/__init__.py", line 156, in _run
  File "/home/amax/anaconda3/envs/biotools_lhj/lib/python3.7/site-packages/snakemake/executors/__init__.py", line 162, in printjob
