Building DAG of jobs...
Using shell: /bin/bash
Provided cores: 1 (use --cores to define parallelism)
Rules claiming more threads will be scaled down.
Job counts:
	count	jobs
	1	all
	12	iSNV_snvNumCount_noSNV
	13
Select jobs to execute...

[Mon Apr  5 16:33:38 2021]
rule iSNV_snvNumCount_noSNV:
    input: /shared/liuhj/tonglv/process/20210401-person_ntfreq_tables/P5-2/all.iSNV_with_SNP.pyResults.txt, /shared/liuhj/tonglv/Infos/20210311-info.txt, /shared/liuhj/tonglv/process/20210402-bwaToOtherBacteria/PA-HomoRegions-FromOtherBacteria.txt, /shared/liuhj/tonglv/process/20210401-person_ntfreq_tables/P5-2/vcf_snpeff, /shared/liuhj/tonglv/process/RefGnmRepeatRegion/repeatmasker_out/AE004091.2.fasta.masked.fasta, /shared/liuhj/tonglv/process/20210405-PAsimulateReads-mapToAE0049/PA.RepeatRegion-identy80.Posi.txt
    output: /shared/liuhj/tonglv/process/20210401-person_ntfreq_tables/P5-2/snvNum_Stat_noSNV_OtherBacfilted-FiltSimutPARepeat
    jobid: 56
    wildcards: person=P5-2

python  /shared/liuhj/tonglv/ICU_tonglv_scripts/iSNV_calling_bwa2_AE004091.2/iSNVpy_snvSNP_Stat_clade.py   -i /shared/liuhj/tonglv/process/20210401-person_ntfreq_tables/P5-2/all.iSNV_with_SNP.pyResults.txt  		-f /shared/liuhj/tonglv/Infos/20210311-info.txt -e /shared/liuhj/tonglv/process/20210401-person_ntfreq_tables/P5-2/vcf_snpeff -R /shared/liuhj/tonglv/process/20210405-PAsimulateReads-mapToAE0049/PA.RepeatRegion-identy80.Posi.txt -o  /shared/liuhj/tonglv/process/20210401-person_ntfreq_tables/P5-2/snvNum_Stat_noSNV_OtherBacfilted-FiltSimutPARepeat  -m 0.1  -M 0.9  -E /shared/liuhj/tonglv/process/20210402-bwaToOtherBacteria/PA-HomoRegions-FromOtherBacteria.txt   
[Mon Apr  5 16:33:40 2021]
Finished job 56.
1 of 13 steps (8%) done
Select jobs to execute...

[Mon Apr  5 16:33:40 2021]
rule iSNV_snvNumCount_noSNV:
    input: /shared/liuhj/tonglv/process/20210401-person_ntfreq_tables/P3-1/all.iSNV_with_SNP.pyResults.txt, /shared/liuhj/tonglv/Infos/20210311-info.txt, /shared/liuhj/tonglv/process/20210402-bwaToOtherBacteria/PA-HomoRegions-FromOtherBacteria.txt, /shared/liuhj/tonglv/process/20210401-person_ntfreq_tables/P3-1/vcf_snpeff, /shared/liuhj/tonglv/process/RefGnmRepeatRegion/repeatmasker_out/AE004091.2.fasta.masked.fasta, /shared/liuhj/tonglv/process/20210405-PAsimulateReads-mapToAE0049/PA.RepeatRegion-identy80.Posi.txt
    output: /shared/liuhj/tonglv/process/20210401-person_ntfreq_tables/P3-1/snvNum_Stat_noSNV_OtherBacfilted-FiltSimutPARepeat
    jobid: 58
    wildcards: person=P3-1

python  /shared/liuhj/tonglv/ICU_tonglv_scripts/iSNV_calling_bwa2_AE004091.2/iSNVpy_snvSNP_Stat_clade.py   -i /shared/liuhj/tonglv/process/20210401-person_ntfreq_tables/P3-1/all.iSNV_with_SNP.pyResults.txt  		-f /shared/liuhj/tonglv/Infos/20210311-info.txt -e /shared/liuhj/tonglv/process/20210401-person_ntfreq_tables/P3-1/vcf_snpeff -R /shared/liuhj/tonglv/process/20210405-PAsimulateReads-mapToAE0049/PA.RepeatRegion-identy80.Posi.txt -o  /shared/liuhj/tonglv/process/20210401-person_ntfreq_tables/P3-1/snvNum_Stat_noSNV_OtherBacfilted-FiltSimutPARepeat  -m 0.1  -M 0.9  -E /shared/liuhj/tonglv/process/20210402-bwaToOtherBacteria/PA-HomoRegions-FromOtherBacteria.txt   
[Mon Apr  5 16:33:42 2021]
Finished job 58.
2 of 13 steps (15%) done
Select jobs to execute...

[Mon Apr  5 16:33:42 2021]
rule iSNV_snvNumCount_noSNV:
    input: /shared/liuhj/tonglv/process/20210401-person_ntfreq_tables/P3-3/all.iSNV_with_SNP.pyResults.txt, /shared/liuhj/tonglv/Infos/20210311-info.txt, /shared/liuhj/tonglv/process/20210402-bwaToOtherBacteria/PA-HomoRegions-FromOtherBacteria.txt, /shared/liuhj/tonglv/process/20210401-person_ntfreq_tables/P3-3/vcf_snpeff, /shared/liuhj/tonglv/process/RefGnmRepeatRegion/repeatmasker_out/AE004091.2.fasta.masked.fasta, /shared/liuhj/tonglv/process/20210405-PAsimulateReads-mapToAE0049/PA.RepeatRegion-identy80.Posi.txt
    output: /shared/liuhj/tonglv/process/20210401-person_ntfreq_tables/P3-3/snvNum_Stat_noSNV_OtherBacfilted-FiltSimutPARepeat
    jobid: 60
    wildcards: person=P3-3

python  /shared/liuhj/tonglv/ICU_tonglv_scripts/iSNV_calling_bwa2_AE004091.2/iSNVpy_snvSNP_Stat_clade.py   -i /shared/liuhj/tonglv/process/20210401-person_ntfreq_tables/P3-3/all.iSNV_with_SNP.pyResults.txt  		-f /shared/liuhj/tonglv/Infos/20210311-info.txt -e /shared/liuhj/tonglv/process/20210401-person_ntfreq_tables/P3-3/vcf_snpeff -R /shared/liuhj/tonglv/process/20210405-PAsimulateReads-mapToAE0049/PA.RepeatRegion-identy80.Posi.txt -o  /shared/liuhj/tonglv/process/20210401-person_ntfreq_tables/P3-3/snvNum_Stat_noSNV_OtherBacfilted-FiltSimutPARepeat  -m 0.1  -M 0.9  -E /shared/liuhj/tonglv/process/20210402-bwaToOtherBacteria/PA-HomoRegions-FromOtherBacteria.txt   
[Mon Apr  5 16:33:44 2021]
Finished job 60.
3 of 13 steps (23%) done
Select jobs to execute...

[Mon Apr  5 16:33:44 2021]
rule iSNV_snvNumCount_noSNV:
    input: /shared/liuhj/tonglv/process/20210401-person_ntfreq_tables/P5_withP2/all.iSNV_with_SNP.pyResults.txt, /shared/liuhj/tonglv/Infos/20210311-info.txt, /shared/liuhj/tonglv/process/20210402-bwaToOtherBacteria/PA-HomoRegions-FromOtherBacteria.txt, /shared/liuhj/tonglv/process/20210401-person_ntfreq_tables/P5_withP2/vcf_snpeff, /shared/liuhj/tonglv/process/RefGnmRepeatRegion/repeatmasker_out/AE004091.2.fasta.masked.fasta, /shared/liuhj/tonglv/process/20210405-PAsimulateReads-mapToAE0049/PA.RepeatRegion-identy80.Posi.txt
    output: /shared/liuhj/tonglv/process/20210401-person_ntfreq_tables/P5_withP2/snvNum_Stat_noSNV_OtherBacfilted-FiltSimutPARepeat
    jobid: 54
    wildcards: person=P5_withP2

python  /shared/liuhj/tonglv/ICU_tonglv_scripts/iSNV_calling_bwa2_AE004091.2/iSNVpy_snvSNP_Stat_clade.py   -i /shared/liuhj/tonglv/process/20210401-person_ntfreq_tables/P5_withP2/all.iSNV_with_SNP.pyResults.txt  		-f /shared/liuhj/tonglv/Infos/20210311-info.txt -e /shared/liuhj/tonglv/process/20210401-person_ntfreq_tables/P5_withP2/vcf_snpeff -R /shared/liuhj/tonglv/process/20210405-PAsimulateReads-mapToAE0049/PA.RepeatRegion-identy80.Posi.txt -o  /shared/liuhj/tonglv/process/20210401-person_ntfreq_tables/P5_withP2/snvNum_Stat_noSNV_OtherBacfilted-FiltSimutPARepeat  -m 0.1  -M 0.9  -E /shared/liuhj/tonglv/process/20210402-bwaToOtherBacteria/PA-HomoRegions-FromOtherBacteria.txt   
[Mon Apr  5 16:33:47 2021]
Finished job 54.
4 of 13 steps (31%) done
Select jobs to execute...

[Mon Apr  5 16:33:47 2021]
rule iSNV_snvNumCount_noSNV:
    input: /shared/liuhj/tonglv/process/20210401-person_ntfreq_tables/P4/all.iSNV_with_SNP.pyResults.txt, /shared/liuhj/tonglv/Infos/20210311-info.txt, /shared/liuhj/tonglv/process/20210402-bwaToOtherBacteria/PA-HomoRegions-FromOtherBacteria.txt, /shared/liuhj/tonglv/process/20210401-person_ntfreq_tables/P4/vcf_snpeff, /shared/liuhj/tonglv/process/RefGnmRepeatRegion/repeatmasker_out/AE004091.2.fasta.masked.fasta, /shared/liuhj/tonglv/process/20210405-PAsimulateReads-mapToAE0049/PA.RepeatRegion-identy80.Posi.txt
    output: /shared/liuhj/tonglv/process/20210401-person_ntfreq_tables/P4/snvNum_Stat_noSNV_OtherBacfilted-FiltSimutPARepeat
    jobid: 51
    wildcards: person=P4

python  /shared/liuhj/tonglv/ICU_tonglv_scripts/iSNV_calling_bwa2_AE004091.2/iSNVpy_snvSNP_Stat_clade.py   -i /shared/liuhj/tonglv/process/20210401-person_ntfreq_tables/P4/all.iSNV_with_SNP.pyResults.txt  		-f /shared/liuhj/tonglv/Infos/20210311-info.txt -e /shared/liuhj/tonglv/process/20210401-person_ntfreq_tables/P4/vcf_snpeff -R /shared/liuhj/tonglv/process/20210405-PAsimulateReads-mapToAE0049/PA.RepeatRegion-identy80.Posi.txt -o  /shared/liuhj/tonglv/process/20210401-person_ntfreq_tables/P4/snvNum_Stat_noSNV_OtherBacfilted-FiltSimutPARepeat  -m 0.1  -M 0.9  -E /shared/liuhj/tonglv/process/20210402-bwaToOtherBacteria/PA-HomoRegions-FromOtherBacteria.txt   
[Mon Apr  5 16:33:50 2021]
Finished job 51.
5 of 13 steps (38%) done
Select jobs to execute...

[Mon Apr  5 16:33:50 2021]
rule iSNV_snvNumCount_noSNV:
    input: /shared/liuhj/tonglv/process/20210401-person_ntfreq_tables/P1/all.iSNV_with_SNP.pyResults.txt, /shared/liuhj/tonglv/Infos/20210311-info.txt, /shared/liuhj/tonglv/process/20210402-bwaToOtherBacteria/PA-HomoRegions-FromOtherBacteria.txt, /shared/liuhj/tonglv/process/20210401-person_ntfreq_tables/P1/vcf_snpeff, /shared/liuhj/tonglv/process/RefGnmRepeatRegion/repeatmasker_out/AE004091.2.fasta.masked.fasta, /shared/liuhj/tonglv/process/20210405-PAsimulateReads-mapToAE0049/PA.RepeatRegion-identy80.Posi.txt
    output: /shared/liuhj/tonglv/process/20210401-person_ntfreq_tables/P1/snvNum_Stat_noSNV_OtherBacfilted-FiltSimutPARepeat
    jobid: 49
    wildcards: person=P1

python  /shared/liuhj/tonglv/ICU_tonglv_scripts/iSNV_calling_bwa2_AE004091.2/iSNVpy_snvSNP_Stat_clade.py   -i /shared/liuhj/tonglv/process/20210401-person_ntfreq_tables/P1/all.iSNV_with_SNP.pyResults.txt  		-f /shared/liuhj/tonglv/Infos/20210311-info.txt -e /shared/liuhj/tonglv/process/20210401-person_ntfreq_tables/P1/vcf_snpeff -R /shared/liuhj/tonglv/process/20210405-PAsimulateReads-mapToAE0049/PA.RepeatRegion-identy80.Posi.txt -o  /shared/liuhj/tonglv/process/20210401-person_ntfreq_tables/P1/snvNum_Stat_noSNV_OtherBacfilted-FiltSimutPARepeat  -m 0.1  -M 0.9  -E /shared/liuhj/tonglv/process/20210402-bwaToOtherBacteria/PA-HomoRegions-FromOtherBacteria.txt   
[Mon Apr  5 16:33:53 2021]
Finished job 49.
6 of 13 steps (46%) done
Select jobs to execute...

[Mon Apr  5 16:33:53 2021]
rule iSNV_snvNumCount_noSNV:
    input: /shared/liuhj/tonglv/process/20210401-person_ntfreq_tables/P3-2/all.iSNV_with_SNP.pyResults.txt, /shared/liuhj/tonglv/Infos/20210311-info.txt, /shared/liuhj/tonglv/process/20210402-bwaToOtherBacteria/PA-HomoRegions-FromOtherBacteria.txt, /shared/liuhj/tonglv/process/20210401-person_ntfreq_tables/P3-2/vcf_snpeff, /shared/liuhj/tonglv/process/RefGnmRepeatRegion/repeatmasker_out/AE004091.2.fasta.masked.fasta, /shared/liuhj/tonglv/process/20210405-PAsimulateReads-mapToAE0049/PA.RepeatRegion-identy80.Posi.txt
    output: /shared/liuhj/tonglv/process/20210401-person_ntfreq_tables/P3-2/snvNum_Stat_noSNV_OtherBacfilted-FiltSimutPARepeat
    jobid: 59
    wildcards: person=P3-2

python  /shared/liuhj/tonglv/ICU_tonglv_scripts/iSNV_calling_bwa2_AE004091.2/iSNVpy_snvSNP_Stat_clade.py   -i /shared/liuhj/tonglv/process/20210401-person_ntfreq_tables/P3-2/all.iSNV_with_SNP.pyResults.txt  		-f /shared/liuhj/tonglv/Infos/20210311-info.txt -e /shared/liuhj/tonglv/process/20210401-person_ntfreq_tables/P3-2/vcf_snpeff -R /shared/liuhj/tonglv/process/20210405-PAsimulateReads-mapToAE0049/PA.RepeatRegion-identy80.Posi.txt -o  /shared/liuhj/tonglv/process/20210401-person_ntfreq_tables/P3-2/snvNum_Stat_noSNV_OtherBacfilted-FiltSimutPARepeat  -m 0.1  -M 0.9  -E /shared/liuhj/tonglv/process/20210402-bwaToOtherBacteria/PA-HomoRegions-FromOtherBacteria.txt   
[Mon Apr  5 16:33:56 2021]
Finished job 59.
7 of 13 steps (54%) done
Select jobs to execute...

[Mon Apr  5 16:33:56 2021]
rule iSNV_snvNumCount_noSNV:
    input: /shared/liuhj/tonglv/process/20210401-person_ntfreq_tables/P5-3/all.iSNV_with_SNP.pyResults.txt, /shared/liuhj/tonglv/Infos/20210311-info.txt, /shared/liuhj/tonglv/process/20210402-bwaToOtherBacteria/PA-HomoRegions-FromOtherBacteria.txt, /shared/liuhj/tonglv/process/20210401-person_ntfreq_tables/P5-3/vcf_snpeff, /shared/liuhj/tonglv/process/RefGnmRepeatRegion/repeatmasker_out/AE004091.2.fasta.masked.fasta, /shared/liuhj/tonglv/process/20210405-PAsimulateReads-mapToAE0049/PA.RepeatRegion-identy80.Posi.txt
    output: /shared/liuhj/tonglv/process/20210401-person_ntfreq_tables/P5-3/snvNum_Stat_noSNV_OtherBacfilted-FiltSimutPARepeat
    jobid: 57
    wildcards: person=P5-3

python  /shared/liuhj/tonglv/ICU_tonglv_scripts/iSNV_calling_bwa2_AE004091.2/iSNVpy_snvSNP_Stat_clade.py   -i /shared/liuhj/tonglv/process/20210401-person_ntfreq_tables/P5-3/all.iSNV_with_SNP.pyResults.txt  		-f /shared/liuhj/tonglv/Infos/20210311-info.txt -e /shared/liuhj/tonglv/process/20210401-person_ntfreq_tables/P5-3/vcf_snpeff -R /shared/liuhj/tonglv/process/20210405-PAsimulateReads-mapToAE0049/PA.RepeatRegion-identy80.Posi.txt -o  /shared/liuhj/tonglv/process/20210401-person_ntfreq_tables/P5-3/snvNum_Stat_noSNV_OtherBacfilted-FiltSimutPARepeat  -m 0.1  -M 0.9  -E /shared/liuhj/tonglv/process/20210402-bwaToOtherBacteria/PA-HomoRegions-FromOtherBacteria.txt   
[Mon Apr  5 16:33:58 2021]
Finished job 57.
8 of 13 steps (62%) done
Select jobs to execute...

[Mon Apr  5 16:33:58 2021]
rule iSNV_snvNumCount_noSNV:
    input: /shared/liuhj/tonglv/process/20210401-person_ntfreq_tables/P5-1/all.iSNV_with_SNP.pyResults.txt, /shared/liuhj/tonglv/Infos/20210311-info.txt, /shared/liuhj/tonglv/process/20210402-bwaToOtherBacteria/PA-HomoRegions-FromOtherBacteria.txt, /shared/liuhj/tonglv/process/20210401-person_ntfreq_tables/P5-1/vcf_snpeff, /shared/liuhj/tonglv/process/RefGnmRepeatRegion/repeatmasker_out/AE004091.2.fasta.masked.fasta, /shared/liuhj/tonglv/process/20210405-PAsimulateReads-mapToAE0049/PA.RepeatRegion-identy80.Posi.txt
    output: /shared/liuhj/tonglv/process/20210401-person_ntfreq_tables/P5-1/snvNum_Stat_noSNV_OtherBacfilted-FiltSimutPARepeat
    jobid: 55
    wildcards: person=P5-1

python  /shared/liuhj/tonglv/ICU_tonglv_scripts/iSNV_calling_bwa2_AE004091.2/iSNVpy_snvSNP_Stat_clade.py   -i /shared/liuhj/tonglv/process/20210401-person_ntfreq_tables/P5-1/all.iSNV_with_SNP.pyResults.txt  		-f /shared/liuhj/tonglv/Infos/20210311-info.txt -e /shared/liuhj/tonglv/process/20210401-person_ntfreq_tables/P5-1/vcf_snpeff -R /shared/liuhj/tonglv/process/20210405-PAsimulateReads-mapToAE0049/PA.RepeatRegion-identy80.Posi.txt -o  /shared/liuhj/tonglv/process/20210401-person_ntfreq_tables/P5-1/snvNum_Stat_noSNV_OtherBacfilted-FiltSimutPARepeat  -m 0.1  -M 0.9  -E /shared/liuhj/tonglv/process/20210402-bwaToOtherBacteria/PA-HomoRegions-FromOtherBacteria.txt   
[Mon Apr  5 16:34:00 2021]
Finished job 55.
9 of 13 steps (69%) done
Select jobs to execute...

[Mon Apr  5 16:34:00 2021]
rule iSNV_snvNumCount_noSNV:
    input: /shared/liuhj/tonglv/process/20210401-person_ntfreq_tables/P7/all.iSNV_with_SNP.pyResults.txt, /shared/liuhj/tonglv/Infos/20210311-info.txt, /shared/liuhj/tonglv/process/20210402-bwaToOtherBacteria/PA-HomoRegions-FromOtherBacteria.txt, /shared/liuhj/tonglv/process/20210401-person_ntfreq_tables/P7/vcf_snpeff, /shared/liuhj/tonglv/process/RefGnmRepeatRegion/repeatmasker_out/AE004091.2.fasta.masked.fasta, /shared/liuhj/tonglv/process/20210405-PAsimulateReads-mapToAE0049/PA.RepeatRegion-identy80.Posi.txt
    output: /shared/liuhj/tonglv/process/20210401-person_ntfreq_tables/P7/snvNum_Stat_noSNV_OtherBacfilted-FiltSimutPARepeat
    jobid: 53
    wildcards: person=P7

python  /shared/liuhj/tonglv/ICU_tonglv_scripts/iSNV_calling_bwa2_AE004091.2/iSNVpy_snvSNP_Stat_clade.py   -i /shared/liuhj/tonglv/process/20210401-person_ntfreq_tables/P7/all.iSNV_with_SNP.pyResults.txt  		-f /shared/liuhj/tonglv/Infos/20210311-info.txt -e /shared/liuhj/tonglv/process/20210401-person_ntfreq_tables/P7/vcf_snpeff -R /shared/liuhj/tonglv/process/20210405-PAsimulateReads-mapToAE0049/PA.RepeatRegion-identy80.Posi.txt -o  /shared/liuhj/tonglv/process/20210401-person_ntfreq_tables/P7/snvNum_Stat_noSNV_OtherBacfilted-FiltSimutPARepeat  -m 0.1  -M 0.9  -E /shared/liuhj/tonglv/process/20210402-bwaToOtherBacteria/PA-HomoRegions-FromOtherBacteria.txt   
[Mon Apr  5 16:34:02 2021]
Finished job 53.
10 of 13 steps (77%) done
Select jobs to execute...

[Mon Apr  5 16:34:02 2021]
rule iSNV_snvNumCount_noSNV:
    input: /shared/liuhj/tonglv/process/20210401-person_ntfreq_tables/P3/all.iSNV_with_SNP.pyResults.txt, /shared/liuhj/tonglv/Infos/20210311-info.txt, /shared/liuhj/tonglv/process/20210402-bwaToOtherBacteria/PA-HomoRegions-FromOtherBacteria.txt, /shared/liuhj/tonglv/process/20210401-person_ntfreq_tables/P3/vcf_snpeff, /shared/liuhj/tonglv/process/RefGnmRepeatRegion/repeatmasker_out/AE004091.2.fasta.masked.fasta, /shared/liuhj/tonglv/process/20210405-PAsimulateReads-mapToAE0049/PA.RepeatRegion-identy80.Posi.txt
    output: /shared/liuhj/tonglv/process/20210401-person_ntfreq_tables/P3/snvNum_Stat_noSNV_OtherBacfilted-FiltSimutPARepeat
    jobid: 50
    wildcards: person=P3

python  /shared/liuhj/tonglv/ICU_tonglv_scripts/iSNV_calling_bwa2_AE004091.2/iSNVpy_snvSNP_Stat_clade.py   -i /shared/liuhj/tonglv/process/20210401-person_ntfreq_tables/P3/all.iSNV_with_SNP.pyResults.txt  		-f /shared/liuhj/tonglv/Infos/20210311-info.txt -e /shared/liuhj/tonglv/process/20210401-person_ntfreq_tables/P3/vcf_snpeff -R /shared/liuhj/tonglv/process/20210405-PAsimulateReads-mapToAE0049/PA.RepeatRegion-identy80.Posi.txt -o  /shared/liuhj/tonglv/process/20210401-person_ntfreq_tables/P3/snvNum_Stat_noSNV_OtherBacfilted-FiltSimutPARepeat  -m 0.1  -M 0.9  -E /shared/liuhj/tonglv/process/20210402-bwaToOtherBacteria/PA-HomoRegions-FromOtherBacteria.txt   
[Mon Apr  5 16:34:07 2021]
Finished job 50.
11 of 13 steps (85%) done
Select jobs to execute...

[Mon Apr  5 16:34:07 2021]
rule iSNV_snvNumCount_noSNV:
    input: /shared/liuhj/tonglv/process/20210401-person_ntfreq_tables/P6/all.iSNV_with_SNP.pyResults.txt, /shared/liuhj/tonglv/Infos/20210311-info.txt, /shared/liuhj/tonglv/process/20210402-bwaToOtherBacteria/PA-HomoRegions-FromOtherBacteria.txt, /shared/liuhj/tonglv/process/20210401-person_ntfreq_tables/P6/vcf_snpeff, /shared/liuhj/tonglv/process/RefGnmRepeatRegion/repeatmasker_out/AE004091.2.fasta.masked.fasta, /shared/liuhj/tonglv/process/20210405-PAsimulateReads-mapToAE0049/PA.RepeatRegion-identy80.Posi.txt
    output: /shared/liuhj/tonglv/process/20210401-person_ntfreq_tables/P6/snvNum_Stat_noSNV_OtherBacfilted-FiltSimutPARepeat
    jobid: 52
    wildcards: person=P6

python  /shared/liuhj/tonglv/ICU_tonglv_scripts/iSNV_calling_bwa2_AE004091.2/iSNVpy_snvSNP_Stat_clade.py   -i /shared/liuhj/tonglv/process/20210401-person_ntfreq_tables/P6/all.iSNV_with_SNP.pyResults.txt  		-f /shared/liuhj/tonglv/Infos/20210311-info.txt -e /shared/liuhj/tonglv/process/20210401-person_ntfreq_tables/P6/vcf_snpeff -R /shared/liuhj/tonglv/process/20210405-PAsimulateReads-mapToAE0049/PA.RepeatRegion-identy80.Posi.txt -o  /shared/liuhj/tonglv/process/20210401-person_ntfreq_tables/P6/snvNum_Stat_noSNV_OtherBacfilted-FiltSimutPARepeat  -m 0.1  -M 0.9  -E /shared/liuhj/tonglv/process/20210402-bwaToOtherBacteria/PA-HomoRegions-FromOtherBacteria.txt   
[Mon Apr  5 16:34:09 2021]
Finished job 52.
12 of 13 steps (92%) done
Select jobs to execute...

[Mon Apr  5 16:34:09 2021]
localrule all:
    input: /shared/liuhj/tonglv/process/20210401-person_ntfreq_tables/P1/all.iSNV_with_SNP.pyResults.txt, /shared/liuhj/tonglv/process/20210401-person_ntfreq_tables/P3/all.iSNV_with_SNP.pyResults.txt, /shared/liuhj/tonglv/process/20210401-person_ntfreq_tables/P4/all.iSNV_with_SNP.pyResults.txt, /shared/liuhj/tonglv/process/20210401-person_ntfreq_tables/P6/all.iSNV_with_SNP.pyResults.txt, /shared/liuhj/tonglv/process/20210401-person_ntfreq_tables/P7/all.iSNV_with_SNP.pyResults.txt, /shared/liuhj/tonglv/process/20210401-person_ntfreq_tables/P5_withP2/all.iSNV_with_SNP.pyResults.txt, /shared/liuhj/tonglv/process/20210401-person_ntfreq_tables/P5-1/all.iSNV_with_SNP.pyResults.txt, /shared/liuhj/tonglv/process/20210401-person_ntfreq_tables/P5-2/all.iSNV_with_SNP.pyResults.txt, /shared/liuhj/tonglv/process/20210401-person_ntfreq_tables/P5-3/all.iSNV_with_SNP.pyResults.txt, /shared/liuhj/tonglv/process/20210401-person_ntfreq_tables/P3-1/all.iSNV_with_SNP.pyResults.txt, /shared/liuhj/tonglv/process/20210401-person_ntfreq_tables/P3-2/all.iSNV_with_SNP.pyResults.txt, /shared/liuhj/tonglv/process/20210401-person_ntfreq_tables/P3-3/all.iSNV_with_SNP.pyResults.txt, /shared/liuhj/tonglv/process/20210401-person_ntfreq_tables/P1/vcf, /shared/liuhj/tonglv/process/20210401-person_ntfreq_tables/P3/vcf, /shared/liuhj/tonglv/process/20210401-person_ntfreq_tables/P4/vcf, /shared/liuhj/tonglv/process/20210401-person_ntfreq_tables/P6/vcf, /shared/liuhj/tonglv/process/20210401-person_ntfreq_tables/P7/vcf, /shared/liuhj/tonglv/process/20210401-person_ntfreq_tables/P5_withP2/vcf, /shared/liuhj/tonglv/process/20210401-person_ntfreq_tables/P5-1/vcf, /shared/liuhj/tonglv/process/20210401-person_ntfreq_tables/P5-2/vcf, /shared/liuhj/tonglv/process/20210401-person_ntfreq_tables/P5-3/vcf, /shared/liuhj/tonglv/process/20210401-person_ntfreq_tables/P3-1/vcf, /shared/liuhj/tonglv/process/20210401-person_ntfreq_tables/P3-2/vcf, /shared/liuhj/tonglv/process/20210401-person_ntfreq_tables/P3-3/vcf, /shared/liuhj/tonglv/process/20210401-person_ntfreq_tables/P1/vcf_snpeff, /shared/liuhj/tonglv/process/20210401-person_ntfreq_tables/P3/vcf_snpeff, /shared/liuhj/tonglv/process/20210401-person_ntfreq_tables/P4/vcf_snpeff, /shared/liuhj/tonglv/process/20210401-person_ntfreq_tables/P6/vcf_snpeff, /shared/liuhj/tonglv/process/20210401-person_ntfreq_tables/P7/vcf_snpeff, /shared/liuhj/tonglv/process/20210401-person_ntfreq_tables/P5_withP2/vcf_snpeff, /shared/liuhj/tonglv/process/20210401-person_ntfreq_tables/P5-1/vcf_snpeff, /shared/liuhj/tonglv/process/20210401-person_ntfreq_tables/P5-2/vcf_snpeff, /shared/liuhj/tonglv/process/20210401-person_ntfreq_tables/P5-3/vcf_snpeff, /shared/liuhj/tonglv/process/20210401-person_ntfreq_tables/P3-1/vcf_snpeff, /shared/liuhj/tonglv/process/20210401-person_ntfreq_tables/P3-2/vcf_snpeff, /shared/liuhj/tonglv/process/20210401-person_ntfreq_tables/P3-3/vcf_snpeff, /shared/liuhj/tonglv/process/20210401-person_ntfreq_tables/P1/general-snvFreq_distribut_Stat, /shared/liuhj/tonglv/process/20210401-person_ntfreq_tables/P3/general-snvFreq_distribut_Stat, /shared/liuhj/tonglv/process/20210401-person_ntfreq_tables/P4/general-snvFreq_distribut_Stat, /shared/liuhj/tonglv/process/20210401-person_ntfreq_tables/P6/general-snvFreq_distribut_Stat, /shared/liuhj/tonglv/process/20210401-person_ntfreq_tables/P7/general-snvFreq_distribut_Stat, /shared/liuhj/tonglv/process/20210401-person_ntfreq_tables/P5_withP2/general-snvFreq_distribut_Stat, /shared/liuhj/tonglv/process/20210401-person_ntfreq_tables/P5-1/general-snvFreq_distribut_Stat, /shared/liuhj/tonglv/process/20210401-person_ntfreq_tables/P5-2/general-snvFreq_distribut_Stat, /shared/liuhj/tonglv/process/20210401-person_ntfreq_tables/P5-3/general-snvFreq_distribut_Stat, /shared/liuhj/tonglv/process/20210401-person_ntfreq_tables/P3-1/general-snvFreq_distribut_Stat, /shared/liuhj/tonglv/process/20210401-person_ntfreq_tables/P3-2/general-snvFreq_distribut_Stat, /shared/liuhj/tonglv/process/20210401-person_ntfreq_tables/P3-3/general-snvFreq_distribut_Stat, /shared/liuhj/tonglv/process/20210401-person_ntfreq_tables/P1/snvNum_Stat_noSNV_OtherBacfilted-FiltSimutPARepeat, /shared/liuhj/tonglv/process/20210401-person_ntfreq_tables/P3/snvNum_Stat_noSNV_OtherBacfilted-FiltSimutPARepeat, /shared/liuhj/tonglv/process/20210401-person_ntfreq_tables/P4/snvNum_Stat_noSNV_OtherBacfilted-FiltSimutPARepeat, /shared/liuhj/tonglv/process/20210401-person_ntfreq_tables/P6/snvNum_Stat_noSNV_OtherBacfilted-FiltSimutPARepeat, /shared/liuhj/tonglv/process/20210401-person_ntfreq_tables/P7/snvNum_Stat_noSNV_OtherBacfilted-FiltSimutPARepeat, /shared/liuhj/tonglv/process/20210401-person_ntfreq_tables/P5_withP2/snvNum_Stat_noSNV_OtherBacfilted-FiltSimutPARepeat, /shared/liuhj/tonglv/process/20210401-person_ntfreq_tables/P5-1/snvNum_Stat_noSNV_OtherBacfilted-FiltSimutPARepeat, /shared/liuhj/tonglv/process/20210401-person_ntfreq_tables/P5-2/snvNum_Stat_noSNV_OtherBacfilted-FiltSimutPARepeat, /shared/liuhj/tonglv/process/20210401-person_ntfreq_tables/P5-3/snvNum_Stat_noSNV_OtherBacfilted-FiltSimutPARepeat, /shared/liuhj/tonglv/process/20210401-person_ntfreq_tables/P3-1/snvNum_Stat_noSNV_OtherBacfilted-FiltSimutPARepeat, /shared/liuhj/tonglv/process/20210401-person_ntfreq_tables/P3-2/snvNum_Stat_noSNV_OtherBacfilted-FiltSimutPARepeat, /shared/liuhj/tonglv/process/20210401-person_ntfreq_tables/P3-3/snvNum_Stat_noSNV_OtherBacfilted-FiltSimutPARepeat, /shared/liuhj/tonglv/process/20210401-person_ntfreq_tables/P1/snvSNP_snpeff_Stat_OtherBacFilted, /shared/liuhj/tonglv/process/20210401-person_ntfreq_tables/P3/snvSNP_snpeff_Stat_OtherBacFilted, /shared/liuhj/tonglv/process/20210401-person_ntfreq_tables/P4/snvSNP_snpeff_Stat_OtherBacFilted, /shared/liuhj/tonglv/process/20210401-person_ntfreq_tables/P6/snvSNP_snpeff_Stat_OtherBacFilted, /shared/liuhj/tonglv/process/20210401-person_ntfreq_tables/P7/snvSNP_snpeff_Stat_OtherBacFilted, /shared/liuhj/tonglv/process/20210401-person_ntfreq_tables/P5_withP2/snvSNP_snpeff_Stat_OtherBacFilted, /shared/liuhj/tonglv/process/20210401-person_ntfreq_tables/P5-1/snvSNP_snpeff_Stat_OtherBacFilted, /shared/liuhj/tonglv/process/20210401-person_ntfreq_tables/P5-2/snvSNP_snpeff_Stat_OtherBacFilted, /shared/liuhj/tonglv/process/20210401-person_ntfreq_tables/P5-3/snvSNP_snpeff_Stat_OtherBacFilted, /shared/liuhj/tonglv/process/20210401-person_ntfreq_tables/P3-1/snvSNP_snpeff_Stat_OtherBacFilted, /shared/liuhj/tonglv/process/20210401-person_ntfreq_tables/P3-2/snvSNP_snpeff_Stat_OtherBacFilted, /shared/liuhj/tonglv/process/20210401-person_ntfreq_tables/P3-3/snvSNP_snpeff_Stat_OtherBacFilted
    jobid: 0

[Mon Apr  5 16:34:09 2021]
Finished job 0.
13 of 13 steps (100%) done
Complete log: /shared/liuhj/tonglv/ICU_tonglv_scripts/iSNV_calling_bwa2_AE004091.2/.snakemake/log/2021-04-05T163338.419890.snakemake.log
